#
# There is insufficient memory for the Java Runtime Environment to continue.
# Native memory allocation (malloc) failed to allocate 106176 bytes for Chunk::new
# Possible reasons:
#   The system is out of physical RAM or swap space
#   The process is running with CompressedOops enabled, and the Java Heap may be blocking the growth of the native heap
# Possible solutions:
#   Reduce memory load on the system
#   Increase physical memory or swap space
#   Check if swap backing store is full
#   Decrease Java heap size (-Xmx/-Xms)
#   Decrease number of Java threads
#   Decrease Java thread stack sizes (-Xss)
#   Set larger code cache with -XX:ReservedCodeCacheSize=
#   JVM is running with Unscaled Compressed Oops mode in which the Java heap is
#     placed in the first 4GB address space. The Java Heap base address is the
#     maximum limit for the native heap growth. Please use -XX:HeapBaseMinAddress
#     to set the Java Heap base and to place the Java Heap above 4GB virtual address.
# This output file may be truncated or incomplete.
#
#  Out of Memory Error (./open/src/hotspot/share/memory/arena.cpp:197), pid=5088, tid=10296
#
# JRE version: Java(TM) SE Runtime Environment 18.9 (11.0.18+9) (build 11.0.18+9-LTS-195)
# Java VM: Java HotSpot(TM) 64-Bit Server VM 18.9 (11.0.18+9-LTS-195, mixed mode, tiered, compressed oops, g1 gc, windows-amd64)
# No core dump will be written. Minidumps are not enabled by default on client versions of Windows
#

---------------  S U M M A R Y ------------

Command Line: -XX:MaxMetaspaceSize=512m --add-opens=java.base/java.util=ALL-UNNAMED --add-opens=java.base/java.lang=ALL-UNNAMED --add-opens=java.base/java.lang.invoke=ALL-UNNAMED --add-opens=java.base/java.util=ALL-UNNAMED --add-opens=java.prefs/java.util.prefs=ALL-UNNAMED --add-opens=java.prefs/java.util.prefs=ALL-UNNAMED --add-opens=java.base/java.nio.charset=ALL-UNNAMED --add-opens=java.base/java.net=ALL-UNNAMED --add-opens=java.base/java.util.concurrent.atomic=ALL-UNNAMED -Xmx2048m -Dfile.encoding=windows-1252 -Duser.country=US -Duser.language=en -Duser.variant org.gradle.launcher.daemon.bootstrap.GradleDaemon 7.5.1

Host: AMD Ryzen 3 3250U with Radeon Graphics         , 4 cores, 3G,  Windows 10 , 64 bit Build 19041 (10.0.19041.2788)
Time: Mon Apr 24 23:33:21 2023 Malay Peninsula Standard Time elapsed time: 331.464015 seconds (0d 0h 5m 31s)

---------------  T H R E A D  ---------------

Current thread (0x0000026d4069d000):  JavaThread "C2 CompilerThread0" daemon [_thread_in_native, id=10296, stack(0x000000dce0100000,0x000000dce0200000)]


Current CompileTask:
C2: 331464 16279   !   4       org.gradle.api.internal.file.FileOrUriNotationConverter::convert (310 bytes)

Stack: [0x000000dce0100000,0x000000dce0200000]
Native frames: (J=compiled Java code, j=interpreted, Vv=VM code, C=native code)
V  [jvm.dll+0x65d8aa]
V  [jvm.dll+0x79fc1f]
V  [jvm.dll+0x7a12e9]
V  [jvm.dll+0x7a1983]
V  [jvm.dll+0x2585b5]
V  [jvm.dll+0xb284c]
V  [jvm.dll+0xb2e0c]
V  [jvm.dll+0xb2964]
V  [jvm.dll+0x6bb7cc]
V  [jvm.dll+0x575a94]
V  [jvm.dll+0x577df1]
V  [jvm.dll+0x56467c]
V  [jvm.dll+0x5673df]
V  [jvm.dll+0x566bd9]
V  [jvm.dll+0x566ac0]
V  [jvm.dll+0x566c47]
V  [jvm.dll+0x56df6f]
V  [jvm.dll+0x21a251]
V  [jvm.dll+0x213a35]
V  [jvm.dll+0x210264]
V  [jvm.dll+0x18c641]
V  [jvm.dll+0x220609]
V  [jvm.dll+0x21e92c]
V  [jvm.dll+0x763f61]
V  [jvm.dll+0x75c924]
V  [jvm.dll+0x65c755]
C  [ucrtbase.dll+0x21bb2]
C  [KERNEL32.DLL+0x17604]
C  [ntdll.dll+0x526a1]


---------------  P R O C E S S  ---------------

Threads class SMR info:
_java_thread_list=0x0000026d49d4cdb0, length=89, elements={
0x0000026d226e2000, 0x0000026d40635800, 0x0000026d40638800, 0x0000026d40653000,
0x0000026d40655800, 0x0000026d4069c000, 0x0000026d4069d000, 0x0000026d4069e800,
0x0000026d40800800, 0x0000026d40914800, 0x0000026d423b8800, 0x0000026d41f68800,
0x0000026d41f35800, 0x0000026d41f36000, 0x0000026d416e4800, 0x0000026d416e5000,
0x0000026d4168c000, 0x0000026d41831000, 0x0000026d41806800, 0x0000026d40d59800,
0x0000026d40d56000, 0x0000026d40d58000, 0x0000026d40d57000, 0x0000026d40d54000,
0x0000026d40d5a800, 0x0000026d40d54800, 0x0000026d40d55800, 0x0000026d40d58800,
0x0000026d447ef800, 0x0000026d447ea800, 0x0000026d447f0800, 0x0000026d447ef000,
0x0000026d447eb800, 0x0000026d447f3800, 0x0000026d447ee000, 0x0000026d447f7000,
0x0000026d447f8000, 0x0000026d447f8800, 0x0000026d447f4800, 0x0000026d447f5800,
0x0000026d447f6000, 0x0000026d42d69800, 0x0000026d42d6a000, 0x0000026d42d67800,
0x0000026d42d66000, 0x0000026d42d6b000, 0x0000026d42d68800, 0x0000026d42d65800,
0x0000026d42d67000, 0x0000026d42d70800, 0x0000026d42d6f000, 0x0000026d42d6c800,
0x0000026d42d6d800, 0x0000026d42d6e800, 0x0000026d42d70000, 0x0000026d42d71800,
0x0000026d42d6c000, 0x0000026d42d73000, 0x0000026d42d74000, 0x0000026d42d72800,
0x0000026d449eb800, 0x0000026d449e8000, 0x0000026d449ea800, 0x0000026d449e7000,
0x0000026d449e6800, 0x0000026d449e5800, 0x0000026d449ec000, 0x0000026d449e9000,
0x0000026d449ed000, 0x0000026d449ee000, 0x0000026d449ee800, 0x0000026d449ef800,
0x0000026d449e9800, 0x0000026d449f2800, 0x0000026d449f1000, 0x0000026d449f2000,
0x0000026d449f4800, 0x0000026d45286800, 0x0000026d4528a800, 0x0000026d45289800,
0x0000026d45287000, 0x0000026d4528d800, 0x0000026d45288000, 0x0000026d4528c000,
0x0000026d4528e800, 0x0000026d45291000, 0x0000026d4528f000, 0x0000026d45290000,
0x0000026d4528b000
}

Java Threads: ( => current thread )
  0x0000026d226e2000 JavaThread "main" [_thread_blocked, id=7940, stack(0x000000dcdf500000,0x000000dcdf600000)]
  0x0000026d40635800 JavaThread "Reference Handler" daemon [_thread_blocked, id=4260, stack(0x000000dcdfc00000,0x000000dcdfd00000)]
  0x0000026d40638800 JavaThread "Finalizer" daemon [_thread_blocked, id=10632, stack(0x000000dcdfd00000,0x000000dcdfe00000)]
  0x0000026d40653000 JavaThread "Signal Dispatcher" daemon [_thread_blocked, id=9636, stack(0x000000dcdfe00000,0x000000dcdff00000)]
  0x0000026d40655800 JavaThread "Attach Listener" daemon [_thread_blocked, id=4036, stack(0x000000dcdff00000,0x000000dce0000000)]
  0x0000026d4069c000 JavaThread "Service Thread" daemon [_thread_blocked, id=11280, stack(0x000000dce0000000,0x000000dce0100000)]
=>0x0000026d4069d000 JavaThread "C2 CompilerThread0" daemon [_thread_in_native, id=10296, stack(0x000000dce0100000,0x000000dce0200000)]
  0x0000026d4069e800 JavaThread "C1 CompilerThread0" daemon [_thread_blocked, id=8912, stack(0x000000dce0200000,0x000000dce0300000)]
  0x0000026d40800800 JavaThread "Sweeper thread" daemon [_thread_blocked, id=516, stack(0x000000dce0300000,0x000000dce0400000)]
  0x0000026d40914800 JavaThread "Common-Cleaner" daemon [_thread_blocked, id=13820, stack(0x000000dce0400000,0x000000dce0500000)]
  0x0000026d423b8800 JavaThread "Daemon health stats" [_thread_blocked, id=9164, stack(0x000000dce0700000,0x000000dce0800000)]
  0x0000026d41f68800 JavaThread "Incoming local TCP Connector on port 53859" [_thread_in_native, id=5484, stack(0x000000dce0800000,0x000000dce0900000)]
  0x0000026d41f35800 JavaThread "Daemon periodic checks" [_thread_blocked, id=7880, stack(0x000000dce0900000,0x000000dce0a00000)]
  0x0000026d41f36000 JavaThread "Daemon" [_thread_blocked, id=15240, stack(0x000000dce0a00000,0x000000dce0b00000)]
  0x0000026d416e4800 JavaThread "Handler for socket connection from /127.0.0.1:53859 to /127.0.0.1:53860" [_thread_in_native, id=11592, stack(0x000000dce0b00000,0x000000dce0c00000)]
  0x0000026d416e5000 JavaThread "Cancel handler" [_thread_blocked, id=12428, stack(0x000000dce0c00000,0x000000dce0d00000)]
  0x0000026d4168c000 JavaThread "Daemon worker" [_thread_blocked, id=13424, stack(0x000000dce0d00000,0x000000dce0e00000)]
  0x0000026d41831000 JavaThread "Asynchronous log dispatcher for DefaultDaemonConnection: socket connection from /127.0.0.1:53859 to /127.0.0.1:53860" [_thread_blocked, id=11392, stack(0x000000dce0e00000,0x000000dce0f00000)]
  0x0000026d41806800 JavaThread "Stdin handler" [_thread_blocked, id=14436, stack(0x000000dce0f00000,0x000000dce1000000)]
  0x0000026d40d59800 JavaThread "Daemon client event forwarder" [_thread_blocked, id=8400, stack(0x000000dce1000000,0x000000dce1100000)]
  0x0000026d40d56000 JavaThread "Cache worker for journal cache (C:\Users\User\.gradle\caches\journal-1)" [_thread_blocked, id=10968, stack(0x000000dce1300000,0x000000dce1400000)]
  0x0000026d40d58000 JavaThread "File lock request listener" [_thread_in_native, id=13288, stack(0x000000dce1400000,0x000000dce1500000)]
  0x0000026d40d57000 JavaThread "Cache worker for file hash cache (C:\Users\User\.gradle\caches\7.5.1\fileHashes)" [_thread_blocked, id=3084, stack(0x000000dce1500000,0x000000dce1600000)]
  0x0000026d40d54000 JavaThread "File watcher server" daemon [_thread_in_native, id=11440, stack(0x000000dce1600000,0x000000dce1700000)]
  0x0000026d40d5a800 JavaThread "File watcher consumer" daemon [_thread_blocked, id=7416, stack(0x000000dce1700000,0x000000dce1800000)]
  0x0000026d40d54800 JavaThread "Cache worker for checksums cache (C:\Users\User\ProjectMobileDevelopment\android\.gradle\7.5.1\checksums)" [_thread_blocked, id=8304, stack(0x000000dce1800000,0x000000dce1900000)]
  0x0000026d40d55800 JavaThread "Cache worker for cache directory md-rule (C:\Users\User\.gradle\caches\7.5.1\md-rule)" [_thread_blocked, id=7320, stack(0x000000dce1900000,0x000000dce1a00000)]
  0x0000026d40d58800 JavaThread "Cache worker for file content cache (C:\Users\User\.gradle\caches\7.5.1\fileContent)" [_thread_blocked, id=12164, stack(0x000000dce1a00000,0x000000dce1b00000)]
  0x0000026d447ef800 JavaThread "Cache worker for file hash cache (C:\Users\User\ProjectMobileDevelopment\android\.gradle\7.5.1\fileHashes)" [_thread_blocked, id=3768, stack(0x000000dce1b00000,0x000000dce1c00000)]
  0x0000026d447ea800 JavaThread "Cache worker for cache directory md-supplier (C:\Users\User\.gradle\caches\7.5.1\md-supplier)" [_thread_blocked, id=14648, stack(0x000000dce1c00000,0x000000dce1d00000)]
  0x0000026d447f0800 JavaThread "Cache worker for execution history cache (C:\Users\User\.gradle\caches\7.5.1\executionHistory)" [_thread_blocked, id=12360, stack(0x000000dce1d00000,0x000000dce1e00000)]
  0x0000026d447ef000 JavaThread "jar transforms" [_thread_blocked, id=4920, stack(0x000000dce1e00000,0x000000dce1f00000)]
  0x0000026d447eb800 JavaThread "jar transforms Thread 2" [_thread_blocked, id=13568, stack(0x000000dce1f00000,0x000000dce2000000)]
  0x0000026d447f3800 JavaThread "jar transforms Thread 3" [_thread_blocked, id=9136, stack(0x000000dce2000000,0x000000dce2100000)]
  0x0000026d447ee000 JavaThread "jar transforms Thread 4" [_thread_blocked, id=15232, stack(0x000000dce2100000,0x000000dce2200000)]
  0x0000026d447f7000 JavaThread "Cache worker for kotlin-dsl (C:\Users\User\.gradle\caches\7.5.1\kotlin-dsl)" [_thread_blocked, id=13332, stack(0x000000dce2500000,0x000000dce2600000)]
  0x0000026d447f8000 JavaThread "Cache worker for dependencies-accessors (C:\Users\User\ProjectMobileDevelopment\android\.gradle\7.5.1\dependencies-accessors)" [_thread_blocked, id=4576, stack(0x000000dce2600000,0x000000dce2700000)]
  0x0000026d447f8800 JavaThread "Cache worker for Build Output Cleanup Cache (C:\Users\User\ProjectMobileDevelopment\node_modules\react-native-gradle-plugin\.gradle\buildOutputCleanup)" [_thread_blocked, id=1808, stack(0x000000dce2700000,0x000000dce2800000)]
  0x0000026d447f4800 JavaThread "Unconstrained build operations" [_thread_blocked, id=14476, stack(0x000000dce2800000,0x000000dce2900000)]
  0x0000026d447f5800 JavaThread "Unconstrained build operations Thread 2" [_thread_blocked, id=14708, stack(0x000000dce2900000,0x000000dce2a00000)]
  0x0000026d447f6000 JavaThread "Unconstrained build operations Thread 3" [_thread_blocked, id=9272, stack(0x000000dce2a00000,0x000000dce2b00000)]
  0x0000026d42d69800 JavaThread "Unconstrained build operations Thread 4" [_thread_blocked, id=9396, stack(0x000000dce2b00000,0x000000dce2c00000)]
  0x0000026d42d6a000 JavaThread "Unconstrained build operations Thread 5" [_thread_blocked, id=15156, stack(0x000000dce2c00000,0x000000dce2d00000)]
  0x0000026d42d67800 JavaThread "Unconstrained build operations Thread 6" [_thread_blocked, id=5284, stack(0x000000dce2d00000,0x000000dce2e00000)]
  0x0000026d42d66000 JavaThread "Unconstrained build operations Thread 7" [_thread_blocked, id=5152, stack(0x000000dce2e00000,0x000000dce2f00000)]
  0x0000026d42d6b000 JavaThread "Unconstrained build operations Thread 8" [_thread_blocked, id=5836, stack(0x000000dce2f00000,0x000000dce3000000)]
  0x0000026d42d68800 JavaThread "Unconstrained build operations Thread 9" [_thread_blocked, id=14032, stack(0x000000dce3000000,0x000000dce3100000)]
  0x0000026d42d65800 JavaThread "Unconstrained build operations Thread 10" [_thread_blocked, id=10504, stack(0x000000dce3100000,0x000000dce3200000)]
  0x0000026d42d67000 JavaThread "Unconstrained build operations Thread 11" [_thread_blocked, id=13040, stack(0x000000dce3200000,0x000000dce3300000)]
  0x0000026d42d70800 JavaThread "Unconstrained build operations Thread 12" [_thread_blocked, id=12484, stack(0x000000dce3300000,0x000000dce3400000)]
  0x0000026d42d6f000 JavaThread "Unconstrained build operations Thread 13" [_thread_blocked, id=12336, stack(0x000000dce3400000,0x000000dce3500000)]
  0x0000026d42d6c800 JavaThread "Unconstrained build operations Thread 14" [_thread_blocked, id=5612, stack(0x000000dce3500000,0x000000dce3600000)]
  0x0000026d42d6d800 JavaThread "Unconstrained build operations Thread 15" [_thread_blocked, id=888, stack(0x000000dce3600000,0x000000dce3700000)]
  0x0000026d42d6e800 JavaThread "Unconstrained build operations Thread 16" [_thread_blocked, id=2184, stack(0x000000dce3700000,0x000000dce3800000)]
  0x0000026d42d70000 JavaThread "Unconstrained build operations Thread 17" [_thread_blocked, id=10852, stack(0x000000dce3800000,0x000000dce3900000)]
  0x0000026d42d71800 JavaThread "Unconstrained build operations Thread 18" [_thread_blocked, id=10704, stack(0x000000dce3900000,0x000000dce3a00000)]
  0x0000026d42d6c000 JavaThread "Unconstrained build operations Thread 19" [_thread_blocked, id=2532, stack(0x000000dce3a00000,0x000000dce3b00000)]
  0x0000026d42d73000 JavaThread "Unconstrained build operations Thread 20" [_thread_blocked, id=12468, stack(0x000000dce3b00000,0x000000dce3c00000)]
  0x0000026d42d74000 JavaThread "Unconstrained build operations Thread 21" [_thread_blocked, id=10684, stack(0x000000dce3c00000,0x000000dce3d00000)]
  0x0000026d42d72800 JavaThread "Unconstrained build operations Thread 22" [_thread_blocked, id=2688, stack(0x000000dce3d00000,0x000000dce3e00000)]
  0x0000026d449eb800 JavaThread "Unconstrained build operations Thread 23" [_thread_blocked, id=4380, stack(0x000000dce3e00000,0x000000dce3f00000)]
  0x0000026d449e8000 JavaThread "Unconstrained build operations Thread 24" [_thread_blocked, id=9952, stack(0x000000dce3f00000,0x000000dce4000000)]
  0x0000026d449ea800 JavaThread "Unconstrained build operations Thread 25" [_thread_blocked, id=14636, stack(0x000000dce4000000,0x000000dce4100000)]
  0x0000026d449e7000 JavaThread "Unconstrained build operations Thread 26" [_thread_blocked, id=4508, stack(0x000000dce4100000,0x000000dce4200000)]
  0x0000026d449e6800 JavaThread "Unconstrained build operations Thread 27" [_thread_blocked, id=14784, stack(0x000000dce4200000,0x000000dce4300000)]
  0x0000026d449e5800 JavaThread "Unconstrained build operations Thread 28" [_thread_blocked, id=14724, stack(0x000000dce4300000,0x000000dce4400000)]
  0x0000026d449ec000 JavaThread "Unconstrained build operations Thread 29" [_thread_blocked, id=5516, stack(0x000000dce4400000,0x000000dce4500000)]
  0x0000026d449e9000 JavaThread "Unconstrained build operations Thread 30" [_thread_blocked, id=5816, stack(0x000000dce4500000,0x000000dce4600000)]
  0x0000026d449ed000 JavaThread "Unconstrained build operations Thread 31" [_thread_blocked, id=8200, stack(0x000000dce4600000,0x000000dce4700000)]
  0x0000026d449ee000 JavaThread "Unconstrained build operations Thread 32" [_thread_blocked, id=11696, stack(0x000000dce4700000,0x000000dce4800000)]
  0x0000026d449ee800 JavaThread "Unconstrained build operations Thread 33" [_thread_blocked, id=13408, stack(0x000000dce4800000,0x000000dce4900000)]
  0x0000026d449ef800 JavaThread "build event listener" [_thread_blocked, id=1264, stack(0x000000dce4900000,0x000000dce4a00000)]
  0x0000026d449e9800 JavaThread "Memory manager" [_thread_blocked, id=14228, stack(0x000000dce4a00000,0x000000dce4b00000)]
  0x0000026d449f2800 JavaThread "Cache worker for Build Output Cleanup Cache (C:\Users\User\ProjectMobileDevelopment\android\.gradle\buildOutputCleanup)" [_thread_blocked, id=12332, stack(0x000000dcdf300000,0x000000dcdf400000)]
  0x0000026d449f1000 JavaThread "Execution worker" [_thread_blocked, id=11736, stack(0x000000dce4b00000,0x000000dce4c00000)]
  0x0000026d449f2000 JavaThread "Execution worker Thread 2" [_thread_blocked, id=696, stack(0x000000dce4c00000,0x000000dce4d00000)]
  0x0000026d449f4800 JavaThread "Execution worker Thread 3" [_thread_in_Java, id=7020, stack(0x000000dce4d00000,0x000000dce4e00000)]
  0x0000026d45286800 JavaThread "Cache worker for execution history cache (C:\Users\User\ProjectMobileDevelopment\node_modules\react-native-gradle-plugin\.gradle\7.5.1\executionHistory)" [_thread_blocked, id=14288, stack(0x000000dce4e00000,0x000000dce4f00000)]
  0x0000026d4528a800 JavaThread "Unconstrained build operations Thread 34" [_thread_blocked, id=14804, stack(0x000000dce4f00000,0x000000dce5000000)]
  0x0000026d45289800 JavaThread "Unconstrained build operations Thread 35" [_thread_blocked, id=1008, stack(0x000000dce5000000,0x000000dce5100000)]
  0x0000026d45287000 JavaThread "Unconstrained build operations Thread 36" [_thread_blocked, id=5364, stack(0x000000dce5100000,0x000000dce5200000)]
  0x0000026d4528d800 JavaThread "Unconstrained build operations Thread 37" [_thread_blocked, id=10740, stack(0x000000dce5200000,0x000000dce5300000)]
  0x0000026d45288000 JavaThread "Unconstrained build operations Thread 38" [_thread_blocked, id=13216, stack(0x000000dce5300000,0x000000dce5400000)]
  0x0000026d4528c000 JavaThread "Unconstrained build operations Thread 39" [_thread_blocked, id=7232, stack(0x000000dce5400000,0x000000dce5500000)]
  0x0000026d4528e800 JavaThread "Unconstrained build operations Thread 40" [_thread_blocked, id=10232, stack(0x000000dce5500000,0x000000dce5600000)]
  0x0000026d45291000 JavaThread "pool-3-thread-1" [_thread_blocked, id=14220, stack(0x000000dcdf400000,0x000000dcdf500000)]
  0x0000026d4528f000 JavaThread "build event listener" [_thread_blocked, id=11568, stack(0x000000dce2200000,0x000000dce2300000)]
  0x0000026d45290000 JavaThread "included builds Thread 2" [_thread_blocked, id=8696, stack(0x000000dce2300000,0x000000dce2400000)]
  0x0000026d4528b000 JavaThread "Cache worker for execution history cache (C:\Users\User\ProjectMobileDevelopment\android\.gradle\7.5.1\executionHistory)" [_thread_blocked, id=4712, stack(0x000000dce2400000,0x000000dce2500000)]

Other Threads:
  0x0000026d40630000 VMThread "VM Thread" [stack: 0x000000dcdfb00000,0x000000dcdfc00000] [id=11532]
  0x0000026d4094f000 WatcherThread [stack: 0x000000dce0500000,0x000000dce0600000] [id=6084]
  0x0000026d226f7000 GCTaskThread "GC Thread#0" [stack: 0x000000dcdf600000,0x000000dcdf700000] [id=11684]
  0x0000026d40c5d800 GCTaskThread "GC Thread#1" [stack: 0x000000dce0600000,0x000000dce0700000] [id=2284]
  0x0000026d41828800 GCTaskThread "GC Thread#2" [stack: 0x000000dce1100000,0x000000dce1200000] [id=6756]
  0x0000026d40d60000 GCTaskThread "GC Thread#3" [stack: 0x000000dce1200000,0x000000dce1300000] [id=11800]
  0x0000026d22729800 ConcurrentGCThread "G1 Main Marker" [stack: 0x000000dcdf700000,0x000000dcdf800000] [id=4000]
  0x0000026d2272a800 ConcurrentGCThread "G1 Conc#0" [stack: 0x000000dcdf800000,0x000000dcdf900000] [id=10480]
  0x0000026d2276e800 ConcurrentGCThread "G1 Refine#0" [stack: 0x000000dcdf900000,0x000000dcdfa00000] [id=7204]
  0x0000026d2276f800 ConcurrentGCThread "G1 Young RemSet Sampling" [stack: 0x000000dcdfa00000,0x000000dcdfb00000] [id=1120]

Threads with active compile tasks:
C2 CompilerThread0   331560 16279   !   4       org.gradle.api.internal.file.FileOrUriNotationConverter::convert (310 bytes)

VM state:not at safepoint (normal execution)

VM Mutex/Monitor currently owned by a thread: None

Heap address: 0x0000000080000000, size: 2048 MB, Compressed Oops mode: 32-bit
Narrow klass base: 0x0000000000000000, Narrow klass shift: 3
Compressed class space size: 528482304 Address: 0x0000000100000000

Heap:
 garbage-first heap   total 207872K, used 197281K [0x0000000080000000, 0x0000000100000000)
  region size 1024K, 8 young (8192K), 2 survivors (2048K)
 Metaspace       used 117461K, capacity 121316K, committed 121472K, reserved 620544K
  class space    used 15365K, capacity 16952K, committed 17024K, reserved 516096K
Heap Regions: E=young(eden), S=young(survivor), O=old, HS=humongous(starts), HC=humongous(continues), CS=collection set, F=free, A=archive, TAMS=top-at-mark-start (previous, next)
|   0|0x0000000080000000, 0x0000000080100000, 0x0000000080100000|100%|HS|  |TAMS 0x0000000080100000, 0x0000000080000000| Complete 
|   1|0x0000000080100000, 0x0000000080200000, 0x0000000080200000|100%|HC|  |TAMS 0x0000000080200000, 0x0000000080100000| Complete 
|   2|0x0000000080200000, 0x0000000080300000, 0x0000000080300000|100%|HC|  |TAMS 0x0000000080300000, 0x0000000080200000| Complete 
|   3|0x0000000080300000, 0x0000000080400000, 0x0000000080400000|100%| O|  |TAMS 0x0000000080400000, 0x0000000080300000| Untracked 
|   4|0x0000000080400000, 0x0000000080500000, 0x0000000080500000|100%| O|  |TAMS 0x0000000080500000, 0x0000000080400000| Untracked 
|   5|0x0000000080500000, 0x0000000080600000, 0x0000000080600000|100%| O|  |TAMS 0x0000000080600000, 0x0000000080500000| Untracked 
|   6|0x0000000080600000, 0x0000000080700000, 0x0000000080700000|100%| O|  |TAMS 0x0000000080700000, 0x0000000080600000| Untracked 
|   7|0x0000000080700000, 0x0000000080800000, 0x0000000080800000|100%| O|  |TAMS 0x0000000080800000, 0x0000000080700000| Untracked 
|   8|0x0000000080800000, 0x0000000080900000, 0x0000000080900000|100%| O|  |TAMS 0x0000000080900000, 0x0000000080800000| Untracked 
|   9|0x0000000080900000, 0x0000000080a00000, 0x0000000080a00000|100%| O|  |TAMS 0x0000000080a00000, 0x0000000080900000| Untracked 
|  10|0x0000000080a00000, 0x0000000080b00000, 0x0000000080b00000|100%| O|  |TAMS 0x0000000080b00000, 0x0000000080a00000| Untracked 
|  11|0x0000000080b00000, 0x0000000080c00000, 0x0000000080c00000|100%| O|  |TAMS 0x0000000080c00000, 0x0000000080b00000| Untracked 
|  12|0x0000000080c00000, 0x0000000080d00000, 0x0000000080d00000|100%| O|  |TAMS 0x0000000080d00000, 0x0000000080c00000| Untracked 
|  13|0x0000000080d00000, 0x0000000080e00000, 0x0000000080e00000|100%| O|  |TAMS 0x0000000080e00000, 0x0000000080d00000| Untracked 
|  14|0x0000000080e00000, 0x0000000080f00000, 0x0000000080f00000|100%| O|  |TAMS 0x0000000080f00000, 0x0000000080e00000| Untracked 
|  15|0x0000000080f00000, 0x0000000081000000, 0x0000000081000000|100%| O|  |TAMS 0x0000000081000000, 0x0000000080f00000| Untracked 
|  16|0x0000000081000000, 0x0000000081100000, 0x0000000081100000|100%| O|  |TAMS 0x0000000081100000, 0x0000000081000000| Untracked 
|  17|0x0000000081100000, 0x0000000081200000, 0x0000000081200000|100%| O|  |TAMS 0x0000000081200000, 0x0000000081100000| Untracked 
|  18|0x0000000081200000, 0x0000000081300000, 0x0000000081300000|100%| O|  |TAMS 0x0000000081300000, 0x0000000081200000| Untracked 
|  19|0x0000000081300000, 0x0000000081400000, 0x0000000081400000|100%| O|  |TAMS 0x0000000081400000, 0x0000000081300000| Untracked 
|  20|0x0000000081400000, 0x0000000081500000, 0x0000000081500000|100%| O|  |TAMS 0x0000000081500000, 0x0000000081400000| Untracked 
|  21|0x0000000081500000, 0x0000000081600000, 0x0000000081600000|100%| O|  |TAMS 0x0000000081600000, 0x0000000081500000| Untracked 
|  22|0x0000000081600000, 0x0000000081700000, 0x0000000081700000|100%| O|  |TAMS 0x0000000081700000, 0x0000000081600000| Untracked 
|  23|0x0000000081700000, 0x0000000081800000, 0x0000000081800000|100%| O|  |TAMS 0x0000000081800000, 0x0000000081700000| Untracked 
|  24|0x0000000081800000, 0x0000000081900000, 0x0000000081900000|100%| O|  |TAMS 0x0000000081900000, 0x0000000081800000| Untracked 
|  25|0x0000000081900000, 0x0000000081a00000, 0x0000000081a00000|100%| O|  |TAMS 0x0000000081a00000, 0x0000000081900000| Untracked 
|  26|0x0000000081a00000, 0x0000000081b00000, 0x0000000081b00000|100%| O|  |TAMS 0x0000000081b00000, 0x0000000081a00000| Untracked 
|  27|0x0000000081b00000, 0x0000000081c00000, 0x0000000081c00000|100%| O|  |TAMS 0x0000000081c00000, 0x0000000081b00000| Untracked 
|  28|0x0000000081c00000, 0x0000000081d00000, 0x0000000081d00000|100%| O|  |TAMS 0x0000000081d00000, 0x0000000081c00000| Untracked 
|  29|0x0000000081d00000, 0x0000000081e00000, 0x0000000081e00000|100%| O|  |TAMS 0x0000000081e00000, 0x0000000081d00000| Untracked 
|  30|0x0000000081e00000, 0x0000000081f00000, 0x0000000081f00000|100%| O|  |TAMS 0x0000000081f00000, 0x0000000081e00000| Untracked 
|  31|0x0000000081f00000, 0x0000000082000000, 0x0000000082000000|100%| O|  |TAMS 0x0000000082000000, 0x0000000081f00000| Untracked 
|  32|0x0000000082000000, 0x0000000082100000, 0x0000000082100000|100%| O|  |TAMS 0x0000000082100000, 0x0000000082000000| Untracked 
|  33|0x0000000082100000, 0x0000000082200000, 0x0000000082200000|100%|HS|  |TAMS 0x0000000082200000, 0x0000000082100000| Complete 
|  34|0x0000000082200000, 0x0000000082300000, 0x0000000082300000|100%|HS|  |TAMS 0x0000000082300000, 0x0000000082200000| Complete 
|  35|0x0000000082300000, 0x0000000082400000, 0x0000000082400000|100%|HC|  |TAMS 0x0000000082400000, 0x0000000082300000| Complete 
|  36|0x0000000082400000, 0x0000000082500000, 0x0000000082500000|100%|HC|  |TAMS 0x0000000082500000, 0x0000000082400000| Complete 
|  37|0x0000000082500000, 0x0000000082600000, 0x0000000082600000|100%| O|  |TAMS 0x0000000082600000, 0x0000000082500000| Untracked 
|  38|0x0000000082600000, 0x0000000082700000, 0x0000000082700000|100%| O|  |TAMS 0x0000000082700000, 0x0000000082600000| Untracked 
|  39|0x0000000082700000, 0x0000000082800000, 0x0000000082800000|100%| O|  |TAMS 0x0000000082800000, 0x0000000082700000| Untracked 
|  40|0x0000000082800000, 0x0000000082900000, 0x0000000082900000|100%| O|  |TAMS 0x0000000082900000, 0x0000000082800000| Untracked 
|  41|0x0000000082900000, 0x0000000082a00000, 0x0000000082a00000|100%| O|  |TAMS 0x0000000082a00000, 0x0000000082900000| Untracked 
|  42|0x0000000082a00000, 0x0000000082b00000, 0x0000000082b00000|100%| O|  |TAMS 0x0000000082b00000, 0x0000000082a00000| Untracked 
|  43|0x0000000082b00000, 0x0000000082c00000, 0x0000000082c00000|100%| O|  |TAMS 0x0000000082c00000, 0x0000000082b00000| Untracked 
|  44|0x0000000082c00000, 0x0000000082d00000, 0x0000000082d00000|100%| O|  |TAMS 0x0000000082d00000, 0x0000000082c00000| Untracked 
|  45|0x0000000082d00000, 0x0000000082e00000, 0x0000000082e00000|100%| O|  |TAMS 0x0000000082e00000, 0x0000000082d00000| Untracked 
|  46|0x0000000082e00000, 0x0000000082f00000, 0x0000000082f00000|100%| O|  |TAMS 0x0000000082f00000, 0x0000000082e00000| Untracked 
|  47|0x0000000082f00000, 0x0000000083000000, 0x0000000083000000|100%| O|  |TAMS 0x0000000083000000, 0x0000000082f00000| Untracked 
|  48|0x0000000083000000, 0x0000000083100000, 0x0000000083100000|100%| O|  |TAMS 0x0000000083100000, 0x0000000083000000| Untracked 
|  49|0x0000000083100000, 0x0000000083200000, 0x0000000083200000|100%| O|  |TAMS 0x0000000083200000, 0x0000000083100000| Untracked 
|  50|0x0000000083200000, 0x0000000083300000, 0x0000000083300000|100%| O|  |TAMS 0x0000000083300000, 0x0000000083200000| Untracked 
|  51|0x0000000083300000, 0x0000000083400000, 0x0000000083400000|100%| O|  |TAMS 0x0000000083400000, 0x0000000083300000| Untracked 
|  52|0x0000000083400000, 0x0000000083500000, 0x0000000083500000|100%| O|  |TAMS 0x0000000083500000, 0x0000000083400000| Untracked 
|  53|0x0000000083500000, 0x0000000083600000, 0x0000000083600000|100%| O|  |TAMS 0x0000000083600000, 0x0000000083500000| Untracked 
|  54|0x0000000083600000, 0x0000000083700000, 0x0000000083700000|100%|HS|  |TAMS 0x0000000083700000, 0x0000000083600000| Complete 
|  55|0x0000000083700000, 0x0000000083800000, 0x0000000083800000|100%|HS|  |TAMS 0x0000000083800000, 0x0000000083700000| Complete 
|  56|0x0000000083800000, 0x0000000083900000, 0x0000000083900000|100%| O|  |TAMS 0x0000000083900000, 0x0000000083800000| Untracked 
|  57|0x0000000083900000, 0x0000000083a00000, 0x0000000083a00000|100%| O|  |TAMS 0x0000000083a00000, 0x0000000083900000| Untracked 
|  58|0x0000000083a00000, 0x0000000083b00000, 0x0000000083b00000|100%| O|  |TAMS 0x0000000083b00000, 0x0000000083a00000| Untracked 
|  59|0x0000000083b00000, 0x0000000083c00000, 0x0000000083c00000|100%| O|  |TAMS 0x0000000083c00000, 0x0000000083b00000| Untracked 
|  60|0x0000000083c00000, 0x0000000083d00000, 0x0000000083d00000|100%| O|  |TAMS 0x0000000083d00000, 0x0000000083c00000| Untracked 
|  61|0x0000000083d00000, 0x0000000083e00000, 0x0000000083e00000|100%| O|  |TAMS 0x0000000083e00000, 0x0000000083d00000| Untracked 
|  62|0x0000000083e00000, 0x0000000083f00000, 0x0000000083f00000|100%|HS|  |TAMS 0x0000000083f00000, 0x0000000083e00000| Complete 
|  63|0x0000000083f00000, 0x0000000084000000, 0x0000000084000000|100%|HC|  |TAMS 0x0000000084000000, 0x0000000083f00000| Complete 
|  64|0x0000000084000000, 0x0000000084100000, 0x0000000084100000|100%| O|  |TAMS 0x0000000084100000, 0x0000000084000000| Untracked 
|  65|0x0000000084100000, 0x0000000084200000, 0x0000000084200000|100%| O|  |TAMS 0x0000000084200000, 0x0000000084100000| Untracked 
|  66|0x0000000084200000, 0x0000000084300000, 0x0000000084300000|100%| O|  |TAMS 0x0000000084300000, 0x0000000084200000| Untracked 
|  67|0x0000000084300000, 0x0000000084400000, 0x0000000084400000|100%| O|  |TAMS 0x0000000084400000, 0x0000000084300000| Untracked 
|  68|0x0000000084400000, 0x0000000084500000, 0x0000000084500000|100%| O|  |TAMS 0x0000000084500000, 0x0000000084400000| Untracked 
|  69|0x0000000084500000, 0x0000000084600000, 0x0000000084600000|100%| O|  |TAMS 0x0000000084600000, 0x0000000084500000| Untracked 
|  70|0x0000000084600000, 0x0000000084700000, 0x0000000084700000|100%| O|  |TAMS 0x0000000084700000, 0x0000000084600000| Untracked 
|  71|0x0000000084700000, 0x0000000084800000, 0x0000000084800000|100%| O|  |TAMS 0x0000000084800000, 0x0000000084700000| Untracked 
|  72|0x0000000084800000, 0x0000000084900000, 0x0000000084900000|100%| O|  |TAMS 0x0000000084900000, 0x0000000084800000| Untracked 
|  73|0x0000000084900000, 0x0000000084a00000, 0x0000000084a00000|100%| O|  |TAMS 0x0000000084a00000, 0x0000000084900000| Untracked 
|  74|0x0000000084a00000, 0x0000000084b00000, 0x0000000084b00000|100%| O|  |TAMS 0x0000000084b00000, 0x0000000084a00000| Untracked 
|  75|0x0000000084b00000, 0x0000000084c00000, 0x0000000084c00000|100%| O|  |TAMS 0x0000000084c00000, 0x0000000084b00000| Untracked 
|  76|0x0000000084c00000, 0x0000000084d00000, 0x0000000084d00000|100%| O|  |TAMS 0x0000000084d00000, 0x0000000084c00000| Untracked 
|  77|0x0000000084d00000, 0x0000000084e00000, 0x0000000084e00000|100%| O|  |TAMS 0x0000000084e00000, 0x0000000084d00000| Untracked 
|  78|0x0000000084e00000, 0x0000000084f00000, 0x0000000084f00000|100%| O|  |TAMS 0x0000000084f00000, 0x0000000084e00000| Untracked 
|  79|0x0000000084f00000, 0x0000000085000000, 0x0000000085000000|100%| O|  |TAMS 0x0000000085000000, 0x0000000084f00000| Untracked 
|  80|0x0000000085000000, 0x0000000085100000, 0x0000000085100000|100%| O|  |TAMS 0x0000000085100000, 0x0000000085000000| Untracked 
|  81|0x0000000085100000, 0x0000000085200000, 0x0000000085200000|100%| O|  |TAMS 0x0000000085200000, 0x0000000085100000| Untracked 
|  82|0x0000000085200000, 0x0000000085300000, 0x0000000085300000|100%| O|  |TAMS 0x0000000085300000, 0x0000000085200000| Untracked 
|  83|0x0000000085300000, 0x0000000085400000, 0x0000000085400000|100%|HS|  |TAMS 0x0000000085400000, 0x0000000085300000| Complete 
|  84|0x0000000085400000, 0x0000000085500000, 0x0000000085500000|100%|HS|  |TAMS 0x0000000085500000, 0x0000000085400000| Complete 
|  85|0x0000000085500000, 0x0000000085600000, 0x0000000085600000|100%|HS|  |TAMS 0x0000000085600000, 0x0000000085500000| Complete 
|  86|0x0000000085600000, 0x0000000085700000, 0x0000000085700000|100%|HS|  |TAMS 0x0000000085700000, 0x0000000085600000| Complete 
|  87|0x0000000085700000, 0x0000000085800000, 0x0000000085800000|100%|HC|  |TAMS 0x0000000085800000, 0x0000000085700000| Complete 
|  88|0x0000000085800000, 0x0000000085900000, 0x0000000085900000|100%|HC|  |TAMS 0x0000000085900000, 0x0000000085800000| Complete 
|  89|0x0000000085900000, 0x0000000085a00000, 0x0000000085a00000|100%| O|  |TAMS 0x0000000085a00000, 0x0000000085900000| Untracked 
|  90|0x0000000085a00000, 0x0000000085b00000, 0x0000000085b00000|100%| O|  |TAMS 0x0000000085b00000, 0x0000000085a00000| Untracked 
|  91|0x0000000085b00000, 0x0000000085c00000, 0x0000000085c00000|100%| O|  |TAMS 0x0000000085c00000, 0x0000000085b00000| Untracked 
|  92|0x0000000085c00000, 0x0000000085d00000, 0x0000000085d00000|100%| O|  |TAMS 0x0000000085d00000, 0x0000000085c00000| Untracked 
|  93|0x0000000085d00000, 0x0000000085e00000, 0x0000000085e00000|100%| O|  |TAMS 0x0000000085e00000, 0x0000000085d00000| Untracked 
|  94|0x0000000085e00000, 0x0000000085f00000, 0x0000000085f00000|100%| O|  |TAMS 0x0000000085f00000, 0x0000000085e00000| Untracked 
|  95|0x0000000085f00000, 0x0000000086000000, 0x0000000086000000|100%| O|  |TAMS 0x0000000086000000, 0x0000000085f00000| Untracked 
|  96|0x0000000086000000, 0x0000000086100000, 0x0000000086100000|100%| O|  |TAMS 0x0000000086100000, 0x0000000086000000| Untracked 
|  97|0x0000000086100000, 0x0000000086200000, 0x0000000086200000|100%| O|  |TAMS 0x0000000086200000, 0x0000000086100000| Untracked 
|  98|0x0000000086200000, 0x0000000086300000, 0x0000000086300000|100%| O|  |TAMS 0x0000000086300000, 0x0000000086200000| Untracked 
|  99|0x0000000086300000, 0x0000000086400000, 0x0000000086400000|100%| O|  |TAMS 0x0000000086400000, 0x0000000086300000| Untracked 
| 100|0x0000000086400000, 0x0000000086500000, 0x0000000086500000|100%| O|  |TAMS 0x0000000086500000, 0x0000000086400000| Untracked 
| 101|0x0000000086500000, 0x0000000086600000, 0x0000000086600000|100%| O|  |TAMS 0x0000000086600000, 0x0000000086500000| Untracked 
| 102|0x0000000086600000, 0x0000000086700000, 0x0000000086700000|100%| O|  |TAMS 0x0000000086700000, 0x0000000086600000| Untracked 
| 103|0x0000000086700000, 0x0000000086800000, 0x0000000086800000|100%| O|  |TAMS 0x0000000086800000, 0x0000000086700000| Untracked 
| 104|0x0000000086800000, 0x0000000086900000, 0x0000000086900000|100%| O|  |TAMS 0x0000000086900000, 0x0000000086800000| Untracked 
| 105|0x0000000086900000, 0x0000000086a00000, 0x0000000086a00000|100%| O|  |TAMS 0x0000000086a00000, 0x0000000086900000| Untracked 
| 106|0x0000000086a00000, 0x0000000086b00000, 0x0000000086b00000|100%| O|  |TAMS 0x0000000086b00000, 0x0000000086a00000| Untracked 
| 107|0x0000000086b00000, 0x0000000086c00000, 0x0000000086c00000|100%| O|  |TAMS 0x0000000086c00000, 0x0000000086b00000| Untracked 
| 108|0x0000000086c00000, 0x0000000086d00000, 0x0000000086d00000|100%| O|  |TAMS 0x0000000086d00000, 0x0000000086c00000| Untracked 
| 109|0x0000000086d00000, 0x0000000086e00000, 0x0000000086e00000|100%| O|  |TAMS 0x0000000086e00000, 0x0000000086d00000| Untracked 
| 110|0x0000000086e00000, 0x0000000086f00000, 0x0000000086f00000|100%| O|  |TAMS 0x0000000086f00000, 0x0000000086e00000| Untracked 
| 111|0x0000000086f00000, 0x0000000087000000, 0x0000000087000000|100%| O|  |TAMS 0x0000000087000000, 0x0000000086f00000| Untracked 
| 112|0x0000000087000000, 0x0000000087100000, 0x0000000087100000|100%| O|  |TAMS 0x0000000087100000, 0x0000000087000000| Untracked 
| 113|0x0000000087100000, 0x0000000087200000, 0x0000000087200000|100%| O|  |TAMS 0x0000000087200000, 0x0000000087100000| Untracked 
| 114|0x0000000087200000, 0x0000000087300000, 0x0000000087300000|100%| O|  |TAMS 0x0000000087300000, 0x0000000087200000| Untracked 
| 115|0x0000000087300000, 0x0000000087400000, 0x0000000087400000|100%| O|  |TAMS 0x0000000087400000, 0x0000000087300000| Untracked 
| 116|0x0000000087400000, 0x0000000087500000, 0x0000000087500000|100%| O|  |TAMS 0x0000000087500000, 0x0000000087400000| Untracked 
| 117|0x0000000087500000, 0x0000000087600000, 0x0000000087600000|100%| O|  |TAMS 0x0000000087600000, 0x0000000087500000| Untracked 
| 118|0x0000000087600000, 0x0000000087700000, 0x0000000087700000|100%| O|  |TAMS 0x0000000087700000, 0x0000000087600000| Untracked 
| 119|0x0000000087700000, 0x0000000087800000, 0x0000000087800000|100%| O|  |TAMS 0x0000000087800000, 0x0000000087700000| Untracked 
| 120|0x0000000087800000, 0x0000000087900000, 0x0000000087900000|100%| O|  |TAMS 0x0000000087900000, 0x0000000087800000| Untracked 
| 121|0x0000000087900000, 0x0000000087a00000, 0x0000000087a00000|100%| O|  |TAMS 0x0000000087a00000, 0x0000000087900000| Untracked 
| 122|0x0000000087a00000, 0x0000000087b00000, 0x0000000087b00000|100%| O|  |TAMS 0x0000000087b00000, 0x0000000087a00000| Untracked 
| 123|0x0000000087b00000, 0x0000000087c00000, 0x0000000087c00000|100%| O|  |TAMS 0x0000000087c00000, 0x0000000087b00000| Untracked 
| 124|0x0000000087c00000, 0x0000000087d00000, 0x0000000087d00000|100%| O|  |TAMS 0x0000000087d00000, 0x0000000087c00000| Untracked 
| 125|0x0000000087d00000, 0x0000000087e00000, 0x0000000087e00000|100%| O|  |TAMS 0x0000000087e00000, 0x0000000087d00000| Untracked 
| 126|0x0000000087e00000, 0x0000000087f00000, 0x0000000087f00000|100%| O|  |TAMS 0x0000000087f00000, 0x0000000087e00000| Untracked 
| 127|0x0000000087f00000, 0x0000000088000000, 0x0000000088000000|100%| O|  |TAMS 0x0000000088000000, 0x0000000087f00000| Untracked 
| 128|0x0000000088000000, 0x0000000088100000, 0x0000000088100000|100%| O|  |TAMS 0x0000000088100000, 0x0000000088000000| Untracked 
| 129|0x0000000088100000, 0x0000000088200000, 0x0000000088200000|100%| O|  |TAMS 0x0000000088200000, 0x0000000088100000| Untracked 
| 130|0x0000000088200000, 0x0000000088300000, 0x0000000088300000|100%| O|  |TAMS 0x0000000088300000, 0x0000000088200000| Untracked 
| 131|0x0000000088300000, 0x0000000088400000, 0x0000000088400000|100%| O|  |TAMS 0x0000000088400000, 0x0000000088300000| Untracked 
| 132|0x0000000088400000, 0x0000000088500000, 0x0000000088500000|100%|HS|  |TAMS 0x0000000088500000, 0x0000000088400000| Complete 
| 133|0x0000000088500000, 0x0000000088600000, 0x0000000088600000|100%|HS|  |TAMS 0x0000000088600000, 0x0000000088500000| Complete 
| 134|0x0000000088600000, 0x0000000088700000, 0x0000000088700000|100%|HC|  |TAMS 0x0000000088700000, 0x0000000088600000| Complete 
| 135|0x0000000088700000, 0x0000000088800000, 0x0000000088800000|100%|HC|  |TAMS 0x0000000088800000, 0x0000000088700000| Complete 
| 136|0x0000000088800000, 0x0000000088900000, 0x0000000088900000|100%| O|  |TAMS 0x0000000088900000, 0x0000000088800000| Untracked 
| 137|0x0000000088900000, 0x0000000088a00000, 0x0000000088a00000|100%| O|  |TAMS 0x0000000088a00000, 0x0000000088900000| Untracked 
| 138|0x0000000088a00000, 0x0000000088b00000, 0x0000000088b00000|100%| O|  |TAMS 0x0000000088b00000, 0x0000000088a00000| Untracked 
| 139|0x0000000088b00000, 0x0000000088c00000, 0x0000000088c00000|100%| O|  |TAMS 0x0000000088c00000, 0x0000000088b00000| Untracked 
| 140|0x0000000088c00000, 0x0000000088d00000, 0x0000000088d00000|100%| O|  |TAMS 0x0000000088d00000, 0x0000000088c00000| Untracked 
| 141|0x0000000088d00000, 0x0000000088e00000, 0x0000000088e00000|100%| O|  |TAMS 0x0000000088e00000, 0x0000000088d00000| Untracked 
| 142|0x0000000088e00000, 0x0000000088f00000, 0x0000000088f00000|100%| O|  |TAMS 0x0000000088f00000, 0x0000000088e00000| Untracked 
| 143|0x0000000088f00000, 0x0000000089000000, 0x0000000089000000|100%| O|  |TAMS 0x0000000089000000, 0x0000000088f00000| Untracked 
| 144|0x0000000089000000, 0x0000000089100000, 0x0000000089100000|100%| O|  |TAMS 0x0000000089100000, 0x0000000089000000| Untracked 
| 145|0x0000000089100000, 0x0000000089200000, 0x0000000089200000|100%| O|  |TAMS 0x0000000089200000, 0x0000000089100000| Untracked 
| 146|0x0000000089200000, 0x0000000089300000, 0x0000000089300000|100%|HS|  |TAMS 0x0000000089300000, 0x0000000089200000| Complete 
| 147|0x0000000089300000, 0x0000000089400000, 0x0000000089400000|100%| O|  |TAMS 0x0000000089400000, 0x0000000089300000| Untracked 
| 148|0x0000000089400000, 0x0000000089500000, 0x0000000089500000|100%| O|  |TAMS 0x0000000089500000, 0x0000000089400000| Untracked 
| 149|0x0000000089500000, 0x0000000089600000, 0x0000000089600000|100%| O|  |TAMS 0x0000000089600000, 0x0000000089500000| Untracked 
| 150|0x0000000089600000, 0x0000000089700000, 0x0000000089700000|100%| O|  |TAMS 0x0000000089700000, 0x0000000089600000| Untracked 
| 151|0x0000000089700000, 0x0000000089800000, 0x0000000089800000|100%| O|  |TAMS 0x0000000089800000, 0x0000000089700000| Untracked 
| 152|0x0000000089800000, 0x0000000089900000, 0x0000000089900000|100%| O|  |TAMS 0x0000000089900000, 0x0000000089800000| Untracked 
| 153|0x0000000089900000, 0x0000000089a00000, 0x0000000089a00000|100%| O|  |TAMS 0x0000000089a00000, 0x0000000089900000| Untracked 
| 154|0x0000000089a00000, 0x0000000089b00000, 0x0000000089b00000|100%| O|  |TAMS 0x0000000089b00000, 0x0000000089a00000| Untracked 
| 155|0x0000000089b00000, 0x0000000089c00000, 0x0000000089c00000|100%| O|  |TAMS 0x0000000089c00000, 0x0000000089b00000| Untracked 
| 156|0x0000000089c00000, 0x0000000089d00000, 0x0000000089d00000|100%| O|  |TAMS 0x0000000089d00000, 0x0000000089c00000| Untracked 
| 157|0x0000000089d00000, 0x0000000089e00000, 0x0000000089e00000|100%| O|  |TAMS 0x0000000089e00000, 0x0000000089d00000| Untracked 
| 158|0x0000000089e00000, 0x0000000089f00000, 0x0000000089f00000|100%| O|  |TAMS 0x0000000089f00000, 0x0000000089e00000| Untracked 
| 159|0x0000000089f00000, 0x000000008a000000, 0x000000008a000000|100%| O|  |TAMS 0x000000008a000000, 0x0000000089f00000| Untracked 
| 160|0x000000008a000000, 0x000000008a100000, 0x000000008a100000|100%| O|  |TAMS 0x000000008a100000, 0x000000008a000000| Untracked 
| 161|0x000000008a100000, 0x000000008a200000, 0x000000008a200000|100%| O|  |TAMS 0x000000008a200000, 0x000000008a100000| Untracked 
| 162|0x000000008a200000, 0x000000008a300000, 0x000000008a300000|100%| O|  |TAMS 0x000000008a300000, 0x000000008a200000| Untracked 
| 163|0x000000008a300000, 0x000000008a400000, 0x000000008a400000|100%| O|  |TAMS 0x000000008a400000, 0x000000008a300000| Untracked 
| 164|0x000000008a400000, 0x000000008a500000, 0x000000008a500000|100%| O|  |TAMS 0x000000008a500000, 0x000000008a400000| Untracked 
| 165|0x000000008a500000, 0x000000008a600000, 0x000000008a600000|100%| O|  |TAMS 0x000000008a600000, 0x000000008a500000| Untracked 
| 166|0x000000008a600000, 0x000000008a700000, 0x000000008a700000|100%| O|  |TAMS 0x000000008a700000, 0x000000008a600000| Untracked 
| 167|0x000000008a700000, 0x000000008a800000, 0x000000008a800000|100%| O|  |TAMS 0x000000008a800000, 0x000000008a700000| Untracked 
| 168|0x000000008a800000, 0x000000008a900000, 0x000000008a900000|100%| O|  |TAMS 0x000000008a900000, 0x000000008a800000| Untracked 
| 169|0x000000008a900000, 0x000000008aa00000, 0x000000008aa00000|100%| O|  |TAMS 0x000000008aa00000, 0x000000008a900000| Untracked 
| 170|0x000000008aa00000, 0x000000008ab00000, 0x000000008ab00000|100%| O|  |TAMS 0x000000008ab00000, 0x000000008aa00000| Untracked 
| 171|0x000000008ab00000, 0x000000008ac00000, 0x000000008ac00000|100%| S|CS|TAMS 0x000000008ab00000, 0x000000008ab00000| Complete 
| 172|0x000000008ac00000, 0x000000008ad00000, 0x000000008ad00000|100%| O|  |TAMS 0x000000008ad00000, 0x000000008ac00000| Untracked 
| 173|0x000000008ad00000, 0x000000008adeb000, 0x000000008ae00000| 91%| O|  |TAMS 0x000000008ad00000, 0x000000008ad00000| Untracked 
| 174|0x000000008ae00000, 0x000000008af00000, 0x000000008af00000|100%| O|  |TAMS 0x000000008af00000, 0x000000008ae00000| Untracked 
| 175|0x000000008af00000, 0x000000008b000000, 0x000000008b000000|100%| O|  |TAMS 0x000000008b000000, 0x000000008af00000| Untracked 
| 176|0x000000008b000000, 0x000000008b000000, 0x000000008b100000|  0%| F|  |TAMS 0x000000008b000000, 0x000000008b000000| Untracked 
| 177|0x000000008b100000, 0x000000008b200000, 0x000000008b200000|100%| O|  |TAMS 0x000000008b200000, 0x000000008b100000| Untracked 
| 178|0x000000008b200000, 0x000000008b300000, 0x000000008b300000|100%| O|  |TAMS 0x000000008b300000, 0x000000008b200000| Untracked 
| 179|0x000000008b300000, 0x000000008b400000, 0x000000008b400000|100%| O|  |TAMS 0x000000008b400000, 0x000000008b300000| Untracked 
| 180|0x000000008b400000, 0x000000008b500000, 0x000000008b500000|100%| O|  |TAMS 0x000000008b500000, 0x000000008b400000| Untracked 
| 181|0x000000008b500000, 0x000000008b600000, 0x000000008b600000|100%| O|  |TAMS 0x000000008b600000, 0x000000008b500000| Untracked 
| 182|0x000000008b600000, 0x000000008b600000, 0x000000008b700000|  0%| F|  |TAMS 0x000000008b600000, 0x000000008b600000| Untracked 
| 183|0x000000008b700000, 0x000000008b700000, 0x000000008b800000|  0%| F|  |TAMS 0x000000008b700000, 0x000000008b700000| Untracked 
| 184|0x000000008b800000, 0x000000008b900000, 0x000000008b900000|100%| O|  |TAMS 0x000000008b900000, 0x000000008b800000| Untracked 
| 185|0x000000008b900000, 0x000000008ba00000, 0x000000008ba00000|100%| O|  |TAMS 0x000000008ba00000, 0x000000008b900000| Untracked 
| 186|0x000000008ba00000, 0x000000008ba00000, 0x000000008bb00000|  0%| F|  |TAMS 0x000000008ba00000, 0x000000008ba00000| Untracked 
| 187|0x000000008bb00000, 0x000000008bc00000, 0x000000008bc00000|100%| O|  |TAMS 0x000000008bc00000, 0x000000008bb00000| Untracked 
| 188|0x000000008bc00000, 0x000000008bc00000, 0x000000008bd00000|  0%| F|  |TAMS 0x000000008bc00000, 0x000000008bc00000| Untracked 
| 189|0x000000008bd00000, 0x000000008bd00000, 0x000000008be00000|  0%| F|  |TAMS 0x000000008bd00000, 0x000000008bd00000| Untracked 
| 190|0x000000008be00000, 0x000000008be00000, 0x000000008bf00000|  0%| F|  |TAMS 0x000000008be00000, 0x000000008be00000| Untracked 
| 191|0x000000008bf00000, 0x000000008c000000, 0x000000008c000000|100%| O|  |TAMS 0x000000008c000000, 0x000000008bf00000| Untracked 
| 192|0x000000008c000000, 0x000000008c100000, 0x000000008c100000|100%| O|  |TAMS 0x000000008c100000, 0x000000008c000000| Untracked 
| 193|0x000000008c100000, 0x000000008c100000, 0x000000008c200000|  0%| F|  |TAMS 0x000000008c100000, 0x000000008c100000| Untracked 
| 194|0x000000008c200000, 0x000000008c300000, 0x000000008c300000|100%| O|  |TAMS 0x000000008c300000, 0x000000008c200000| Untracked 
| 195|0x000000008c300000, 0x000000008c400000, 0x000000008c400000|100%| O|  |TAMS 0x000000008c3c7c00, 0x000000008c300000| Untracked 
| 196|0x000000008c400000, 0x000000008c49b620, 0x000000008c500000| 60%| E|  |TAMS 0x000000008c400000, 0x000000008c400000| Complete 
| 197|0x000000008c500000, 0x000000008c600000, 0x000000008c600000|100%| E|  |TAMS 0x000000008c500000, 0x000000008c500000| Complete 
| 198|0x000000008c600000, 0x000000008c700000, 0x000000008c700000|100%| E|CS|TAMS 0x000000008c600000, 0x000000008c600000| Complete 
| 199|0x000000008c700000, 0x000000008c800000, 0x000000008c800000|100%| E|CS|TAMS 0x000000008c700000, 0x000000008c700000| Complete 
| 200|0x000000008c800000, 0x000000008c900000, 0x000000008c900000|100%| E|CS|TAMS 0x000000008c800000, 0x000000008c800000| Complete 
| 201|0x000000008c900000, 0x000000008ca00000, 0x000000008ca00000|100%| E|CS|TAMS 0x000000008c900000, 0x000000008c900000| Complete 
| 202|0x000000008ca00000, 0x000000008cabd600, 0x000000008cb00000| 73%| S|CS|TAMS 0x000000008ca00000, 0x000000008ca00000| Complete 

Card table byte_map: [0x0000026d391c0000,0x0000026d395c0000] _byte_map_base: 0x0000026d38dc0000

Marking Bits (Prev, Next): (CMBitMap*) 0x0000026d22720708, (CMBitMap*) 0x0000026d22720740
 Prev Bits: [0x0000026d399c0000, 0x0000026d3b9c0000)
 Next Bits: [0x0000026d3b9c0000, 0x0000026d3d9c0000)

Polling page: 0x0000026d21ec0000

Metaspace:

Usage:
  Non-class:    101.92 MB capacity,    99.70 MB ( 98%) used,     1.88 MB (  2%) free+waste,   346.69 KB ( <1%) overhead. 
      Class:     16.55 MB capacity,    15.00 MB ( 91%) used,     1.39 MB (  8%) free+waste,   160.88 KB ( <1%) overhead. 
       Both:    118.47 MB capacity,   114.71 MB ( 97%) used,     3.27 MB (  3%) free+waste,   507.56 KB ( <1%) overhead. 

Virtual space:
  Non-class space:      102.00 MB reserved,     102.00 MB (100%) committed 
      Class space:      504.00 MB reserved,      16.62 MB (  3%) committed 
             Both:      606.00 MB reserved,     118.62 MB ( 20%) committed 

Chunk freelists:
   Non-Class:  2.50 KB
       Class:  1.00 KB
        Both:  3.50 KB

CodeHeap 'non-profiled nmethods': size=120064Kb used=10839Kb max_used=10839Kb free=109224Kb
 bounds [0x0000026d31880000, 0x0000026d32320000, 0x0000026d38dc0000]
CodeHeap 'profiled nmethods': size=120000Kb used=34584Kb max_used=34584Kb free=85415Kb
 bounds [0x0000026d2a350000, 0x0000026d2c520000, 0x0000026d31880000]
CodeHeap 'non-nmethods': size=5696Kb used=2330Kb max_used=2388Kb free=3366Kb
 bounds [0x0000026d29dc0000, 0x0000026d2a030000, 0x0000026d2a350000]
 total_blobs=16347 nmethods=15398 adapters=859
 compilation: enabled
              stopped_count=0, restarted_count=0
 full_count=0

Compilation events (10 events):
Event: 331.434 Thread 0x0000026d4069e800 16287       3       com.google.common.collect.RegularImmutableBiMap::get (24 bytes)
Event: 331.435 Thread 0x0000026d4069e800 nmethod 16287 0x0000026d2c51a790 code [0x0000026d2c51a940, 0x0000026d2c51aae8]
Event: 331.444 Thread 0x0000026d4069e800 16288       3       sun.security.provider.ByteArrayAccess::i2bBig (204 bytes)
Event: 331.445 Thread 0x0000026d4069e800 nmethod 16288 0x0000026d2c51ab90 code [0x0000026d2c51ad60, 0x0000026d2c51b1a8]
Event: 331.445 Thread 0x0000026d4069e800 16289       3       java.lang.Math::floorDiv (31 bytes)
Event: 331.446 Thread 0x0000026d4069e800 nmethod 16289 0x0000026d2c51b390 code [0x0000026d2c51b520, 0x0000026d2c51b6d8]
Event: 331.446 Thread 0x0000026d4069e800 16290       1       org.gradle.api.internal.tasks.properties.DefaultTaskProperties::getOutputFileProperties (5 bytes)
Event: 331.447 Thread 0x0000026d4069e800 nmethod 16290 0x0000026d32315c90 code [0x0000026d32315e20, 0x0000026d32315ed8]
Event: 331.447 Thread 0x0000026d4069e800 16291       3       org.gradle.internal.collect.PersistentList::of (4 bytes)
Event: 331.447 Thread 0x0000026d4069e800 nmethod 16291 0x0000026d2c51b790 code [0x0000026d2c51b920, 0x0000026d2c51ba18]

GC Heap History (10 events):
Event: 326.275 GC heap before
{Heap before GC invocations=217 (full 0):
 garbage-first heap   total 201728K, used 198192K [0x0000000080000000, 0x0000000100000000)
  region size 1024K, 9 young (9216K), 2 survivors (2048K)
 Metaspace       used 117321K, capacity 121222K, committed 121472K, reserved 620544K
  class space    used 15351K, capacity 16945K, committed 17024K, reserved 516096K
}
Event: 326.295 GC heap after
{Heap after GC invocations=218 (full 0):
 garbage-first heap   total 201728K, used 191434K [0x0000000080000000, 0x0000000100000000)
  region size 1024K, 2 young (2048K), 2 survivors (2048K)
 Metaspace       used 117321K, capacity 121222K, committed 121472K, reserved 620544K
  class space    used 15351K, capacity 16945K, committed 17024K, reserved 516096K
}
Event: 326.564 GC heap before
{Heap before GC invocations=218 (full 0):
 garbage-first heap   total 201728K, used 198602K [0x0000000080000000, 0x0000000100000000)
  region size 1024K, 9 young (9216K), 2 survivors (2048K)
 Metaspace       used 117321K, capacity 121222K, committed 121472K, reserved 620544K
  class space    used 15351K, capacity 16945K, committed 17024K, reserved 516096K
}
Event: 326.586 GC heap after
{Heap after GC invocations=219 (full 0):
 garbage-first heap   total 202752K, used 191853K [0x0000000080000000, 0x0000000100000000)
  region size 1024K, 2 young (2048K), 2 survivors (2048K)
 Metaspace       used 117321K, capacity 121222K, committed 121472K, reserved 620544K
  class space    used 15351K, capacity 16945K, committed 17024K, reserved 516096K
}
Event: 327.707 GC heap before
{Heap before GC invocations=219 (full 0):
 garbage-first heap   total 202752K, used 199021K [0x0000000080000000, 0x0000000100000000)
  region size 1024K, 9 young (9216K), 2 survivors (2048K)
 Metaspace       used 117321K, capacity 121222K, committed 121472K, reserved 620544K
  class space    used 15351K, capacity 16945K, committed 17024K, reserved 516096K
}
Event: 327.715 GC heap after
{Heap after GC invocations=220 (full 0):
 garbage-first heap   total 202752K, used 192094K [0x0000000080000000, 0x0000000100000000)
  region size 1024K, 2 young (2048K), 2 survivors (2048K)
 Metaspace       used 117321K, capacity 121222K, committed 121472K, reserved 620544K
  class space    used 15351K, capacity 16945K, committed 17024K, reserved 516096K
}
Event: 328.625 GC heap before
{Heap before GC invocations=220 (full 0):
 garbage-first heap   total 204800K, used 203358K [0x0000000080000000, 0x0000000100000000)
  region size 1024K, 9 young (9216K), 2 survivors (2048K)
 Metaspace       used 117328K, capacity 121222K, committed 121472K, reserved 620544K
  class space    used 15351K, capacity 16945K, committed 17024K, reserved 516096K
}
Event: 328.647 GC heap after
{Heap after GC invocations=221 (full 0):
 garbage-first heap   total 206848K, used 196629K [0x0000000080000000, 0x0000000100000000)
  region size 1024K, 2 young (2048K), 2 survivors (2048K)
 Metaspace       used 117328K, capacity 121222K, committed 121472K, reserved 620544K
  class space    used 15351K, capacity 16945K, committed 17024K, reserved 516096K
}
Event: 329.087 GC heap before
{Heap before GC invocations=221 (full 0):
 garbage-first heap   total 206848K, used 203797K [0x0000000080000000, 0x0000000100000000)
  region size 1024K, 10 young (10240K), 2 survivors (2048K)
 Metaspace       used 117332K, capacity 121222K, committed 121472K, reserved 620544K
  class space    used 15351K, capacity 16945K, committed 17024K, reserved 516096K
}
Event: 329.100 GC heap after
{Heap after GC invocations=222 (full 0):
 garbage-first heap   total 207872K, used 193185K [0x0000000080000000, 0x0000000100000000)
  region size 1024K, 2 young (2048K), 2 survivors (2048K)
 Metaspace       used 117332K, capacity 121222K, committed 121472K, reserved 620544K
  class space    used 15351K, capacity 16945K, committed 17024K, reserved 516096K
}

Deoptimization events (10 events):
Event: 328.508 Thread 0x0000026d447f0800 Uncommon trap: reason=unstable_if action=reinterpret pc=0x0000026d31ca7544 method=org.gradle.internal.io.StreamByteBuffer.allocateSpace()I @ 9 c2
Event: 328.604 Thread 0x0000026d447f0800 Uncommon trap: reason=unstable_if action=reinterpret pc=0x0000026d322e6794 method=org.gradle.internal.io.StreamByteBuffer.prepareRead()I @ 30 c2
Event: 330.449 Thread 0x0000026d4528b000 Uncommon trap: reason=unstable_if action=reinterpret pc=0x0000026d3230038c method=org.gradle.internal.execution.history.impl.FingerprintMapSerializer.readFileType(Lorg/gradle/internal/serialize/Decoder;)Lorg/gradle/internal/file/FileType; @ 8 c2
Event: 330.450 Thread 0x0000026d4528b000 Uncommon trap: reason=unstable_if action=reinterpret pc=0x0000026d322ff65c method=org.gradle.internal.execution.history.impl.FingerprintMapSerializer.readContentHash(Lorg/gradle/internal/file/FileType;Lorg/gradle/internal/serialize/Decoder;)Lorg/gradle/in
Event: 330.450 Thread 0x0000026d4528b000 Uncommon trap: reason=unstable_if action=reinterpret pc=0x0000026d322f5b1c method=org.gradle.internal.execution.history.impl.FingerprintMapSerializer.readFileType(Lorg/gradle/internal/serialize/Decoder;)Lorg/gradle/internal/file/FileType; @ 8 c2
Event: 331.086 Thread 0x0000026d449f1000 Uncommon trap: reason=unstable_if action=reinterpret pc=0x0000026d31c8b728 method=java.util.stream.AbstractPipeline.<init>(Ljava/util/stream/AbstractPipeline;I)V @ 69 c2
Event: 331.093 Thread 0x0000026d449f1000 Uncommon trap: reason=class_check action=maybe_recompile pc=0x0000026d32296f44 method=org.gradle.internal.snapshot.impl.AbstractValueProcessor.processValue(Ljava/lang/Object;Lorg/gradle/internal/snapshot/impl/AbstractValueProcessor$ValueVisitor;)Ljava/lan
Event: 331.233 Thread 0x0000026d449f1000 Uncommon trap: reason=class_check action=maybe_recompile pc=0x0000026d32296f44 method=org.gradle.internal.snapshot.impl.AbstractValueProcessor.processValue(Ljava/lang/Object;Lorg/gradle/internal/snapshot/impl/AbstractValueProcessor$ValueVisitor;)Ljava/lan
Event: 331.361 Thread 0x0000026d449f4800 Uncommon trap: reason=class_check action=maybe_recompile pc=0x0000026d32296f44 method=org.gradle.internal.snapshot.impl.AbstractValueProcessor.processValue(Ljava/lang/Object;Lorg/gradle/internal/snapshot/impl/AbstractValueProcessor$ValueVisitor;)Ljava/lan
Event: 331.366 Thread 0x0000026d449f4800 Uncommon trap: reason=class_check action=maybe_recompile pc=0x0000026d32296f44 method=org.gradle.internal.snapshot.impl.AbstractValueProcessor.processValue(Ljava/lang/Object;Lorg/gradle/internal/snapshot/impl/AbstractValueProcessor$ValueVisitor;)Ljava/lan

Classes redefined (0 events):
No events

Internal exceptions (10 events):
Event: 221.383 Thread 0x0000026d449f4800 Exception <a 'java/lang/ClassNotFoundException'{0x000000008abcb440}: org/gradle/api/internal/file/CompositeFileTreeCustomizer> (0x000000008abcb440) thrown at [./open/src/hotspot/share/classfile/systemDictionary.cpp, line 226]
Event: 221.385 Thread 0x0000026d449f4800 Exception <a 'java/lang/ClassNotFoundException'{0x000000008aa20098}: org/gradle/api/internal/file/collections/DefaultConfigurableFileTreeCustomizer> (0x000000008aa20098) thrown at [./open/src/hotspot/share/classfile/systemDictionary.cpp, line 226]
Event: 316.037 Thread 0x0000026d449f4800 Exception <a 'java/lang/ClassNotFoundException'{0x000000008bd60c48}: java/util/LinkedHashSetBeanInfo> (0x000000008bd60c48) thrown at [./open/src/hotspot/share/classfile/systemDictionary.cpp, line 226]
Event: 316.040 Thread 0x0000026d449f4800 Exception <a 'java/lang/ClassNotFoundException'{0x000000008bd73e70}: java/util/HashSetBeanInfo> (0x000000008bd73e70) thrown at [./open/src/hotspot/share/classfile/systemDictionary.cpp, line 226]
Event: 316.044 Thread 0x0000026d449f4800 Exception <a 'java/lang/ClassNotFoundException'{0x000000008bd87870}: java/util/HashSetCustomizer> (0x000000008bd87870) thrown at [./open/src/hotspot/share/classfile/systemDictionary.cpp, line 226]
Event: 316.113 Thread 0x0000026d449f4800 Exception <a 'java/lang/ClassNotFoundException'{0x000000008bda3150}: java/util/LinkedHashSetCustomizer> (0x000000008bda3150) thrown at [./open/src/hotspot/share/classfile/systemDictionary.cpp, line 226]
Event: 319.754 Thread 0x0000026d45290000 Implicit null exception at 0x0000026d32267bd7 to 0x0000026d32267fe8
Event: 320.381 Thread 0x0000026d449f2000 Exception <a 'java/lang/NoSuchMethodError'{0x000000008add32a8}: static Lcom/android/build/api/variant/BuildConfigField;.<clinit>()V> (0x000000008add32a8) thrown at [./open/src/hotspot/share/prims/jni.cpp, line 1366]
Event: 329.964 Thread 0x0000026d449f1000 Exception <a 'java/lang/NoSuchMethodError'{0x000000008c67fbe0}: static Lcom/android/build/api/variant/impl/ResValueKeyImpl;.<clinit>()V> (0x000000008c67fbe0) thrown at [./open/src/hotspot/share/prims/jni.cpp, line 1366]
Event: 329.983 Thread 0x0000026d449f1000 Exception <a 'java/lang/NoSuchMethodError'{0x000000008c68ff80}: static Lcom/android/build/api/variant/ResValue;.<clinit>()V> (0x000000008c68ff80) thrown at [./open/src/hotspot/share/prims/jni.cpp, line 1366]

Events (10 events):
Event: 331.244 loading class org/gradle/internal/snapshot/FileSystemLocationSnapshot
Event: 331.244 loading class org/gradle/internal/snapshot/FileSystemLocationSnapshot done
Event: 331.278 loading class org/gradle/internal/fingerprint/impl/RelativePathFingerprintingStrategy
Event: 331.278 loading class org/gradle/internal/fingerprint/impl/RelativePathFingerprintingStrategy done
Event: 331.360 Thread 0x0000026d449f4800 Uncommon trap: trap_request=0xffffffde fr.pc=0x0000026d32296f44 relative=0x00000000000034c4
Event: 331.361 Thread 0x0000026d449f4800 DEOPT PACKING pc=0x0000026d32296f44 sp=0x000000dce4dfc860
Event: 331.361 Thread 0x0000026d449f4800 DEOPT UNPACKING pc=0x0000026d29de662f sp=0x000000dce4dfc850 mode 2
Event: 331.366 Thread 0x0000026d449f4800 Uncommon trap: trap_request=0xffffffde fr.pc=0x0000026d32296f44 relative=0x00000000000034c4
Event: 331.366 Thread 0x0000026d449f4800 DEOPT PACKING pc=0x0000026d32296f44 sp=0x000000dce4dfc860
Event: 331.366 Thread 0x0000026d449f4800 DEOPT UNPACKING pc=0x0000026d29de662f sp=0x000000dce4dfc850 mode 2


Dynamic libraries:
0x00007ff774d50000 - 0x00007ff774d60000 	C:\Program Files\Java\jdk-11\bin\java.exe
0x00007ffc339d0000 - 0x00007ffc33bc8000 	C:\Windows\SYSTEM32\ntdll.dll
0x00007ffc33420000 - 0x00007ffc334df000 	C:\Windows\System32\KERNEL32.DLL
0x00007ffc31680000 - 0x00007ffc3195a000 	C:\Windows\System32\KERNELBASE.dll
0x00007ffc31420000 - 0x00007ffc31520000 	C:\Windows\System32\ucrtbase.dll
0x00007ffc29e50000 - 0x00007ffc29e68000 	C:\Program Files\Java\jdk-11\bin\jli.dll
0x00007ffc331a0000 - 0x00007ffc3324e000 	C:\Windows\System32\ADVAPI32.dll
0x00007ffc33590000 - 0x00007ffc3362e000 	C:\Windows\System32\msvcrt.dll
0x00007ffc33100000 - 0x00007ffc3319c000 	C:\Windows\System32\sechost.dll
0x00007ffc32f80000 - 0x00007ffc330a6000 	C:\Windows\System32\RPCRT4.dll
0x00007ffc33280000 - 0x00007ffc3341d000 	C:\Windows\System32\USER32.dll
0x00007ffc310e0000 - 0x00007ffc31102000 	C:\Windows\System32\win32u.dll
0x00007ffc330d0000 - 0x00007ffc330fb000 	C:\Windows\System32\GDI32.dll
0x00007ffc312c0000 - 0x00007ffc313d0000 	C:\Windows\System32\gdi32full.dll
0x00007ffc31990000 - 0x00007ffc31a2d000 	C:\Windows\System32\msvcp_win.dll
0x00007ffc251f0000 - 0x00007ffc2520b000 	C:\Program Files\Java\jdk-11\bin\VCRUNTIME140.dll
0x00007ffc1f010000 - 0x00007ffc1f2aa000 	C:\Windows\WinSxS\amd64_microsoft.windows.common-controls_6595b64144ccf1df_6.0.19041.1110_none_60b5254171f9507e\COMCTL32.dll
0x00007ffc28980000 - 0x00007ffc2898a000 	C:\Windows\SYSTEM32\VERSION.dll
0x00007ffc33250000 - 0x00007ffc33280000 	C:\Windows\System32\IMM32.DLL
0x00007ffc2bbb0000 - 0x00007ffc2bbbc000 	C:\Program Files\Java\jdk-11\bin\vcruntime140_1.dll
0x00007ffc24150000 - 0x00007ffc241de000 	C:\Program Files\Java\jdk-11\bin\msvcp140.dll
0x00007ffb97a40000 - 0x00007ffb985a8000 	C:\Program Files\Java\jdk-11\bin\server\jvm.dll
0x00007ffc31bf0000 - 0x00007ffc31bf8000 	C:\Windows\System32\PSAPI.DLL
0x00007ffc2bbd0000 - 0x00007ffc2bbd9000 	C:\Windows\SYSTEM32\WSOCK32.dll
0x00007ffc32c90000 - 0x00007ffc32cfb000 	C:\Windows\System32\WS2_32.dll
0x00007ffc28950000 - 0x00007ffc28977000 	C:\Windows\SYSTEM32\WINMM.dll
0x00007ffc2ef60000 - 0x00007ffc2ef72000 	C:\Windows\SYSTEM32\kernel.appcore.dll
0x00007ffc2bb70000 - 0x00007ffc2bb80000 	C:\Program Files\Java\jdk-11\bin\verify.dll
0x00007ffc27ff0000 - 0x00007ffc281d4000 	C:\Windows\SYSTEM32\DBGHELP.DLL
0x00007ffc1f6f0000 - 0x00007ffc1f724000 	C:\Windows\SYSTEM32\dbgcore.DLL
0x00007ffc31230000 - 0x00007ffc312b2000 	C:\Windows\System32\bcryptPrimitives.dll
0x00007ffc251c0000 - 0x00007ffc251e8000 	C:\Program Files\Java\jdk-11\bin\java.dll
0x00007ffc29e40000 - 0x00007ffc29e4a000 	C:\Program Files\Java\jdk-11\bin\jimage.dll
0x00007ffc249a0000 - 0x00007ffc249b7000 	C:\Program Files\Java\jdk-11\bin\zip.dll
0x00007ffc31cc0000 - 0x00007ffc32404000 	C:\Windows\System32\SHELL32.dll
0x00007ffc2f160000 - 0x00007ffc2f8f3000 	C:\Windows\SYSTEM32\windows.storage.dll
0x00007ffc33630000 - 0x00007ffc33984000 	C:\Windows\System32\combase.dll
0x00007ffc30980000 - 0x00007ffc309ae000 	C:\Windows\SYSTEM32\Wldp.dll
0x00007ffc32a30000 - 0x00007ffc32add000 	C:\Windows\System32\SHCORE.dll
0x00007ffc31c60000 - 0x00007ffc31cb5000 	C:\Windows\System32\shlwapi.dll
0x00007ffc31020000 - 0x00007ffc3103f000 	C:\Windows\SYSTEM32\profapi.dll
0x00007ffc24980000 - 0x00007ffc24999000 	C:\Program Files\Java\jdk-11\bin\net.dll
0x00007ffc25d40000 - 0x00007ffc25e4a000 	C:\Windows\SYSTEM32\WINHTTP.dll
0x00007ffc30760000 - 0x00007ffc307ca000 	C:\Windows\system32\mswsock.dll
0x00007ffc24960000 - 0x00007ffc24972000 	C:\Program Files\Java\jdk-11\bin\nio.dll
0x00007ffc29ef0000 - 0x00007ffc29f17000 	C:\Users\User\.gradle\native\e1d6ef7f7dcc3fd88c89a11ec53ec762bb8ba0a96d01ffa2cd45eb1d1d8dd5c5\windows-amd64\native-platform.dll
0x00007ffc07ab0000 - 0x00007ffc07bf4000 	C:\Users\User\.gradle\native\0d407fdbe67a94daf76414ababcb853783967236a71b16ec16e742cd7a986fd3\windows-amd64\native-platform-file-events.dll
0x00007ffc29a10000 - 0x00007ffc29a19000 	C:\Program Files\Java\jdk-11\bin\management.dll
0x00007ffc25730000 - 0x00007ffc2573b000 	C:\Program Files\Java\jdk-11\bin\management_ext.dll
0x00007ffc309c0000 - 0x00007ffc309d8000 	C:\Windows\SYSTEM32\CRYPTSP.dll
0x00007ffc300a0000 - 0x00007ffc300d4000 	C:\Windows\system32\rsaenh.dll
0x00007ffc31960000 - 0x00007ffc31987000 	C:\Windows\System32\bcrypt.dll
0x00007ffc30fe0000 - 0x00007ffc3100e000 	C:\Windows\SYSTEM32\USERENV.dll
0x00007ffc308f0000 - 0x00007ffc308fc000 	C:\Windows\SYSTEM32\CRYPTBASE.dll
0x00007ffc30470000 - 0x00007ffc304ac000 	C:\Windows\SYSTEM32\IPHLPAPI.DLL
0x00007ffc32af0000 - 0x00007ffc32af8000 	C:\Windows\System32\NSI.dll
0x00007ffc27fd0000 - 0x00007ffc27fe7000 	C:\Windows\SYSTEM32\dhcpcsvc6.DLL
0x00007ffc2aa20000 - 0x00007ffc2aa3d000 	C:\Windows\SYSTEM32\dhcpcsvc.DLL
0x00007ffc304b0000 - 0x00007ffc3057b000 	C:\Windows\SYSTEM32\DNSAPI.dll

dbghelp: loaded successfully - version: 4.0.5 - missing functions: none
symbol engine: initialized successfully - sym options: 0x614 - pdb path: .;C:\Program Files\Java\jdk-11\bin;C:\Windows\SYSTEM32;C:\Windows\WinSxS\amd64_microsoft.windows.common-controls_6595b64144ccf1df_6.0.19041.1110_none_60b5254171f9507e;C:\Program Files\Java\jdk-11\bin\server;C:\Users\User\.gradle\native\e1d6ef7f7dcc3fd88c89a11ec53ec762bb8ba0a96d01ffa2cd45eb1d1d8dd5c5\windows-amd64;C:\Users\User\.gradle\native\0d407fdbe67a94daf76414ababcb853783967236a71b16ec16e742cd7a986fd3\windows-amd64

VM Arguments:
jvm_args: -XX:MaxMetaspaceSize=512m --add-opens=java.base/java.util=ALL-UNNAMED --add-opens=java.base/java.lang=ALL-UNNAMED --add-opens=java.base/java.lang.invoke=ALL-UNNAMED --add-opens=java.base/java.util=ALL-UNNAMED --add-opens=java.prefs/java.util.prefs=ALL-UNNAMED --add-opens=java.prefs/java.util.prefs=ALL-UNNAMED --add-opens=java.base/java.nio.charset=ALL-UNNAMED --add-opens=java.base/java.net=ALL-UNNAMED --add-opens=java.base/java.util.concurrent.atomic=ALL-UNNAMED -Xmx2048m -Dfile.encoding=windows-1252 -Duser.country=US -Duser.language=en -Duser.variant 
java_command: org.gradle.launcher.daemon.bootstrap.GradleDaemon 7.5.1
java_class_path (initial): C:\Users\User\.gradle\wrapper\dists\gradle-7.5.1-all\1ehga6e77gqps5uk2kc5kf1vc\gradle-7.5.1\lib\gradle-launcher-7.5.1.jar
Launcher Type: SUN_STANDARD

[Global flags]
     intx CICompilerCount                          = 3                                         {product} {ergonomic}
   size_t CompressedClassSpaceSize                 = 528482304                                 {product} {ergonomic}
     uint ConcGCThreads                            = 1                                         {product} {ergonomic}
     uint G1ConcRefinementThreads                  = 4                                         {product} {ergonomic}
   size_t G1HeapRegionSize                         = 1048576                                   {product} {ergonomic}
    uintx GCDrainStackTargetSize                   = 64                                        {product} {ergonomic}
   size_t InitialHeapSize                          = 58720256                                  {product} {ergonomic}
   size_t MarkStackSize                            = 4194304                                   {product} {ergonomic}
   size_t MaxHeapSize                              = 2147483648                                {product} {command line}
   size_t MaxMetaspaceSize                         = 536870912                                 {product} {command line}
   size_t MaxNewSize                               = 1287651328                                {product} {ergonomic}
   size_t MinHeapDeltaBytes                        = 1048576                                   {product} {ergonomic}
    uintx NonNMethodCodeHeapSize                   = 5830732                                {pd product} {ergonomic}
    uintx NonProfiledCodeHeapSize                  = 122913754                              {pd product} {ergonomic}
    uintx ProfiledCodeHeapSize                     = 122913754                              {pd product} {ergonomic}
    uintx ReservedCodeCacheSize                    = 251658240                              {pd product} {ergonomic}
     bool SegmentedCodeCache                       = true                                      {product} {ergonomic}
     bool UseCompressedClassPointers               = true                                 {lp64_product} {ergonomic}
     bool UseCompressedOops                        = true                                 {lp64_product} {ergonomic}
     bool UseG1GC                                  = true                                      {product} {ergonomic}
     bool UseLargePagesIndividualAllocation        = false                                  {pd product} {ergonomic}

Logging:
Log output configuration:
 #0: stdout all=warning uptime,level,tags
 #1: stderr all=off uptime,level,tags

Environment Variables:
CLASSPATH=C:\Users\User\ProjectMobileDevelopment\android\\gradle\wrapper\gradle-wrapper.jar
PATH=C:\Users\User\ProjectMobileDevelopment\android\node_modules\.bin;C:\Users\User\ProjectMobileDevelopment\node_modules\.bin;C:\Users\User\node_modules\.bin;C:\Users\node_modules\.bin;C:\node_modules\.bin;C:\Program Files\nodejs;C:\Users\User\ProjectMobileDevelopment\node_modules\.bin;C:\Users\User\ProjectMobileDevelopment\node_modules\.bin;C:\Users\User\node_modules\.bin;C:\Users\node_modules\.bin;C:\node_modules\.bin;C:\Program Files\nodejs\node_modules\npm\node_modules\@npmcli\run-script\lib\node-gyp-bin;C:\Users\User\ProjectMobileDevelopment\node_modules\.bin;C:\Users\User\node_modules\.bin;C:\Users\node_modules\.bin;C:\node_modules\.bin;C:\Program Files\nodejs;C:\Users\User\ProjectMobileDevelopment\node_modules\.bin;C:\Users\User\ProjectMobileDevelopment\node_modules\.bin;C:\Users\User\node_modules\.bin;C:\Users\node_modules\.bin;C:\node_modules\.bin;C:\Program Files\nodejs\node_modules\npm\node_modules\@npmcli\run-script\lib\node-gyp-bin;C:\Program Files\Common Files\Oracle\Java\javapath;C:\Windows\system32;C:\Windows;C:\Windows\System32\Wbem;C:\Windows\System32\WindowsPowerShell\v1.0\;C:\Windows\System32\OpenSSH\;C:\Program Files\Microsoft SQL Server\150\Tools\Binn\;C:\Program Files\Git\cmd;C:\Program Files\nodejs\;C:\Users\User\AppData\Local\Android\Sdk\platform-tools;C:\Users\User\AppData\Local\Microsoft\WindowsApps;C:\Users\User\AppData\Local\Programs\Microsoft VS Code\bin;C:\Users\User\AppData\Roaming\npm;C:\Users\User\AppData\Local\Android\Sdk\platform-tools;
USERNAME=User
OS=Windows_NT
PROCESSOR_IDENTIFIER=AMD64 Family 23 Model 24 Stepping 1, AuthenticAMD



---------------  S Y S T E M  ---------------

OS: Windows 10 , 64 bit Build 19041 (10.0.19041.2788)
Hyper-V role detected

CPU:total 4 (initial active 4) (4 cores per cpu, 2 threads per core) family 23 model 24 stepping 1 microcode 0x0, cmov, cx8, fxsr, mmx, sse, sse2, sse3, ssse3, sse4.1, sse4.2, popcnt, avx, avx2, aes, clmul, mmxext, 3dnowpref, lzcnt, sse4a, ht, tsc, tscinvbit, tscinv, bmi1, bmi2, adx, s

Memory: 4k page, system-wide physical 3460M (147M free)
TotalPageFile size 14212M (AvailPageFile size 0M)
current process WorkingSet (physical memory assigned to process): 188M, peak: 386M
current process commit charge ("private bytes"): 545M, peak: 550M

vm_info: Java HotSpot(TM) 64-Bit Server VM (11.0.18+9-LTS-195) for windows-amd64 JRE (11.0.18+9-LTS-195), built on Dec  6 2022 15:50:58 by "mach5one" with MS VC++ 17.1 (VS2022)

END.
