#
# There is insufficient memory for the Java Runtime Environment to continue.
# Native memory allocation (malloc) failed to allocate 131088 bytes for Chunk::new
# Possible reasons:
#   The system is out of physical RAM or swap space
#   The process is running with CompressedOops enabled, and the Java Heap may be blocking the growth of the native heap
# Possible solutions:
#   Reduce memory load on the system
#   Increase physical memory or swap space
#   Check if swap backing store is full
#   Decrease Java heap size (-Xmx/-Xms)
#   Decrease number of Java threads
#   Decrease Java thread stack sizes (-Xss)
#   Set larger code cache with -XX:ReservedCodeCacheSize=
#   JVM is running with Unscaled Compressed Oops mode in which the Java heap is
#     placed in the first 4GB address space. The Java Heap base address is the
#     maximum limit for the native heap growth. Please use -XX:HeapBaseMinAddress
#     to set the Java Heap base and to place the Java Heap above 4GB virtual address.
# This output file may be truncated or incomplete.
#
#  Out of Memory Error (./open/src/hotspot/share/memory/arena.cpp:197), pid=4732, tid=11064
#
# JRE version: Java(TM) SE Runtime Environment 18.9 (11.0.18+9) (build 11.0.18+9-LTS-195)
# Java VM: Java HotSpot(TM) 64-Bit Server VM 18.9 (11.0.18+9-LTS-195, mixed mode, tiered, compressed oops, g1 gc, windows-amd64)
# No core dump will be written. Minidumps are not enabled by default on client versions of Windows
#

---------------  S U M M A R Y ------------

Command Line: -XX:MaxMetaspaceSize=512m --add-opens=java.base/java.util=ALL-UNNAMED --add-opens=java.base/java.lang=ALL-UNNAMED --add-opens=java.base/java.lang.invoke=ALL-UNNAMED --add-opens=java.base/java.util=ALL-UNNAMED --add-opens=java.prefs/java.util.prefs=ALL-UNNAMED --add-opens=java.prefs/java.util.prefs=ALL-UNNAMED --add-opens=java.base/java.nio.charset=ALL-UNNAMED --add-opens=java.base/java.net=ALL-UNNAMED --add-opens=java.base/java.util.concurrent.atomic=ALL-UNNAMED -Xmx2048m -Dfile.encoding=windows-1252 -Duser.country=US -Duser.language=en -Duser.variant org.gradle.launcher.daemon.bootstrap.GradleDaemon 7.5.1

Host: AMD Ryzen 3 3250U with Radeon Graphics         , 4 cores, 3G,  Windows 10 , 64 bit Build 19041 (10.0.19041.2788)
Time: Mon Apr 24 23:58:42 2023 Malay Peninsula Standard Time elapsed time: 167.023858 seconds (0d 0h 2m 47s)

---------------  T H R E A D  ---------------

Current thread (0x0000018f9fe4f000):  JavaThread "C2 CompilerThread0" daemon [_thread_in_native, id=11064, stack(0x000000586c700000,0x000000586c800000)]


Current CompileTask:
C2: 167023 21110       4       com.android.tools.r8.internal.GM::a (447 bytes)

Stack: [0x000000586c700000,0x000000586c800000]
Native frames: (J=compiled Java code, j=interpreted, Vv=VM code, C=native code)
V  [jvm.dll+0x65d8aa]
V  [jvm.dll+0x79fc1f]
V  [jvm.dll+0x7a12e9]
V  [jvm.dll+0x7a1983]
V  [jvm.dll+0x2585b5]
V  [jvm.dll+0xb284c]
V  [jvm.dll+0xb2e0c]
V  [jvm.dll+0xb2964]
V  [jvm.dll+0x63d13f]
V  [jvm.dll+0x1a122c]
V  [jvm.dll+0x601748]
V  [jvm.dll+0x19c6bb]
V  [jvm.dll+0x68b6db]
V  [jvm.dll+0x19cb3f]
V  [jvm.dll+0x68b6db]
V  [jvm.dll+0x68a169]
V  [jvm.dll+0x213045]
V  [jvm.dll+0x210264]
V  [jvm.dll+0x18c641]
V  [jvm.dll+0x220609]
V  [jvm.dll+0x21e92c]
V  [jvm.dll+0x763f61]
V  [jvm.dll+0x75c924]
V  [jvm.dll+0x65c755]
C  [ucrtbase.dll+0x21bb2]
C  [KERNEL32.DLL+0x17604]
C  [ntdll.dll+0x526a1]


---------------  P R O C E S S  ---------------

Threads class SMR info:
_java_thread_list=0x0000018fab91ddc0, length=108, elements={
0x0000018fffdf0800, 0x0000018f9fde6800, 0x0000018f9fde7800, 0x0000018f9fe47800,
0x0000018f9fe49000, 0x0000018f9fe4a000, 0x0000018f9fe4f000, 0x0000018f9fe50000,
0x0000018f9fe6c800, 0x0000018fa00c9800, 0x0000018fa176c800, 0x0000018fa0cf1000,
0x0000018fa18b6800, 0x0000018fa04cc000, 0x0000018fa04cd000, 0x0000018fa11f4000,
0x0000018fa11f4800, 0x0000018fa0270800, 0x0000018fa1019800, 0x0000018fa1109000,
0x0000018fa110a000, 0x0000018fa1105000, 0x0000018fa1106000, 0x0000018fa1108800,
0x0000018fa110b800, 0x0000018fa1107000, 0x0000018fa1107800, 0x0000018fa110b000,
0x0000018fa2620000, 0x0000018fa2620800, 0x0000018fa261e000, 0x0000018fa261f000,
0x0000018fa261b000, 0x0000018fa261d800, 0x0000018fa261c000, 0x0000018fa2624000,
0x0000018fa2623000, 0x0000018fa2628000, 0x0000018fa2622800, 0x0000018fa2625800,
0x0000018fa2629000, 0x0000018fa2629800, 0x0000018fa2625000, 0x0000018fa2626800,
0x0000018fa232e800, 0x0000018fa2335000, 0x0000018fa2332800, 0x0000018fa2334000,
0x0000018fa2331000, 0x0000018fa232f800, 0x0000018fa2331800, 0x0000018fa2333800,
0x0000018fa2336000, 0x0000018fa2330000, 0x0000018fa2338000, 0x0000018fa2339000,
0x0000018fa233a000, 0x0000018fa233a800, 0x0000018fa233c800, 0x0000018fa2336800,
0x0000018fa233b800, 0x0000018fa233d000, 0x0000018fa2337800, 0x0000018fa2f47800,
0x0000018fa2f46800, 0x0000018fa2f49000, 0x0000018fa2f44800, 0x0000018fa2f48800,
0x0000018fa2f4b000, 0x0000018fa2f45000, 0x0000018fa2f46000, 0x0000018fa2f4b800,
0x0000018fa2f4d800, 0x0000018fa2f4c800, 0x0000018fa2f4e000, 0x0000018fa2f4f800,
0x0000018fa2f4a000, 0x0000018fa2f51800, 0x0000018fa2f50800, 0x0000018fa2f52000,
0x0000018fa2f53000, 0x0000018fa458f800, 0x0000018fa458d800, 0x0000018fa458e800,
0x0000018fa4590000, 0x0000018fa458c000, 0x0000018fa458b000, 0x0000018fa4592000,
0x0000018fa4592800, 0x0000018fa458d000, 0x0000018fa4596800, 0x0000018fa4594000,
0x0000018fa4598800, 0x0000018fa4593800, 0x0000018fa4595000, 0x0000018fa4596000,
0x0000018fa4597800, 0x0000018fa459a000, 0x0000018fa2627000, 0x0000018fa3f66000,
0x0000018fa3f68800, 0x0000018fa3f69800, 0x0000018fa3f67000, 0x0000018fa3f6a000,
0x0000018fa3f67800, 0x0000018fa3f6b000, 0x0000018fa3f65000, 0x0000018fa3f6b800
}

Java Threads: ( => current thread )
  0x0000018fffdf0800 JavaThread "main" [_thread_blocked, id=12168, stack(0x000000586bb00000,0x000000586bc00000)]
  0x0000018f9fde6800 JavaThread "Reference Handler" daemon [_thread_blocked, id=10392, stack(0x000000586c200000,0x000000586c300000)]
  0x0000018f9fde7800 JavaThread "Finalizer" daemon [_thread_blocked, id=10756, stack(0x000000586c300000,0x000000586c400000)]
  0x0000018f9fe47800 JavaThread "Signal Dispatcher" daemon [_thread_blocked, id=4640, stack(0x000000586c400000,0x000000586c500000)]
  0x0000018f9fe49000 JavaThread "Attach Listener" daemon [_thread_blocked, id=2428, stack(0x000000586c500000,0x000000586c600000)]
  0x0000018f9fe4a000 JavaThread "Service Thread" daemon [_thread_blocked, id=14416, stack(0x000000586c600000,0x000000586c700000)]
=>0x0000018f9fe4f000 JavaThread "C2 CompilerThread0" daemon [_thread_in_native, id=11064, stack(0x000000586c700000,0x000000586c800000)]
  0x0000018f9fe50000 JavaThread "C1 CompilerThread0" daemon [_thread_blocked, id=14720, stack(0x000000586c800000,0x000000586c900000)]
  0x0000018f9fe6c800 JavaThread "Sweeper thread" daemon [_thread_blocked, id=8848, stack(0x000000586c900000,0x000000586ca00000)]
  0x0000018fa00c9800 JavaThread "Common-Cleaner" daemon [_thread_blocked, id=11964, stack(0x000000586ca00000,0x000000586cb00000)]
  0x0000018fa176c800 JavaThread "Daemon health stats" [_thread_blocked, id=6316, stack(0x000000586cd00000,0x000000586ce00000)]
  0x0000018fa0cf1000 JavaThread "Incoming local TCP Connector on port 54668" [_thread_in_native, id=9232, stack(0x000000586ce00000,0x000000586cf00000)]
  0x0000018fa18b6800 JavaThread "Daemon periodic checks" [_thread_blocked, id=8152, stack(0x000000586cf00000,0x000000586d000000)]
  0x0000018fa04cc000 JavaThread "Daemon" [_thread_blocked, id=14280, stack(0x000000586d000000,0x000000586d100000)]
  0x0000018fa04cd000 JavaThread "Handler for socket connection from /127.0.0.1:54668 to /127.0.0.1:54669" [_thread_in_native, id=7904, stack(0x000000586d100000,0x000000586d200000)]
  0x0000018fa11f4000 JavaThread "Cancel handler" [_thread_blocked, id=11956, stack(0x000000586d200000,0x000000586d300000)]
  0x0000018fa11f4800 JavaThread "Daemon worker" [_thread_blocked, id=8636, stack(0x000000586d300000,0x000000586d400000)]
  0x0000018fa0270800 JavaThread "Asynchronous log dispatcher for DefaultDaemonConnection: socket connection from /127.0.0.1:54668 to /127.0.0.1:54669" [_thread_blocked, id=10436, stack(0x000000586d400000,0x000000586d500000)]
  0x0000018fa1019800 JavaThread "Stdin handler" [_thread_blocked, id=3920, stack(0x000000586d500000,0x000000586d600000)]
  0x0000018fa1109000 JavaThread "Daemon client event forwarder" [_thread_blocked, id=4128, stack(0x000000586d600000,0x000000586d700000)]
  0x0000018fa110a000 JavaThread "Cache worker for journal cache (C:\Users\User\.gradle\caches\journal-1)" [_thread_blocked, id=7812, stack(0x000000586d900000,0x000000586da00000)]
  0x0000018fa1105000 JavaThread "File lock request listener" [_thread_in_native, id=8888, stack(0x000000586da00000,0x000000586db00000)]
  0x0000018fa1106000 JavaThread "Cache worker for file hash cache (C:\Users\User\.gradle\caches\7.5.1\fileHashes)" [_thread_blocked, id=7756, stack(0x000000586db00000,0x000000586dc00000)]
  0x0000018fa1108800 JavaThread "File watcher server" daemon [_thread_in_native, id=14284, stack(0x000000586dc00000,0x000000586dd00000)]
  0x0000018fa110b800 JavaThread "File watcher consumer" daemon [_thread_blocked, id=11856, stack(0x000000586dd00000,0x000000586de00000)]
  0x0000018fa1107000 JavaThread "Cache worker for checksums cache (C:\Users\User\ProjectMobileDevelopment\android\.gradle\7.5.1\checksums)" [_thread_blocked, id=8660, stack(0x000000586de00000,0x000000586df00000)]
  0x0000018fa1107800 JavaThread "Cache worker for cache directory md-rule (C:\Users\User\.gradle\caches\7.5.1\md-rule)" [_thread_blocked, id=14244, stack(0x000000586df00000,0x000000586e000000)]
  0x0000018fa110b000 JavaThread "Cache worker for file content cache (C:\Users\User\.gradle\caches\7.5.1\fileContent)" [_thread_blocked, id=3924, stack(0x000000586e000000,0x000000586e100000)]
  0x0000018fa2620000 JavaThread "Cache worker for file hash cache (C:\Users\User\ProjectMobileDevelopment\android\.gradle\7.5.1\fileHashes)" [_thread_blocked, id=6328, stack(0x000000586e100000,0x000000586e200000)]
  0x0000018fa2620800 JavaThread "Cache worker for cache directory md-supplier (C:\Users\User\.gradle\caches\7.5.1\md-supplier)" [_thread_blocked, id=11900, stack(0x000000586e200000,0x000000586e300000)]
  0x0000018fa261e000 JavaThread "Cache worker for execution history cache (C:\Users\User\.gradle\caches\7.5.1\executionHistory)" [_thread_blocked, id=8416, stack(0x000000586e300000,0x000000586e400000)]
  0x0000018fa261f000 JavaThread "jar transforms" [_thread_blocked, id=10284, stack(0x000000586e400000,0x000000586e500000)]
  0x0000018fa261b000 JavaThread "jar transforms Thread 2" [_thread_blocked, id=4240, stack(0x000000586e500000,0x000000586e600000)]
  0x0000018fa261d800 JavaThread "jar transforms Thread 3" [_thread_blocked, id=2480, stack(0x000000586e600000,0x000000586e700000)]
  0x0000018fa261c000 JavaThread "jar transforms Thread 4" [_thread_blocked, id=2364, stack(0x000000586e700000,0x000000586e800000)]
  0x0000018fa2624000 JavaThread "Cache worker for kotlin-dsl (C:\Users\User\.gradle\caches\7.5.1\kotlin-dsl)" [_thread_blocked, id=5544, stack(0x000000586b900000,0x000000586ba00000)]
  0x0000018fa2623000 JavaThread "Cache worker for dependencies-accessors (C:\Users\User\ProjectMobileDevelopment\android\.gradle\7.5.1\dependencies-accessors)" [_thread_blocked, id=5728, stack(0x000000586ba00000,0x000000586bb00000)]
  0x0000018fa2628000 JavaThread "Cache worker for Build Output Cleanup Cache (C:\Users\User\ProjectMobileDevelopment\node_modules\react-native-gradle-plugin\.gradle\buildOutputCleanup)" [_thread_blocked, id=7768, stack(0x000000586eb00000,0x000000586ec00000)]
  0x0000018fa2622800 JavaThread "Unconstrained build operations" [_thread_blocked, id=2828, stack(0x000000586ec00000,0x000000586ed00000)]
  0x0000018fa2625800 JavaThread "Unconstrained build operations Thread 2" [_thread_blocked, id=12524, stack(0x000000586ed00000,0x000000586ee00000)]
  0x0000018fa2629000 JavaThread "Unconstrained build operations Thread 3" [_thread_blocked, id=14812, stack(0x000000586ee00000,0x000000586ef00000)]
  0x0000018fa2629800 JavaThread "Unconstrained build operations Thread 4" [_thread_blocked, id=13640, stack(0x000000586ef00000,0x000000586f000000)]
  0x0000018fa2625000 JavaThread "Unconstrained build operations Thread 5" [_thread_blocked, id=9960, stack(0x000000586f000000,0x000000586f100000)]
  0x0000018fa2626800 JavaThread "Unconstrained build operations Thread 6" [_thread_blocked, id=3884, stack(0x000000586f100000,0x000000586f200000)]
  0x0000018fa232e800 JavaThread "Unconstrained build operations Thread 7" [_thread_blocked, id=4224, stack(0x000000586f200000,0x000000586f300000)]
  0x0000018fa2335000 JavaThread "Unconstrained build operations Thread 8" [_thread_blocked, id=12488, stack(0x000000586f300000,0x000000586f400000)]
  0x0000018fa2332800 JavaThread "Unconstrained build operations Thread 9" [_thread_blocked, id=7388, stack(0x000000586f400000,0x000000586f500000)]
  0x0000018fa2334000 JavaThread "Unconstrained build operations Thread 10" [_thread_blocked, id=14680, stack(0x000000586f500000,0x000000586f600000)]
  0x0000018fa2331000 JavaThread "Unconstrained build operations Thread 11" [_thread_blocked, id=6624, stack(0x000000586f600000,0x000000586f700000)]
  0x0000018fa232f800 JavaThread "Unconstrained build operations Thread 12" [_thread_blocked, id=13736, stack(0x000000586f700000,0x000000586f800000)]
  0x0000018fa2331800 JavaThread "Unconstrained build operations Thread 13" [_thread_blocked, id=15352, stack(0x000000586f800000,0x000000586f900000)]
  0x0000018fa2333800 JavaThread "Unconstrained build operations Thread 14" [_thread_blocked, id=5084, stack(0x000000586f900000,0x000000586fa00000)]
  0x0000018fa2336000 JavaThread "Unconstrained build operations Thread 15" [_thread_blocked, id=10708, stack(0x000000586fa00000,0x000000586fb00000)]
  0x0000018fa2330000 JavaThread "Unconstrained build operations Thread 16" [_thread_blocked, id=8752, stack(0x000000586fb00000,0x000000586fc00000)]
  0x0000018fa2338000 JavaThread "Unconstrained build operations Thread 17" [_thread_blocked, id=4684, stack(0x000000586fc00000,0x000000586fd00000)]
  0x0000018fa2339000 JavaThread "Unconstrained build operations Thread 18" [_thread_blocked, id=13920, stack(0x000000586fd00000,0x000000586fe00000)]
  0x0000018fa233a000 JavaThread "Unconstrained build operations Thread 19" [_thread_blocked, id=14724, stack(0x000000586fe00000,0x000000586ff00000)]
  0x0000018fa233a800 JavaThread "Unconstrained build operations Thread 20" [_thread_blocked, id=12804, stack(0x000000586ff00000,0x0000005870000000)]
  0x0000018fa233c800 JavaThread "Unconstrained build operations Thread 21" [_thread_blocked, id=5824, stack(0x0000005870000000,0x0000005870100000)]
  0x0000018fa2336800 JavaThread "Unconstrained build operations Thread 22" [_thread_blocked, id=4488, stack(0x0000005870100000,0x0000005870200000)]
  0x0000018fa233b800 JavaThread "Unconstrained build operations Thread 23" [_thread_blocked, id=6764, stack(0x0000005870200000,0x0000005870300000)]
  0x0000018fa233d000 JavaThread "Unconstrained build operations Thread 24" [_thread_blocked, id=7688, stack(0x0000005870300000,0x0000005870400000)]
  0x0000018fa2337800 JavaThread "Unconstrained build operations Thread 25" [_thread_blocked, id=7536, stack(0x0000005870400000,0x0000005870500000)]
  0x0000018fa2f47800 JavaThread "Unconstrained build operations Thread 26" [_thread_blocked, id=7668, stack(0x0000005870500000,0x0000005870600000)]
  0x0000018fa2f46800 JavaThread "Unconstrained build operations Thread 27" [_thread_blocked, id=15196, stack(0x0000005870600000,0x0000005870700000)]
  0x0000018fa2f49000 JavaThread "Unconstrained build operations Thread 28" [_thread_blocked, id=7228, stack(0x0000005870700000,0x0000005870800000)]
  0x0000018fa2f44800 JavaThread "Unconstrained build operations Thread 29" [_thread_blocked, id=9312, stack(0x0000005870800000,0x0000005870900000)]
  0x0000018fa2f48800 JavaThread "Unconstrained build operations Thread 30" [_thread_blocked, id=6756, stack(0x0000005870900000,0x0000005870a00000)]
  0x0000018fa2f4b000 JavaThread "Unconstrained build operations Thread 31" [_thread_blocked, id=11600, stack(0x0000005870a00000,0x0000005870b00000)]
  0x0000018fa2f45000 JavaThread "Unconstrained build operations Thread 32" [_thread_blocked, id=12392, stack(0x0000005870b00000,0x0000005870c00000)]
  0x0000018fa2f46000 JavaThread "Unconstrained build operations Thread 33" [_thread_blocked, id=6232, stack(0x0000005870c00000,0x0000005870d00000)]
  0x0000018fa2f4b800 JavaThread "build event listener" [_thread_blocked, id=10024, stack(0x0000005870d00000,0x0000005870e00000)]
  0x0000018fa2f4d800 JavaThread "Memory manager" [_thread_blocked, id=9048, stack(0x0000005870e00000,0x0000005870f00000)]
  0x0000018fa2f4c800 JavaThread "Cache worker for Build Output Cleanup Cache (C:\Users\User\ProjectMobileDevelopment\android\.gradle\buildOutputCleanup)" [_thread_blocked, id=10640, stack(0x0000005870f00000,0x0000005871000000)]
  0x0000018fa2f4e000 JavaThread "included builds" [_thread_blocked, id=10444, stack(0x0000005871000000,0x0000005871100000)]
  0x0000018fa2f4f800 JavaThread "Execution worker" [_thread_blocked, id=4656, stack(0x0000005871100000,0x0000005871200000)]
  0x0000018fa2f4a000 JavaThread "Execution worker Thread 2" [_thread_blocked, id=1464, stack(0x0000005871200000,0x0000005871300000)]
  0x0000018fa2f51800 JavaThread "Execution worker Thread 3" [_thread_blocked, id=9252, stack(0x0000005871300000,0x0000005871400000)]
  0x0000018fa2f50800 JavaThread "Cache worker for execution history cache (C:\Users\User\ProjectMobileDevelopment\node_modules\react-native-gradle-plugin\.gradle\7.5.1\executionHistory)" [_thread_blocked, id=7816, stack(0x0000005871400000,0x0000005871500000)]
  0x0000018fa2f52000 JavaThread "Unconstrained build operations Thread 34" [_thread_blocked, id=8720, stack(0x0000005871500000,0x0000005871600000)]
  0x0000018fa2f53000 JavaThread "Unconstrained build operations Thread 35" [_thread_blocked, id=14220, stack(0x0000005871600000,0x0000005871700000)]
  0x0000018fa458f800 JavaThread "Unconstrained build operations Thread 36" [_thread_blocked, id=5496, stack(0x0000005871700000,0x0000005871800000)]
  0x0000018fa458d800 JavaThread "Unconstrained build operations Thread 37" [_thread_blocked, id=4432, stack(0x0000005871800000,0x0000005871900000)]
  0x0000018fa458e800 JavaThread "Unconstrained build operations Thread 38" [_thread_blocked, id=11736, stack(0x0000005871900000,0x0000005871a00000)]
  0x0000018fa4590000 JavaThread "Unconstrained build operations Thread 39" [_thread_blocked, id=12556, stack(0x0000005871a00000,0x0000005871b00000)]
  0x0000018fa458c000 JavaThread "Unconstrained build operations Thread 40" [_thread_blocked, id=12976, stack(0x0000005871b00000,0x0000005871c00000)]
  0x0000018fa458b000 JavaThread "pool-3-thread-1" [_thread_blocked, id=14404, stack(0x000000586e800000,0x000000586e900000)]
  0x0000018fa4592000 JavaThread "build event listener" [_thread_blocked, id=12908, stack(0x0000005871c00000,0x0000005871d00000)]
  0x0000018fa4592800 JavaThread "Cache worker for execution history cache (C:\Users\User\ProjectMobileDevelopment\android\.gradle\7.5.1\executionHistory)" [_thread_blocked, id=2628, stack(0x0000005871d00000,0x0000005871e00000)]
  0x0000018fa458d000 JavaThread "Cache worker for Java compile cache (C:\Users\User\.gradle\caches\7.5.1\javaCompile)" [_thread_blocked, id=5352, stack(0x000000586ea00000,0x000000586eb00000)]
  0x0000018fa4596800 JavaThread "Build operations" [_thread_blocked, id=4508, stack(0x0000005871e00000,0x0000005871f00000)]
  0x0000018fa4594000 JavaThread "Build operations Thread 2" [_thread_blocked, id=696, stack(0x0000005871f00000,0x0000005872000000)]
  0x0000018fa4598800 JavaThread "Build operations Thread 3" [_thread_blocked, id=11560, stack(0x0000005872000000,0x0000005872100000)]
  0x0000018fa4593800 JavaThread "Build operations Thread 4" [_thread_blocked, id=12368, stack(0x0000005872100000,0x0000005872200000)]
  0x0000018fa4595000 JavaThread "WorkerExecutor Queue" [_thread_in_native, id=6600, stack(0x0000005872200000,0x0000005872300000)]
  0x0000018fa4596000 JavaThread "WorkerExecutor Queue Thread 2" [_thread_blocked, id=2420, stack(0x0000005872300000,0x0000005872400000)]
  0x0000018fa4597800 JavaThread "RMI Scheduler(0)" daemon [_thread_blocked, id=13600, stack(0x0000005872400000,0x0000005872500000)]
  0x0000018fa459a000 JavaThread "RMI RenewClean-[127.0.0.1:17634,org.jetbrains.kotlin.daemon.common.LoopbackNetworkInterface$ClientLoopbackSocketFactory@7b4076a7]" daemon [_thread_blocked, id=7184, stack(0x0000005872500000,0x0000005872600000)]
  0x0000018fa2627000 JavaThread "RMI GC Daemon" daemon [_thread_blocked, id=5284, stack(0x0000005872600000,0x0000005872700000)]
  0x0000018fa3f66000 JavaThread "WorkerExecutor Queue Thread 3" [_thread_blocked, id=14144, stack(0x0000005872700000,0x0000005872800000)]
  0x0000018fa3f68800 JavaThread "RMI TCP Accept-0" daemon [_thread_in_native, id=14096, stack(0x0000005872800000,0x0000005872900000)]
  0x0000018fa3f69800 JavaThread "RMI Reaper" [_thread_blocked, id=8000, stack(0x0000005872900000,0x0000005872a00000)]
  0x0000018fa3f67000 JavaThread "RMI TCP Connection(idle)" daemon [_thread_blocked, id=8180, stack(0x0000005872a00000,0x0000005872b00000)]
  0x0000018fa3f6a000 JavaThread "WorkerExecutor Queue Thread 4" [_thread_blocked, id=7860, stack(0x0000005872b00000,0x0000005872c00000)]
  0x0000018fa3f67800 JavaThread "Thread-85" [_thread_in_native, id=11976, stack(0x0000005872d00000,0x0000005872e00000)]
  0x0000018fa3f6b000 JavaThread "Exec process" [_thread_in_native, id=14204, stack(0x0000005872e00000,0x0000005872f00000)]
  0x0000018fa3f65000 JavaThread "Exec process Thread 2" [_thread_in_native, id=2128, stack(0x0000005872f00000,0x0000005873000000)]
  0x0000018fa3f6b800 JavaThread "Exec process Thread 3" [_thread_in_native, id=12620, stack(0x0000005873000000,0x0000005873100000)]

Other Threads:
  0x0000018f9fddf800 VMThread "VM Thread" [stack: 0x000000586c100000,0x000000586c200000] [id=11788]
  0x0000018fa0130800 WatcherThread [stack: 0x000000586cb00000,0x000000586cc00000] [id=8020]
  0x0000018fffe07000 GCTaskThread "GC Thread#0" [stack: 0x000000586bc00000,0x000000586bd00000] [id=6004]
  0x0000018fa0198800 GCTaskThread "GC Thread#1" [stack: 0x000000586cc00000,0x000000586cd00000] [id=14476]
  0x0000018fa0cef800 GCTaskThread "GC Thread#2" [stack: 0x000000586d700000,0x000000586d800000] [id=12404]
  0x0000018fa1018800 GCTaskThread "GC Thread#3" [stack: 0x000000586d800000,0x000000586d900000] [id=10416]
  0x0000018fffe37800 ConcurrentGCThread "G1 Main Marker" [stack: 0x000000586bd00000,0x000000586be00000] [id=8212]
  0x0000018fffe39000 ConcurrentGCThread "G1 Conc#0" [stack: 0x000000586be00000,0x000000586bf00000] [id=8104]
  0x0000018fffe7e000 ConcurrentGCThread "G1 Refine#0" [stack: 0x000000586bf00000,0x000000586c000000] [id=9288]
  0x0000018fffe7f000 ConcurrentGCThread "G1 Young RemSet Sampling" [stack: 0x000000586c000000,0x000000586c100000] [id=11556]

Threads with active compile tasks:
C2 CompilerThread0   167113 21110       4       com.android.tools.r8.internal.GM::a (447 bytes)
C1 CompilerThread0   167113 21200       2       com.android.tools.r8.internal.ao::a (137 bytes)

VM state:not at safepoint (normal execution)

VM Mutex/Monitor currently owned by a thread:  ([mutex/lock_event])
[0x0000018fffdec0a0] MethodCompileQueue_lock - owner thread: 0x0000000000000000

Heap address: 0x0000000080000000, size: 2048 MB, Compressed Oops mode: 32-bit
Narrow klass base: 0x0000000000000000, Narrow klass shift: 3
Compressed class space size: 528482304 Address: 0x0000000100000000

Heap:
 garbage-first heap   total 306176K, used 236052K [0x0000000080000000, 0x0000000100000000)
  region size 1024K, 2 young (2048K), 1 survivors (1024K)
 Metaspace       used 144270K, capacity 149286K, committed 149376K, reserved 645120K
  class space    used 18832K, capacity 20817K, committed 20864K, reserved 516096K
Heap Regions: E=young(eden), S=young(survivor), O=old, HS=humongous(starts), HC=humongous(continues), CS=collection set, F=free, A=archive, TAMS=top-at-mark-start (previous, next)
|   0|0x0000000080000000, 0x0000000080100000, 0x0000000080100000|100%|HS|  |TAMS 0x0000000080100000, 0x0000000080000000| Complete 
|   1|0x0000000080100000, 0x0000000080200000, 0x0000000080200000|100%|HC|  |TAMS 0x0000000080200000, 0x0000000080100000| Complete 
|   2|0x0000000080200000, 0x0000000080300000, 0x0000000080300000|100%|HC|  |TAMS 0x0000000080300000, 0x0000000080200000| Complete 
|   3|0x0000000080300000, 0x0000000080400000, 0x0000000080400000|100%| O|  |TAMS 0x0000000080400000, 0x0000000080300000| Untracked 
|   4|0x0000000080400000, 0x0000000080500000, 0x0000000080500000|100%| O|  |TAMS 0x0000000080500000, 0x0000000080400000| Untracked 
|   5|0x0000000080500000, 0x0000000080600000, 0x0000000080600000|100%| O|  |TAMS 0x0000000080600000, 0x0000000080500000| Untracked 
|   6|0x0000000080600000, 0x0000000080700000, 0x0000000080700000|100%| O|  |TAMS 0x0000000080700000, 0x0000000080600000| Untracked 
|   7|0x0000000080700000, 0x0000000080800000, 0x0000000080800000|100%| O|  |TAMS 0x0000000080800000, 0x0000000080700000| Untracked 
|   8|0x0000000080800000, 0x0000000080900000, 0x0000000080900000|100%| O|  |TAMS 0x0000000080900000, 0x0000000080800000| Untracked 
|   9|0x0000000080900000, 0x0000000080a00000, 0x0000000080a00000|100%| O|  |TAMS 0x0000000080a00000, 0x0000000080900000| Untracked 
|  10|0x0000000080a00000, 0x0000000080b00000, 0x0000000080b00000|100%| O|  |TAMS 0x0000000080b00000, 0x0000000080a00000| Untracked 
|  11|0x0000000080b00000, 0x0000000080c00000, 0x0000000080c00000|100%| O|  |TAMS 0x0000000080c00000, 0x0000000080b00000| Untracked 
|  12|0x0000000080c00000, 0x0000000080d00000, 0x0000000080d00000|100%| O|  |TAMS 0x0000000080d00000, 0x0000000080c00000| Untracked 
|  13|0x0000000080d00000, 0x0000000080e00000, 0x0000000080e00000|100%| O|  |TAMS 0x0000000080e00000, 0x0000000080d00000| Untracked 
|  14|0x0000000080e00000, 0x0000000080f00000, 0x0000000080f00000|100%| O|  |TAMS 0x0000000080f00000, 0x0000000080e00000| Untracked 
|  15|0x0000000080f00000, 0x0000000081000000, 0x0000000081000000|100%| O|  |TAMS 0x0000000081000000, 0x0000000080f00000| Untracked 
|  16|0x0000000081000000, 0x0000000081100000, 0x0000000081100000|100%| O|  |TAMS 0x0000000081100000, 0x0000000081000000| Untracked 
|  17|0x0000000081100000, 0x0000000081200000, 0x0000000081200000|100%| O|  |TAMS 0x0000000081200000, 0x0000000081100000| Untracked 
|  18|0x0000000081200000, 0x0000000081300000, 0x0000000081300000|100%| O|  |TAMS 0x0000000081300000, 0x0000000081200000| Untracked 
|  19|0x0000000081300000, 0x0000000081400000, 0x0000000081400000|100%| O|  |TAMS 0x0000000081400000, 0x0000000081300000| Untracked 
|  20|0x0000000081400000, 0x0000000081500000, 0x0000000081500000|100%| O|  |TAMS 0x0000000081500000, 0x0000000081400000| Untracked 
|  21|0x0000000081500000, 0x0000000081600000, 0x0000000081600000|100%| O|  |TAMS 0x0000000081600000, 0x0000000081500000| Untracked 
|  22|0x0000000081600000, 0x0000000081700000, 0x0000000081700000|100%| O|  |TAMS 0x0000000081700000, 0x0000000081600000| Untracked 
|  23|0x0000000081700000, 0x0000000081800000, 0x0000000081800000|100%| O|  |TAMS 0x0000000081800000, 0x0000000081700000| Untracked 
|  24|0x0000000081800000, 0x0000000081900000, 0x0000000081900000|100%| O|  |TAMS 0x0000000081900000, 0x0000000081800000| Untracked 
|  25|0x0000000081900000, 0x0000000081a00000, 0x0000000081a00000|100%| O|  |TAMS 0x0000000081a00000, 0x0000000081900000| Untracked 
|  26|0x0000000081a00000, 0x0000000081b00000, 0x0000000081b00000|100%| O|  |TAMS 0x0000000081b00000, 0x0000000081a00000| Untracked 
|  27|0x0000000081b00000, 0x0000000081c00000, 0x0000000081c00000|100%| O|  |TAMS 0x0000000081c00000, 0x0000000081b00000| Untracked 
|  28|0x0000000081c00000, 0x0000000081d00000, 0x0000000081d00000|100%| O|  |TAMS 0x0000000081d00000, 0x0000000081c00000| Untracked 
|  29|0x0000000081d00000, 0x0000000081e00000, 0x0000000081e00000|100%| O|  |TAMS 0x0000000081e00000, 0x0000000081d00000| Untracked 
|  30|0x0000000081e00000, 0x0000000081f00000, 0x0000000081f00000|100%| O|  |TAMS 0x0000000081f00000, 0x0000000081e00000| Untracked 
|  31|0x0000000081f00000, 0x0000000082000000, 0x0000000082000000|100%| O|  |TAMS 0x0000000082000000, 0x0000000081f00000| Untracked 
|  32|0x0000000082000000, 0x0000000082100000, 0x0000000082100000|100%|HS|  |TAMS 0x0000000082100000, 0x0000000082000000| Complete 
|  33|0x0000000082100000, 0x0000000082200000, 0x0000000082200000|100%|HS|  |TAMS 0x0000000082200000, 0x0000000082100000| Complete 
|  34|0x0000000082200000, 0x0000000082300000, 0x0000000082300000|100%|HC|  |TAMS 0x0000000082300000, 0x0000000082200000| Complete 
|  35|0x0000000082300000, 0x0000000082400000, 0x0000000082400000|100%|HC|  |TAMS 0x0000000082400000, 0x0000000082300000| Complete 
|  36|0x0000000082400000, 0x0000000082500000, 0x0000000082500000|100%| O|  |TAMS 0x0000000082500000, 0x0000000082400000| Untracked 
|  37|0x0000000082500000, 0x0000000082600000, 0x0000000082600000|100%| O|  |TAMS 0x0000000082600000, 0x0000000082500000| Untracked 
|  38|0x0000000082600000, 0x0000000082700000, 0x0000000082700000|100%| O|  |TAMS 0x0000000082700000, 0x0000000082600000| Untracked 
|  39|0x0000000082700000, 0x0000000082800000, 0x0000000082800000|100%| O|  |TAMS 0x0000000082800000, 0x0000000082700000| Untracked 
|  40|0x0000000082800000, 0x0000000082900000, 0x0000000082900000|100%| O|  |TAMS 0x0000000082900000, 0x0000000082800000| Untracked 
|  41|0x0000000082900000, 0x0000000082a00000, 0x0000000082a00000|100%| O|  |TAMS 0x0000000082a00000, 0x0000000082900000| Untracked 
|  42|0x0000000082a00000, 0x0000000082b00000, 0x0000000082b00000|100%| O|  |TAMS 0x0000000082b00000, 0x0000000082a00000| Untracked 
|  43|0x0000000082b00000, 0x0000000082c00000, 0x0000000082c00000|100%| O|  |TAMS 0x0000000082c00000, 0x0000000082b00000| Untracked 
|  44|0x0000000082c00000, 0x0000000082d00000, 0x0000000082d00000|100%| O|  |TAMS 0x0000000082d00000, 0x0000000082c00000| Untracked 
|  45|0x0000000082d00000, 0x0000000082e00000, 0x0000000082e00000|100%| O|  |TAMS 0x0000000082e00000, 0x0000000082d00000| Untracked 
|  46|0x0000000082e00000, 0x0000000082f00000, 0x0000000082f00000|100%| O|  |TAMS 0x0000000082f00000, 0x0000000082e00000| Untracked 
|  47|0x0000000082f00000, 0x0000000083000000, 0x0000000083000000|100%| O|  |TAMS 0x0000000083000000, 0x0000000082f00000| Untracked 
|  48|0x0000000083000000, 0x0000000083100000, 0x0000000083100000|100%| O|  |TAMS 0x0000000083100000, 0x0000000083000000| Untracked 
|  49|0x0000000083100000, 0x0000000083200000, 0x0000000083200000|100%| O|  |TAMS 0x0000000083200000, 0x0000000083100000| Untracked 
|  50|0x0000000083200000, 0x0000000083300000, 0x0000000083300000|100%| O|  |TAMS 0x0000000083300000, 0x0000000083200000| Untracked 
|  51|0x0000000083300000, 0x0000000083400000, 0x0000000083400000|100%|HS|  |TAMS 0x0000000083400000, 0x0000000083300000| Complete 
|  52|0x0000000083400000, 0x0000000083500000, 0x0000000083500000|100%|HS|  |TAMS 0x0000000083500000, 0x0000000083400000| Complete 
|  53|0x0000000083500000, 0x0000000083600000, 0x0000000083600000|100%| O|  |TAMS 0x0000000083600000, 0x0000000083500000| Untracked 
|  54|0x0000000083600000, 0x0000000083700000, 0x0000000083700000|100%| O|  |TAMS 0x0000000083700000, 0x0000000083600000| Untracked 
|  55|0x0000000083700000, 0x0000000083800000, 0x0000000083800000|100%| O|  |TAMS 0x0000000083800000, 0x0000000083700000| Untracked 
|  56|0x0000000083800000, 0x0000000083900000, 0x0000000083900000|100%| O|  |TAMS 0x0000000083900000, 0x0000000083800000| Untracked 
|  57|0x0000000083900000, 0x0000000083a00000, 0x0000000083a00000|100%| O|  |TAMS 0x0000000083a00000, 0x0000000083900000| Untracked 
|  58|0x0000000083a00000, 0x0000000083b00000, 0x0000000083b00000|100%| O|  |TAMS 0x0000000083b00000, 0x0000000083a00000| Untracked 
|  59|0x0000000083b00000, 0x0000000083c00000, 0x0000000083c00000|100%| O|  |TAMS 0x0000000083c00000, 0x0000000083b00000| Untracked 
|  60|0x0000000083c00000, 0x0000000083d00000, 0x0000000083d00000|100%|HS|  |TAMS 0x0000000083d00000, 0x0000000083c00000| Complete 
|  61|0x0000000083d00000, 0x0000000083e00000, 0x0000000083e00000|100%|HC|  |TAMS 0x0000000083e00000, 0x0000000083d00000| Complete 
|  62|0x0000000083e00000, 0x0000000083f00000, 0x0000000083f00000|100%| O|  |TAMS 0x0000000083f00000, 0x0000000083e00000| Untracked 
|  63|0x0000000083f00000, 0x0000000084000000, 0x0000000084000000|100%| O|  |TAMS 0x0000000084000000, 0x0000000083f00000| Untracked 
|  64|0x0000000084000000, 0x0000000084100000, 0x0000000084100000|100%| O|  |TAMS 0x0000000084100000, 0x0000000084000000| Untracked 
|  65|0x0000000084100000, 0x0000000084200000, 0x0000000084200000|100%| O|  |TAMS 0x0000000084200000, 0x0000000084100000| Untracked 
|  66|0x0000000084200000, 0x0000000084300000, 0x0000000084300000|100%| O|  |TAMS 0x0000000084300000, 0x0000000084200000| Untracked 
|  67|0x0000000084300000, 0x0000000084400000, 0x0000000084400000|100%| O|  |TAMS 0x0000000084400000, 0x0000000084300000| Untracked 
|  68|0x0000000084400000, 0x0000000084500000, 0x0000000084500000|100%| O|  |TAMS 0x0000000084500000, 0x0000000084400000| Untracked 
|  69|0x0000000084500000, 0x0000000084600000, 0x0000000084600000|100%| O|  |TAMS 0x0000000084600000, 0x0000000084500000| Untracked 
|  70|0x0000000084600000, 0x0000000084700000, 0x0000000084700000|100%| O|  |TAMS 0x0000000084700000, 0x0000000084600000| Untracked 
|  71|0x0000000084700000, 0x0000000084800000, 0x0000000084800000|100%| O|  |TAMS 0x0000000084800000, 0x0000000084700000| Untracked 
|  72|0x0000000084800000, 0x0000000084900000, 0x0000000084900000|100%| O|  |TAMS 0x0000000084900000, 0x0000000084800000| Untracked 
|  73|0x0000000084900000, 0x0000000084a00000, 0x0000000084a00000|100%| O|  |TAMS 0x0000000084a00000, 0x0000000084900000| Untracked 
|  74|0x0000000084a00000, 0x0000000084b00000, 0x0000000084b00000|100%| O|  |TAMS 0x0000000084b00000, 0x0000000084a00000| Untracked 
|  75|0x0000000084b00000, 0x0000000084c00000, 0x0000000084c00000|100%| O|  |TAMS 0x0000000084c00000, 0x0000000084b00000| Untracked 
|  76|0x0000000084c00000, 0x0000000084d00000, 0x0000000084d00000|100%| O|  |TAMS 0x0000000084d00000, 0x0000000084c00000| Untracked 
|  77|0x0000000084d00000, 0x0000000084e00000, 0x0000000084e00000|100%| O|  |TAMS 0x0000000084e00000, 0x0000000084d00000| Untracked 
|  78|0x0000000084e00000, 0x0000000084f00000, 0x0000000084f00000|100%| O|  |TAMS 0x0000000084f00000, 0x0000000084e00000| Untracked 
|  79|0x0000000084f00000, 0x0000000085000000, 0x0000000085000000|100%| O|  |TAMS 0x0000000085000000, 0x0000000084f00000| Untracked 
|  80|0x0000000085000000, 0x0000000085100000, 0x0000000085100000|100%| O|  |TAMS 0x0000000085100000, 0x0000000085000000| Untracked 
|  81|0x0000000085100000, 0x0000000085200000, 0x0000000085200000|100%| O|  |TAMS 0x0000000085200000, 0x0000000085100000| Untracked 
|  82|0x0000000085200000, 0x0000000085300000, 0x0000000085300000|100%|HS|  |TAMS 0x0000000085300000, 0x0000000085200000| Complete 
|  83|0x0000000085300000, 0x0000000085400000, 0x0000000085400000|100%|HS|  |TAMS 0x0000000085400000, 0x0000000085300000| Complete 
|  84|0x0000000085400000, 0x0000000085500000, 0x0000000085500000|100%|HS|  |TAMS 0x0000000085500000, 0x0000000085400000| Complete 
|  85|0x0000000085500000, 0x0000000085600000, 0x0000000085600000|100%| O|  |TAMS 0x0000000085600000, 0x0000000085500000| Untracked 
|  86|0x0000000085600000, 0x0000000085700000, 0x0000000085700000|100%| O|  |TAMS 0x0000000085700000, 0x0000000085600000| Untracked 
|  87|0x0000000085700000, 0x0000000085800000, 0x0000000085800000|100%| O|  |TAMS 0x0000000085800000, 0x0000000085700000| Untracked 
|  88|0x0000000085800000, 0x0000000085900000, 0x0000000085900000|100%|HS|  |TAMS 0x0000000085900000, 0x0000000085800000| Complete 
|  89|0x0000000085900000, 0x0000000085a00000, 0x0000000085a00000|100%|HC|  |TAMS 0x0000000085a00000, 0x0000000085900000| Complete 
|  90|0x0000000085a00000, 0x0000000085b00000, 0x0000000085b00000|100%|HC|  |TAMS 0x0000000085b00000, 0x0000000085a00000| Complete 
|  91|0x0000000085b00000, 0x0000000085c00000, 0x0000000085c00000|100%| O|  |TAMS 0x0000000085c00000, 0x0000000085b00000| Untracked 
|  92|0x0000000085c00000, 0x0000000085d00000, 0x0000000085d00000|100%| O|  |TAMS 0x0000000085d00000, 0x0000000085c00000| Untracked 
|  93|0x0000000085d00000, 0x0000000085e00000, 0x0000000085e00000|100%| O|  |TAMS 0x0000000085e00000, 0x0000000085d00000| Untracked 
|  94|0x0000000085e00000, 0x0000000085f00000, 0x0000000085f00000|100%| O|  |TAMS 0x0000000085f00000, 0x0000000085e00000| Untracked 
|  95|0x0000000085f00000, 0x0000000086000000, 0x0000000086000000|100%| O|  |TAMS 0x0000000086000000, 0x0000000085f00000| Untracked 
|  96|0x0000000086000000, 0x0000000086100000, 0x0000000086100000|100%| O|  |TAMS 0x0000000086100000, 0x0000000086000000| Untracked 
|  97|0x0000000086100000, 0x0000000086200000, 0x0000000086200000|100%| O|  |TAMS 0x0000000086200000, 0x0000000086100000| Untracked 
|  98|0x0000000086200000, 0x0000000086300000, 0x0000000086300000|100%| O|  |TAMS 0x0000000086300000, 0x0000000086200000| Untracked 
|  99|0x0000000086300000, 0x0000000086400000, 0x0000000086400000|100%| O|  |TAMS 0x0000000086400000, 0x0000000086300000| Untracked 
| 100|0x0000000086400000, 0x0000000086500000, 0x0000000086500000|100%| O|  |TAMS 0x0000000086500000, 0x0000000086400000| Untracked 
| 101|0x0000000086500000, 0x0000000086600000, 0x0000000086600000|100%| O|  |TAMS 0x0000000086600000, 0x0000000086500000| Untracked 
| 102|0x0000000086600000, 0x0000000086700000, 0x0000000086700000|100%| O|  |TAMS 0x0000000086700000, 0x0000000086600000| Untracked 
| 103|0x0000000086700000, 0x0000000086800000, 0x0000000086800000|100%| O|  |TAMS 0x0000000086800000, 0x0000000086700000| Untracked 
| 104|0x0000000086800000, 0x0000000086900000, 0x0000000086900000|100%| O|  |TAMS 0x0000000086900000, 0x0000000086800000| Untracked 
| 105|0x0000000086900000, 0x0000000086a00000, 0x0000000086a00000|100%| O|  |TAMS 0x0000000086a00000, 0x0000000086900000| Untracked 
| 106|0x0000000086a00000, 0x0000000086b00000, 0x0000000086b00000|100%| O|  |TAMS 0x0000000086b00000, 0x0000000086a00000| Untracked 
| 107|0x0000000086b00000, 0x0000000086c00000, 0x0000000086c00000|100%| O|  |TAMS 0x0000000086c00000, 0x0000000086b00000| Untracked 
| 108|0x0000000086c00000, 0x0000000086d00000, 0x0000000086d00000|100%| O|  |TAMS 0x0000000086d00000, 0x0000000086c00000| Untracked 
| 109|0x0000000086d00000, 0x0000000086e00000, 0x0000000086e00000|100%| O|  |TAMS 0x0000000086e00000, 0x0000000086d00000| Untracked 
| 110|0x0000000086e00000, 0x0000000086f00000, 0x0000000086f00000|100%| O|  |TAMS 0x0000000086f00000, 0x0000000086e00000| Untracked 
| 111|0x0000000086f00000, 0x0000000087000000, 0x0000000087000000|100%| O|  |TAMS 0x0000000087000000, 0x0000000086f00000| Untracked 
| 112|0x0000000087000000, 0x0000000087100000, 0x0000000087100000|100%| O|  |TAMS 0x0000000087100000, 0x0000000087000000| Untracked 
| 113|0x0000000087100000, 0x0000000087200000, 0x0000000087200000|100%| O|  |TAMS 0x0000000087200000, 0x0000000087100000| Untracked 
| 114|0x0000000087200000, 0x0000000087300000, 0x0000000087300000|100%| O|  |TAMS 0x0000000087300000, 0x0000000087200000| Untracked 
| 115|0x0000000087300000, 0x0000000087400000, 0x0000000087400000|100%| O|  |TAMS 0x0000000087400000, 0x0000000087300000| Untracked 
| 116|0x0000000087400000, 0x0000000087500000, 0x0000000087500000|100%| O|  |TAMS 0x0000000087500000, 0x0000000087400000| Untracked 
| 117|0x0000000087500000, 0x0000000087600000, 0x0000000087600000|100%| O|  |TAMS 0x0000000087600000, 0x0000000087500000| Untracked 
| 118|0x0000000087600000, 0x0000000087700000, 0x0000000087700000|100%| O|  |TAMS 0x0000000087700000, 0x0000000087600000| Untracked 
| 119|0x0000000087700000, 0x0000000087800000, 0x0000000087800000|100%| O|  |TAMS 0x0000000087800000, 0x0000000087700000| Untracked 
| 120|0x0000000087800000, 0x0000000087900000, 0x0000000087900000|100%| O|  |TAMS 0x0000000087900000, 0x0000000087800000| Untracked 
| 121|0x0000000087900000, 0x0000000087a00000, 0x0000000087a00000|100%| O|  |TAMS 0x0000000087a00000, 0x0000000087900000| Untracked 
| 122|0x0000000087a00000, 0x0000000087b00000, 0x0000000087b00000|100%| O|  |TAMS 0x0000000087b00000, 0x0000000087a00000| Untracked 
| 123|0x0000000087b00000, 0x0000000087c00000, 0x0000000087c00000|100%| O|  |TAMS 0x0000000087c00000, 0x0000000087b00000| Untracked 
| 124|0x0000000087c00000, 0x0000000087d00000, 0x0000000087d00000|100%| O|  |TAMS 0x0000000087d00000, 0x0000000087c00000| Untracked 
| 125|0x0000000087d00000, 0x0000000087d00000, 0x0000000087e00000|  0%| F|  |TAMS 0x0000000087d00000, 0x0000000087d00000| Untracked 
| 126|0x0000000087e00000, 0x0000000087f00000, 0x0000000087f00000|100%|HS|  |TAMS 0x0000000087f00000, 0x0000000087e00000| Complete 
| 127|0x0000000087f00000, 0x0000000088000000, 0x0000000088000000|100%|HS|  |TAMS 0x0000000088000000, 0x0000000087f00000| Complete 
| 128|0x0000000088000000, 0x0000000088100000, 0x0000000088100000|100%|HC|  |TAMS 0x0000000088100000, 0x0000000088000000| Complete 
| 129|0x0000000088100000, 0x0000000088200000, 0x0000000088200000|100%|HC|  |TAMS 0x0000000088200000, 0x0000000088100000| Complete 
| 130|0x0000000088200000, 0x0000000088300000, 0x0000000088300000|100%| O|  |TAMS 0x0000000088300000, 0x0000000088200000| Untracked 
| 131|0x0000000088300000, 0x0000000088400000, 0x0000000088400000|100%| O|  |TAMS 0x0000000088400000, 0x0000000088300000| Untracked 
| 132|0x0000000088400000, 0x0000000088500000, 0x0000000088500000|100%| O|  |TAMS 0x0000000088500000, 0x0000000088400000| Untracked 
| 133|0x0000000088500000, 0x0000000088600000, 0x0000000088600000|100%| O|  |TAMS 0x0000000088600000, 0x0000000088500000| Untracked 
| 134|0x0000000088600000, 0x0000000088700000, 0x0000000088700000|100%| O|  |TAMS 0x0000000088700000, 0x0000000088600000| Untracked 
| 135|0x0000000088700000, 0x0000000088800000, 0x0000000088800000|100%| O|  |TAMS 0x0000000088800000, 0x0000000088700000| Untracked 
| 136|0x0000000088800000, 0x0000000088900000, 0x0000000088900000|100%| O|  |TAMS 0x0000000088900000, 0x0000000088800000| Untracked 
| 137|0x0000000088900000, 0x0000000088a00000, 0x0000000088a00000|100%| O|  |TAMS 0x0000000088a00000, 0x0000000088900000| Untracked 
| 138|0x0000000088a00000, 0x0000000088b00000, 0x0000000088b00000|100%| O|  |TAMS 0x0000000088b00000, 0x0000000088a00000| Untracked 
| 139|0x0000000088b00000, 0x0000000088c00000, 0x0000000088c00000|100%| O|  |TAMS 0x0000000088c00000, 0x0000000088b00000| Untracked 
| 140|0x0000000088c00000, 0x0000000088d00000, 0x0000000088d00000|100%|HS|  |TAMS 0x0000000088d00000, 0x0000000088c00000| Complete 
| 141|0x0000000088d00000, 0x0000000088e00000, 0x0000000088e00000|100%| O|  |TAMS 0x0000000088e00000, 0x0000000088d00000| Untracked 
| 142|0x0000000088e00000, 0x0000000088f00000, 0x0000000088f00000|100%| O|  |TAMS 0x0000000088f00000, 0x0000000088e00000| Untracked 
| 143|0x0000000088f00000, 0x0000000089000000, 0x0000000089000000|100%| O|  |TAMS 0x0000000089000000, 0x0000000088f00000| Untracked 
| 144|0x0000000089000000, 0x0000000089100000, 0x0000000089100000|100%| O|  |TAMS 0x0000000089100000, 0x0000000089000000| Untracked 
| 145|0x0000000089100000, 0x0000000089200000, 0x0000000089200000|100%| O|  |TAMS 0x0000000089200000, 0x0000000089100000| Untracked 
| 146|0x0000000089200000, 0x0000000089300000, 0x0000000089300000|100%| O|  |TAMS 0x0000000089300000, 0x0000000089200000| Untracked 
| 147|0x0000000089300000, 0x0000000089400000, 0x0000000089400000|100%| O|  |TAMS 0x0000000089400000, 0x0000000089300000| Untracked 
| 148|0x0000000089400000, 0x0000000089500000, 0x0000000089500000|100%| O|  |TAMS 0x0000000089500000, 0x0000000089400000| Untracked 
| 149|0x0000000089500000, 0x0000000089600000, 0x0000000089600000|100%| O|  |TAMS 0x0000000089600000, 0x0000000089500000| Untracked 
| 150|0x0000000089600000, 0x0000000089700000, 0x0000000089700000|100%| O|  |TAMS 0x0000000089700000, 0x0000000089600000| Untracked 
| 151|0x0000000089700000, 0x0000000089800000, 0x0000000089800000|100%| O|  |TAMS 0x0000000089800000, 0x0000000089700000| Untracked 
| 152|0x0000000089800000, 0x0000000089900000, 0x0000000089900000|100%| O|  |TAMS 0x0000000089900000, 0x0000000089800000| Untracked 
| 153|0x0000000089900000, 0x0000000089a00000, 0x0000000089a00000|100%| O|  |TAMS 0x0000000089a00000, 0x0000000089900000| Untracked 
| 154|0x0000000089a00000, 0x0000000089b00000, 0x0000000089b00000|100%| O|  |TAMS 0x0000000089b00000, 0x0000000089a00000| Untracked 
| 155|0x0000000089b00000, 0x0000000089c00000, 0x0000000089c00000|100%| O|  |TAMS 0x0000000089c00000, 0x0000000089b00000| Untracked 
| 156|0x0000000089c00000, 0x0000000089d00000, 0x0000000089d00000|100%| O|  |TAMS 0x0000000089d00000, 0x0000000089c00000| Untracked 
| 157|0x0000000089d00000, 0x0000000089e00000, 0x0000000089e00000|100%| O|  |TAMS 0x0000000089e00000, 0x0000000089d00000| Untracked 
| 158|0x0000000089e00000, 0x0000000089f00000, 0x0000000089f00000|100%| O|  |TAMS 0x0000000089f00000, 0x0000000089e00000| Untracked 
| 159|0x0000000089f00000, 0x000000008a000000, 0x000000008a000000|100%| O|  |TAMS 0x000000008a000000, 0x0000000089f00000| Untracked 
| 160|0x000000008a000000, 0x000000008a100000, 0x000000008a100000|100%| O|  |TAMS 0x000000008a100000, 0x000000008a000000| Untracked 
| 161|0x000000008a100000, 0x000000008a200000, 0x000000008a200000|100%| O|  |TAMS 0x000000008a200000, 0x000000008a100000| Untracked 
| 162|0x000000008a200000, 0x000000008a300000, 0x000000008a300000|100%| O|  |TAMS 0x000000008a300000, 0x000000008a200000| Untracked 
| 163|0x000000008a300000, 0x000000008a400000, 0x000000008a400000|100%| O|  |TAMS 0x000000008a400000, 0x000000008a300000| Untracked 
| 164|0x000000008a400000, 0x000000008a500000, 0x000000008a500000|100%| O|  |TAMS 0x000000008a500000, 0x000000008a400000| Untracked 
| 165|0x000000008a500000, 0x000000008a600000, 0x000000008a600000|100%| O|  |TAMS 0x000000008a600000, 0x000000008a500000| Untracked 
| 166|0x000000008a600000, 0x000000008a700000, 0x000000008a700000|100%|HS|  |TAMS 0x000000008a700000, 0x000000008a600000| Complete 
| 167|0x000000008a700000, 0x000000008a800000, 0x000000008a800000|100%|HC|  |TAMS 0x000000008a800000, 0x000000008a700000| Complete 
| 168|0x000000008a800000, 0x000000008a900000, 0x000000008a900000|100%| O|  |TAMS 0x000000008a900000, 0x000000008a800000| Untracked 
| 169|0x000000008a900000, 0x000000008aa00000, 0x000000008aa00000|100%| O|  |TAMS 0x000000008aa00000, 0x000000008a900000| Untracked 
| 170|0x000000008aa00000, 0x000000008ab00000, 0x000000008ab00000|100%| O|  |TAMS 0x000000008ab00000, 0x000000008aa00000| Untracked 
| 171|0x000000008ab00000, 0x000000008ac00000, 0x000000008ac00000|100%| O|  |TAMS 0x000000008ac00000, 0x000000008ab00000| Untracked 
| 172|0x000000008ac00000, 0x000000008ad00000, 0x000000008ad00000|100%| O|  |TAMS 0x000000008ad00000, 0x000000008ac00000| Untracked 
| 173|0x000000008ad00000, 0x000000008ae00000, 0x000000008ae00000|100%| O|  |TAMS 0x000000008ae00000, 0x000000008ad00000| Untracked 
| 174|0x000000008ae00000, 0x000000008af00000, 0x000000008af00000|100%| O|  |TAMS 0x000000008af00000, 0x000000008ae00000| Untracked 
| 175|0x000000008af00000, 0x000000008b000000, 0x000000008b000000|100%| O|  |TAMS 0x000000008b000000, 0x000000008af00000| Untracked 
| 176|0x000000008b000000, 0x000000008b100000, 0x000000008b100000|100%| O|  |TAMS 0x000000008b100000, 0x000000008b000000| Untracked 
| 177|0x000000008b100000, 0x000000008b200000, 0x000000008b200000|100%| O|  |TAMS 0x000000008b200000, 0x000000008b100000| Untracked 
| 178|0x000000008b200000, 0x000000008b300000, 0x000000008b300000|100%| O|  |TAMS 0x000000008b300000, 0x000000008b200000| Untracked 
| 179|0x000000008b300000, 0x000000008b400000, 0x000000008b400000|100%| O|  |TAMS 0x000000008b400000, 0x000000008b300000| Untracked 
| 180|0x000000008b400000, 0x000000008b500000, 0x000000008b500000|100%| O|  |TAMS 0x000000008b500000, 0x000000008b400000| Untracked 
| 181|0x000000008b500000, 0x000000008b600000, 0x000000008b600000|100%| O|  |TAMS 0x000000008b600000, 0x000000008b500000| Untracked 
| 182|0x000000008b600000, 0x000000008b700000, 0x000000008b700000|100%| O|  |TAMS 0x000000008b700000, 0x000000008b600000| Untracked 
| 183|0x000000008b700000, 0x000000008b800000, 0x000000008b800000|100%| O|  |TAMS 0x000000008b800000, 0x000000008b700000| Untracked 
| 184|0x000000008b800000, 0x000000008b900000, 0x000000008b900000|100%| O|  |TAMS 0x000000008b900000, 0x000000008b800000| Untracked 
| 185|0x000000008b900000, 0x000000008ba00000, 0x000000008ba00000|100%| O|  |TAMS 0x000000008ba00000, 0x000000008b900000| Untracked 
| 186|0x000000008ba00000, 0x000000008bb00000, 0x000000008bb00000|100%| O|  |TAMS 0x000000008bb00000, 0x000000008ba00000| Untracked 
| 187|0x000000008bb00000, 0x000000008bc00000, 0x000000008bc00000|100%| O|  |TAMS 0x000000008bc00000, 0x000000008bb00000| Untracked 
| 188|0x000000008bc00000, 0x000000008bd00000, 0x000000008bd00000|100%| O|  |TAMS 0x000000008bd00000, 0x000000008bc00000| Untracked 
| 189|0x000000008bd00000, 0x000000008be00000, 0x000000008be00000|100%| O|  |TAMS 0x000000008be00000, 0x000000008bd00000| Untracked 
| 190|0x000000008be00000, 0x000000008bf00000, 0x000000008bf00000|100%| O|  |TAMS 0x000000008bf00000, 0x000000008be00000| Untracked 
| 191|0x000000008bf00000, 0x000000008c000000, 0x000000008c000000|100%| O|  |TAMS 0x000000008c000000, 0x000000008bf00000| Untracked 
| 192|0x000000008c000000, 0x000000008c100000, 0x000000008c100000|100%| O|  |TAMS 0x000000008c000000, 0x000000008c000000| Untracked 
| 193|0x000000008c100000, 0x000000008c200000, 0x000000008c200000|100%| O|  |TAMS 0x000000008c200000, 0x000000008c100000| Untracked 
| 194|0x000000008c200000, 0x000000008c300000, 0x000000008c300000|100%| O|  |TAMS 0x000000008c300000, 0x000000008c200000| Untracked 
| 195|0x000000008c300000, 0x000000008c400000, 0x000000008c400000|100%| O|  |TAMS 0x000000008c400000, 0x000000008c300000| Untracked 
| 196|0x000000008c400000, 0x000000008c500000, 0x000000008c500000|100%| O|  |TAMS 0x000000008c500000, 0x000000008c400000| Untracked 
| 197|0x000000008c500000, 0x000000008c600000, 0x000000008c600000|100%| O|  |TAMS 0x000000008c600000, 0x000000008c500000| Untracked 
| 198|0x000000008c600000, 0x000000008c700000, 0x000000008c700000|100%| O|  |TAMS 0x000000008c700000, 0x000000008c600000| Untracked 
| 199|0x000000008c700000, 0x000000008c800000, 0x000000008c800000|100%| O|  |TAMS 0x000000008c800000, 0x000000008c700000| Untracked 
| 200|0x000000008c800000, 0x000000008c900000, 0x000000008c900000|100%| O|  |TAMS 0x000000008c900000, 0x000000008c800000| Untracked 
| 201|0x000000008c900000, 0x000000008ca00000, 0x000000008ca00000|100%| O|  |TAMS 0x000000008ca00000, 0x000000008c900000| Untracked 
| 202|0x000000008ca00000, 0x000000008cb00000, 0x000000008cb00000|100%| O|  |TAMS 0x000000008cb00000, 0x000000008ca00000| Untracked 
| 203|0x000000008cb00000, 0x000000008cc00000, 0x000000008cc00000|100%| O|  |TAMS 0x000000008cc00000, 0x000000008cb00000| Untracked 
| 204|0x000000008cc00000, 0x000000008cd00000, 0x000000008cd00000|100%| O|  |TAMS 0x000000008cd00000, 0x000000008cc00000| Untracked 
| 205|0x000000008cd00000, 0x000000008ce00000, 0x000000008ce00000|100%| O|  |TAMS 0x000000008ce00000, 0x000000008cd00000| Untracked 
| 206|0x000000008ce00000, 0x000000008cf00000, 0x000000008cf00000|100%| O|  |TAMS 0x000000008cf00000, 0x000000008ce00000| Untracked 
| 207|0x000000008cf00000, 0x000000008d000000, 0x000000008d000000|100%| O|  |TAMS 0x000000008d000000, 0x000000008cf00000| Untracked 
| 208|0x000000008d000000, 0x000000008d100000, 0x000000008d100000|100%| O|  |TAMS 0x000000008d100000, 0x000000008d000000| Untracked 
| 209|0x000000008d100000, 0x000000008d200000, 0x000000008d200000|100%| O|  |TAMS 0x000000008d200000, 0x000000008d100000| Untracked 
| 210|0x000000008d200000, 0x000000008d300000, 0x000000008d300000|100%| O|  |TAMS 0x000000008d300000, 0x000000008d200000| Untracked 
| 211|0x000000008d300000, 0x000000008d400000, 0x000000008d400000|100%| O|  |TAMS 0x000000008d400000, 0x000000008d300000| Untracked 
| 212|0x000000008d400000, 0x000000008d500000, 0x000000008d500000|100%| O|  |TAMS 0x000000008d500000, 0x000000008d400000| Untracked 
| 213|0x000000008d500000, 0x000000008d600000, 0x000000008d600000|100%| O|  |TAMS 0x000000008d600000, 0x000000008d500000| Untracked 
| 214|0x000000008d600000, 0x000000008d700000, 0x000000008d700000|100%| O|  |TAMS 0x000000008d700000, 0x000000008d600000| Untracked 
| 215|0x000000008d700000, 0x000000008d800000, 0x000000008d800000|100%| O|  |TAMS 0x000000008d800000, 0x000000008d700000| Untracked 
| 216|0x000000008d800000, 0x000000008d900000, 0x000000008d900000|100%| O|  |TAMS 0x000000008d900000, 0x000000008d800000| Untracked 
| 217|0x000000008d900000, 0x000000008da00000, 0x000000008da00000|100%| O|  |TAMS 0x000000008da00000, 0x000000008d900000| Untracked 
| 218|0x000000008da00000, 0x000000008db00000, 0x000000008db00000|100%| O|  |TAMS 0x000000008db00000, 0x000000008da00000| Untracked 
| 219|0x000000008db00000, 0x000000008dc00000, 0x000000008dc00000|100%| O|  |TAMS 0x000000008dc00000, 0x000000008db00000| Untracked 
| 220|0x000000008dc00000, 0x000000008dd00000, 0x000000008dd00000|100%| O|  |TAMS 0x000000008dd00000, 0x000000008dc00000| Untracked 
| 221|0x000000008dd00000, 0x000000008de00000, 0x000000008de00000|100%| O|  |TAMS 0x000000008de00000, 0x000000008dd00000| Untracked 
| 222|0x000000008de00000, 0x000000008df00000, 0x000000008df00000|100%| O|  |TAMS 0x000000008df00000, 0x000000008de00000| Untracked 
| 223|0x000000008df00000, 0x000000008e000000, 0x000000008e000000|100%| O|  |TAMS 0x000000008e000000, 0x000000008df00000| Untracked 
| 224|0x000000008e000000, 0x000000008e100000, 0x000000008e100000|100%| O|  |TAMS 0x000000008e100000, 0x000000008e000000| Untracked 
| 225|0x000000008e100000, 0x000000008e200000, 0x000000008e200000|100%| O|  |TAMS 0x000000008e200000, 0x000000008e100000| Untracked 
| 226|0x000000008e200000, 0x000000008e300000, 0x000000008e300000|100%| O|  |TAMS 0x000000008e22ce00, 0x000000008e200000| Untracked 
| 227|0x000000008e300000, 0x000000008e400000, 0x000000008e400000|100%| O|  |TAMS 0x000000008e300000, 0x000000008e300000| Untracked 
| 228|0x000000008e400000, 0x000000008e500000, 0x000000008e500000|100%| O|  |TAMS 0x000000008e400000, 0x000000008e400000| Untracked 
| 229|0x000000008e500000, 0x000000008e600000, 0x000000008e600000|100%| O|  |TAMS 0x000000008e500000, 0x000000008e500000| Untracked 
| 230|0x000000008e600000, 0x000000008e6a6a00, 0x000000008e700000| 65%| O|  |TAMS 0x000000008e600000, 0x000000008e600000| Untracked 
| 231|0x000000008e700000, 0x000000008e700000, 0x000000008e800000|  0%| F|  |TAMS 0x000000008e700000, 0x000000008e700000| Untracked 
| 232|0x000000008e800000, 0x000000008e800000, 0x000000008e900000|  0%| F|  |TAMS 0x000000008e800000, 0x000000008e800000| Untracked 
| 233|0x000000008e900000, 0x000000008e900000, 0x000000008ea00000|  0%| F|  |TAMS 0x000000008e900000, 0x000000008e900000| Untracked 
| 234|0x000000008ea00000, 0x000000008ea00000, 0x000000008eb00000|  0%| F|  |TAMS 0x000000008ea00000, 0x000000008ea00000| Untracked 
| 235|0x000000008eb00000, 0x000000008eb00000, 0x000000008ec00000|  0%| F|  |TAMS 0x000000008eb00000, 0x000000008eb00000| Untracked 
| 236|0x000000008ec00000, 0x000000008ec00000, 0x000000008ed00000|  0%| F|  |TAMS 0x000000008ec00000, 0x000000008ec00000| Untracked 
| 237|0x000000008ed00000, 0x000000008ed00000, 0x000000008ee00000|  0%| F|  |TAMS 0x000000008ed00000, 0x000000008ed00000| Untracked 
| 238|0x000000008ee00000, 0x000000008ee00000, 0x000000008ef00000|  0%| F|  |TAMS 0x000000008ee00000, 0x000000008ee00000| Untracked 
| 239|0x000000008ef00000, 0x000000008ef00000, 0x000000008f000000|  0%| F|  |TAMS 0x000000008ef00000, 0x000000008ef00000| Untracked 
| 240|0x000000008f000000, 0x000000008f000000, 0x000000008f100000|  0%| F|  |TAMS 0x000000008f000000, 0x000000008f000000| Untracked 
| 241|0x000000008f100000, 0x000000008f100000, 0x000000008f200000|  0%| F|  |TAMS 0x000000008f100000, 0x000000008f100000| Untracked 
| 242|0x000000008f200000, 0x000000008f200000, 0x000000008f300000|  0%| F|  |TAMS 0x000000008f200000, 0x000000008f200000| Untracked 
| 243|0x000000008f300000, 0x000000008f300000, 0x000000008f400000|  0%| F|  |TAMS 0x000000008f300000, 0x000000008f300000| Untracked 
| 244|0x000000008f400000, 0x000000008f400000, 0x000000008f500000|  0%| F|  |TAMS 0x000000008f400000, 0x000000008f400000| Untracked 
| 245|0x000000008f500000, 0x000000008f500000, 0x000000008f600000|  0%| F|  |TAMS 0x000000008f500000, 0x000000008f500000| Untracked 
| 246|0x000000008f600000, 0x000000008f600000, 0x000000008f700000|  0%| F|  |TAMS 0x000000008f600000, 0x000000008f600000| Untracked 
| 247|0x000000008f700000, 0x000000008f700000, 0x000000008f800000|  0%| F|  |TAMS 0x000000008f700000, 0x000000008f700000| Untracked 
| 248|0x000000008f800000, 0x000000008f800000, 0x000000008f900000|  0%| F|  |TAMS 0x000000008f800000, 0x000000008f800000| Untracked 
| 249|0x000000008f900000, 0x000000008f900000, 0x000000008fa00000|  0%| F|  |TAMS 0x000000008f900000, 0x000000008f900000| Untracked 
| 250|0x000000008fa00000, 0x000000008fa00000, 0x000000008fb00000|  0%| F|  |TAMS 0x000000008fa00000, 0x000000008fa00000| Untracked 
| 251|0x000000008fb00000, 0x000000008fb00000, 0x000000008fc00000|  0%| F|  |TAMS 0x000000008fb00000, 0x000000008fb00000| Untracked 
| 252|0x000000008fc00000, 0x000000008fc00000, 0x000000008fd00000|  0%| F|  |TAMS 0x000000008fc00000, 0x000000008fc00000| Untracked 
| 253|0x000000008fd00000, 0x000000008fd00000, 0x000000008fe00000|  0%| F|  |TAMS 0x000000008fd00000, 0x000000008fd00000| Untracked 
| 254|0x000000008fe00000, 0x000000008fe00000, 0x000000008ff00000|  0%| F|  |TAMS 0x000000008fe00000, 0x000000008fe00000| Untracked 
| 255|0x000000008ff00000, 0x000000008ff00000, 0x0000000090000000|  0%| F|  |TAMS 0x000000008ff00000, 0x000000008ff00000| Untracked 
| 256|0x0000000090000000, 0x0000000090000000, 0x0000000090100000|  0%| F|  |TAMS 0x0000000090000000, 0x0000000090000000| Untracked 
| 257|0x0000000090100000, 0x0000000090100000, 0x0000000090200000|  0%| F|  |TAMS 0x0000000090100000, 0x0000000090100000| Untracked 
| 258|0x0000000090200000, 0x0000000090200000, 0x0000000090300000|  0%| F|  |TAMS 0x0000000090200000, 0x0000000090200000| Untracked 
| 259|0x0000000090300000, 0x0000000090300000, 0x0000000090400000|  0%| F|  |TAMS 0x0000000090300000, 0x0000000090300000| Untracked 
| 260|0x0000000090400000, 0x0000000090400000, 0x0000000090500000|  0%| F|  |TAMS 0x0000000090400000, 0x0000000090400000| Untracked 
| 261|0x0000000090500000, 0x0000000090500000, 0x0000000090600000|  0%| F|  |TAMS 0x0000000090500000, 0x0000000090500000| Untracked 
| 262|0x0000000090600000, 0x0000000090600000, 0x0000000090700000|  0%| F|  |TAMS 0x0000000090600000, 0x0000000090600000| Untracked 
| 263|0x0000000090700000, 0x0000000090700000, 0x0000000090800000|  0%| F|  |TAMS 0x0000000090700000, 0x0000000090700000| Untracked 
| 264|0x0000000090800000, 0x0000000090800000, 0x0000000090900000|  0%| F|  |TAMS 0x0000000090800000, 0x0000000090800000| Untracked 
| 265|0x0000000090900000, 0x0000000090900000, 0x0000000090a00000|  0%| F|  |TAMS 0x0000000090900000, 0x0000000090900000| Untracked 
| 266|0x0000000090a00000, 0x0000000090a00000, 0x0000000090b00000|  0%| F|  |TAMS 0x0000000090a00000, 0x0000000090a00000| Untracked 
| 267|0x0000000090b00000, 0x0000000090b00000, 0x0000000090c00000|  0%| F|  |TAMS 0x0000000090b00000, 0x0000000090b00000| Untracked 
| 268|0x0000000090c00000, 0x0000000090cde8b8, 0x0000000090d00000| 86%| S|CS|TAMS 0x0000000090c00000, 0x0000000090c00000| Complete 
| 269|0x0000000090d00000, 0x0000000090d00000, 0x0000000090e00000|  0%| F|  |TAMS 0x0000000090d00000, 0x0000000090d00000| Untracked 
| 270|0x0000000090e00000, 0x0000000090e00000, 0x0000000090f00000|  0%| F|  |TAMS 0x0000000090e00000, 0x0000000090e00000| Untracked 
| 271|0x0000000090f00000, 0x0000000090f00000, 0x0000000091000000|  0%| F|  |TAMS 0x0000000090f00000, 0x0000000090f00000| Untracked 
| 272|0x0000000091000000, 0x0000000091000000, 0x0000000091100000|  0%| F|  |TAMS 0x0000000091000000, 0x0000000091000000| Untracked 
| 273|0x0000000091100000, 0x0000000091100000, 0x0000000091200000|  0%| F|  |TAMS 0x0000000091100000, 0x0000000091100000| Untracked 
| 274|0x0000000091200000, 0x0000000091200000, 0x0000000091300000|  0%| F|  |TAMS 0x0000000091200000, 0x0000000091200000| Untracked 
| 275|0x0000000091300000, 0x0000000091300000, 0x0000000091400000|  0%| F|  |TAMS 0x0000000091300000, 0x0000000091300000| Untracked 
| 276|0x0000000091400000, 0x0000000091400000, 0x0000000091500000|  0%| F|  |TAMS 0x0000000091400000, 0x0000000091400000| Untracked 
| 277|0x0000000091500000, 0x0000000091500000, 0x0000000091600000|  0%| F|  |TAMS 0x0000000091500000, 0x0000000091500000| Untracked 
| 278|0x0000000091600000, 0x0000000091600000, 0x0000000091700000|  0%| F|  |TAMS 0x0000000091600000, 0x0000000091600000| Untracked 
| 279|0x0000000091700000, 0x0000000091700000, 0x0000000091800000|  0%| F|  |TAMS 0x0000000091700000, 0x0000000091700000| Untracked 
| 280|0x0000000091800000, 0x0000000091800000, 0x0000000091900000|  0%| F|  |TAMS 0x0000000091800000, 0x0000000091800000| Untracked 
| 281|0x0000000091900000, 0x0000000091900000, 0x0000000091a00000|  0%| F|  |TAMS 0x0000000091900000, 0x0000000091900000| Untracked 
| 282|0x0000000091a00000, 0x0000000091a00000, 0x0000000091b00000|  0%| F|  |TAMS 0x0000000091a00000, 0x0000000091a00000| Untracked 
| 283|0x0000000091b00000, 0x0000000091b00000, 0x0000000091c00000|  0%| F|  |TAMS 0x0000000091b00000, 0x0000000091b00000| Untracked 
| 284|0x0000000091c00000, 0x0000000091c00000, 0x0000000091d00000|  0%| F|  |TAMS 0x0000000091c00000, 0x0000000091c00000| Untracked 
| 285|0x0000000091d00000, 0x0000000091d00000, 0x0000000091e00000|  0%| F|  |TAMS 0x0000000091d00000, 0x0000000091d00000| Untracked 
| 286|0x0000000091e00000, 0x0000000091e00000, 0x0000000091f00000|  0%| F|  |TAMS 0x0000000091e00000, 0x0000000091e00000| Untracked 
| 287|0x0000000091f00000, 0x0000000091f00000, 0x0000000092000000|  0%| F|  |TAMS 0x0000000091f00000, 0x0000000091f00000| Untracked 
| 288|0x0000000092000000, 0x0000000092000000, 0x0000000092100000|  0%| F|  |TAMS 0x0000000092000000, 0x0000000092000000| Untracked 
| 289|0x0000000092100000, 0x0000000092100000, 0x0000000092200000|  0%| F|  |TAMS 0x0000000092100000, 0x0000000092100000| Untracked 
| 290|0x0000000092200000, 0x0000000092200000, 0x0000000092300000|  0%| F|  |TAMS 0x0000000092200000, 0x0000000092200000| Untracked 
| 291|0x0000000092300000, 0x0000000092300000, 0x0000000092400000|  0%| F|  |TAMS 0x0000000092300000, 0x0000000092300000| Untracked 
| 292|0x0000000092400000, 0x0000000092400000, 0x0000000092500000|  0%| F|  |TAMS 0x0000000092400000, 0x0000000092400000| Untracked 
| 293|0x0000000092500000, 0x0000000092500000, 0x0000000092600000|  0%| F|  |TAMS 0x0000000092500000, 0x0000000092500000| Untracked 
| 294|0x0000000092600000, 0x0000000092600000, 0x0000000092700000|  0%| F|  |TAMS 0x0000000092600000, 0x0000000092600000| Untracked 
| 295|0x0000000092700000, 0x0000000092700000, 0x0000000092800000|  0%| F|  |TAMS 0x0000000092700000, 0x0000000092700000| Untracked 
| 296|0x0000000092800000, 0x0000000092800000, 0x0000000092900000|  0%| F|  |TAMS 0x0000000092800000, 0x0000000092800000| Untracked 
| 297|0x0000000092900000, 0x0000000092900000, 0x0000000092a00000|  0%| F|  |TAMS 0x0000000092900000, 0x0000000092900000| Untracked 
| 298|0x0000000092a00000, 0x0000000092b00000, 0x0000000092b00000|100%| E|  |TAMS 0x0000000092a00000, 0x0000000092a00000| Complete 

Card table byte_map: [0x0000018f98800000,0x0000018f98c00000] _byte_map_base: 0x0000018f98400000

Marking Bits (Prev, Next): (CMBitMap*) 0x0000018fffe2ea78, (CMBitMap*) 0x0000018fffe2eab0
 Prev Bits: [0x0000018f99000000, 0x0000018f9b000000)
 Next Bits: [0x0000018f9b000000, 0x0000018f9d000000)

Polling page: 0x0000018f817a0000

Metaspace:

Usage:
  Non-class:    125.46 MB capacity,   122.51 MB ( 98%) used,     2.49 MB (  2%) free+waste,   471.94 KB ( <1%) overhead. 
      Class:     20.33 MB capacity,    18.39 MB ( 90%) used,     1.72 MB (  8%) free+waste,   220.06 KB (  1%) overhead. 
       Both:    145.79 MB capacity,   140.90 MB ( 97%) used,     4.21 MB (  3%) free+waste,   692.00 KB ( <1%) overhead. 

Virtual space:
  Non-class space:      126.00 MB reserved,     125.50 MB (>99%) committed 
      Class space:      504.00 MB reserved,      20.38 MB (  4%) committed 
             Both:      630.00 MB reserved,     145.88 MB ( 23%) committed 

Chunk freelists:
   Non-Class:  5.38 KB
       Class:  1.88 KB
        Both:  7.25 KB

CodeHeap 'non-profiled nmethods': size=120064Kb used=9939Kb max_used=10435Kb free=110124Kb
 bounds [0x0000018f90880000, 0x0000018f912c0000, 0x0000018f97dc0000]
CodeHeap 'profiled nmethods': size=120000Kb used=42465Kb max_used=43748Kb free=77534Kb
 bounds [0x0000018f89350000, 0x0000018f8be30000, 0x0000018f90880000]
CodeHeap 'non-nmethods': size=5696Kb used=2390Kb max_used=2430Kb free=3305Kb
 bounds [0x0000018f88dc0000, 0x0000018f89030000, 0x0000018f89350000]
 total_blobs=20295 nmethods=19265 adapters=940
 compilation: enabled
              stopped_count=0, restarted_count=0
 full_count=0

Compilation events (10 events):
Event: 166.962 Thread 0x0000018f9fe50000 21168       3       com.android.tools.r8.internal.Th::d (27 bytes)
Event: 166.963 Thread 0x0000018f9fe50000 nmethod 21168 0x0000018f897ac590 code [0x0000018f897ac740, 0x0000018f897ac978]
Event: 167.013 Thread 0x0000018f9fe50000 21170       1       com.android.tools.r8.internal.s3::r (2 bytes)
Event: 167.014 Thread 0x0000018f9fe50000 nmethod 21170 0x0000018f90a24b90 code [0x0000018f90a24d20, 0x0000018f90a24dd8]
Event: 167.015 Thread 0x0000018f9fe50000 21171       3       com.android.tools.r8.internal.Ra::<init> (7 bytes)
Event: 167.015 Thread 0x0000018f9fe50000 nmethod 21171 0x0000018f896f8110 code [0x0000018f896f82c0, 0x0000018f896f83e8]
Event: 167.015 Thread 0x0000018f9fe50000 21172       3       com.android.tools.r8.internal.eb::<init> (6 bytes)
Event: 167.015 Thread 0x0000018f9fe50000 nmethod 21172 0x0000018f8976ba10 code [0x0000018f8976bbc0, 0x0000018f8976bdb8]
Event: 167.015 Thread 0x0000018f9fe50000 21173       3       com.android.tools.r8.internal.eb::<init> (18 bytes)
Event: 167.015 Thread 0x0000018f9fe50000 nmethod 21173 0x0000018f89735210 code [0x0000018f897353a0, 0x0000018f89735558]

GC Heap History (10 events):
Event: 155.756 GC heap before
{Heap before GC invocations=128 (full 0):
 garbage-first heap   total 306176K, used 263573K [0x0000000080000000, 0x0000000100000000)
  region size 1024K, 39 young (39936K), 2 survivors (2048K)
 Metaspace       used 136125K, capacity 140866K, committed 141056K, reserved 638976K
  class space    used 17790K, capacity 19624K, committed 19712K, reserved 516096K
}
Event: 155.768 GC heap after
{Heap after GC invocations=129 (full 0):
 garbage-first heap   total 306176K, used 231090K [0x0000000080000000, 0x0000000100000000)
  region size 1024K, 5 young (5120K), 5 survivors (5120K)
 Metaspace       used 136125K, capacity 140866K, committed 141056K, reserved 638976K
  class space    used 17790K, capacity 19624K, committed 19712K, reserved 516096K
}
Event: 156.863 GC heap before
{Heap before GC invocations=129 (full 0):
 garbage-first heap   total 306176K, used 240306K [0x0000000080000000, 0x0000000100000000)
  region size 1024K, 14 young (14336K), 5 survivors (5120K)
 Metaspace       used 137103K, capacity 141867K, committed 141952K, reserved 638976K
  class space    used 17919K, capacity 19766K, committed 19840K, reserved 516096K
}
Event: 156.879 GC heap after
{Heap after GC invocations=130 (full 0):
 garbage-first heap   total 306176K, used 231778K [0x0000000080000000, 0x0000000100000000)
  region size 1024K, 2 young (2048K), 2 survivors (2048K)
 Metaspace       used 137103K, capacity 141867K, committed 141952K, reserved 638976K
  class space    used 17919K, capacity 19766K, committed 19840K, reserved 516096K
}
Event: 160.278 GC heap before
{Heap before GC invocations=130 (full 0):
 garbage-first heap   total 306176K, used 263522K [0x0000000080000000, 0x0000000100000000)
  region size 1024K, 33 young (33792K), 2 survivors (2048K)
 Metaspace       used 142005K, capacity 146912K, committed 147072K, reserved 643072K
  class space    used 18661K, capacity 20597K, committed 20608K, reserved 516096K
}
Event: 160.289 GC heap after
{Heap after GC invocations=131 (full 0):
 garbage-first heap   total 306176K, used 234403K [0x0000000080000000, 0x0000000100000000)
  region size 1024K, 4 young (4096K), 4 survivors (4096K)
 Metaspace       used 142005K, capacity 146912K, committed 147072K, reserved 643072K
  class space    used 18661K, capacity 20597K, committed 20608K, reserved 516096K
}
Event: 164.228 GC heap before
{Heap before GC invocations=132 (full 0):
 garbage-first heap   total 306176K, used 265123K [0x0000000080000000, 0x0000000100000000)
  region size 1024K, 34 young (34816K), 4 survivors (4096K)
 Metaspace       used 143687K, capacity 148679K, committed 148864K, reserved 645120K
  class space    used 18808K, capacity 20771K, committed 20864K, reserved 516096K
}
Event: 164.243 GC heap after
{Heap after GC invocations=133 (full 0):
 garbage-first heap   total 306176K, used 235667K [0x0000000080000000, 0x0000000100000000)
  region size 1024K, 4 young (4096K), 4 survivors (4096K)
 Metaspace       used 143687K, capacity 148679K, committed 148864K, reserved 645120K
  class space    used 18808K, capacity 20771K, committed 20864K, reserved 516096K
}
Event: 165.194 GC heap before
{Heap before GC invocations=133 (full 0):
 garbage-first heap   total 306176K, used 245907K [0x0000000080000000, 0x0000000100000000)
  region size 1024K, 14 young (14336K), 4 survivors (4096K)
 Metaspace       used 144009K, capacity 149015K, committed 149120K, reserved 645120K
  class space    used 18811K, capacity 20773K, committed 20864K, reserved 516096K
}
Event: 165.210 GC heap after
{Heap after GC invocations=134 (full 0):
 garbage-first heap   total 306176K, used 235854K [0x0000000080000000, 0x0000000100000000)
  region size 1024K, 1 young (1024K), 1 survivors (1024K)
 Metaspace       used 144009K, capacity 149015K, committed 149120K, reserved 645120K
  class space    used 18811K, capacity 20773K, committed 20864K, reserved 516096K
}

Deoptimization events (10 events):
Event: 166.449 Thread 0x0000018fa2f4e000 Uncommon trap: reason=bimorphic_or_optimized_type_check action=maybe_recompile pc=0x0000018f908d8604 method=com.android.tools.r8.internal.dn.a(Ljava/util/function/ToIntFunction;)Lcom/android/tools/r8/internal/yY; @ 6 c2
Event: 166.449 Thread 0x0000018fa2f4e000 Uncommon trap: reason=bimorphic_or_optimized_type_check action=maybe_recompile pc=0x0000018f908d8604 method=com.android.tools.r8.internal.dn.a(Ljava/util/function/ToIntFunction;)Lcom/android/tools/r8/internal/yY; @ 6 c2
Event: 166.461 Thread 0x0000018fa2f4e000 Uncommon trap: reason=bimorphic_or_optimized_type_check action=maybe_recompile pc=0x0000018f908d8604 method=com.android.tools.r8.internal.dn.a(Ljava/util/function/ToIntFunction;)Lcom/android/tools/r8/internal/yY; @ 6 c2
Event: 166.461 Thread 0x0000018fa2f4e000 Uncommon trap: reason=bimorphic_or_optimized_type_check action=maybe_recompile pc=0x0000018f908d8604 method=com.android.tools.r8.internal.dn.a(Ljava/util/function/ToIntFunction;)Lcom/android/tools/r8/internal/yY; @ 6 c2
Event: 166.591 Thread 0x0000018fa2f4e000 Uncommon trap: reason=profile_predicate action=maybe_recompile pc=0x0000018f90b32e44 method=com.android.tools.r8.internal.w20.g0()Z @ 16 c2
Event: 166.591 Thread 0x0000018fa2f4e000 Uncommon trap: reason=profile_predicate action=maybe_recompile pc=0x0000018f90b32e44 method=com.android.tools.r8.internal.w20.g0()Z @ 16 c2
Event: 166.591 Thread 0x0000018fa2f4e000 Uncommon trap: reason=profile_predicate action=maybe_recompile pc=0x0000018f90b32e44 method=com.android.tools.r8.internal.w20.g0()Z @ 16 c2
Event: 166.591 Thread 0x0000018fa2f4e000 Uncommon trap: reason=profile_predicate action=maybe_recompile pc=0x0000018f90b32e44 method=com.android.tools.r8.internal.w20.g0()Z @ 16 c2
Event: 166.726 Thread 0x0000018fa2f4e000 Uncommon trap: reason=class_check action=maybe_recompile pc=0x0000018f90ae8578 method=com.android.tools.r8.internal.FW.b(Lcom/android/tools/r8/internal/Xq;)V @ 284 c2
Event: 166.726 Thread 0x0000018fa2f4e000 Uncommon trap: reason=class_check action=maybe_recompile pc=0x0000018f90ae8578 method=com.android.tools.r8.internal.FW.b(Lcom/android/tools/r8/internal/Xq;)V @ 284 c2

Classes redefined (0 events):
No events

Internal exceptions (10 events):
Event: 157.237 Thread 0x0000018fa2f4e000 Exception <a 'java/lang/NoSuchMethodError'{0x00000000927de7b0}: java.lang.invoke.DirectMethodHandle$Holder.invokeStatic(Ljava/lang/Object;ILjava/lang/Object;Ljava/lang/Object;)Ljava/lang/Object;> (0x00000000927de7b0) thrown at [./open/src/hotspot/share/in
Event: 157.768 Thread 0x0000018fa2f4e000 Exception <a 'java/lang/IncompatibleClassChangeError'{0x0000000091e8b870}: Found class java.lang.Object, but interface was expected> (0x0000000091e8b870) thrown at [./open/src/hotspot/share/interpreter/linkResolver.cpp, line 838]
Event: 157.770 Thread 0x0000018fa2f4e000 Exception <a 'java/lang/IncompatibleClassChangeError'{0x0000000091e95348}: Found class java.lang.Object, but interface was expected> (0x0000000091e95348) thrown at [./open/src/hotspot/share/interpreter/linkResolver.cpp, line 838]
Event: 158.100 Thread 0x0000018fa2f4e000 Exception <a 'java/lang/NoSuchMethodError'{0x0000000091b9f3a8}: java.lang.invoke.DirectMethodHandle$Holder.invokeSpecial(Ljava/lang/Object;Ljava/lang/Object;ILjava/lang/Object;)V> (0x0000000091b9f3a8) thrown at [./open/src/hotspot/share/interpreter/linkRe
Event: 158.902 Thread 0x0000018fa2f4e000 Exception <a 'java/lang/NoSuchMethodError'{0x0000000091685520}: java.lang.invoke.DirectMethodHandle$Holder.invokeStatic(Ljava/lang/Object;Ljava/lang/Object;)J> (0x0000000091685520) thrown at [./open/src/hotspot/share/interpreter/linkResolver.cpp, line 772
Event: 159.236 Thread 0x0000018fa2f4e000 Exception <a 'java/lang/NoSuchMethodError'{0x00000000913233d0}: java.lang.invoke.DirectMethodHandle$Holder.invokeInterface(Ljava/lang/Object;Ljava/lang/Object;I)Ljava/lang/Object;> (0x00000000913233d0) thrown at [./open/src/hotspot/share/interpreter/linkR
Event: 161.979 Thread 0x0000018fa2f4e000 Exception <a 'java/lang/NoSuchMethodError'{0x00000000921e4888}: java.lang.invoke.DirectMethodHandle$Holder.invokeSpecial(Ljava/lang/Object;Ljava/lang/Object;Ljava/lang/Object;Ljava/lang/Object;Ljava/lang/Object;Ljava/lang/Object;Ljava/lang/Object;Ljava/la
Event: 161.980 Thread 0x0000018fa2f4e000 Exception <a 'java/lang/NoSuchMethodError'{0x00000000921f0360}: java.lang.invoke.Invokers$Holder.linkToTargetMethod(Ljava/lang/Object;Ljava/lang/Object;Ljava/lang/Object;Ljava/lang/Object;Ljava/lang/Object;Ljava/lang/Object;Ljava/lang/Object;Ljava/lang/Ob
Event: 162.001 Thread 0x0000018fa2f4e000 Exception <a 'java/lang/IncompatibleClassChangeError'{0x0000000092063258}: Found class java.lang.Object, but interface was expected> (0x0000000092063258) thrown at [./open/src/hotspot/share/interpreter/linkResolver.cpp, line 838]
Event: 164.248 Thread 0x0000018fa2f4e000 Implicit null exception at 0x0000018f9129206d to 0x0000018f91292158

Events (10 events):
Event: 166.807 loading class com/android/tools/r8/code/R2
Event: 166.807 loading class com/android/tools/r8/code/R2 done
Event: 166.808 loading class com/android/tools/r8/code/Q2
Event: 166.808 loading class com/android/tools/r8/code/Q2 done
Event: 166.808 loading class com/android/tools/r8/code/S2
Event: 166.808 loading class com/android/tools/r8/code/S2 done
Event: 166.809 loading class com/android/tools/r8/code/O2
Event: 166.809 loading class com/android/tools/r8/code/O2 done
Event: 166.926 Executing VM operation: ICBufferFull
Event: 166.926 Executing VM operation: ICBufferFull done


Dynamic libraries:
0x00007ff774d50000 - 0x00007ff774d60000 	C:\Program Files\Java\jdk-11\bin\java.exe
0x00007ffc339d0000 - 0x00007ffc33bc8000 	C:\Windows\SYSTEM32\ntdll.dll
0x00007ffc33420000 - 0x00007ffc334df000 	C:\Windows\System32\KERNEL32.DLL
0x00007ffc31680000 - 0x00007ffc3195a000 	C:\Windows\System32\KERNELBASE.dll
0x00007ffc31420000 - 0x00007ffc31520000 	C:\Windows\System32\ucrtbase.dll
0x00007ffc29e50000 - 0x00007ffc29e68000 	C:\Program Files\Java\jdk-11\bin\jli.dll
0x00007ffc331a0000 - 0x00007ffc3324e000 	C:\Windows\System32\ADVAPI32.dll
0x00007ffc33590000 - 0x00007ffc3362e000 	C:\Windows\System32\msvcrt.dll
0x00007ffc33100000 - 0x00007ffc3319c000 	C:\Windows\System32\sechost.dll
0x00007ffc32f80000 - 0x00007ffc330a6000 	C:\Windows\System32\RPCRT4.dll
0x00007ffc33280000 - 0x00007ffc3341d000 	C:\Windows\System32\USER32.dll
0x00007ffc310e0000 - 0x00007ffc31102000 	C:\Windows\System32\win32u.dll
0x00007ffc330d0000 - 0x00007ffc330fb000 	C:\Windows\System32\GDI32.dll
0x00007ffc312c0000 - 0x00007ffc313d0000 	C:\Windows\System32\gdi32full.dll
0x00007ffc31990000 - 0x00007ffc31a2d000 	C:\Windows\System32\msvcp_win.dll
0x00007ffc251f0000 - 0x00007ffc2520b000 	C:\Program Files\Java\jdk-11\bin\VCRUNTIME140.dll
0x00007ffc1f010000 - 0x00007ffc1f2aa000 	C:\Windows\WinSxS\amd64_microsoft.windows.common-controls_6595b64144ccf1df_6.0.19041.1110_none_60b5254171f9507e\COMCTL32.dll
0x00007ffc28980000 - 0x00007ffc2898a000 	C:\Windows\SYSTEM32\VERSION.dll
0x00007ffc33250000 - 0x00007ffc33280000 	C:\Windows\System32\IMM32.DLL
0x00007ffc2bbb0000 - 0x00007ffc2bbbc000 	C:\Program Files\Java\jdk-11\bin\vcruntime140_1.dll
0x00007ffc24150000 - 0x00007ffc241de000 	C:\Program Files\Java\jdk-11\bin\msvcp140.dll
0x00007ffb97a40000 - 0x00007ffb985a8000 	C:\Program Files\Java\jdk-11\bin\server\jvm.dll
0x00007ffc31bf0000 - 0x00007ffc31bf8000 	C:\Windows\System32\PSAPI.DLL
0x00007ffc2bbd0000 - 0x00007ffc2bbd9000 	C:\Windows\SYSTEM32\WSOCK32.dll
0x00007ffc32c90000 - 0x00007ffc32cfb000 	C:\Windows\System32\WS2_32.dll
0x00007ffc28950000 - 0x00007ffc28977000 	C:\Windows\SYSTEM32\WINMM.dll
0x00007ffc2ef60000 - 0x00007ffc2ef72000 	C:\Windows\SYSTEM32\kernel.appcore.dll
0x00007ffc2bb70000 - 0x00007ffc2bb80000 	C:\Program Files\Java\jdk-11\bin\verify.dll
0x00007ffc27ff0000 - 0x00007ffc281d4000 	C:\Windows\SYSTEM32\DBGHELP.DLL
0x00007ffc1f6f0000 - 0x00007ffc1f724000 	C:\Windows\SYSTEM32\dbgcore.DLL
0x00007ffc31230000 - 0x00007ffc312b2000 	C:\Windows\System32\bcryptPrimitives.dll
0x00007ffc251c0000 - 0x00007ffc251e8000 	C:\Program Files\Java\jdk-11\bin\java.dll
0x00007ffc29e40000 - 0x00007ffc29e4a000 	C:\Program Files\Java\jdk-11\bin\jimage.dll
0x00007ffc249a0000 - 0x00007ffc249b7000 	C:\Program Files\Java\jdk-11\bin\zip.dll
0x00007ffc31cc0000 - 0x00007ffc32404000 	C:\Windows\System32\SHELL32.dll
0x00007ffc2f160000 - 0x00007ffc2f8f3000 	C:\Windows\SYSTEM32\windows.storage.dll
0x00007ffc33630000 - 0x00007ffc33984000 	C:\Windows\System32\combase.dll
0x00007ffc30980000 - 0x00007ffc309ae000 	C:\Windows\SYSTEM32\Wldp.dll
0x00007ffc32a30000 - 0x00007ffc32add000 	C:\Windows\System32\SHCORE.dll
0x00007ffc31c60000 - 0x00007ffc31cb5000 	C:\Windows\System32\shlwapi.dll
0x00007ffc31020000 - 0x00007ffc3103f000 	C:\Windows\SYSTEM32\profapi.dll
0x00007ffc24980000 - 0x00007ffc24999000 	C:\Program Files\Java\jdk-11\bin\net.dll
0x00007ffc25d40000 - 0x00007ffc25e4a000 	C:\Windows\SYSTEM32\WINHTTP.dll
0x00007ffc30760000 - 0x00007ffc307ca000 	C:\Windows\system32\mswsock.dll
0x00007ffc24960000 - 0x00007ffc24972000 	C:\Program Files\Java\jdk-11\bin\nio.dll
0x00007ffc29ef0000 - 0x00007ffc29f17000 	C:\Users\User\.gradle\native\e1d6ef7f7dcc3fd88c89a11ec53ec762bb8ba0a96d01ffa2cd45eb1d1d8dd5c5\windows-amd64\native-platform.dll
0x00007ffc07ab0000 - 0x00007ffc07bf4000 	C:\Users\User\.gradle\native\0d407fdbe67a94daf76414ababcb853783967236a71b16ec16e742cd7a986fd3\windows-amd64\native-platform-file-events.dll
0x00007ffc29a10000 - 0x00007ffc29a19000 	C:\Program Files\Java\jdk-11\bin\management.dll
0x00007ffc25730000 - 0x00007ffc2573b000 	C:\Program Files\Java\jdk-11\bin\management_ext.dll
0x00007ffc309c0000 - 0x00007ffc309d8000 	C:\Windows\SYSTEM32\CRYPTSP.dll
0x00007ffc300a0000 - 0x00007ffc300d4000 	C:\Windows\system32\rsaenh.dll
0x00007ffc31960000 - 0x00007ffc31987000 	C:\Windows\System32\bcrypt.dll
0x00007ffc30fe0000 - 0x00007ffc3100e000 	C:\Windows\SYSTEM32\USERENV.dll
0x00007ffc308f0000 - 0x00007ffc308fc000 	C:\Windows\SYSTEM32\CRYPTBASE.dll
0x00007ffc30470000 - 0x00007ffc304ac000 	C:\Windows\SYSTEM32\IPHLPAPI.DLL
0x00007ffc32af0000 - 0x00007ffc32af8000 	C:\Windows\System32\NSI.dll
0x00007ffc27fd0000 - 0x00007ffc27fe7000 	C:\Windows\SYSTEM32\dhcpcsvc6.DLL
0x00007ffc2aa20000 - 0x00007ffc2aa3d000 	C:\Windows\SYSTEM32\dhcpcsvc.DLL
0x00007ffc304b0000 - 0x00007ffc3057b000 	C:\Windows\SYSTEM32\DNSAPI.dll
0x00007ffc2bbe0000 - 0x00007ffc2bbe7000 	C:\Program Files\Java\jdk-11\bin\rmi.dll
0x00007ffc29e90000 - 0x00007ffc29eae000 	C:\Users\User\AppData\Local\Temp\native-platform15372386087114061375dir\native-platform.dll

dbghelp: loaded successfully - version: 4.0.5 - missing functions: none
symbol engine: initialized successfully - sym options: 0x614 - pdb path: .;C:\Program Files\Java\jdk-11\bin;C:\Windows\SYSTEM32;C:\Windows\WinSxS\amd64_microsoft.windows.common-controls_6595b64144ccf1df_6.0.19041.1110_none_60b5254171f9507e;C:\Program Files\Java\jdk-11\bin\server;C:\Users\User\.gradle\native\e1d6ef7f7dcc3fd88c89a11ec53ec762bb8ba0a96d01ffa2cd45eb1d1d8dd5c5\windows-amd64;C:\Users\User\.gradle\native\0d407fdbe67a94daf76414ababcb853783967236a71b16ec16e742cd7a986fd3\windows-amd64;C:\Users\User\AppData\Local\Temp\native-platform15372386087114061375dir

VM Arguments:
jvm_args: -XX:MaxMetaspaceSize=512m --add-opens=java.base/java.util=ALL-UNNAMED --add-opens=java.base/java.lang=ALL-UNNAMED --add-opens=java.base/java.lang.invoke=ALL-UNNAMED --add-opens=java.base/java.util=ALL-UNNAMED --add-opens=java.prefs/java.util.prefs=ALL-UNNAMED --add-opens=java.prefs/java.util.prefs=ALL-UNNAMED --add-opens=java.base/java.nio.charset=ALL-UNNAMED --add-opens=java.base/java.net=ALL-UNNAMED --add-opens=java.base/java.util.concurrent.atomic=ALL-UNNAMED -Xmx2048m -Dfile.encoding=windows-1252 -Duser.country=US -Duser.language=en -Duser.variant 
java_command: org.gradle.launcher.daemon.bootstrap.GradleDaemon 7.5.1
java_class_path (initial): C:\Users\User\.gradle\wrapper\dists\gradle-7.5.1-all\1ehga6e77gqps5uk2kc5kf1vc\gradle-7.5.1\lib\gradle-launcher-7.5.1.jar
Launcher Type: SUN_STANDARD

[Global flags]
     intx CICompilerCount                          = 3                                         {product} {ergonomic}
   size_t CompressedClassSpaceSize                 = 528482304                                 {product} {ergonomic}
     uint ConcGCThreads                            = 1                                         {product} {ergonomic}
     uint G1ConcRefinementThreads                  = 4                                         {product} {ergonomic}
   size_t G1HeapRegionSize                         = 1048576                                   {product} {ergonomic}
    uintx GCDrainStackTargetSize                   = 64                                        {product} {ergonomic}
   size_t InitialHeapSize                          = 58720256                                  {product} {ergonomic}
   size_t MarkStackSize                            = 4194304                                   {product} {ergonomic}
   size_t MaxHeapSize                              = 2147483648                                {product} {command line}
   size_t MaxMetaspaceSize                         = 536870912                                 {product} {command line}
   size_t MaxNewSize                               = 1287651328                                {product} {ergonomic}
   size_t MinHeapDeltaBytes                        = 1048576                                   {product} {ergonomic}
    uintx NonNMethodCodeHeapSize                   = 5830732                                {pd product} {ergonomic}
    uintx NonProfiledCodeHeapSize                  = 122913754                              {pd product} {ergonomic}
    uintx ProfiledCodeHeapSize                     = 122913754                              {pd product} {ergonomic}
    uintx ReservedCodeCacheSize                    = 251658240                              {pd product} {ergonomic}
     bool SegmentedCodeCache                       = true                                      {product} {ergonomic}
     bool UseCompressedClassPointers               = true                                 {lp64_product} {ergonomic}
     bool UseCompressedOops                        = true                                 {lp64_product} {ergonomic}
     bool UseG1GC                                  = true                                      {product} {ergonomic}
     bool UseLargePagesIndividualAllocation        = false                                  {pd product} {ergonomic}

Logging:
Log output configuration:
 #0: stdout all=warning uptime,level,tags
 #1: stderr all=off uptime,level,tags

Environment Variables:
CLASSPATH=C:\Users\User\ProjectMobileDevelopment\android\\gradle\wrapper\gradle-wrapper.jar
PATH=C:\Users\User\ProjectMobileDevelopment\android\node_modules\.bin;C:\Users\User\ProjectMobileDevelopment\node_modules\.bin;C:\Users\User\node_modules\.bin;C:\Users\node_modules\.bin;C:\node_modules\.bin;C:\Program Files\nodejs;C:\Users\User\ProjectMobileDevelopment\node_modules\.bin;C:\Users\User\ProjectMobileDevelopment\node_modules\.bin;C:\Users\User\node_modules\.bin;C:\Users\node_modules\.bin;C:\node_modules\.bin;C:\Program Files\nodejs\node_modules\npm\node_modules\@npmcli\run-script\lib\node-gyp-bin;C:\Program Files\Common Files\Oracle\Java\javapath;C:\Windows\system32;C:\Windows;C:\Windows\System32\Wbem;C:\Windows\System32\WindowsPowerShell\v1.0\;C:\Windows\System32\OpenSSH\;C:\Program Files\Microsoft SQL Server\150\Tools\Binn\;C:\Program Files\Git\cmd;C:\Program Files\nodejs\;C:\Users\User\AppData\Local\Android\Sdk\platform-tools;C:\Users\User\AppData\Local\Microsoft\WindowsApps;C:\Users\User\AppData\Local\Programs\Microsoft VS Code\bin;C:\Users\User\AppData\Roaming\npm;C:\Users\User\AppData\Local\Android\Sdk\platform-tools;
USERNAME=User
OS=Windows_NT
PROCESSOR_IDENTIFIER=AMD64 Family 23 Model 24 Stepping 1, AuthenticAMD



---------------  S Y S T E M  ---------------

OS: Windows 10 , 64 bit Build 19041 (10.0.19041.2788)
Hyper-V role detected

CPU:total 4 (initial active 4) (4 cores per cpu, 2 threads per core) family 23 model 24 stepping 1 microcode 0x0, cmov, cx8, fxsr, mmx, sse, sse2, sse3, ssse3, sse4.1, sse4.2, popcnt, avx, avx2, aes, clmul, mmxext, 3dnowpref, lzcnt, sse4a, ht, tsc, tscinvbit, tscinv, bmi1, bmi2, adx, s

Memory: 4k page, system-wide physical 3460M (168M free)
TotalPageFile size 14212M (AvailPageFile size 0M)
current process WorkingSet (physical memory assigned to process): 419M, peak: 535M
current process commit charge ("private bytes"): 709M, peak: 709M

vm_info: Java HotSpot(TM) 64-Bit Server VM (11.0.18+9-LTS-195) for windows-amd64 JRE (11.0.18+9-LTS-195), built on Dec  6 2022 15:50:58 by "mach5one" with MS VC++ 17.1 (VS2022)

END.
