#
# There is insufficient memory for the Java Runtime Environment to continue.
# Native memory allocation (mmap) failed to map 1048576 bytes for Failed to commit area from 0x0000000093400000 to 0x0000000093500000 of length 1048576.
# Possible reasons:
#   The system is out of physical RAM or swap space
#   The process is running with CompressedOops enabled, and the Java Heap may be blocking the growth of the native heap
# Possible solutions:
#   Reduce memory load on the system
#   Increase physical memory or swap space
#   Check if swap backing store is full
#   Decrease Java heap size (-Xmx/-Xms)
#   Decrease number of Java threads
#   Decrease Java thread stack sizes (-Xss)
#   Set larger code cache with -XX:ReservedCodeCacheSize=
#   JVM is running with Unscaled Compressed Oops mode in which the Java heap is
#     placed in the first 4GB address space. The Java Heap base address is the
#     maximum limit for the native heap growth. Please use -XX:HeapBaseMinAddress
#     to set the Java Heap base and to place the Java Heap above 4GB virtual address.
# This output file may be truncated or incomplete.
#
#  Out of Memory Error (./open/src/hotspot/os/windows/os_windows.cpp:3292), pid=17520, tid=17588
#
# JRE version: Java(TM) SE Runtime Environment 18.9 (11.0.18+9) (build 11.0.18+9-LTS-195)
# Java VM: Java HotSpot(TM) 64-Bit Server VM 18.9 (11.0.18+9-LTS-195, mixed mode, tiered, compressed oops, g1 gc, windows-amd64)
# No core dump will be written. Minidumps are not enabled by default on client versions of Windows
#

---------------  S U M M A R Y ------------

Command Line: -XX:MaxMetaspaceSize=512m --add-opens=java.base/java.util=ALL-UNNAMED --add-opens=java.base/java.lang=ALL-UNNAMED --add-opens=java.base/java.lang.invoke=ALL-UNNAMED --add-opens=java.base/java.util=ALL-UNNAMED --add-opens=java.prefs/java.util.prefs=ALL-UNNAMED --add-opens=java.prefs/java.util.prefs=ALL-UNNAMED --add-opens=java.base/java.nio.charset=ALL-UNNAMED --add-opens=java.base/java.net=ALL-UNNAMED --add-opens=java.base/java.util.concurrent.atomic=ALL-UNNAMED -Xmx2048m -Dfile.encoding=windows-1252 -Duser.country=US -Duser.language=en -Duser.variant org.gradle.launcher.daemon.bootstrap.GradleDaemon 7.5.1

Host: AMD Ryzen 3 3250U with Radeon Graphics         , 4 cores, 3G,  Windows 10 , 64 bit Build 19041 (10.0.19041.2788)
Time: Wed Apr 26 13:55:07 2023 Malay Peninsula Standard Time elapsed time: 1177.666012 seconds (0d 0h 19m 37s)

---------------  T H R E A D  ---------------

Current thread (0x000002668fac7000):  GCTaskThread "GC Thread#0" [stack: 0x0000009b4c400000,0x0000009b4c500000] [id=17588]

Stack: [0x0000009b4c400000,0x0000009b4c500000]
[error occurred during error reporting (printing stack bounds), id 0xc0000005, EXCEPTION_ACCESS_VIOLATION (0xc0000005) at pc=0x0000026697190f2d]

Native frames: (J=compiled Java code, j=interpreted, Vv=VM code, C=native code)
V  [jvm.dll+0x65d8aa]
V  [jvm.dll+0x79fc1f]
V  [jvm.dll+0x7a12e9]
V  [jvm.dll+0x7a18e5]
V  [jvm.dll+0x7a189b]
V  [jvm.dll+0x65cdb3]
V  [jvm.dll+0x65d4a8]
C  [ntdll.dll+0xa23df]
C  [ntdll.dll+0x514a4]
C  [ntdll.dll+0xa0f0e]
C  0x0000026697190f2d


---------------  P R O C E S S  ---------------

Threads class SMR info:
_java_thread_list=0x00000266b22988f0, length=121, elements={
0x000002668fab1800, 0x00000266ad9fc800, 0x00000266ad9fd800, 0x00000266ada22800,
0x00000266ada67800, 0x00000266ada69000, 0x00000266ada6e800, 0x00000266ada73800,
0x00000266ada78800, 0x00000266adce4000, 0x00000266af6fe000, 0x00000266aee4b800,
0x00000266aee4c800, 0x00000266ae002800, 0x00000266ae006800, 0x00000266ae003800,
0x00000266ae004000, 0x00000266ae005000, 0x00000266ae009000, 0x00000266affbb000,
0x00000266affbf000, 0x00000266affc0000, 0x00000266affc6800, 0x00000266affc4000,
0x00000266affc2800, 0x00000266b1a40800, 0x00000266aff02800, 0x00000266aff0c800,
0x00000266aff06800, 0x00000266aff08000, 0x00000266b1a3b000, 0x00000266b1a3b800,
0x00000266b1a36000, 0x00000266b1a37000, 0x00000266b1a3c800, 0x00000266b1a3d800,
0x00000266b1a37800, 0x00000266b1a3a000, 0x00000266b1a3e000, 0x00000266b1a38800,
0x00000266b1a3f000, 0x00000266b1a44000, 0x00000266b1a41800, 0x00000266b1a43000,
0x00000266b1a42000, 0x00000266b1a44800, 0x00000266aff06000, 0x00000266aff05000,
0x00000266aff03800, 0x00000266aff01800, 0x00000266aff01000, 0x00000266aff00000,
0x00000266aff04000, 0x00000266aff0a000, 0x00000266aff07800, 0x00000266aff0a800,
0x00000266aff0e000, 0x00000266aff0d000, 0x00000266aff0e800, 0x00000266aff09000,
0x00000266affbe000, 0x00000266affbc000, 0x00000266affc0800, 0x00000266affc1800,
0x00000266affbc800, 0x00000266affc9000, 0x00000266affc7000, 0x00000266affc8000,
0x00000266affc3000, 0x00000266affc5800, 0x00000266affc4800, 0x00000266ae007800,
0x00000266ae005800, 0x00000266ae008000, 0x00000266b6fe1000, 0x00000266b6fe0800,
0x00000266b6fdd000, 0x00000266b6fe2000, 0x00000266b6fdc800, 0x00000266b6fde000,
0x00000266b6fe4800, 0x00000266b6fe3800, 0x00000266b6fe3000, 0x00000266b6fde800,
0x00000266b6fe5800, 0x00000266b6fdf800, 0x00000266b6fe7800, 0x00000266b6fe9800,
0x00000266b6fea000, 0x00000266b6fe6000, 0x00000266b6fe7000, 0x00000266ae17e000,
0x00000266ae181800, 0x00000266ae180800, 0x00000266ae17c800, 0x00000266ae183000,
0x00000266ae17f000, 0x00000266ae17d800, 0x00000266ae186000, 0x00000266ae188000,
0x00000266ae185800, 0x00000266ae18a800, 0x00000266ae18b000, 0x00000266b6fe8800,
0x00000266bb144000, 0x00000266bb143000, 0x00000266bb147800, 0x00000266bb145000,
0x00000266bb148000, 0x00000266bb146800, 0x00000266bb142800, 0x00000266bb14e000,
0x00000266bb14f800, 0x00000266bb14d000, 0x00000266bb149800, 0x00000266bb150000,
0x00000266bb14a800, 0x00000266bb145800, 0x00000266bb151000, 0x00000266bb14c000,
0x00000266ae188800
}

Java Threads: ( => current thread )
  0x000002668fab1800 JavaThread "main" [_thread_blocked, id=17584, stack(0x0000009b4c300000,0x0000009b4c400000)]
  0x00000266ad9fc800 JavaThread "Reference Handler" daemon [_thread_blocked, id=17612, stack(0x0000009b4ca00000,0x0000009b4cb00000)]
  0x00000266ad9fd800 JavaThread "Finalizer" daemon [_thread_blocked, id=17616, stack(0x0000009b4cb00000,0x0000009b4cc00000)]
  0x00000266ada22800 JavaThread "Signal Dispatcher" daemon [_thread_blocked, id=17620, stack(0x0000009b4cc00000,0x0000009b4cd00000)]
  0x00000266ada67800 JavaThread "Attach Listener" daemon [_thread_blocked, id=17624, stack(0x0000009b4cd00000,0x0000009b4ce00000)]
  0x00000266ada69000 JavaThread "Service Thread" daemon [_thread_blocked, id=17628, stack(0x0000009b4ce00000,0x0000009b4cf00000)]
  0x00000266ada6e800 JavaThread "C2 CompilerThread0" daemon [_thread_in_native, id=17632, stack(0x0000009b4cf00000,0x0000009b4d000000)]
  0x00000266ada73800 JavaThread "C1 CompilerThread0" daemon [_thread_blocked, id=17636, stack(0x0000009b4d000000,0x0000009b4d100000)]
  0x00000266ada78800 JavaThread "Sweeper thread" daemon [_thread_blocked, id=17640, stack(0x0000009b4d100000,0x0000009b4d200000)]
  0x00000266adce4000 JavaThread "Common-Cleaner" daemon [_thread_blocked, id=17644, stack(0x0000009b4d200000,0x0000009b4d300000)]
  0x00000266af6fe000 JavaThread "Daemon health stats" [_thread_blocked, id=17696, stack(0x0000009b4d500000,0x0000009b4d600000)]
  0x00000266aee4b800 JavaThread "Incoming local TCP Connector on port 53157" [_thread_in_native, id=17716, stack(0x0000009b4d600000,0x0000009b4d700000)]
  0x00000266aee4c800 JavaThread "Daemon periodic checks" [_thread_blocked, id=17720, stack(0x0000009b4d700000,0x0000009b4d800000)]
  0x00000266ae002800 JavaThread "Cache worker for journal cache (C:\Users\User\.gradle\caches\journal-1)" [_thread_blocked, id=17788, stack(0x0000009b4e100000,0x0000009b4e200000)]
  0x00000266ae006800 JavaThread "File lock request listener" [_thread_in_native, id=17796, stack(0x0000009b4e200000,0x0000009b4e300000)]
  0x00000266ae003800 JavaThread "Cache worker for file hash cache (C:\Users\User\.gradle\caches\7.5.1\fileHashes)" [_thread_blocked, id=17804, stack(0x0000009b4e300000,0x0000009b4e400000)]
  0x00000266ae004000 JavaThread "File watcher server" daemon [_thread_blocked, id=17820, stack(0x0000009b4e400000,0x0000009b4e500000)]
  0x00000266ae005000 JavaThread "File watcher consumer" daemon [_thread_blocked, id=17824, stack(0x0000009b4e500000,0x0000009b4e600000)]
  0x00000266ae009000 JavaThread "Cache worker for file content cache (C:\Users\User\.gradle\caches\7.5.1\fileContent)" [_thread_blocked, id=17848, stack(0x0000009b4e800000,0x0000009b4e900000)]
  0x00000266affbb000 JavaThread "Cache worker for execution history cache (C:\Users\User\.gradle\caches\7.5.1\executionHistory)" [_thread_blocked, id=17864, stack(0x0000009b4eb00000,0x0000009b4ec00000)]
  0x00000266affbf000 JavaThread "jar transforms" [_thread_blocked, id=17916, stack(0x0000009b4ed00000,0x0000009b4ee00000)]
  0x00000266affc0000 JavaThread "jar transforms Thread 2" [_thread_blocked, id=17924, stack(0x0000009b4ee00000,0x0000009b4ef00000)]
  0x00000266affc6800 JavaThread "jar transforms Thread 3" [_thread_blocked, id=17932, stack(0x0000009b4ef00000,0x0000009b4f000000)]
  0x00000266affc4000 JavaThread "jar transforms Thread 4" [_thread_blocked, id=17940, stack(0x0000009b4f000000,0x0000009b4f100000)]
  0x00000266affc2800 JavaThread "Cache worker for kotlin-dsl (C:\Users\User\.gradle\caches\7.5.1\kotlin-dsl)" [_thread_blocked, id=4236, stack(0x0000009b4f200000,0x0000009b4f300000)]
  0x00000266b1a40800 JavaThread "Memory manager" [_thread_blocked, id=17484, stack(0x0000009b51700000,0x0000009b51800000)]
  0x00000266aff02800 JavaThread "pool-3-thread-1" [_thread_blocked, id=19944, stack(0x0000009b4c100000,0x0000009b4c200000)]
  0x00000266aff0c800 JavaThread "Monitor" [_thread_in_native, id=20100, stack(0x0000009b4c000000,0x0000009b4c100000)]
  0x00000266aff06800 JavaThread "JdwpProxyConnection" [_thread_in_native, id=20272, stack(0x0000009b4f100000,0x0000009b4f200000)]
  0x00000266aff08000 JavaThread "Device List Monitor" [_thread_in_native, id=20276, stack(0x0000009b52600000,0x0000009b52700000)]
  0x00000266b1a3b000 JavaThread "Daemon Thread 2" [_thread_blocked, id=6056, stack(0x0000009b4c200000,0x0000009b4c300000)]
  0x00000266b1a3b800 JavaThread "Handler for socket connection from /127.0.0.1:53157 to /127.0.0.1:53825" [_thread_in_native, id=7688, stack(0x0000009b4d800000,0x0000009b4d900000)]
  0x00000266b1a36000 JavaThread "Cancel handler" [_thread_blocked, id=13640, stack(0x0000009b4d900000,0x0000009b4da00000)]
  0x00000266b1a37000 JavaThread "Daemon worker Thread 2" [_thread_blocked, id=14280, stack(0x0000009b4da00000,0x0000009b4db00000)]
  0x00000266b1a3c800 JavaThread "Asynchronous log dispatcher for DefaultDaemonConnection: socket connection from /127.0.0.1:53157 to /127.0.0.1:53825" [_thread_blocked, id=5636, stack(0x0000009b4db00000,0x0000009b4dc00000)]
  0x00000266b1a3d800 JavaThread "Stdin handler" [_thread_blocked, id=4224, stack(0x0000009b4dc00000,0x0000009b4dd00000)]
  0x00000266b1a37800 JavaThread "Daemon client event forwarder" [_thread_blocked, id=6204, stack(0x0000009b4dd00000,0x0000009b4de00000)]
  0x00000266b1a3a000 JavaThread "Cache worker for checksums cache (C:\Users\User\ProjectMobileDevelopment\android\.gradle\7.5.1\checksums)" [_thread_blocked, id=8572, stack(0x0000009b4de00000,0x0000009b4df00000)]
  0x00000266b1a3e000 JavaThread "Cache worker for cache directory md-rule (C:\Users\User\.gradle\caches\7.5.1\md-rule)" [_thread_blocked, id=1364, stack(0x0000009b4e600000,0x0000009b4e700000)]
  0x00000266b1a38800 JavaThread "Cache worker for file hash cache (C:\Users\User\ProjectMobileDevelopment\android\.gradle\7.5.1\fileHashes)" [_thread_blocked, id=14084, stack(0x0000009b4e700000,0x0000009b4e800000)]
  0x00000266b1a3f000 JavaThread "Cache worker for cache directory md-supplier (C:\Users\User\.gradle\caches\7.5.1\md-supplier)" [_thread_blocked, id=18928, stack(0x0000009b4e900000,0x0000009b4ea00000)]
  0x00000266b1a44000 JavaThread "Cache worker for dependencies-accessors (C:\Users\User\ProjectMobileDevelopment\android\.gradle\7.5.1\dependencies-accessors)" [_thread_blocked, id=8944, stack(0x0000009b4ea00000,0x0000009b4eb00000)]
  0x00000266b1a41800 JavaThread "Cache worker for Build Output Cleanup Cache (C:\Users\User\ProjectMobileDevelopment\node_modules\react-native-gradle-plugin\.gradle\buildOutputCleanup)" [_thread_blocked, id=8160, stack(0x0000009b4ec00000,0x0000009b4ed00000)]
  0x00000266b1a43000 JavaThread "Unconstrained build operations" [_thread_blocked, id=8404, stack(0x0000009b4f400000,0x0000009b4f500000)]
  0x00000266b1a42000 JavaThread "Unconstrained build operations Thread 2" [_thread_blocked, id=15876, stack(0x0000009b4f500000,0x0000009b4f600000)]
  0x00000266b1a44800 JavaThread "Unconstrained build operations Thread 3" [_thread_blocked, id=8452, stack(0x0000009b4f600000,0x0000009b4f700000)]
  0x00000266aff06000 JavaThread "Unconstrained build operations Thread 4" [_thread_blocked, id=15872, stack(0x0000009b4f700000,0x0000009b4f800000)]
  0x00000266aff05000 JavaThread "Unconstrained build operations Thread 5" [_thread_blocked, id=13596, stack(0x0000009b4f800000,0x0000009b4f900000)]
  0x00000266aff03800 JavaThread "Unconstrained build operations Thread 6" [_thread_blocked, id=3408, stack(0x0000009b4f900000,0x0000009b4fa00000)]
  0x00000266aff01800 JavaThread "Unconstrained build operations Thread 7" [_thread_blocked, id=13976, stack(0x0000009b4fa00000,0x0000009b4fb00000)]
  0x00000266aff01000 JavaThread "Unconstrained build operations Thread 8" [_thread_blocked, id=15864, stack(0x0000009b4fb00000,0x0000009b4fc00000)]
  0x00000266aff00000 JavaThread "Unconstrained build operations Thread 9" [_thread_blocked, id=3936, stack(0x0000009b4fc00000,0x0000009b4fd00000)]
  0x00000266aff04000 JavaThread "Unconstrained build operations Thread 10" [_thread_blocked, id=8792, stack(0x0000009b4fd00000,0x0000009b4fe00000)]
  0x00000266aff0a000 JavaThread "Unconstrained build operations Thread 11" [_thread_blocked, id=6540, stack(0x0000009b4fe00000,0x0000009b4ff00000)]
  0x00000266aff07800 JavaThread "Unconstrained build operations Thread 12" [_thread_blocked, id=4524, stack(0x0000009b4ff00000,0x0000009b50000000)]
  0x00000266aff0a800 JavaThread "Unconstrained build operations Thread 13" [_thread_blocked, id=15844, stack(0x0000009b50000000,0x0000009b50100000)]
  0x00000266aff0e000 JavaThread "Unconstrained build operations Thread 14" [_thread_blocked, id=2028, stack(0x0000009b50100000,0x0000009b50200000)]
  0x00000266aff0d000 JavaThread "Unconstrained build operations Thread 15" [_thread_blocked, id=7428, stack(0x0000009b50200000,0x0000009b50300000)]
  0x00000266aff0e800 JavaThread "Unconstrained build operations Thread 16" [_thread_blocked, id=9536, stack(0x0000009b50300000,0x0000009b50400000)]
  0x00000266aff09000 JavaThread "Unconstrained build operations Thread 17" [_thread_blocked, id=15908, stack(0x0000009b50400000,0x0000009b50500000)]
  0x00000266affbe000 JavaThread "Unconstrained build operations Thread 18" [_thread_blocked, id=10840, stack(0x0000009b50500000,0x0000009b50600000)]
  0x00000266affbc000 JavaThread "Unconstrained build operations Thread 19" [_thread_blocked, id=2008, stack(0x0000009b50600000,0x0000009b50700000)]
  0x00000266affc0800 JavaThread "Unconstrained build operations Thread 20" [_thread_blocked, id=5804, stack(0x0000009b50700000,0x0000009b50800000)]
  0x00000266affc1800 JavaThread "Unconstrained build operations Thread 21" [_thread_blocked, id=15916, stack(0x0000009b50800000,0x0000009b50900000)]
  0x00000266affbc800 JavaThread "Unconstrained build operations Thread 22" [_thread_blocked, id=7436, stack(0x0000009b50900000,0x0000009b50a00000)]
  0x00000266affc9000 JavaThread "Unconstrained build operations Thread 23" [_thread_blocked, id=7684, stack(0x0000009b50a00000,0x0000009b50b00000)]
  0x00000266affc7000 JavaThread "Unconstrained build operations Thread 24" [_thread_blocked, id=528, stack(0x0000009b50b00000,0x0000009b50c00000)]
  0x00000266affc8000 JavaThread "Unconstrained build operations Thread 25" [_thread_blocked, id=15896, stack(0x0000009b50c00000,0x0000009b50d00000)]
  0x00000266affc3000 JavaThread "Unconstrained build operations Thread 26" [_thread_blocked, id=15888, stack(0x0000009b50d00000,0x0000009b50e00000)]
  0x00000266affc5800 JavaThread "Unconstrained build operations Thread 27" [_thread_blocked, id=8136, stack(0x0000009b50e00000,0x0000009b50f00000)]
  0x00000266affc4800 JavaThread "Unconstrained build operations Thread 28" [_thread_blocked, id=5440, stack(0x0000009b50f00000,0x0000009b51000000)]
  0x00000266ae007800 JavaThread "Unconstrained build operations Thread 29" [_thread_blocked, id=9880, stack(0x0000009b51000000,0x0000009b51100000)]
  0x00000266ae005800 JavaThread "Unconstrained build operations Thread 30" [_thread_blocked, id=15860, stack(0x0000009b51100000,0x0000009b51200000)]
  0x00000266ae008000 JavaThread "Unconstrained build operations Thread 31" [_thread_blocked, id=15880, stack(0x0000009b51200000,0x0000009b51300000)]
  0x00000266b6fe1000 JavaThread "Unconstrained build operations Thread 32" [_thread_blocked, id=14252, stack(0x0000009b51300000,0x0000009b51400000)]
  0x00000266b6fe0800 JavaThread "Unconstrained build operations Thread 33" [_thread_blocked, id=20388, stack(0x0000009b51400000,0x0000009b51500000)]
  0x00000266b6fdd000 JavaThread "build event listener" [_thread_blocked, id=1624, stack(0x0000009b51500000,0x0000009b51600000)]
  0x00000266b6fe2000 JavaThread "Cache worker for Build Output Cleanup Cache (C:\Users\User\ProjectMobileDevelopment\android\.gradle\buildOutputCleanup)" [_thread_blocked, id=10160, stack(0x0000009b51600000,0x0000009b51700000)]
  0x00000266b6fdc800 JavaThread "included builds" [_thread_blocked, id=11048, stack(0x0000009b51800000,0x0000009b51900000)]
  0x00000266b6fde000 JavaThread "Execution worker" [_thread_blocked, id=5352, stack(0x0000009b51900000,0x0000009b51a00000)]
  0x00000266b6fe4800 JavaThread "Execution worker Thread 2" [_thread_blocked, id=7396, stack(0x0000009b51a00000,0x0000009b51b00000)]
  0x00000266b6fe3800 JavaThread "Execution worker Thread 3" [_thread_blocked, id=13724, stack(0x0000009b51b00000,0x0000009b51c00000)]
  0x00000266b6fe3000 JavaThread "Cache worker for execution history cache (C:\Users\User\ProjectMobileDevelopment\node_modules\react-native-gradle-plugin\.gradle\7.5.1\executionHistory)" [_thread_blocked, id=10292, stack(0x0000009b51c00000,0x0000009b51d00000)]
  0x00000266b6fde800 JavaThread "Unconstrained build operations Thread 34" [_thread_blocked, id=4488, stack(0x0000009b51d00000,0x0000009b51e00000)]
  0x00000266b6fe5800 JavaThread "Unconstrained build operations Thread 35" [_thread_blocked, id=15900, stack(0x0000009b51e00000,0x0000009b51f00000)]
  0x00000266b6fdf800 JavaThread "Unconstrained build operations Thread 36" [_thread_blocked, id=8104, stack(0x0000009b51f00000,0x0000009b52000000)]
  0x00000266b6fe7800 JavaThread "Unconstrained build operations Thread 37" [_thread_blocked, id=15904, stack(0x0000009b52000000,0x0000009b52100000)]
  0x00000266b6fe9800 JavaThread "Unconstrained build operations Thread 38" [_thread_blocked, id=14072, stack(0x0000009b52100000,0x0000009b52200000)]
  0x00000266b6fea000 JavaThread "Unconstrained build operations Thread 39" [_thread_blocked, id=8056, stack(0x0000009b52200000,0x0000009b52300000)]
  0x00000266b6fe6000 JavaThread "Unconstrained build operations Thread 40" [_thread_blocked, id=1608, stack(0x0000009b52300000,0x0000009b52400000)]
  0x00000266b6fe7000 JavaThread "RMI Scheduler(0)" daemon [_thread_blocked, id=18672, stack(0x0000009b52500000,0x0000009b52600000)]
  0x00000266ae17e000 JavaThread "RMI GC Daemon" daemon [_thread_blocked, id=12036, stack(0x0000009b52800000,0x0000009b52900000)]
  0x00000266ae181800 JavaThread "RMI TCP Accept-0" daemon [_thread_in_native, id=6044, stack(0x0000009b52900000,0x0000009b52a00000)]
  0x00000266ae180800 JavaThread "RMI Reaper" [_thread_blocked, id=8100, stack(0x0000009b52a00000,0x0000009b52b00000)]
  0x00000266ae17c800 JavaThread "pool-6-thread-1" [_thread_blocked, id=19784, stack(0x0000009b52700000,0x0000009b52800000)]
  0x00000266ae183000 JavaThread "build event listener" [_thread_blocked, id=13868, stack(0x0000009b52c00000,0x0000009b52d00000)]
  0x00000266ae17f000 JavaThread "Cache worker for execution history cache (C:\Users\User\ProjectMobileDevelopment\android\.gradle\7.5.1\executionHistory)" [_thread_blocked, id=2400, stack(0x0000009b52d00000,0x0000009b52e00000)]
  0x00000266ae17d800 JavaThread "WorkerExecutor Queue" [_thread_blocked, id=14796, stack(0x0000009b52e00000,0x0000009b52f00000)]
  0x00000266ae186000 JavaThread "WorkerExecutor Queue Thread 2" [_thread_in_native, id=5216, stack(0x0000009b52f00000,0x0000009b53000000)]
  0x00000266ae188000 JavaThread "WorkerExecutor Queue Thread 3" [_thread_blocked, id=17948, stack(0x0000009b53000000,0x0000009b53100000)]
  0x00000266ae185800 JavaThread "WorkerExecutor Queue Thread 4" [_thread_in_native, id=16828, stack(0x0000009b53100000,0x0000009b53200000)]
  0x00000266ae18a800 JavaThread "pool-7-thread-1" [_thread_blocked, id=19676, stack(0x0000009b53600000,0x0000009b53700000)]
  0x00000266ae18b000 JavaThread "stderr" [_thread_in_native, id=19684, stack(0x0000009b53700000,0x0000009b53800000)]
  0x00000266b6fe8800 JavaThread "stdout" [_thread_in_native, id=19708, stack(0x0000009b53800000,0x0000009b53900000)]
  0x00000266bb144000 JavaThread "Cache worker for Java compile cache (C:\Users\User\.gradle\caches\7.5.1\javaCompile)" [_thread_blocked, id=12116, stack(0x0000009b53a00000,0x0000009b53b00000)]
  0x00000266bb143000 JavaThread "RMI RenewClean-[127.0.0.1:17713,org.jetbrains.kotlin.daemon.common.LoopbackNetworkInterface$ClientLoopbackSocketFactory@68a55a32]" daemon [_thread_blocked, id=11068, stack(0x0000009b53900000,0x0000009b53a00000)]
  0x00000266bb147800 JavaThread "RMI RenewClean-[127.0.0.1:17965,org.jetbrains.kotlin.daemon.common.LoopbackNetworkInterface$ClientLoopbackSocketFactory@4fcfcf63]" daemon [_thread_blocked, id=16244, stack(0x0000009b53500000,0x0000009b53600000)]
  0x00000266bb145000 JavaThread "RMI RenewClean-[127.0.0.1:17207,org.jetbrains.kotlin.daemon.common.LoopbackNetworkInterface$ClientLoopbackSocketFactory@3c2bf7e9]" daemon [_thread_blocked, id=12164, stack(0x0000009b53b00000,0x0000009b53c00000)]
  0x00000266bb148000 JavaThread "RMI TCP Accept-0" daemon [_thread_in_native, id=9904, stack(0x0000009b53c00000,0x0000009b53d00000)]
  0x00000266bb146800 JavaThread "RMI RenewClean-[127.0.0.1:17499,org.jetbrains.kotlin.daemon.common.LoopbackNetworkInterface$ClientLoopbackSocketFactory@6e7a9ae6]" daemon [_thread_blocked, id=16248, stack(0x0000009b53e00000,0x0000009b53f00000)]
  0x00000266bb142800 JavaThread "RMI TCP Accept-0" daemon [_thread_in_native, id=15424, stack(0x0000009b53f00000,0x0000009b54000000)]
  0x00000266bb14e000 JavaThread "RMI TCP Connection(idle)" daemon [_thread_blocked, id=5400, stack(0x0000009b54000000,0x0000009b54100000)]
  0x00000266bb14f800 JavaThread "Build operations" [_thread_blocked, id=17936, stack(0x0000009b52400000,0x0000009b52500000)]
  0x00000266bb14d000 JavaThread "Build operations Thread 2" [_thread_blocked, id=12624, stack(0x0000009b52b00000,0x0000009b52c00000)]
  0x00000266bb149800 JavaThread "Build operations Thread 3" [_thread_blocked, id=15580, stack(0x0000009b54100000,0x0000009b54200000)]
  0x00000266bb150000 JavaThread "Build operations Thread 4" [_thread_blocked, id=7036, stack(0x0000009b54200000,0x0000009b54300000)]
  0x00000266bb14a800 JavaThread "File lock release action executor Thread 5" [_thread_blocked, id=1360, stack(0x0000009b54300000,0x0000009b54400000)]
  0x00000266bb145800 JavaThread "ForkJoinPool-1-worker-3" daemon [_thread_blocked, id=14972, stack(0x0000009b4f300000,0x0000009b4f400000)]
  0x00000266bb151000 JavaThread "ForkJoinPool-1-worker-5" daemon [_thread_blocked, id=5924, stack(0x0000009b53200000,0x0000009b53300000)]
  0x00000266bb14c000 JavaThread "ForkJoinPool-1-worker-7" daemon [_thread_blocked, id=16568, stack(0x0000009b53400000,0x0000009b53500000)]
  0x00000266ae188800 JavaThread "ForkJoinPool-1-worker-1" daemon [_thread_blocked, id=7060, stack(0x0000009b53d00000,0x0000009b53e00000)]

Other Threads:
  0x00000266ada0c800 VMThread "VM Thread" [stack: 0x0000009b4c900000,0x0000009b4ca00000] [id=17608]
  0x00000266add66800 WatcherThread [stack: 0x0000009b4d300000,0x0000009b4d400000] [id=17648]
=>0x000002668fac7000 GCTaskThread "GC Thread#0" [stack: 0x0000009b4c400000,0x0000009b4c500000] [id=17588]
  0x00000266adfaa000 GCTaskThread "GC Thread#1" [stack: 0x0000009b4d400000,0x0000009b4d500000] [id=17664]
  0x00000266aea59800 GCTaskThread "GC Thread#2" [stack: 0x0000009b4df00000,0x0000009b4e000000] [id=17780]
  0x00000266aed6d000 GCTaskThread "GC Thread#3" [stack: 0x0000009b4e000000,0x0000009b4e100000] [id=17784]
  0x000002668faf7800 ConcurrentGCThread "G1 Main Marker" [stack: 0x0000009b4c500000,0x0000009b4c600000] [id=17592]
  0x000002668faf8800 ConcurrentGCThread "G1 Conc#0" [stack: 0x0000009b4c600000,0x0000009b4c700000] [id=17596]
  0x000002668fb3e000 ConcurrentGCThread "G1 Refine#0" [stack: 0x0000009b4c700000,0x0000009b4c800000] [id=17600]
  0x000002668fb3f000 ConcurrentGCThread "G1 Young RemSet Sampling" [stack: 0x0000009b4c800000,0x0000009b4c900000] [id=17604]

Threads with active compile tasks:
C2 CompilerThread0  1177743 27741       4       com.android.tools.r8.dex.i::a (829 bytes)

VM state:at safepoint (normal execution)

VM Mutex/Monitor currently owned by a thread:  ([mutex/lock_event])
[0x000002668faaade0] FreeList_lock - owner thread: 0x000002668fac7000
[0x000002668faab850] Threads_lock - owner thread: 0x00000266ada0c800
[0x000002668faad2c0] Heap_lock - owner thread: 0x00000266b6fde000

Heap address: 0x0000000080000000, size: 2048 MB, Compressed Oops mode: 32-bit
Narrow klass base: 0x0000000000000000, Narrow klass shift: 3
Compressed class space size: 528482304 Address: 0x0000000100000000

Heap:
 garbage-first heap   total 316416K, used 311670K [0x0000000080000000, 0x0000000100000000)
  region size 1024K, 15 young (15360K), 2 survivors (2048K)
 Metaspace       used 183142K, capacity 187729K, committed 187904K, reserved 679936K
  class space    used 23240K, capacity 25024K, committed 25088K, reserved 516096K
Heap Regions: E=young(eden), S=young(survivor), O=old, HS=humongous(starts), HC=humongous(continues), CS=collection set, F=free, A=archive, TAMS=top-at-mark-start (previous, next)
|   0|0x0000000080000000, 0x0000000080100000, 0x0000000080100000|100%|HS|  |TAMS 0x0000000080100000, 0x0000000080000000| Complete 
|   1|0x0000000080100000, 0x0000000080200000, 0x0000000080200000|100%|HC|  |TAMS 0x0000000080200000, 0x0000000080100000| Complete 
|   2|0x0000000080200000, 0x0000000080300000, 0x0000000080300000|100%|HC|  |TAMS 0x0000000080300000, 0x0000000080200000| Complete 
|   3|0x0000000080300000, 0x0000000080400000, 0x0000000080400000|100%| O|  |TAMS 0x0000000080400000, 0x0000000080300000| Updating 
|   4|0x0000000080400000, 0x0000000080500000, 0x0000000080500000|100%| O|  |TAMS 0x0000000080500000, 0x0000000080400000| Updating 
|   5|0x0000000080500000, 0x0000000080600000, 0x0000000080600000|100%| O|  |TAMS 0x0000000080600000, 0x0000000080500000| Updating 
|   6|0x0000000080600000, 0x0000000080700000, 0x0000000080700000|100%| O|  |TAMS 0x0000000080700000, 0x0000000080600000| Updating 
|   7|0x0000000080700000, 0x0000000080800000, 0x0000000080800000|100%| O|  |TAMS 0x0000000080800000, 0x0000000080700000| Updating 
|   8|0x0000000080800000, 0x0000000080900000, 0x0000000080900000|100%| O|  |TAMS 0x0000000080900000, 0x0000000080800000| Updating 
|   9|0x0000000080900000, 0x0000000080a00000, 0x0000000080a00000|100%| O|  |TAMS 0x0000000080a00000, 0x0000000080900000| Updating 
|  10|0x0000000080a00000, 0x0000000080b00000, 0x0000000080b00000|100%| O|  |TAMS 0x0000000080b00000, 0x0000000080a00000| Updating 
|  11|0x0000000080b00000, 0x0000000080c00000, 0x0000000080c00000|100%| O|  |TAMS 0x0000000080c00000, 0x0000000080b00000| Updating 
|  12|0x0000000080c00000, 0x0000000080d00000, 0x0000000080d00000|100%| O|  |TAMS 0x0000000080d00000, 0x0000000080c00000| Updating 
|  13|0x0000000080d00000, 0x0000000080e00000, 0x0000000080e00000|100%| O|  |TAMS 0x0000000080e00000, 0x0000000080d00000| Updating 
|  14|0x0000000080e00000, 0x0000000080f00000, 0x0000000080f00000|100%| O|  |TAMS 0x0000000080f00000, 0x0000000080e00000| Updating 
|  15|0x0000000080f00000, 0x0000000081000000, 0x0000000081000000|100%| O|  |TAMS 0x0000000081000000, 0x0000000080f00000| Updating 
|  16|0x0000000081000000, 0x0000000081100000, 0x0000000081100000|100%| O|  |TAMS 0x0000000081100000, 0x0000000081000000| Updating 
|  17|0x0000000081100000, 0x0000000081200000, 0x0000000081200000|100%| O|  |TAMS 0x0000000081200000, 0x0000000081100000| Updating 
|  18|0x0000000081200000, 0x0000000081300000, 0x0000000081300000|100%| O|  |TAMS 0x0000000081300000, 0x0000000081200000| Updating 
|  19|0x0000000081300000, 0x0000000081400000, 0x0000000081400000|100%| O|  |TAMS 0x0000000081400000, 0x0000000081300000| Updating 
|  20|0x0000000081400000, 0x0000000081500000, 0x0000000081500000|100%| O|  |TAMS 0x0000000081500000, 0x0000000081400000| Updating 
|  21|0x0000000081500000, 0x0000000081600000, 0x0000000081600000|100%| O|  |TAMS 0x0000000081600000, 0x0000000081500000| Updating 
|  22|0x0000000081600000, 0x0000000081700000, 0x0000000081700000|100%| O|  |TAMS 0x0000000081700000, 0x0000000081600000| Updating 
|  23|0x0000000081700000, 0x0000000081800000, 0x0000000081800000|100%| O|  |TAMS 0x0000000081800000, 0x0000000081700000| Updating 
|  24|0x0000000081800000, 0x0000000081900000, 0x0000000081900000|100%| O|  |TAMS 0x0000000081900000, 0x0000000081800000| Updating 
|  25|0x0000000081900000, 0x0000000081a00000, 0x0000000081a00000|100%| O|  |TAMS 0x0000000081a00000, 0x0000000081900000| Updating 
|  26|0x0000000081a00000, 0x0000000081b00000, 0x0000000081b00000|100%| O|  |TAMS 0x0000000081b00000, 0x0000000081a00000| Updating 
|  27|0x0000000081b00000, 0x0000000081c00000, 0x0000000081c00000|100%| O|  |TAMS 0x0000000081c00000, 0x0000000081b00000| Updating 
|  28|0x0000000081c00000, 0x0000000081d00000, 0x0000000081d00000|100%| O|  |TAMS 0x0000000081d00000, 0x0000000081c00000| Updating 
|  29|0x0000000081d00000, 0x0000000081e00000, 0x0000000081e00000|100%|HS|  |TAMS 0x0000000081e00000, 0x0000000081d00000| Complete 
|  30|0x0000000081e00000, 0x0000000081f00000, 0x0000000081f00000|100%| O|  |TAMS 0x0000000081f00000, 0x0000000081e00000| Updating 
|  31|0x0000000081f00000, 0x0000000082000000, 0x0000000082000000|100%| O|  |TAMS 0x0000000082000000, 0x0000000081f00000| Updating 
|  32|0x0000000082000000, 0x0000000082100000, 0x0000000082100000|100%| O|  |TAMS 0x0000000082100000, 0x0000000082000000| Updating 
|  33|0x0000000082100000, 0x0000000082200000, 0x0000000082200000|100%| O|  |TAMS 0x0000000082200000, 0x0000000082100000| Updating 
|  34|0x0000000082200000, 0x0000000082300000, 0x0000000082300000|100%| O|  |TAMS 0x0000000082300000, 0x0000000082200000| Updating 
|  35|0x0000000082300000, 0x0000000082400000, 0x0000000082400000|100%| O|  |TAMS 0x0000000082400000, 0x0000000082300000| Updating 
|  36|0x0000000082400000, 0x0000000082500000, 0x0000000082500000|100%|HS|  |TAMS 0x0000000082500000, 0x0000000082400000| Complete 
|  37|0x0000000082500000, 0x0000000082600000, 0x0000000082600000|100%|HS|  |TAMS 0x0000000082600000, 0x0000000082500000| Complete 
|  38|0x0000000082600000, 0x0000000082700000, 0x0000000082700000|100%|HC|  |TAMS 0x0000000082700000, 0x0000000082600000| Complete 
|  39|0x0000000082700000, 0x0000000082800000, 0x0000000082800000|100%|HC|  |TAMS 0x0000000082800000, 0x0000000082700000| Complete 
|  40|0x0000000082800000, 0x0000000082900000, 0x0000000082900000|100%| O|  |TAMS 0x0000000082900000, 0x0000000082800000| Updating 
|  41|0x0000000082900000, 0x0000000082a00000, 0x0000000082a00000|100%| O|  |TAMS 0x0000000082a00000, 0x0000000082900000| Updating 
|  42|0x0000000082a00000, 0x0000000082b00000, 0x0000000082b00000|100%| O|  |TAMS 0x0000000082b00000, 0x0000000082a00000| Updating 
|  43|0x0000000082b00000, 0x0000000082c00000, 0x0000000082c00000|100%| O|  |TAMS 0x0000000082c00000, 0x0000000082b00000| Updating 
|  44|0x0000000082c00000, 0x0000000082d00000, 0x0000000082d00000|100%| O|  |TAMS 0x0000000082d00000, 0x0000000082c00000| Updating 
|  45|0x0000000082d00000, 0x0000000082e00000, 0x0000000082e00000|100%| O|  |TAMS 0x0000000082e00000, 0x0000000082d00000| Updating 
|  46|0x0000000082e00000, 0x0000000082f00000, 0x0000000082f00000|100%| O|  |TAMS 0x0000000082f00000, 0x0000000082e00000| Updating 
|  47|0x0000000082f00000, 0x0000000083000000, 0x0000000083000000|100%| O|  |TAMS 0x0000000083000000, 0x0000000082f00000| Updating 
|  48|0x0000000083000000, 0x0000000083100000, 0x0000000083100000|100%| O|  |TAMS 0x0000000083100000, 0x0000000083000000| Updating 
|  49|0x0000000083100000, 0x0000000083200000, 0x0000000083200000|100%| O|  |TAMS 0x0000000083200000, 0x0000000083100000| Updating 
|  50|0x0000000083200000, 0x0000000083300000, 0x0000000083300000|100%| O|  |TAMS 0x0000000083300000, 0x0000000083200000| Updating 
|  51|0x0000000083300000, 0x0000000083400000, 0x0000000083400000|100%|HS|  |TAMS 0x0000000083400000, 0x0000000083300000| Complete 
|  52|0x0000000083400000, 0x0000000083500000, 0x0000000083500000|100%|HS|  |TAMS 0x0000000083500000, 0x0000000083400000| Complete 
|  53|0x0000000083500000, 0x0000000083600000, 0x0000000083600000|100%| O|  |TAMS 0x0000000083600000, 0x0000000083500000| Updating 
|  54|0x0000000083600000, 0x0000000083700000, 0x0000000083700000|100%| O|  |TAMS 0x0000000083700000, 0x0000000083600000| Updating 
|  55|0x0000000083700000, 0x0000000083800000, 0x0000000083800000|100%| O|  |TAMS 0x0000000083800000, 0x0000000083700000| Updating 
|  56|0x0000000083800000, 0x0000000083900000, 0x0000000083900000|100%| O|  |TAMS 0x0000000083900000, 0x0000000083800000| Updating 
|  57|0x0000000083900000, 0x0000000083a00000, 0x0000000083a00000|100%| O|  |TAMS 0x0000000083a00000, 0x0000000083900000| Updating 
|  58|0x0000000083a00000, 0x0000000083b00000, 0x0000000083b00000|100%| O|  |TAMS 0x0000000083b00000, 0x0000000083a00000| Updating 
|  59|0x0000000083b00000, 0x0000000083c00000, 0x0000000083c00000|100%| O|  |TAMS 0x0000000083c00000, 0x0000000083b00000| Updating 
|  60|0x0000000083c00000, 0x0000000083d00000, 0x0000000083d00000|100%| O|  |TAMS 0x0000000083d00000, 0x0000000083c00000| Updating 
|  61|0x0000000083d00000, 0x0000000083e00000, 0x0000000083e00000|100%| O|  |TAMS 0x0000000083e00000, 0x0000000083d00000| Updating 
|  62|0x0000000083e00000, 0x0000000083f00000, 0x0000000083f00000|100%|HS|  |TAMS 0x0000000083f00000, 0x0000000083e00000| Complete 
|  63|0x0000000083f00000, 0x0000000084000000, 0x0000000084000000|100%|HC|  |TAMS 0x0000000084000000, 0x0000000083f00000| Complete 
|  64|0x0000000084000000, 0x0000000084100000, 0x0000000084100000|100%| O|  |TAMS 0x0000000084100000, 0x0000000084000000| Updating 
|  65|0x0000000084100000, 0x0000000084200000, 0x0000000084200000|100%| O|  |TAMS 0x0000000084200000, 0x0000000084100000| Updating 
|  66|0x0000000084200000, 0x0000000084300000, 0x0000000084300000|100%| O|  |TAMS 0x0000000084300000, 0x0000000084200000| Updating 
|  67|0x0000000084300000, 0x0000000084400000, 0x0000000084400000|100%| O|  |TAMS 0x0000000084400000, 0x0000000084300000| Updating 
|  68|0x0000000084400000, 0x0000000084500000, 0x0000000084500000|100%| O|  |TAMS 0x0000000084500000, 0x0000000084400000| Updating 
|  69|0x0000000084500000, 0x0000000084600000, 0x0000000084600000|100%| O|  |TAMS 0x0000000084600000, 0x0000000084500000| Updating 
|  70|0x0000000084600000, 0x0000000084700000, 0x0000000084700000|100%| O|  |TAMS 0x0000000084700000, 0x0000000084600000| Updating 
|  71|0x0000000084700000, 0x0000000084800000, 0x0000000084800000|100%| O|  |TAMS 0x0000000084800000, 0x0000000084700000| Updating 
|  72|0x0000000084800000, 0x0000000084900000, 0x0000000084900000|100%| O|  |TAMS 0x0000000084900000, 0x0000000084800000| Updating 
|  73|0x0000000084900000, 0x0000000084a00000, 0x0000000084a00000|100%| O|  |TAMS 0x0000000084a00000, 0x0000000084900000| Updating 
|  74|0x0000000084a00000, 0x0000000084b00000, 0x0000000084b00000|100%| O|  |TAMS 0x0000000084b00000, 0x0000000084a00000| Updating 
|  75|0x0000000084b00000, 0x0000000084c00000, 0x0000000084c00000|100%| O|  |TAMS 0x0000000084c00000, 0x0000000084b00000| Updating 
|  76|0x0000000084c00000, 0x0000000084d00000, 0x0000000084d00000|100%| O|  |TAMS 0x0000000084d00000, 0x0000000084c00000| Updating 
|  77|0x0000000084d00000, 0x0000000084e00000, 0x0000000084e00000|100%| O|  |TAMS 0x0000000084e00000, 0x0000000084d00000| Updating 
|  78|0x0000000084e00000, 0x0000000084f00000, 0x0000000084f00000|100%| O|  |TAMS 0x0000000084f00000, 0x0000000084e00000| Updating 
|  79|0x0000000084f00000, 0x0000000085000000, 0x0000000085000000|100%| O|  |TAMS 0x0000000085000000, 0x0000000084f00000| Updating 
|  80|0x0000000085000000, 0x0000000085100000, 0x0000000085100000|100%| O|  |TAMS 0x0000000085100000, 0x0000000085000000| Updating 
|  81|0x0000000085100000, 0x0000000085200000, 0x0000000085200000|100%| O|  |TAMS 0x0000000085200000, 0x0000000085100000| Updating 
|  82|0x0000000085200000, 0x0000000085300000, 0x0000000085300000|100%| O|  |TAMS 0x0000000085300000, 0x0000000085200000| Updating 
|  83|0x0000000085300000, 0x0000000085400000, 0x0000000085400000|100%| O|  |TAMS 0x0000000085400000, 0x0000000085300000| Updating 
|  84|0x0000000085400000, 0x0000000085500000, 0x0000000085500000|100%| O|  |TAMS 0x0000000085500000, 0x0000000085400000| Updating 
|  85|0x0000000085500000, 0x0000000085600000, 0x0000000085600000|100%| O|  |TAMS 0x0000000085600000, 0x0000000085500000| Updating 
|  86|0x0000000085600000, 0x0000000085700000, 0x0000000085700000|100%| O|  |TAMS 0x0000000085700000, 0x0000000085600000| Updating 
|  87|0x0000000085700000, 0x0000000085800000, 0x0000000085800000|100%| O|  |TAMS 0x0000000085800000, 0x0000000085700000| Updating 
|  88|0x0000000085800000, 0x0000000085900000, 0x0000000085900000|100%| O|  |TAMS 0x0000000085900000, 0x0000000085800000| Updating 
|  89|0x0000000085900000, 0x0000000085a00000, 0x0000000085a00000|100%|HS|  |TAMS 0x0000000085a00000, 0x0000000085900000| Complete 
|  90|0x0000000085a00000, 0x0000000085b00000, 0x0000000085b00000|100%|HC|  |TAMS 0x0000000085b00000, 0x0000000085a00000| Complete 
|  91|0x0000000085b00000, 0x0000000085c00000, 0x0000000085c00000|100%|HC|  |TAMS 0x0000000085c00000, 0x0000000085b00000| Complete 
|  92|0x0000000085c00000, 0x0000000085d00000, 0x0000000085d00000|100%|HS|  |TAMS 0x0000000085d00000, 0x0000000085c00000| Complete 
|  93|0x0000000085d00000, 0x0000000085e00000, 0x0000000085e00000|100%|HS|  |TAMS 0x0000000085e00000, 0x0000000085d00000| Complete 
|  94|0x0000000085e00000, 0x0000000085f00000, 0x0000000085f00000|100%| O|  |TAMS 0x0000000085f00000, 0x0000000085e00000| Updating 
|  95|0x0000000085f00000, 0x0000000086000000, 0x0000000086000000|100%| O|  |TAMS 0x0000000086000000, 0x0000000085f00000| Updating 
|  96|0x0000000086000000, 0x0000000086100000, 0x0000000086100000|100%| O|  |TAMS 0x0000000086100000, 0x0000000086000000| Updating 
|  97|0x0000000086100000, 0x0000000086200000, 0x0000000086200000|100%| O|  |TAMS 0x0000000086200000, 0x0000000086100000| Updating 
|  98|0x0000000086200000, 0x0000000086300000, 0x0000000086300000|100%| O|  |TAMS 0x0000000086300000, 0x0000000086200000| Updating 
|  99|0x0000000086300000, 0x0000000086400000, 0x0000000086400000|100%| O|  |TAMS 0x0000000086400000, 0x0000000086300000| Updating 
| 100|0x0000000086400000, 0x0000000086500000, 0x0000000086500000|100%| O|  |TAMS 0x0000000086500000, 0x0000000086400000| Updating 
| 101|0x0000000086500000, 0x0000000086600000, 0x0000000086600000|100%| O|  |TAMS 0x0000000086600000, 0x0000000086500000| Updating 
| 102|0x0000000086600000, 0x0000000086700000, 0x0000000086700000|100%| O|  |TAMS 0x0000000086700000, 0x0000000086600000| Updating 
| 103|0x0000000086700000, 0x0000000086800000, 0x0000000086800000|100%| O|  |TAMS 0x0000000086800000, 0x0000000086700000| Updating 
| 104|0x0000000086800000, 0x0000000086900000, 0x0000000086900000|100%| O|  |TAMS 0x0000000086900000, 0x0000000086800000| Updating 
| 105|0x0000000086900000, 0x0000000086a00000, 0x0000000086a00000|100%| O|  |TAMS 0x0000000086a00000, 0x0000000086900000| Updating 
| 106|0x0000000086a00000, 0x0000000086b00000, 0x0000000086b00000|100%| O|  |TAMS 0x0000000086b00000, 0x0000000086a00000| Updating 
| 107|0x0000000086b00000, 0x0000000086c00000, 0x0000000086c00000|100%| O|  |TAMS 0x0000000086c00000, 0x0000000086b00000| Updating 
| 108|0x0000000086c00000, 0x0000000086d00000, 0x0000000086d00000|100%| O|  |TAMS 0x0000000086d00000, 0x0000000086c00000| Updating 
| 109|0x0000000086d00000, 0x0000000086e00000, 0x0000000086e00000|100%| O|  |TAMS 0x0000000086e00000, 0x0000000086d00000| Updating 
| 110|0x0000000086e00000, 0x0000000086f00000, 0x0000000086f00000|100%| O|  |TAMS 0x0000000086f00000, 0x0000000086e00000| Updating 
| 111|0x0000000086f00000, 0x0000000087000000, 0x0000000087000000|100%| O|  |TAMS 0x0000000087000000, 0x0000000086f00000| Updating 
| 112|0x0000000087000000, 0x0000000087100000, 0x0000000087100000|100%| O|  |TAMS 0x0000000087100000, 0x0000000087000000| Updating 
| 113|0x0000000087100000, 0x0000000087200000, 0x0000000087200000|100%| O|  |TAMS 0x0000000087200000, 0x0000000087100000| Updating 
| 114|0x0000000087200000, 0x0000000087300000, 0x0000000087300000|100%| O|  |TAMS 0x0000000087300000, 0x0000000087200000| Updating 
| 115|0x0000000087300000, 0x0000000087400000, 0x0000000087400000|100%| O|  |TAMS 0x0000000087400000, 0x0000000087300000| Updating 
| 116|0x0000000087400000, 0x0000000087500000, 0x0000000087500000|100%| O|  |TAMS 0x0000000087500000, 0x0000000087400000| Updating 
| 117|0x0000000087500000, 0x0000000087600000, 0x0000000087600000|100%| O|  |TAMS 0x0000000087600000, 0x0000000087500000| Updating 
| 118|0x0000000087600000, 0x0000000087700000, 0x0000000087700000|100%| O|  |TAMS 0x0000000087700000, 0x0000000087600000| Updating 
| 119|0x0000000087700000, 0x0000000087800000, 0x0000000087800000|100%| O|  |TAMS 0x0000000087800000, 0x0000000087700000| Updating 
| 120|0x0000000087800000, 0x0000000087900000, 0x0000000087900000|100%| O|  |TAMS 0x0000000087900000, 0x0000000087800000| Updating 
| 121|0x0000000087900000, 0x0000000087a00000, 0x0000000087a00000|100%| O|  |TAMS 0x0000000087a00000, 0x0000000087900000| Updating 
| 122|0x0000000087a00000, 0x0000000087b00000, 0x0000000087b00000|100%| O|  |TAMS 0x0000000087b00000, 0x0000000087a00000| Updating 
| 123|0x0000000087b00000, 0x0000000087c00000, 0x0000000087c00000|100%|HS|  |TAMS 0x0000000087c00000, 0x0000000087b00000| Complete 
| 124|0x0000000087c00000, 0x0000000087d00000, 0x0000000087d00000|100%| O|  |TAMS 0x0000000087d00000, 0x0000000087c00000| Updating 
| 125|0x0000000087d00000, 0x0000000087e00000, 0x0000000087e00000|100%| O|  |TAMS 0x0000000087e00000, 0x0000000087d00000| Updating 
| 126|0x0000000087e00000, 0x0000000087f00000, 0x0000000087f00000|100%| O|  |TAMS 0x0000000087f00000, 0x0000000087e00000| Updating 
| 127|0x0000000087f00000, 0x0000000088000000, 0x0000000088000000|100%| O|  |TAMS 0x0000000088000000, 0x0000000087f00000| Updating 
| 128|0x0000000088000000, 0x0000000088100000, 0x0000000088100000|100%| O|  |TAMS 0x0000000088100000, 0x0000000088000000| Updating 
| 129|0x0000000088100000, 0x0000000088200000, 0x0000000088200000|100%| O|  |TAMS 0x0000000088200000, 0x0000000088100000| Updating 
| 130|0x0000000088200000, 0x0000000088300000, 0x0000000088300000|100%| O|  |TAMS 0x0000000088300000, 0x0000000088200000| Updating 
| 131|0x0000000088300000, 0x0000000088400000, 0x0000000088400000|100%| O|  |TAMS 0x0000000088400000, 0x0000000088300000| Updating 
| 132|0x0000000088400000, 0x0000000088500000, 0x0000000088500000|100%| O|  |TAMS 0x0000000088500000, 0x0000000088400000| Updating 
| 133|0x0000000088500000, 0x0000000088600000, 0x0000000088600000|100%| O|  |TAMS 0x0000000088600000, 0x0000000088500000| Updating 
| 134|0x0000000088600000, 0x0000000088700000, 0x0000000088700000|100%| O|  |TAMS 0x0000000088700000, 0x0000000088600000| Updating 
| 135|0x0000000088700000, 0x0000000088800000, 0x0000000088800000|100%| O|  |TAMS 0x0000000088800000, 0x0000000088700000| Updating 
| 136|0x0000000088800000, 0x0000000088900000, 0x0000000088900000|100%| O|  |TAMS 0x0000000088900000, 0x0000000088800000| Updating 
| 137|0x0000000088900000, 0x0000000088a00000, 0x0000000088a00000|100%| O|  |TAMS 0x0000000088a00000, 0x0000000088900000| Updating 
| 138|0x0000000088a00000, 0x0000000088b00000, 0x0000000088b00000|100%| O|  |TAMS 0x0000000088b00000, 0x0000000088a00000| Updating 
| 139|0x0000000088b00000, 0x0000000088c00000, 0x0000000088c00000|100%| O|  |TAMS 0x0000000088c00000, 0x0000000088b00000| Updating 
| 140|0x0000000088c00000, 0x0000000088d00000, 0x0000000088d00000|100%| O|  |TAMS 0x0000000088d00000, 0x0000000088c00000| Updating 
| 141|0x0000000088d00000, 0x0000000088e00000, 0x0000000088e00000|100%| O|  |TAMS 0x0000000088e00000, 0x0000000088d00000| Updating 
| 142|0x0000000088e00000, 0x0000000088f00000, 0x0000000088f00000|100%| O|  |TAMS 0x0000000088f00000, 0x0000000088e00000| Updating 
| 143|0x0000000088f00000, 0x0000000089000000, 0x0000000089000000|100%|HS|  |TAMS 0x0000000089000000, 0x0000000088f00000| Complete 
| 144|0x0000000089000000, 0x0000000089100000, 0x0000000089100000|100%| O|  |TAMS 0x0000000089100000, 0x0000000089000000| Updating 
| 145|0x0000000089100000, 0x0000000089200000, 0x0000000089200000|100%|HS|  |TAMS 0x0000000089200000, 0x0000000089100000| Complete 
| 146|0x0000000089200000, 0x0000000089300000, 0x0000000089300000|100%|HC|  |TAMS 0x0000000089300000, 0x0000000089200000| Complete 
| 147|0x0000000089300000, 0x0000000089400000, 0x0000000089400000|100%|HC|  |TAMS 0x0000000089400000, 0x0000000089300000| Complete 
| 148|0x0000000089400000, 0x0000000089500000, 0x0000000089500000|100%| O|  |TAMS 0x0000000089500000, 0x0000000089400000| Updating 
| 149|0x0000000089500000, 0x0000000089600000, 0x0000000089600000|100%| O|  |TAMS 0x0000000089600000, 0x0000000089500000| Updating 
| 150|0x0000000089600000, 0x0000000089700000, 0x0000000089700000|100%| O|  |TAMS 0x0000000089700000, 0x0000000089600000| Updating 
| 151|0x0000000089700000, 0x0000000089800000, 0x0000000089800000|100%| O|  |TAMS 0x0000000089800000, 0x0000000089700000| Updating 
| 152|0x0000000089800000, 0x0000000089900000, 0x0000000089900000|100%| O|  |TAMS 0x0000000089900000, 0x0000000089800000| Updating 
| 153|0x0000000089900000, 0x0000000089a00000, 0x0000000089a00000|100%| O|  |TAMS 0x0000000089a00000, 0x0000000089900000| Updating 
| 154|0x0000000089a00000, 0x0000000089b00000, 0x0000000089b00000|100%| O|  |TAMS 0x0000000089b00000, 0x0000000089a00000| Updating 
| 155|0x0000000089b00000, 0x0000000089c00000, 0x0000000089c00000|100%| O|  |TAMS 0x0000000089c00000, 0x0000000089b00000| Updating 
| 156|0x0000000089c00000, 0x0000000089d00000, 0x0000000089d00000|100%| O|  |TAMS 0x0000000089d00000, 0x0000000089c00000| Updating 
| 157|0x0000000089d00000, 0x0000000089e00000, 0x0000000089e00000|100%| O|  |TAMS 0x0000000089e00000, 0x0000000089d00000| Updating 
| 158|0x0000000089e00000, 0x0000000089f00000, 0x0000000089f00000|100%| O|  |TAMS 0x0000000089f00000, 0x0000000089e00000| Updating 
| 159|0x0000000089f00000, 0x000000008a000000, 0x000000008a000000|100%| O|  |TAMS 0x000000008a000000, 0x0000000089f00000| Updating 
| 160|0x000000008a000000, 0x000000008a100000, 0x000000008a100000|100%| O|  |TAMS 0x000000008a100000, 0x000000008a000000| Updating 
| 161|0x000000008a100000, 0x000000008a200000, 0x000000008a200000|100%| O|  |TAMS 0x000000008a200000, 0x000000008a100000| Updating 
| 162|0x000000008a200000, 0x000000008a300000, 0x000000008a300000|100%| O|  |TAMS 0x000000008a300000, 0x000000008a200000| Updating 
| 163|0x000000008a300000, 0x000000008a400000, 0x000000008a400000|100%| O|  |TAMS 0x000000008a400000, 0x000000008a300000| Updating 
| 164|0x000000008a400000, 0x000000008a500000, 0x000000008a500000|100%|HS|  |TAMS 0x000000008a500000, 0x000000008a400000| Complete 
| 165|0x000000008a500000, 0x000000008a600000, 0x000000008a600000|100%| O|  |TAMS 0x000000008a600000, 0x000000008a500000| Updating 
| 166|0x000000008a600000, 0x000000008a700000, 0x000000008a700000|100%| O|  |TAMS 0x000000008a700000, 0x000000008a600000| Updating 
| 167|0x000000008a700000, 0x000000008a800000, 0x000000008a800000|100%| O|  |TAMS 0x000000008a800000, 0x000000008a700000| Updating 
| 168|0x000000008a800000, 0x000000008a900000, 0x000000008a900000|100%| O|  |TAMS 0x000000008a900000, 0x000000008a800000| Updating 
| 169|0x000000008a900000, 0x000000008aa00000, 0x000000008aa00000|100%| O|  |TAMS 0x000000008aa00000, 0x000000008a900000| Updating 
| 170|0x000000008aa00000, 0x000000008ab00000, 0x000000008ab00000|100%| O|  |TAMS 0x000000008ab00000, 0x000000008aa00000| Updating 
| 171|0x000000008ab00000, 0x000000008ac00000, 0x000000008ac00000|100%| O|  |TAMS 0x000000008ac00000, 0x000000008ab00000| Updating 
| 172|0x000000008ac00000, 0x000000008ad00000, 0x000000008ad00000|100%| O|  |TAMS 0x000000008ad00000, 0x000000008ac00000| Updating 
| 173|0x000000008ad00000, 0x000000008ae00000, 0x000000008ae00000|100%| O|  |TAMS 0x000000008ae00000, 0x000000008ad00000| Updating 
| 174|0x000000008ae00000, 0x000000008af00000, 0x000000008af00000|100%| O|  |TAMS 0x000000008af00000, 0x000000008ae00000| Updating 
| 175|0x000000008af00000, 0x000000008b000000, 0x000000008b000000|100%| O|  |TAMS 0x000000008b000000, 0x000000008af00000| Updating 
| 176|0x000000008b000000, 0x000000008b100000, 0x000000008b100000|100%| O|  |TAMS 0x000000008b100000, 0x000000008b000000| Updating 
| 177|0x000000008b100000, 0x000000008b200000, 0x000000008b200000|100%| O|  |TAMS 0x000000008b200000, 0x000000008b100000| Updating 
| 178|0x000000008b200000, 0x000000008b300000, 0x000000008b300000|100%| O|  |TAMS 0x000000008b300000, 0x000000008b200000| Updating 
| 179|0x000000008b300000, 0x000000008b400000, 0x000000008b400000|100%| O|  |TAMS 0x000000008b400000, 0x000000008b300000| Updating 
| 180|0x000000008b400000, 0x000000008b500000, 0x000000008b500000|100%| O|  |TAMS 0x000000008b500000, 0x000000008b400000| Updating 
| 181|0x000000008b500000, 0x000000008b600000, 0x000000008b600000|100%| O|  |TAMS 0x000000008b600000, 0x000000008b500000| Updating 
| 182|0x000000008b600000, 0x000000008b700000, 0x000000008b700000|100%| O|  |TAMS 0x000000008b700000, 0x000000008b600000| Updating 
| 183|0x000000008b700000, 0x000000008b800000, 0x000000008b800000|100%|HS|  |TAMS 0x000000008b800000, 0x000000008b700000| Complete 
| 184|0x000000008b800000, 0x000000008b900000, 0x000000008b900000|100%| O|  |TAMS 0x000000008b900000, 0x000000008b800000| Updating 
| 185|0x000000008b900000, 0x000000008ba00000, 0x000000008ba00000|100%| O|  |TAMS 0x000000008ba00000, 0x000000008b900000| Updating 
| 186|0x000000008ba00000, 0x000000008bb00000, 0x000000008bb00000|100%| O|  |TAMS 0x000000008bb00000, 0x000000008ba00000| Updating 
| 187|0x000000008bb00000, 0x000000008bc00000, 0x000000008bc00000|100%| O|  |TAMS 0x000000008bc00000, 0x000000008bb00000| Updating 
| 188|0x000000008bc00000, 0x000000008bd00000, 0x000000008bd00000|100%| O|  |TAMS 0x000000008bd00000, 0x000000008bc00000| Updating 
| 189|0x000000008bd00000, 0x000000008be00000, 0x000000008be00000|100%| O|  |TAMS 0x000000008be00000, 0x000000008bd00000| Updating 
| 190|0x000000008be00000, 0x000000008bf00000, 0x000000008bf00000|100%| O|  |TAMS 0x000000008bf00000, 0x000000008be00000| Updating 
| 191|0x000000008bf00000, 0x000000008c000000, 0x000000008c000000|100%| O|  |TAMS 0x000000008c000000, 0x000000008bf00000| Updating 
| 192|0x000000008c000000, 0x000000008c100000, 0x000000008c100000|100%| O|  |TAMS 0x000000008c100000, 0x000000008c000000| Updating 
| 193|0x000000008c100000, 0x000000008c200000, 0x000000008c200000|100%| O|  |TAMS 0x000000008c200000, 0x000000008c100000| Updating 
| 194|0x000000008c200000, 0x000000008c300000, 0x000000008c300000|100%| O|  |TAMS 0x000000008c300000, 0x000000008c200000| Updating 
| 195|0x000000008c300000, 0x000000008c400000, 0x000000008c400000|100%| O|  |TAMS 0x000000008c400000, 0x000000008c300000| Updating 
| 196|0x000000008c400000, 0x000000008c500000, 0x000000008c500000|100%| O|  |TAMS 0x000000008c500000, 0x000000008c400000| Updating 
| 197|0x000000008c500000, 0x000000008c600000, 0x000000008c600000|100%| O|  |TAMS 0x000000008c600000, 0x000000008c500000| Updating 
| 198|0x000000008c600000, 0x000000008c700000, 0x000000008c700000|100%| O|  |TAMS 0x000000008c700000, 0x000000008c600000| Updating 
| 199|0x000000008c700000, 0x000000008c800000, 0x000000008c800000|100%| O|  |TAMS 0x000000008c800000, 0x000000008c700000| Updating 
| 200|0x000000008c800000, 0x000000008c900000, 0x000000008c900000|100%| O|  |TAMS 0x000000008c900000, 0x000000008c800000| Updating 
| 201|0x000000008c900000, 0x000000008ca00000, 0x000000008ca00000|100%| O|  |TAMS 0x000000008ca00000, 0x000000008c900000| Updating 
| 202|0x000000008ca00000, 0x000000008cb00000, 0x000000008cb00000|100%| O|  |TAMS 0x000000008cb00000, 0x000000008ca00000| Updating 
| 203|0x000000008cb00000, 0x000000008cc00000, 0x000000008cc00000|100%|HS|  |TAMS 0x000000008cc00000, 0x000000008cb00000| Complete 
| 204|0x000000008cc00000, 0x000000008cd00000, 0x000000008cd00000|100%|HC|  |TAMS 0x000000008cd00000, 0x000000008cc00000| Complete 
| 205|0x000000008cd00000, 0x000000008ce00000, 0x000000008ce00000|100%|HS|  |TAMS 0x000000008ce00000, 0x000000008cd00000| Complete 
| 206|0x000000008ce00000, 0x000000008cf00000, 0x000000008cf00000|100%|HC|  |TAMS 0x000000008cf00000, 0x000000008ce00000| Complete 
| 207|0x000000008cf00000, 0x000000008d000000, 0x000000008d000000|100%|HS|  |TAMS 0x000000008d000000, 0x000000008cf00000| Complete 
| 208|0x000000008d000000, 0x000000008d100000, 0x000000008d100000|100%|HS|  |TAMS 0x000000008d100000, 0x000000008d000000| Complete 
| 209|0x000000008d100000, 0x000000008d200000, 0x000000008d200000|100%|HS|  |TAMS 0x000000008d200000, 0x000000008d100000| Complete 
| 210|0x000000008d200000, 0x000000008d300000, 0x000000008d300000|100%|HS|  |TAMS 0x000000008d300000, 0x000000008d200000| Complete 
| 211|0x000000008d300000, 0x000000008d400000, 0x000000008d400000|100%|HC|  |TAMS 0x000000008d400000, 0x000000008d300000| Complete 
| 212|0x000000008d400000, 0x000000008d500000, 0x000000008d500000|100%|HC|  |TAMS 0x000000008d500000, 0x000000008d400000| Complete 
| 213|0x000000008d500000, 0x000000008d600000, 0x000000008d600000|100%| O|  |TAMS 0x000000008d600000, 0x000000008d500000| Updating 
| 214|0x000000008d600000, 0x000000008d700000, 0x000000008d700000|100%| O|  |TAMS 0x000000008d700000, 0x000000008d600000| Updating 
| 215|0x000000008d700000, 0x000000008d800000, 0x000000008d800000|100%|HS|  |TAMS 0x000000008d800000, 0x000000008d700000| Complete 
| 216|0x000000008d800000, 0x000000008d900000, 0x000000008d900000|100%|HC|  |TAMS 0x000000008d900000, 0x000000008d800000| Complete 
| 217|0x000000008d900000, 0x000000008da00000, 0x000000008da00000|100%| O|  |TAMS 0x000000008da00000, 0x000000008d900000| Updating 
| 218|0x000000008da00000, 0x000000008db00000, 0x000000008db00000|100%|HS|  |TAMS 0x000000008db00000, 0x000000008da00000| Complete 
| 219|0x000000008db00000, 0x000000008dc00000, 0x000000008dc00000|100%| O|  |TAMS 0x000000008dc00000, 0x000000008db00000| Updating 
| 220|0x000000008dc00000, 0x000000008dd00000, 0x000000008dd00000|100%|HS|  |TAMS 0x000000008dd00000, 0x000000008dc00000| Complete 
| 221|0x000000008dd00000, 0x000000008de00000, 0x000000008de00000|100%| O|  |TAMS 0x000000008de00000, 0x000000008dd00000| Updating 
| 222|0x000000008de00000, 0x000000008df00000, 0x000000008df00000|100%|HS|  |TAMS 0x000000008df00000, 0x000000008de00000| Complete 
| 223|0x000000008df00000, 0x000000008e000000, 0x000000008e000000|100%| O|  |TAMS 0x000000008e000000, 0x000000008df00000| Updating 
| 224|0x000000008e000000, 0x000000008e100000, 0x000000008e100000|100%| O|  |TAMS 0x000000008e100000, 0x000000008e000000| Updating 
| 225|0x000000008e100000, 0x000000008e200000, 0x000000008e200000|100%| O|  |TAMS 0x000000008e200000, 0x000000008e100000| Updating 
| 226|0x000000008e200000, 0x000000008e300000, 0x000000008e300000|100%| O|  |TAMS 0x000000008e300000, 0x000000008e200000| Updating 
| 227|0x000000008e300000, 0x000000008e400000, 0x000000008e400000|100%| O|  |TAMS 0x000000008e400000, 0x000000008e300000| Updating 
| 228|0x000000008e400000, 0x000000008e500000, 0x000000008e500000|100%| O|  |TAMS 0x000000008e500000, 0x000000008e400000| Updating 
| 229|0x000000008e500000, 0x000000008e600000, 0x000000008e600000|100%|HS|  |TAMS 0x000000008e600000, 0x000000008e500000| Complete 
| 230|0x000000008e600000, 0x000000008e700000, 0x000000008e700000|100%|HC|  |TAMS 0x000000008e700000, 0x000000008e600000| Complete 
| 231|0x000000008e700000, 0x000000008e800000, 0x000000008e800000|100%|HC|  |TAMS 0x000000008e800000, 0x000000008e700000| Complete 
| 232|0x000000008e800000, 0x000000008e900000, 0x000000008e900000|100%| O|  |TAMS 0x000000008e900000, 0x000000008e800000| Updating 
| 233|0x000000008e900000, 0x000000008ea00000, 0x000000008ea00000|100%| O|  |TAMS 0x000000008ea00000, 0x000000008e900000| Updating 
| 234|0x000000008ea00000, 0x000000008eb00000, 0x000000008eb00000|100%| O|  |TAMS 0x000000008eb00000, 0x000000008ea00000| Updating 
| 235|0x000000008eb00000, 0x000000008ec00000, 0x000000008ec00000|100%| O|  |TAMS 0x000000008ec00000, 0x000000008eb00000| Updating 
| 236|0x000000008ec00000, 0x000000008ed00000, 0x000000008ed00000|100%| O|  |TAMS 0x000000008ec00000, 0x000000008ec00000| Untracked 
| 237|0x000000008ed00000, 0x000000008ee00000, 0x000000008ee00000|100%| O|  |TAMS 0x000000008ee00000, 0x000000008ed00000| Updating 
| 238|0x000000008ee00000, 0x000000008ef00000, 0x000000008ef00000|100%| O|  |TAMS 0x000000008ef00000, 0x000000008ee00000| Updating 
| 239|0x000000008ef00000, 0x000000008f000000, 0x000000008f000000|100%| O|  |TAMS 0x000000008f000000, 0x000000008ef00000| Updating 
| 240|0x000000008f000000, 0x000000008f100000, 0x000000008f100000|100%| O|  |TAMS 0x000000008f000000, 0x000000008f000000| Untracked 
| 241|0x000000008f100000, 0x000000008f200000, 0x000000008f200000|100%| O|  |TAMS 0x000000008f100000, 0x000000008f100000| Untracked 
| 242|0x000000008f200000, 0x000000008f300000, 0x000000008f300000|100%| O|  |TAMS 0x000000008f300000, 0x000000008f200000| Updating 
| 243|0x000000008f300000, 0x000000008f400000, 0x000000008f400000|100%| O|  |TAMS 0x000000008f400000, 0x000000008f300000| Updating 
| 244|0x000000008f400000, 0x000000008f500000, 0x000000008f500000|100%| O|  |TAMS 0x000000008f500000, 0x000000008f400000| Updating 
| 245|0x000000008f500000, 0x000000008f600000, 0x000000008f600000|100%| O|  |TAMS 0x000000008f600000, 0x000000008f500000| Updating 
| 246|0x000000008f600000, 0x000000008f700000, 0x000000008f700000|100%| O|  |TAMS 0x000000008f700000, 0x000000008f600000| Updating 
| 247|0x000000008f700000, 0x000000008f800000, 0x000000008f800000|100%| O|  |TAMS 0x000000008f800000, 0x000000008f700000| Updating 
| 248|0x000000008f800000, 0x000000008f900000, 0x000000008f900000|100%| O|  |TAMS 0x000000008f900000, 0x000000008f800000| Updating 
| 249|0x000000008f900000, 0x000000008fa00000, 0x000000008fa00000|100%| O|  |TAMS 0x000000008fa00000, 0x000000008f900000| Updating 
| 250|0x000000008fa00000, 0x000000008fb00000, 0x000000008fb00000|100%| O|  |TAMS 0x000000008fb00000, 0x000000008fa00000| Updating 
| 251|0x000000008fb00000, 0x000000008fc00000, 0x000000008fc00000|100%| O|  |TAMS 0x000000008fc00000, 0x000000008fb00000| Updating 
| 252|0x000000008fc00000, 0x000000008fd00000, 0x000000008fd00000|100%| O|  |TAMS 0x000000008fd00000, 0x000000008fc00000| Updating 
| 253|0x000000008fd00000, 0x000000008fe00000, 0x000000008fe00000|100%| O|  |TAMS 0x000000008fe00000, 0x000000008fd00000| Updating 
| 254|0x000000008fe00000, 0x000000008ff00000, 0x000000008ff00000|100%| O|  |TAMS 0x000000008ff00000, 0x000000008fe00000| Updating 
| 255|0x000000008ff00000, 0x0000000090000000, 0x0000000090000000|100%| O|  |TAMS 0x0000000090000000, 0x000000008ff00000| Updating 
| 256|0x0000000090000000, 0x0000000090100000, 0x0000000090100000|100%| O|  |TAMS 0x0000000090100000, 0x0000000090000000| Updating 
| 257|0x0000000090100000, 0x0000000090200000, 0x0000000090200000|100%| O|  |TAMS 0x0000000090200000, 0x0000000090100000| Updating 
| 258|0x0000000090200000, 0x0000000090300000, 0x0000000090300000|100%| O|  |TAMS 0x0000000090300000, 0x0000000090200000| Updating 
| 259|0x0000000090300000, 0x0000000090400000, 0x0000000090400000|100%| O|  |TAMS 0x0000000090400000, 0x0000000090300000| Updating 
| 260|0x0000000090400000, 0x0000000090500000, 0x0000000090500000|100%| O|  |TAMS 0x0000000090500000, 0x0000000090400000| Updating 
| 261|0x0000000090500000, 0x0000000090600000, 0x0000000090600000|100%| O|  |TAMS 0x0000000090600000, 0x0000000090500000| Updating 
| 262|0x0000000090600000, 0x0000000090700000, 0x0000000090700000|100%| O|  |TAMS 0x0000000090700000, 0x0000000090600000| Updating 
| 263|0x0000000090700000, 0x0000000090800000, 0x0000000090800000|100%| O|  |TAMS 0x0000000090800000, 0x0000000090700000| Updating 
| 264|0x0000000090800000, 0x0000000090900000, 0x0000000090900000|100%| O|  |TAMS 0x0000000090900000, 0x0000000090800000| Updating 
| 265|0x0000000090900000, 0x0000000090a00000, 0x0000000090a00000|100%| O|  |TAMS 0x0000000090a00000, 0x0000000090900000| Updating 
| 266|0x0000000090a00000, 0x0000000090b00000, 0x0000000090b00000|100%| O|  |TAMS 0x0000000090b00000, 0x0000000090a00000| Updating 
| 267|0x0000000090b00000, 0x0000000090c00000, 0x0000000090c00000|100%| O|  |TAMS 0x0000000090c00000, 0x0000000090b00000| Updating 
| 268|0x0000000090c00000, 0x0000000090d00000, 0x0000000090d00000|100%| O|  |TAMS 0x0000000090d00000, 0x0000000090c00000| Updating 
| 269|0x0000000090d00000, 0x0000000090e00000, 0x0000000090e00000|100%| O|  |TAMS 0x0000000090e00000, 0x0000000090d00000| Updating 
| 270|0x0000000090e00000, 0x0000000090f00000, 0x0000000090f00000|100%| O|  |TAMS 0x0000000090f00000, 0x0000000090e00000| Updating 
| 271|0x0000000090f00000, 0x0000000091000000, 0x0000000091000000|100%| O|  |TAMS 0x0000000091000000, 0x0000000090f00000| Updating 
| 272|0x0000000091000000, 0x0000000091100000, 0x0000000091100000|100%| O|  |TAMS 0x0000000091100000, 0x0000000091000000| Updating 
| 273|0x0000000091100000, 0x0000000091200000, 0x0000000091200000|100%| O|  |TAMS 0x0000000091200000, 0x0000000091100000| Updating 
| 274|0x0000000091200000, 0x0000000091300000, 0x0000000091300000|100%| O|  |TAMS 0x0000000091300000, 0x0000000091200000| Updating 
| 275|0x0000000091300000, 0x0000000091400000, 0x0000000091400000|100%| O|  |TAMS 0x0000000091400000, 0x0000000091300000| Updating 
| 276|0x0000000091400000, 0x0000000091500000, 0x0000000091500000|100%| O|  |TAMS 0x0000000091500000, 0x0000000091400000| Updating 
| 277|0x0000000091500000, 0x0000000091600000, 0x0000000091600000|100%| O|  |TAMS 0x0000000091600000, 0x0000000091500000| Updating 
| 278|0x0000000091600000, 0x0000000091700000, 0x0000000091700000|100%| O|  |TAMS 0x0000000091700000, 0x0000000091600000| Updating 
| 279|0x0000000091700000, 0x0000000091800000, 0x0000000091800000|100%| O|  |TAMS 0x0000000091800000, 0x0000000091700000| Updating 
| 280|0x0000000091800000, 0x0000000091900000, 0x0000000091900000|100%| O|  |TAMS 0x0000000091900000, 0x0000000091800000| Updating 
| 281|0x0000000091900000, 0x0000000091a00000, 0x0000000091a00000|100%| O|  |TAMS 0x0000000091a00000, 0x0000000091900000| Updating 
| 282|0x0000000091a00000, 0x0000000091b00000, 0x0000000091b00000|100%| O|  |TAMS 0x0000000091a00000, 0x0000000091a00000| Untracked 
| 283|0x0000000091b00000, 0x0000000091c00000, 0x0000000091c00000|100%| O|  |TAMS 0x0000000091b00000, 0x0000000091b00000| Untracked 
| 284|0x0000000091c00000, 0x0000000091d00000, 0x0000000091d00000|100%| E|CS|TAMS 0x0000000091c00000, 0x0000000091c00000| Complete 
| 285|0x0000000091d00000, 0x0000000091e00000, 0x0000000091e00000|100%| E|CS|TAMS 0x0000000091d00000, 0x0000000091d00000| Complete 
| 286|0x0000000091e00000, 0x0000000091f00000, 0x0000000091f00000|100%| S|  |TAMS 0x0000000091e00000, 0x0000000091e00000| Complete 
| 287|0x0000000091f00000, 0x0000000092000000, 0x0000000092000000|100%| E|CS|TAMS 0x0000000091f00000, 0x0000000091f00000| Complete 
| 288|0x0000000092000000, 0x0000000092100000, 0x0000000092100000|100%| E|CS|TAMS 0x0000000092000000, 0x0000000092000000| Complete 
| 289|0x0000000092100000, 0x0000000092200000, 0x0000000092200000|100%| E|CS|TAMS 0x0000000092100000, 0x0000000092100000| Complete 
| 290|0x0000000092200000, 0x0000000092300000, 0x0000000092300000|100%| E|CS|TAMS 0x0000000092200000, 0x0000000092200000| Complete 
| 291|0x0000000092300000, 0x0000000092400000, 0x0000000092400000|100%| E|CS|TAMS 0x0000000092300000, 0x0000000092300000| Complete 
| 292|0x0000000092400000, 0x0000000092500000, 0x0000000092500000|100%| E|CS|TAMS 0x0000000092400000, 0x0000000092400000| Complete 
| 293|0x0000000092500000, 0x0000000092600000, 0x0000000092600000|100%| E|CS|TAMS 0x0000000092500000, 0x0000000092500000| Complete 
| 294|0x0000000092600000, 0x0000000092700000, 0x0000000092700000|100%| E|CS|TAMS 0x0000000092600000, 0x0000000092600000| Complete 
| 295|0x0000000092700000, 0x0000000092800000, 0x0000000092800000|100%| E|CS|TAMS 0x0000000092700000, 0x0000000092700000| Complete 
| 296|0x0000000092800000, 0x0000000092900000, 0x0000000092900000|100%| E|CS|TAMS 0x0000000092800000, 0x0000000092800000| Complete 
| 297|0x0000000092900000, 0x0000000092a00000, 0x0000000092a00000|100%| E|CS|TAMS 0x0000000092900000, 0x0000000092900000| Complete 
| 298|0x0000000092a00000, 0x0000000092b00000, 0x0000000092b00000|100%| E|CS|TAMS 0x0000000092a00000, 0x0000000092a00000| Complete 
| 299|0x0000000092b00000, 0x0000000092c00000, 0x0000000092c00000|100%| E|CS|TAMS 0x0000000092b00000, 0x0000000092b00000| Complete 
| 300|0x0000000092c00000, 0x0000000092d00000, 0x0000000092d00000|100%| O|  |TAMS 0x0000000092d00000, 0x0000000092c00000| Updating 
| 301|0x0000000092d00000, 0x0000000092e00000, 0x0000000092e00000|100%| O|  |TAMS 0x0000000092e00000, 0x0000000092d00000| Updating 
| 302|0x0000000092e00000, 0x0000000092f00000, 0x0000000092f00000|100%| O|  |TAMS 0x0000000092f00000, 0x0000000092e00000| Updating 
| 303|0x0000000092f00000, 0x0000000093000000, 0x0000000093000000|100%| O|  |TAMS 0x0000000093000000, 0x0000000092f00000| Updating 
| 304|0x0000000093000000, 0x0000000093100000, 0x0000000093100000|100%| O|  |TAMS 0x0000000093000000, 0x0000000093000000| Untracked 
| 305|0x0000000093100000, 0x0000000093200000, 0x0000000093200000|100%| O|  |TAMS 0x0000000093100000, 0x0000000093100000| Untracked 
| 306|0x0000000093200000, 0x0000000093300000, 0x0000000093300000|100%| O|  |TAMS 0x0000000093200000, 0x0000000093200000| Updating 
| 307|0x0000000093300000, 0x000000009334bcd8, 0x0000000093400000| 29%| S|  |TAMS 0x0000000093300000, 0x0000000093300000| Complete 

Card table byte_map: [0x00000266a6590000,0x00000266a6990000] _byte_map_base: 0x00000266a6190000

Marking Bits (Prev, Next): (CMBitMap*) 0x000002668faee860, (CMBitMap*) 0x000002668faee828
 Prev Bits: [0x00000266a8d90000, 0x00000266aad90000)
 Next Bits: [0x00000266a6d90000, 0x00000266a8d90000)

Polling page: 0x000002668dad0000

Metaspace:

Usage:
  Non-class:    158.89 MB capacity,   156.15 MB ( 98%) used,     2.24 MB (  1%) free+waste,   509.69 KB ( <1%) overhead. 
      Class:     24.44 MB capacity,    22.70 MB ( 93%) used,     1.52 MB (  6%) free+waste,   229.81 KB ( <1%) overhead. 
       Both:    183.33 MB capacity,   178.85 MB ( 98%) used,     3.76 MB (  2%) free+waste,   739.50 KB ( <1%) overhead. 

Virtual space:
  Non-class space:      160.00 MB reserved,     159.00 MB (>99%) committed 
      Class space:      504.00 MB reserved,      24.50 MB (  5%) committed 
             Both:      664.00 MB reserved,     183.50 MB ( 28%) committed 

Chunk freelists:
   Non-Class:  5.88 KB
       Class:  1.00 KB
        Both:  6.88 KB

CodeHeap 'non-profiled nmethods': size=120064Kb used=17386Kb max_used=18181Kb free=102677Kb
 bounds [0x000002669ec50000, 0x000002669fe30000, 0x00000266a6190000]
CodeHeap 'profiled nmethods': size=120000Kb used=55020Kb max_used=57089Kb free=64979Kb
 bounds [0x0000026697720000, 0x000002669af00000, 0x000002669ec50000]
CodeHeap 'non-nmethods': size=5696Kb used=2417Kb max_used=2471Kb free=3278Kb
 bounds [0x0000026697190000, 0x0000026697410000, 0x0000026697720000]
 total_blobs=24275 nmethods=23209 adapters=976
 compilation: enabled
              stopped_count=0, restarted_count=0
 full_count=0

Compilation events (10 events):
Event: 1176.304 Thread 0x00000266ada73800 27869       2       com.google.common.util.concurrent.TrustedListenableFutureTask$TrustedFutureInterruptibleTask::afterRanInterruptiblySuccess (10 bytes)
Event: 1176.306 Thread 0x00000266ada73800 nmethod 27869 0x00000266979c8190 code [0x00000266979c8340, 0x00000266979c8528]
Event: 1176.306 Thread 0x00000266ada73800 27870       2       com.google.common.util.concurrent.TrustedListenableFutureTask::afterDone (30 bytes)
Event: 1176.307 Thread 0x00000266ada73800 nmethod 27870 0x00000266979ec490 code [0x00000266979ec640, 0x00000266979ec888]
Event: 1176.307 Thread 0x00000266ada73800 27871       2       com.google.common.util.concurrent.AbstractFuture::wasInterrupted (28 bytes)
Event: 1176.307 Thread 0x00000266ada73800 nmethod 27871 0x00000266979da810 code [0x00000266979da9a0, 0x00000266979dab38]
Event: 1176.328 Thread 0x00000266ada73800 27874       2       com.android.tools.r8.internal.NF::a (19 bytes)
Event: 1176.329 Thread 0x00000266ada73800 nmethod 27874 0x0000026697a1fd10 code [0x0000026697a1fec0, 0x0000026697a20008]
Event: 1176.332 Thread 0x00000266ada73800 27875       2       com.android.tools.r8.internal.NF::a (16 bytes)
Event: 1176.332 Thread 0x00000266ada73800 nmethod 27875 0x0000026697a1f910 code [0x0000026697a1faa0, 0x0000026697a1fbc8]

GC Heap History (10 events):
Event: 1174.638 GC heap after
{Heap after GC invocations=193 (full 0):
 garbage-first heap   total 309248K, used 274351K [0x0000000080000000, 0x0000000100000000)
  region size 1024K, 2 young (2048K), 2 survivors (2048K)
 Metaspace       used 182618K, capacity 187164K, committed 187264K, reserved 679936K
  class space    used 23161K, capacity 24898K, committed 24960K, reserved 516096K
}
Event: 1174.961 GC heap before
{Heap before GC invocations=194 (full 0):
 garbage-first heap   total 309248K, used 287663K [0x0000000080000000, 0x0000000100000000)
  region size 1024K, 15 young (15360K), 2 survivors (2048K)
 Metaspace       used 182626K, capacity 187168K, committed 187264K, reserved 679936K
  class space    used 23163K, capacity 24900K, committed 24960K, reserved 516096K
}
Event: 1174.984 GC heap after
{Heap after GC invocations=195 (full 0):
 garbage-first heap   total 309248K, used 281508K [0x0000000080000000, 0x0000000100000000)
  region size 1024K, 2 young (2048K), 2 survivors (2048K)
 Metaspace       used 182626K, capacity 187168K, committed 187264K, reserved 679936K
  class space    used 23163K, capacity 24900K, committed 24960K, reserved 516096K
}
Event: 1175.077 GC heap before
{Heap before GC invocations=195 (full 0):
 garbage-first heap   total 309248K, used 294820K [0x0000000080000000, 0x0000000100000000)
  region size 1024K, 15 young (15360K), 2 survivors (2048K)
 Metaspace       used 182752K, capacity 187323K, committed 187648K, reserved 679936K
  class space    used 23207K, capacity 24975K, committed 25088K, reserved 516096K
}
Event: 1175.110 GC heap after
{Heap after GC invocations=196 (full 0):
 garbage-first heap   total 311296K, used 284672K [0x0000000080000000, 0x0000000100000000)
  region size 1024K, 2 young (2048K), 2 survivors (2048K)
 Metaspace       used 182752K, capacity 187323K, committed 187648K, reserved 679936K
  class space    used 23207K, capacity 24975K, committed 25088K, reserved 516096K
}
Event: 1175.305 GC heap before
{Heap before GC invocations=196 (full 0):
 garbage-first heap   total 311296K, used 297984K [0x0000000080000000, 0x0000000100000000)
  region size 1024K, 15 young (15360K), 2 survivors (2048K)
 Metaspace       used 182951K, capacity 187546K, committed 187648K, reserved 679936K
  class space    used 23226K, capacity 24990K, committed 25088K, reserved 516096K
}
Event: 1175.327 GC heap after
{Heap after GC invocations=197 (full 0):
 garbage-first heap   total 311296K, used 291840K [0x0000000080000000, 0x0000000100000000)
  region size 1024K, 2 young (2048K), 2 survivors (2048K)
 Metaspace       used 182951K, capacity 187546K, committed 187648K, reserved 679936K
  class space    used 23226K, capacity 24990K, committed 25088K, reserved 516096K
}
Event: 1175.683 GC heap before
{Heap before GC invocations=197 (full 0):
 garbage-first heap   total 311296K, used 305152K [0x0000000080000000, 0x0000000100000000)
  region size 1024K, 15 young (15360K), 2 survivors (2048K)
 Metaspace       used 183101K, capacity 187738K, committed 187904K, reserved 679936K
  class space    used 23244K, capacity 25032K, committed 25088K, reserved 516096K
}
Event: 1175.704 GC heap after
{Heap after GC invocations=198 (full 0):
 garbage-first heap   total 314368K, used 298358K [0x0000000080000000, 0x0000000100000000)
  region size 1024K, 2 young (2048K), 2 survivors (2048K)
 Metaspace       used 183101K, capacity 187738K, committed 187904K, reserved 679936K
  class space    used 23244K, capacity 25032K, committed 25088K, reserved 516096K
}
Event: 1177.618 GC heap before
{Heap before GC invocations=198 (full 0):
 garbage-first heap   total 314368K, used 311670K [0x0000000080000000, 0x0000000100000000)
  region size 1024K, 15 young (15360K), 2 survivors (2048K)
 Metaspace       used 183142K, capacity 187729K, committed 187904K, reserved 679936K
  class space    used 23240K, capacity 25024K, committed 25088K, reserved 516096K
}

Deoptimization events (10 events):
Event: 1162.240 Thread 0x00000266ae17d800 Uncommon trap: reason=unstable_if action=reinterpret pc=0x000002669fd82390 method=com.android.tools.r8.internal.so.d(I)Z @ 45 c2
Event: 1162.391 Thread 0x00000266b6fde000 Uncommon trap: reason=unstable_if action=reinterpret pc=0x000002669fd8fc50 method=com.android.tools.r8.internal.Gf.d(Ljava/lang/String;)I @ 100 c2
Event: 1162.522 Thread 0x00000266ae17d800 Uncommon trap: reason=unstable_if action=reinterpret pc=0x000002669fd8d65c method=com.android.tools.r8.dex.i.l()V @ 22 c2
Event: 1167.522 Thread 0x00000266b6fde000 Uncommon trap: reason=unstable_if action=reinterpret pc=0x000002669fdc89a0 method=com.android.tools.r8.graph.P0.h(Ljava/lang/Object;)Z @ 23 c2
Event: 1170.249 Thread 0x00000266ae17d800 Uncommon trap: reason=unstable_if action=reinterpret pc=0x000002669fdc3e6c method=com.android.tools.r8.graph.c1.equals(Ljava/lang/Object;)Z @ 28 c2
Event: 1170.332 Thread 0x00000266ae17d800 Uncommon trap: reason=unstable_if action=reinterpret pc=0x000002669fdc371c method=com.android.tools.r8.graph.c1.equals(Ljava/lang/Object;)Z @ 28 c2
Event: 1172.726 Thread 0x00000266ae188800 Uncommon trap: reason=unstable_if action=reinterpret pc=0x000002669f09caf4 method=java.util.concurrent.ConcurrentLinkedQueue.offer(Ljava/lang/Object;)Z @ 42 c2
Event: 1173.409 Thread 0x00000266bb151000 Uncommon trap: reason=unstable_if action=reinterpret pc=0x000002669f09521c method=java.util.concurrent.ConcurrentLinkedQueue.offer(Ljava/lang/Object;)Z @ 96 c2
Event: 1173.603 Thread 0x00000266ae188800 Uncommon trap: reason=unstable_if action=reinterpret pc=0x000002669fdee7b4 method=com.android.tools.r8.code.y1.a(Ljava/nio/ShortBuffer;IILcom/android/tools/r8/internal/pL;)[Lcom/android/tools/r8/code/w1; @ 541 c2
Event: 1175.370 Thread 0x00000266ae188800 Uncommon trap: reason=profile_predicate action=maybe_recompile pc=0x000002669fe09e1c method=com.android.tools.r8.dex.i.a(I[Lcom/android/tools/r8/internal/xh;[Lcom/android/tools/r8/internal/yh;Z)[Lcom/android/tools/r8/graph/n0; @ 643 c2

Classes redefined (0 events):
No events

Internal exceptions (10 events):
Event: 1144.646 Thread 0x00000266ae17d800 Exception <a 'sun/nio/fs/WindowsException'{0x0000000091b8dfb0}> (0x0000000091b8dfb0) thrown at [./open/src/hotspot/share/prims/jni.cpp, line 611]
Event: 1146.131 Thread 0x00000266ae17d800 Exception <a 'java/lang/NoSuchMethodError'{0x00000000919da3d8}: java.lang.invoke.DirectMethodHandle$Holder.newInvokeSpecial(Ljava/lang/Object;I)Ljava/lang/Object;> (0x00000000919da3d8) thrown at [./open/src/hotspot/share/interpreter/linkResolver.cpp, line
Event: 1149.811 Thread 0x00000266b6fde000 Exception <a 'sun/nio/fs/WindowsException'{0x000000009115cc18}> (0x000000009115cc18) thrown at [./open/src/hotspot/share/prims/jni.cpp, line 611]
Event: 1153.105 Thread 0x00000266ae17d800 Exception <a 'java/lang/NoSuchMethodError'{0x0000000090d21ca8}: java.lang.invoke.DirectMethodHandle$Holder.invokeStaticInit(Ljava/lang/Object;Ljava/lang/Object;Ljava/lang/Object;Ljava/lang/Object;Ljava/lang/Object;Ljava/lang/Object;Ljava/lang/Object;Ljava
Event: 1155.003 Thread 0x00000266b6fde000 Exception <a 'java/lang/IncompatibleClassChangeError'{0x00000000908e8c08}: Found class java.lang.Object, but interface was expected> (0x00000000908e8c08) thrown at [./open/src/hotspot/share/interpreter/linkResolver.cpp, line 838]
Event: 1170.899 Thread 0x00000266b6fde000 Exception <a 'java/lang/NoSuchMethodError'{0x0000000092ae1530}: java.lang.invoke.DirectMethodHandle$Holder.invokeStatic(Ljava/lang/Object;Ljava/lang/Object;Ljava/lang/Object;I)V> (0x0000000092ae1530) thrown at [./open/src/hotspot/share/interpreter/linkRes
Event: 1171.079 Thread 0x00000266b6fde000 Exception <a 'java/lang/IncompatibleClassChangeError'{0x0000000092aeb4e8}: Found class java.lang.Object, but interface was expected> (0x0000000092aeb4e8) thrown at [./open/src/hotspot/share/interpreter/linkResolver.cpp, line 838]
Event: 1172.589 Thread 0x00000266bb14c000 Exception <a 'java/lang/IncompatibleClassChangeError'{0x0000000092176860}: Found class java.lang.Object, but interface was expected> (0x0000000092176860) thrown at [./open/src/hotspot/share/interpreter/linkResolver.cpp, line 838]
Event: 1172.598 Thread 0x00000266bb14c000 Exception <a 'java/lang/IncompatibleClassChangeError'{0x0000000092034f68}: Found class java.lang.Object, but interface was expected> (0x0000000092034f68) thrown at [./open/src/hotspot/share/interpreter/linkResolver.cpp, line 838]
Event: 1175.032 Thread 0x00000266b6fde000 Exception <a 'java/lang/NoSuchMethodError'{0x0000000092020e58}: java.lang.invoke.DirectMethodHandle$Holder.invokeStatic(Ljava/lang/Object;ILjava/lang/Object;Ljava/lang/Object;)Ljava/lang/Object;> (0x0000000092020e58) thrown at [./open/src/hotspot/share/in

Events (10 events):
Event: 1176.218 Thread 0x00000266ae188800 DEOPT UNPACKING pc=0x00000266971b6dde sp=0x0000009b53dfe2c0 mode 0
Event: 1176.220 Thread 0x00000266ae188800 DEOPT PACKING pc=0x000002669aedc111 sp=0x0000009b53dfe5c0
Event: 1176.220 Thread 0x00000266ae188800 DEOPT UNPACKING pc=0x00000266971b6dde sp=0x0000009b53dfe1f0 mode 0
Event: 1176.248 Thread 0x00000266b6fde000 DEOPT PACKING pc=0x000002669797bc27 sp=0x0000009b519f9e80
Event: 1176.248 Thread 0x00000266b6fde000 DEOPT UNPACKING pc=0x00000266971b6dde sp=0x0000009b519f93b8 mode 0
Event: 1176.324 loading class com/android/tools/r8/internal/ln
Event: 1176.324 loading class com/android/tools/r8/internal/ln done
Event: 1176.344 Executing VM operation: CGC_Operation
Event: 1177.582 Executing VM operation: CGC_Operation done
Event: 1177.613 Executing VM operation: G1CollectForAllocation


Dynamic libraries:
0x00007ff7caa40000 - 0x00007ff7caa50000 	C:\Program Files\Java\jdk-11\bin\java.exe
0x00007ffc339d0000 - 0x00007ffc33bc8000 	C:\Windows\SYSTEM32\ntdll.dll
0x00007ffc33420000 - 0x00007ffc334df000 	C:\Windows\System32\KERNEL32.DLL
0x00007ffc31680000 - 0x00007ffc3195a000 	C:\Windows\System32\KERNELBASE.dll
0x00007ffc31420000 - 0x00007ffc31520000 	C:\Windows\System32\ucrtbase.dll
0x00007ffc24f90000 - 0x00007ffc24fa8000 	C:\Program Files\Java\jdk-11\bin\jli.dll
0x00007ffc331a0000 - 0x00007ffc3324e000 	C:\Windows\System32\ADVAPI32.dll
0x00007ffc33590000 - 0x00007ffc3362e000 	C:\Windows\System32\msvcrt.dll
0x00007ffc33100000 - 0x00007ffc3319c000 	C:\Windows\System32\sechost.dll
0x00007ffc32f80000 - 0x00007ffc330a6000 	C:\Windows\System32\RPCRT4.dll
0x00007ffc33280000 - 0x00007ffc3341d000 	C:\Windows\System32\USER32.dll
0x00007ffc310e0000 - 0x00007ffc31102000 	C:\Windows\System32\win32u.dll
0x00007ffc330d0000 - 0x00007ffc330fb000 	C:\Windows\System32\GDI32.dll
0x00007ffc312c0000 - 0x00007ffc313d0000 	C:\Windows\System32\gdi32full.dll
0x00007ffc31990000 - 0x00007ffc31a2d000 	C:\Windows\System32\msvcp_win.dll
0x00007ffc1f010000 - 0x00007ffc1f2aa000 	C:\Windows\WinSxS\amd64_microsoft.windows.common-controls_6595b64144ccf1df_6.0.19041.1110_none_60b5254171f9507e\COMCTL32.dll
0x00007ffc28980000 - 0x00007ffc2898a000 	C:\Windows\SYSTEM32\VERSION.dll
0x00007ffc0ff10000 - 0x00007ffc0ff2b000 	C:\Program Files\Java\jdk-11\bin\VCRUNTIME140.dll
0x00007ffc33250000 - 0x00007ffc33280000 	C:\Windows\System32\IMM32.DLL
0x00007ffc1dba0000 - 0x00007ffc1dbac000 	C:\Program Files\Java\jdk-11\bin\vcruntime140_1.dll
0x00007ffc04630000 - 0x00007ffc046be000 	C:\Program Files\Java\jdk-11\bin\msvcp140.dll
0x00007ffbdad10000 - 0x00007ffbdb878000 	C:\Program Files\Java\jdk-11\bin\server\jvm.dll
0x00007ffc31bf0000 - 0x00007ffc31bf8000 	C:\Windows\System32\PSAPI.DLL
0x00007ffc28950000 - 0x00007ffc28977000 	C:\Windows\SYSTEM32\WINMM.dll
0x00007ffc2bb10000 - 0x00007ffc2bb19000 	C:\Windows\SYSTEM32\WSOCK32.dll
0x00007ffc32c90000 - 0x00007ffc32cfb000 	C:\Windows\System32\WS2_32.dll
0x00007ffc2ef60000 - 0x00007ffc2ef72000 	C:\Windows\SYSTEM32\kernel.appcore.dll
0x00007ffc1dac0000 - 0x00007ffc1dad0000 	C:\Program Files\Java\jdk-11\bin\verify.dll
0x00007ffc27ff0000 - 0x00007ffc281d4000 	C:\Windows\SYSTEM32\DBGHELP.DLL
0x00007ffc1f6f0000 - 0x00007ffc1f724000 	C:\Windows\SYSTEM32\dbgcore.DLL
0x00007ffc31230000 - 0x00007ffc312b2000 	C:\Windows\System32\bcryptPrimitives.dll
0x00007ffc0fee0000 - 0x00007ffc0ff08000 	C:\Program Files\Java\jdk-11\bin\java.dll
0x00007ffc18c00000 - 0x00007ffc18c0a000 	C:\Program Files\Java\jdk-11\bin\jimage.dll
0x00007ffc04610000 - 0x00007ffc04627000 	C:\Program Files\Java\jdk-11\bin\zip.dll
0x00007ffc31cc0000 - 0x00007ffc32404000 	C:\Windows\System32\SHELL32.dll
0x00007ffc2f160000 - 0x00007ffc2f8f3000 	C:\Windows\SYSTEM32\windows.storage.dll
0x00007ffc33630000 - 0x00007ffc33984000 	C:\Windows\System32\combase.dll
0x00007ffc30980000 - 0x00007ffc309ae000 	C:\Windows\SYSTEM32\Wldp.dll
0x00007ffc32a30000 - 0x00007ffc32add000 	C:\Windows\System32\SHCORE.dll
0x00007ffc31c60000 - 0x00007ffc31cb5000 	C:\Windows\System32\shlwapi.dll
0x00007ffc31020000 - 0x00007ffc3103f000 	C:\Windows\SYSTEM32\profapi.dll
0x00007ffc04020000 - 0x00007ffc04039000 	C:\Program Files\Java\jdk-11\bin\net.dll
0x00007ffc25d40000 - 0x00007ffc25e4a000 	C:\Windows\SYSTEM32\WINHTTP.dll
0x00007ffc30760000 - 0x00007ffc307ca000 	C:\Windows\system32\mswsock.dll
0x00007ffc03f70000 - 0x00007ffc03f82000 	C:\Program Files\Java\jdk-11\bin\nio.dll
0x00007ffc03f40000 - 0x00007ffc03f67000 	C:\Users\User\.gradle\native\e1d6ef7f7dcc3fd88c89a11ec53ec762bb8ba0a96d01ffa2cd45eb1d1d8dd5c5\windows-amd64\native-platform.dll
0x00007ffbfcf00000 - 0x00007ffbfd044000 	C:\Users\User\.gradle\native\0d407fdbe67a94daf76414ababcb853783967236a71b16ec16e742cd7a986fd3\windows-amd64\native-platform-file-events.dll
0x00007ffc180b0000 - 0x00007ffc180b9000 	C:\Program Files\Java\jdk-11\bin\management.dll
0x00007ffc16250000 - 0x00007ffc1625b000 	C:\Program Files\Java\jdk-11\bin\management_ext.dll
0x00007ffc309c0000 - 0x00007ffc309d8000 	C:\Windows\SYSTEM32\CRYPTSP.dll
0x00007ffc300a0000 - 0x00007ffc300d4000 	C:\Windows\system32\rsaenh.dll
0x00007ffc31960000 - 0x00007ffc31987000 	C:\Windows\System32\bcrypt.dll
0x00007ffc30fe0000 - 0x00007ffc3100e000 	C:\Windows\SYSTEM32\USERENV.dll
0x00007ffc308f0000 - 0x00007ffc308fc000 	C:\Windows\SYSTEM32\CRYPTBASE.dll
0x00007ffc30470000 - 0x00007ffc304ac000 	C:\Windows\SYSTEM32\IPHLPAPI.DLL
0x00007ffc32af0000 - 0x00007ffc32af8000 	C:\Windows\System32\NSI.dll
0x00007ffc27fd0000 - 0x00007ffc27fe7000 	C:\Windows\SYSTEM32\dhcpcsvc6.DLL
0x00007ffc2aa20000 - 0x00007ffc2aa3d000 	C:\Windows\SYSTEM32\dhcpcsvc.DLL
0x00007ffc304b0000 - 0x00007ffc3057b000 	C:\Windows\SYSTEM32\DNSAPI.dll
0x00007ffc14430000 - 0x00007ffc1443d000 	C:\Program Files\Java\jdk-11\bin\sunmscapi.dll
0x00007ffc31520000 - 0x00007ffc31676000 	C:\Windows\System32\CRYPT32.dll
0x00007ffc30ad0000 - 0x00007ffc30af8000 	C:\Windows\SYSTEM32\ncrypt.dll
0x00007ffc30a90000 - 0x00007ffc30acb000 	C:\Windows\SYSTEM32\NTASN1.dll
0x00007ffc03d10000 - 0x00007ffc03d37000 	C:\Program Files\Java\jdk-11\bin\sunec.dll
0x00007ffc21b40000 - 0x00007ffc21b4a000 	C:\Windows\System32\rasadhlp.dll
0x00007ffc21e40000 - 0x00007ffc21ec0000 	C:\Windows\System32\fwpuclnt.dll
0x00007ffc29780000 - 0x00007ffc2979e000 	C:\Users\User\AppData\Local\Temp\native-platform11744729755846924133dir\native-platform.dll
0x00007ffc2b870000 - 0x00007ffc2b877000 	C:\Program Files\Java\jdk-11\bin\rmi.dll
0x00007ffc301e0000 - 0x00007ffc30213000 	C:\Windows\SYSTEM32\ntmarta.dll
0x00007ffc240b0000 - 0x00007ffc240c8000 	C:\ProgramData\Microsoft\Windows Defender\Platform\4.18.2303.8-0\MpDetoursCopyAccelerator.dll
0x00007ffc1d7e0000 - 0x00007ffc1d913000 	C:\ProgramData\Microsoft\Windows Defender\Platform\4.18.2303.8-0\mpclient.dll
0x00007ffc31110000 - 0x00007ffc31177000 	C:\Windows\System32\WINTRUST.dll
0x00007ffc30bf0000 - 0x00007ffc30c02000 	C:\Windows\SYSTEM32\MSASN1.dll
0x00007ffc2f910000 - 0x00007ffc2f933000 	C:\Windows\SYSTEM32\gpapi.dll
0x00007ffc11a90000 - 0x00007ffc11aae000 	C:\Users\User\AppData\Local\Temp\native-platform5838989201659786311dir\native-platform.dll
0x00007ffc0ca10000 - 0x00007ffc0ca2e000 	C:\Users\User\AppData\Local\Temp\native-platform12378289275647387659dir\native-platform.dll

dbghelp: loaded successfully - version: 4.0.5 - missing functions: none
symbol engine: initialized successfully - sym options: 0x614 - pdb path: .;C:\Program Files\Java\jdk-11\bin;C:\Windows\SYSTEM32;C:\Windows\WinSxS\amd64_microsoft.windows.common-controls_6595b64144ccf1df_6.0.19041.1110_none_60b5254171f9507e;C:\Program Files\Java\jdk-11\bin\server;C:\Users\User\.gradle\native\e1d6ef7f7dcc3fd88c89a11ec53ec762bb8ba0a96d01ffa2cd45eb1d1d8dd5c5\windows-amd64;C:\Users\User\.gradle\native\0d407fdbe67a94daf76414ababcb853783967236a71b16ec16e742cd7a986fd3\windows-amd64;C:\Users\User\AppData\Local\Temp\native-platform11744729755846924133dir;C:\ProgramData\Microsoft\Windows Defender\Platform\4.18.2303.8-0;C:\Users\User\AppData\Local\Temp\native-platform5838989201659786311dir;C:\Users\User\AppData\Local\Temp\native-platform12378289275647387659dir

VM Arguments:
jvm_args: -XX:MaxMetaspaceSize=512m --add-opens=java.base/java.util=ALL-UNNAMED --add-opens=java.base/java.lang=ALL-UNNAMED --add-opens=java.base/java.lang.invoke=ALL-UNNAMED --add-opens=java.base/java.util=ALL-UNNAMED --add-opens=java.prefs/java.util.prefs=ALL-UNNAMED --add-opens=java.prefs/java.util.prefs=ALL-UNNAMED --add-opens=java.base/java.nio.charset=ALL-UNNAMED --add-opens=java.base/java.net=ALL-UNNAMED --add-opens=java.base/java.util.concurrent.atomic=ALL-UNNAMED -Xmx2048m -Dfile.encoding=windows-1252 -Duser.country=US -Duser.language=en -Duser.variant 
java_command: org.gradle.launcher.daemon.bootstrap.GradleDaemon 7.5.1
java_class_path (initial): C:\Users\User\.gradle\wrapper\dists\gradle-7.5.1-all\1ehga6e77gqps5uk2kc5kf1vc\gradle-7.5.1\lib\gradle-launcher-7.5.1.jar
Launcher Type: SUN_STANDARD

[Global flags]
     intx CICompilerCount                          = 3                                         {product} {ergonomic}
   size_t CompressedClassSpaceSize                 = 528482304                                 {product} {ergonomic}
     uint ConcGCThreads                            = 1                                         {product} {ergonomic}
     uint G1ConcRefinementThreads                  = 4                                         {product} {ergonomic}
   size_t G1HeapRegionSize                         = 1048576                                   {product} {ergonomic}
    uintx GCDrainStackTargetSize                   = 64                                        {product} {ergonomic}
   size_t InitialHeapSize                          = 58720256                                  {product} {ergonomic}
   size_t MarkStackSize                            = 4194304                                   {product} {ergonomic}
   size_t MaxHeapSize                              = 2147483648                                {product} {command line}
   size_t MaxMetaspaceSize                         = 536870912                                 {product} {command line}
   size_t MaxNewSize                               = 1287651328                                {product} {ergonomic}
   size_t MinHeapDeltaBytes                        = 1048576                                   {product} {ergonomic}
    uintx NonNMethodCodeHeapSize                   = 5830732                                {pd product} {ergonomic}
    uintx NonProfiledCodeHeapSize                  = 122913754                              {pd product} {ergonomic}
    uintx ProfiledCodeHeapSize                     = 122913754                              {pd product} {ergonomic}
    uintx ReservedCodeCacheSize                    = 251658240                              {pd product} {ergonomic}
     bool SegmentedCodeCache                       = true                                      {product} {ergonomic}
     bool UseCompressedClassPointers               = true                                 {lp64_product} {ergonomic}
     bool UseCompressedOops                        = true                                 {lp64_product} {ergonomic}
     bool UseG1GC                                  = true                                      {product} {ergonomic}
     bool UseLargePagesIndividualAllocation        = false                                  {pd product} {ergonomic}

Logging:
Log output configuration:
 #0: stdout all=warning uptime,level,tags
 #1: stderr all=off uptime,level,tags

Environment Variables:
CLASSPATH=C:\Users\User\ProjectMobileDevelopment\android\\gradle\wrapper\gradle-wrapper.jar
PATH=C:\Users\User\ProjectMobileDevelopment\android\node_modules\.bin;C:\Users\User\ProjectMobileDevelopment\node_modules\.bin;C:\Users\User\node_modules\.bin;C:\Users\node_modules\.bin;C:\node_modules\.bin;C:\Program Files\nodejs;C:\Users\User\ProjectMobileDevelopment\node_modules\.bin;C:\Users\User\ProjectMobileDevelopment\node_modules\.bin;C:\Users\User\node_modules\.bin;C:\Users\node_modules\.bin;C:\node_modules\.bin;C:\Program Files\nodejs\node_modules\npm\node_modules\@npmcli\run-script\lib\node-gyp-bin;C:\Program Files\Common Files\Oracle\Java\javapath;C:\Windows\system32;C:\Windows;C:\Windows\System32\Wbem;C:\Windows\System32\WindowsPowerShell\v1.0\;C:\Windows\System32\OpenSSH\;C:\Program Files\Microsoft SQL Server\150\Tools\Binn\;C:\Program Files\Git\cmd;C:\Program Files\nodejs\;C:\Users\User\AppData\Local\Android\Sdk\platform-tools;C:\Users\User\AppData\Local\Microsoft\WindowsApps;C:\Users\User\AppData\Local\Programs\Microsoft VS Code\bin;C:\Users\User\AppData\Roaming\npm;C:\Users\User\AppData\Local\Android\Sdk\platform-tools;
USERNAME=User
OS=Windows_NT
PROCESSOR_IDENTIFIER=AMD64 Family 23 Model 24 Stepping 1, AuthenticAMD



---------------  S Y S T E M  ---------------

OS: Windows 10 , 64 bit Build 19041 (10.0.19041.2788)
Hyper-V role detected

CPU:total 4 (initial active 4) (4 cores per cpu, 2 threads per core) family 23 model 24 stepping 1 microcode 0x0, cmov, cx8, fxsr, mmx, sse, sse2, sse3, ssse3, sse4.1, sse4.2, popcnt, avx, avx2, aes, clmul, mmxext, 3dnowpref, lzcnt, sse4a, ht, tsc, tscinvbit, tscinv, bmi1, bmi2, adx, s

Memory: 4k page, system-wide physical 3460M (148M free)
TotalPageFile size 14211M (AvailPageFile size 5M)
current process WorkingSet (physical memory assigned to process): 296M, peak: 542M
current process commit charge ("private bytes"): 793M, peak: 794M

vm_info: Java HotSpot(TM) 64-Bit Server VM (11.0.18+9-LTS-195) for windows-amd64 JRE (11.0.18+9-LTS-195), built on Dec  6 2022 15:50:58 by "mach5one" with MS VC++ 17.1 (VS2022)

END.
