#
# There is insufficient memory for the Java Runtime Environment to continue.
# Native memory allocation (malloc) failed to allocate 32744 bytes for ChunkPool::allocate
# Possible reasons:
#   The system is out of physical RAM or swap space
#   The process is running with CompressedOops enabled, and the Java Heap may be blocking the growth of the native heap
# Possible solutions:
#   Reduce memory load on the system
#   Increase physical memory or swap space
#   Check if swap backing store is full
#   Decrease Java heap size (-Xmx/-Xms)
#   Decrease number of Java threads
#   Decrease Java thread stack sizes (-Xss)
#   Set larger code cache with -XX:ReservedCodeCacheSize=
#   JVM is running with Unscaled Compressed Oops mode in which the Java heap is
#     placed in the first 4GB address space. The Java Heap base address is the
#     maximum limit for the native heap growth. Please use -XX:HeapBaseMinAddress
#     to set the Java Heap base and to place the Java Heap above 4GB virtual address.
# This output file may be truncated or incomplete.
#
#  Out of Memory Error (./open/src/hotspot/share/memory/arena.cpp:81), pid=16116, tid=19024
#
# JRE version: Java(TM) SE Runtime Environment 18.9 (11.0.18+9) (build 11.0.18+9-LTS-195)
# Java VM: Java HotSpot(TM) 64-Bit Server VM 18.9 (11.0.18+9-LTS-195, mixed mode, tiered, compressed oops, g1 gc, windows-amd64)
# No core dump will be written. Minidumps are not enabled by default on client versions of Windows
#

---------------  S U M M A R Y ------------

Command Line: -Xmx64m -Xms64m -Dorg.gradle.appname=gradlew org.gradle.wrapper.GradleWrapperMain app:installDebug -PreactNativeDevServerPort=8081

Host: AMD Ryzen 3 3250U with Radeon Graphics         , 4 cores, 3G,  Windows 10 , 64 bit Build 19041 (10.0.19041.2788)
Time: Mon May  1 00:09:38 2023 Malay Peninsula Standard Time elapsed time: 250.356553 seconds (0d 0h 4m 10s)

---------------  T H R E A D  ---------------

Current thread (0x0000020fbe0e3000):  JavaThread "C2 CompilerThread0" daemon [_thread_in_native, id=19024, stack(0x000000df8e000000,0x000000df8e100000)]


Current CompileTask:
C2: 250356 1896       4       org.gradle.internal.logging.console.DefaultWorkInProgressFormatter::format (102 bytes)

Stack: [0x000000df8e000000,0x000000df8e100000]
Native frames: (J=compiled Java code, j=interpreted, Vv=VM code, C=native code)
V  [jvm.dll+0x65d8aa]
V  [jvm.dll+0x79fc1f]
V  [jvm.dll+0x7a12e9]
V  [jvm.dll+0x7a1983]
V  [jvm.dll+0x2585b5]
V  [jvm.dll+0xb2abf]
V  [jvm.dll+0xb2e0c]
V  [jvm.dll+0xb2964]
V  [jvm.dll+0x7885f9]
V  [jvm.dll+0x787f12]
V  [jvm.dll+0x218c23]
V  [jvm.dll+0x68804a]
V  [jvm.dll+0x219a87]
V  [jvm.dll+0x2100cd]
V  [jvm.dll+0x18c641]
V  [jvm.dll+0x220609]
V  [jvm.dll+0x21e92c]
V  [jvm.dll+0x763f61]
V  [jvm.dll+0x75c924]
V  [jvm.dll+0x65c755]
C  [ucrtbase.dll+0x21bb2]
C  [KERNEL32.DLL+0x17604]
C  [ntdll.dll+0x526a1]


---------------  P R O C E S S  ---------------

Threads class SMR info:
_java_thread_list=0x0000020fbea88800, length=13, elements={
0x0000020fa4aff800, 0x0000020fbe07e000, 0x0000020fbe087800, 0x0000020fbe0dc800,
0x0000020fbe0de800, 0x0000020fbe0e0000, 0x0000020fbe0e3000, 0x0000020fbe0e9000,
0x0000020fbe12d800, 0x0000020fbe35d800, 0x0000020fbef5c000, 0x0000020fbe7fb800,
0x0000020fbea47000
}

Java Threads: ( => current thread )
  0x0000020fa4aff800 JavaThread "main" [_thread_in_native, id=15608, stack(0x000000df8d400000,0x000000df8d500000)]
  0x0000020fbe07e000 JavaThread "Reference Handler" daemon [_thread_blocked, id=15896, stack(0x000000df8db00000,0x000000df8dc00000)]
  0x0000020fbe087800 JavaThread "Finalizer" daemon [_thread_blocked, id=7760, stack(0x000000df8dc00000,0x000000df8dd00000)]
  0x0000020fbe0dc800 JavaThread "Signal Dispatcher" daemon [_thread_blocked, id=14088, stack(0x000000df8dd00000,0x000000df8de00000)]
  0x0000020fbe0de800 JavaThread "Attach Listener" daemon [_thread_blocked, id=12192, stack(0x000000df8de00000,0x000000df8df00000)]
  0x0000020fbe0e0000 JavaThread "Service Thread" daemon [_thread_blocked, id=12768, stack(0x000000df8df00000,0x000000df8e000000)]
=>0x0000020fbe0e3000 JavaThread "C2 CompilerThread0" daemon [_thread_in_native, id=19024, stack(0x000000df8e000000,0x000000df8e100000)]
  0x0000020fbe0e9000 JavaThread "C1 CompilerThread0" daemon [_thread_blocked, id=9684, stack(0x000000df8e100000,0x000000df8e200000)]
  0x0000020fbe12d800 JavaThread "Sweeper thread" daemon [_thread_blocked, id=7292, stack(0x000000df8e200000,0x000000df8e300000)]
  0x0000020fbe35d800 JavaThread "Common-Cleaner" daemon [_thread_blocked, id=10436, stack(0x000000df8e400000,0x000000df8e500000)]
  0x0000020fbef5c000 JavaThread "pool-1-thread-1" [_thread_in_Java, id=5560, stack(0x000000df8e600000,0x000000df8e700000)]
  0x0000020fbe7fb800 JavaThread "DisconnectableInputStream source reader" daemon [_thread_in_native, id=7744, stack(0x000000df8eb00000,0x000000df8ec00000)]
  0x0000020fbea47000 JavaThread "Forward input" [_thread_blocked, id=14476, stack(0x000000df8ec00000,0x000000df8ed00000)]

Other Threads:
  0x0000020fbe058800 VMThread "VM Thread" [stack: 0x000000df8da00000,0x000000df8db00000] [id=9192]
  0x0000020fbe35c000 WatcherThread [stack: 0x000000df8e300000,0x000000df8e400000] [id=19836]
  0x0000020fa4b14000 GCTaskThread "GC Thread#0" [stack: 0x000000df8d500000,0x000000df8d600000] [id=18152]
  0x0000020fbe887800 GCTaskThread "GC Thread#1" [stack: 0x000000df8e500000,0x000000df8e600000] [id=13468]
  0x0000020fbf3bf000 GCTaskThread "GC Thread#2" [stack: 0x000000df8e800000,0x000000df8e900000] [id=15088]
  0x0000020fbf439800 GCTaskThread "GC Thread#3" [stack: 0x000000df8e900000,0x000000df8ea00000] [id=4488]
  0x0000020fa4b1b000 ConcurrentGCThread "G1 Main Marker" [stack: 0x000000df8d600000,0x000000df8d700000] [id=19768]
  0x0000020fa4b1d000 ConcurrentGCThread "G1 Conc#0" [stack: 0x000000df8d700000,0x000000df8d800000] [id=9784]
  0x0000020fa4b70000 ConcurrentGCThread "G1 Refine#0" [stack: 0x000000df8d800000,0x000000df8d900000] [id=15164]
  0x0000020fbf3f5000 ConcurrentGCThread "G1 Refine#1" [stack: 0x000000df8ea00000,0x000000df8eb00000] [id=10672]
  0x0000020fa4b71800 ConcurrentGCThread "G1 Young RemSet Sampling" [stack: 0x000000df8d900000,0x000000df8da00000] [id=4612]

Threads with active compile tasks:
C2 CompilerThread0   250594 1896       4       org.gradle.internal.logging.console.DefaultWorkInProgressFormatter::format (102 bytes)

VM state:not at safepoint (normal execution)

VM Mutex/Monitor currently owned by a thread: None

Heap address: 0x00000000fc000000, size: 64 MB, Compressed Oops mode: 32-bit
Narrow klass base: 0x0000000000000000, Narrow klass shift: 3
Compressed class space size: 1073741824 Address: 0x0000000100000000

Heap:
 garbage-first heap   total 65536K, used 17352K [0x00000000fc000000, 0x0000000100000000)
  region size 1024K, 12 young (12288K), 5 survivors (5120K)
 Metaspace       used 17503K, capacity 17882K, committed 18048K, reserved 1064960K
  class space    used 1958K, capacity 2098K, committed 2176K, reserved 1048576K
Heap Regions: E=young(eden), S=young(survivor), O=old, HS=humongous(starts), HC=humongous(continues), CS=collection set, F=free, A=archive, TAMS=top-at-mark-start (previous, next)
|   0|0x00000000fc000000, 0x00000000fc100000, 0x00000000fc100000|100%|HS|  |TAMS 0x00000000fc000000, 0x00000000fc000000| Complete 
|   1|0x00000000fc100000, 0x00000000fc200000, 0x00000000fc200000|100%|HC|  |TAMS 0x00000000fc100000, 0x00000000fc100000| Complete 
|   2|0x00000000fc200000, 0x00000000fc300000, 0x00000000fc300000|100%|HC|  |TAMS 0x00000000fc200000, 0x00000000fc200000| Complete 
|   3|0x00000000fc300000, 0x00000000fc400000, 0x00000000fc400000|100%| O|  |TAMS 0x00000000fc300000, 0x00000000fc300000| Untracked 
|   4|0x00000000fc400000, 0x00000000fc500000, 0x00000000fc500000|100%| O|  |TAMS 0x00000000fc400000, 0x00000000fc400000| Untracked 
|   5|0x00000000fc500000, 0x00000000fc5f2200, 0x00000000fc600000| 94%| O|  |TAMS 0x00000000fc500000, 0x00000000fc500000| Untracked 
|   6|0x00000000fc600000, 0x00000000fc600000, 0x00000000fc700000|  0%| F|  |TAMS 0x00000000fc600000, 0x00000000fc600000| Untracked 
|   7|0x00000000fc700000, 0x00000000fc700000, 0x00000000fc800000|  0%| F|  |TAMS 0x00000000fc700000, 0x00000000fc700000| Untracked 
|   8|0x00000000fc800000, 0x00000000fc800000, 0x00000000fc900000|  0%| F|  |TAMS 0x00000000fc800000, 0x00000000fc800000| Untracked 
|   9|0x00000000fc900000, 0x00000000fc900000, 0x00000000fca00000|  0%| F|  |TAMS 0x00000000fc900000, 0x00000000fc900000| Untracked 
|  10|0x00000000fca00000, 0x00000000fca00000, 0x00000000fcb00000|  0%| F|  |TAMS 0x00000000fca00000, 0x00000000fca00000| Untracked 
|  11|0x00000000fcb00000, 0x00000000fcb00000, 0x00000000fcc00000|  0%| F|  |TAMS 0x00000000fcb00000, 0x00000000fcb00000| Untracked 
|  12|0x00000000fcc00000, 0x00000000fcc00000, 0x00000000fcd00000|  0%| F|  |TAMS 0x00000000fcc00000, 0x00000000fcc00000| Untracked 
|  13|0x00000000fcd00000, 0x00000000fcd00000, 0x00000000fce00000|  0%| F|  |TAMS 0x00000000fcd00000, 0x00000000fcd00000| Untracked 
|  14|0x00000000fce00000, 0x00000000fce00000, 0x00000000fcf00000|  0%| F|  |TAMS 0x00000000fce00000, 0x00000000fce00000| Untracked 
|  15|0x00000000fcf00000, 0x00000000fcf00000, 0x00000000fd000000|  0%| F|  |TAMS 0x00000000fcf00000, 0x00000000fcf00000| Untracked 
|  16|0x00000000fd000000, 0x00000000fd000000, 0x00000000fd100000|  0%| F|  |TAMS 0x00000000fd000000, 0x00000000fd000000| Untracked 
|  17|0x00000000fd100000, 0x00000000fd100000, 0x00000000fd200000|  0%| F|  |TAMS 0x00000000fd100000, 0x00000000fd100000| Untracked 
|  18|0x00000000fd200000, 0x00000000fd200000, 0x00000000fd300000|  0%| F|  |TAMS 0x00000000fd200000, 0x00000000fd200000| Untracked 
|  19|0x00000000fd300000, 0x00000000fd300000, 0x00000000fd400000|  0%| F|  |TAMS 0x00000000fd300000, 0x00000000fd300000| Untracked 
|  20|0x00000000fd400000, 0x00000000fd400000, 0x00000000fd500000|  0%| F|  |TAMS 0x00000000fd400000, 0x00000000fd400000| Untracked 
|  21|0x00000000fd500000, 0x00000000fd600000, 0x00000000fd600000|100%| S|CS|TAMS 0x00000000fd500000, 0x00000000fd500000| Complete 
|  22|0x00000000fd600000, 0x00000000fd700000, 0x00000000fd700000|100%| S|CS|TAMS 0x00000000fd600000, 0x00000000fd600000| Complete 
|  23|0x00000000fd700000, 0x00000000fd800000, 0x00000000fd800000|100%| S|CS|TAMS 0x00000000fd700000, 0x00000000fd700000| Complete 
|  24|0x00000000fd800000, 0x00000000fd900000, 0x00000000fd900000|100%| S|CS|TAMS 0x00000000fd800000, 0x00000000fd800000| Complete 
|  25|0x00000000fd900000, 0x00000000fda00000, 0x00000000fda00000|100%| S|CS|TAMS 0x00000000fd900000, 0x00000000fd900000| Complete 
|  26|0x00000000fda00000, 0x00000000fda00000, 0x00000000fdb00000|  0%| F|  |TAMS 0x00000000fda00000, 0x00000000fda00000| Untracked 
|  27|0x00000000fdb00000, 0x00000000fdb00000, 0x00000000fdc00000|  0%| F|  |TAMS 0x00000000fdb00000, 0x00000000fdb00000| Untracked 
|  28|0x00000000fdc00000, 0x00000000fdc00000, 0x00000000fdd00000|  0%| F|  |TAMS 0x00000000fdc00000, 0x00000000fdc00000| Untracked 
|  29|0x00000000fdd00000, 0x00000000fdd00000, 0x00000000fde00000|  0%| F|  |TAMS 0x00000000fdd00000, 0x00000000fdd00000| Untracked 
|  30|0x00000000fde00000, 0x00000000fde00000, 0x00000000fdf00000|  0%| F|  |TAMS 0x00000000fde00000, 0x00000000fde00000| Untracked 
|  31|0x00000000fdf00000, 0x00000000fdf00000, 0x00000000fe000000|  0%| F|  |TAMS 0x00000000fdf00000, 0x00000000fdf00000| Untracked 
|  32|0x00000000fe000000, 0x00000000fe000000, 0x00000000fe100000|  0%| F|  |TAMS 0x00000000fe000000, 0x00000000fe000000| Untracked 
|  33|0x00000000fe100000, 0x00000000fe100000, 0x00000000fe200000|  0%| F|  |TAMS 0x00000000fe100000, 0x00000000fe100000| Untracked 
|  34|0x00000000fe200000, 0x00000000fe200000, 0x00000000fe300000|  0%| F|  |TAMS 0x00000000fe200000, 0x00000000fe200000| Untracked 
|  35|0x00000000fe300000, 0x00000000fe300000, 0x00000000fe400000|  0%| F|  |TAMS 0x00000000fe300000, 0x00000000fe300000| Untracked 
|  36|0x00000000fe400000, 0x00000000fe400000, 0x00000000fe500000|  0%| F|  |TAMS 0x00000000fe400000, 0x00000000fe400000| Untracked 
|  37|0x00000000fe500000, 0x00000000fe500000, 0x00000000fe600000|  0%| F|  |TAMS 0x00000000fe500000, 0x00000000fe500000| Untracked 
|  38|0x00000000fe600000, 0x00000000fe600000, 0x00000000fe700000|  0%| F|  |TAMS 0x00000000fe600000, 0x00000000fe600000| Untracked 
|  39|0x00000000fe700000, 0x00000000fe700000, 0x00000000fe800000|  0%| F|  |TAMS 0x00000000fe700000, 0x00000000fe700000| Untracked 
|  40|0x00000000fe800000, 0x00000000fe800000, 0x00000000fe900000|  0%| F|  |TAMS 0x00000000fe800000, 0x00000000fe800000| Untracked 
|  41|0x00000000fe900000, 0x00000000fe900000, 0x00000000fea00000|  0%| F|  |TAMS 0x00000000fe900000, 0x00000000fe900000| Untracked 
|  42|0x00000000fea00000, 0x00000000fea00000, 0x00000000feb00000|  0%| F|  |TAMS 0x00000000fea00000, 0x00000000fea00000| Untracked 
|  43|0x00000000feb00000, 0x00000000feb00000, 0x00000000fec00000|  0%| F|  |TAMS 0x00000000feb00000, 0x00000000feb00000| Untracked 
|  44|0x00000000fec00000, 0x00000000fec00000, 0x00000000fed00000|  0%| F|  |TAMS 0x00000000fec00000, 0x00000000fec00000| Untracked 
|  45|0x00000000fed00000, 0x00000000fed00000, 0x00000000fee00000|  0%| F|  |TAMS 0x00000000fed00000, 0x00000000fed00000| Untracked 
|  46|0x00000000fee00000, 0x00000000fee00000, 0x00000000fef00000|  0%| F|  |TAMS 0x00000000fee00000, 0x00000000fee00000| Untracked 
|  47|0x00000000fef00000, 0x00000000fef00000, 0x00000000ff000000|  0%| F|  |TAMS 0x00000000fef00000, 0x00000000fef00000| Untracked 
|  48|0x00000000ff000000, 0x00000000ff000000, 0x00000000ff100000|  0%| F|  |TAMS 0x00000000ff000000, 0x00000000ff000000| Untracked 
|  49|0x00000000ff100000, 0x00000000ff100000, 0x00000000ff200000|  0%| F|  |TAMS 0x00000000ff100000, 0x00000000ff100000| Untracked 
|  50|0x00000000ff200000, 0x00000000ff200000, 0x00000000ff300000|  0%| F|  |TAMS 0x00000000ff200000, 0x00000000ff200000| Untracked 
|  51|0x00000000ff300000, 0x00000000ff300000, 0x00000000ff400000|  0%| F|  |TAMS 0x00000000ff300000, 0x00000000ff300000| Untracked 
|  52|0x00000000ff400000, 0x00000000ff400000, 0x00000000ff500000|  0%| F|  |TAMS 0x00000000ff400000, 0x00000000ff400000| Untracked 
|  53|0x00000000ff500000, 0x00000000ff500000, 0x00000000ff600000|  0%| F|  |TAMS 0x00000000ff500000, 0x00000000ff500000| Untracked 
|  54|0x00000000ff600000, 0x00000000ff600000, 0x00000000ff700000|  0%| F|  |TAMS 0x00000000ff600000, 0x00000000ff600000| Untracked 
|  55|0x00000000ff700000, 0x00000000ff700000, 0x00000000ff800000|  0%| F|  |TAMS 0x00000000ff700000, 0x00000000ff700000| Untracked 
|  56|0x00000000ff800000, 0x00000000ff800000, 0x00000000ff900000|  0%| F|  |TAMS 0x00000000ff800000, 0x00000000ff800000| Untracked 
|  57|0x00000000ff900000, 0x00000000ff9557c0, 0x00000000ffa00000| 33%| E|  |TAMS 0x00000000ff900000, 0x00000000ff900000| Complete 
|  58|0x00000000ffa00000, 0x00000000ffb00000, 0x00000000ffb00000|100%| E|CS|TAMS 0x00000000ffa00000, 0x00000000ffa00000| Complete 
|  59|0x00000000ffb00000, 0x00000000ffc00000, 0x00000000ffc00000|100%| E|CS|TAMS 0x00000000ffb00000, 0x00000000ffb00000| Complete 
|  60|0x00000000ffc00000, 0x00000000ffd00000, 0x00000000ffd00000|100%| E|CS|TAMS 0x00000000ffc00000, 0x00000000ffc00000| Complete 
|  61|0x00000000ffd00000, 0x00000000ffe00000, 0x00000000ffe00000|100%| E|CS|TAMS 0x00000000ffd00000, 0x00000000ffd00000| Complete 
|  62|0x00000000ffe00000, 0x00000000fff00000, 0x00000000fff00000|100%| E|CS|TAMS 0x00000000ffe00000, 0x00000000ffe00000| Complete 
|  63|0x00000000fff00000, 0x0000000100000000, 0x0000000100000000|100%| E|CS|TAMS 0x00000000fff00000, 0x00000000fff00000| Complete 

Card table byte_map: [0x0000020fa4960000,0x0000020fa4980000] _byte_map_base: 0x0000020fa4180000

Marking Bits (Prev, Next): (CMBitMap*) 0x0000020fa4b19cd8, (CMBitMap*) 0x0000020fa4b19d10
 Prev Bits: [0x0000020fa49a0000, 0x0000020fa4aa0000)
 Next Bits: [0x0000020fbb1e0000, 0x0000020fbb2e0000)

Polling page: 0x0000020fa42e0000

Metaspace:

Usage:
  Non-class:     15.41 MB capacity,    15.18 MB ( 98%) used,   212.80 KB (  1%) free+waste,    26.12 KB ( <1%) overhead. 
      Class:      2.05 MB capacity,     1.91 MB ( 93%) used,   126.34 KB (  6%) free+waste,    13.12 KB ( <1%) overhead. 
       Both:     17.46 MB capacity,    17.09 MB ( 98%) used,   339.14 KB (  2%) free+waste,    39.25 KB ( <1%) overhead. 

Virtual space:
  Non-class space:       16.00 MB reserved,      15.50 MB ( 97%) committed 
      Class space:        1.00 GB reserved,       2.12 MB ( <1%) committed 
             Both:        1.02 GB reserved,      17.62 MB (  2%) committed 

Chunk freelists:
   Non-Class:  3.00 KB
       Class:  1.75 KB
        Both:  4.75 KB

CodeHeap 'non-profiled nmethods': size=120064Kb used=639Kb max_used=639Kb free=119424Kb
 bounds [0x0000020fb3ca0000, 0x0000020fb3f10000, 0x0000020fbb1e0000]
CodeHeap 'profiled nmethods': size=120000Kb used=3809Kb max_used=3809Kb free=116190Kb
 bounds [0x0000020fac770000, 0x0000020facb30000, 0x0000020fb3ca0000]
CodeHeap 'non-nmethods': size=5696Kb used=1116Kb max_used=1132Kb free=4579Kb
 bounds [0x0000020fac1e0000, 0x0000020fac450000, 0x0000020fac770000]
 total_blobs=2337 nmethods=1893 adapters=356
 compilation: enabled
              stopped_count=0, restarted_count=0
 full_count=0

Compilation events (10 events):
Event: 207.787 Thread 0x0000020fbe0e3000 nmethod 1892 0x0000020fb3d3f410 code [0x0000020fb3d3f580, 0x0000020fb3d3f678]
Event: 210.775 Thread 0x0000020fbe0e3000 1893       4       java.lang.StringLatin1::newString (17 bytes)
Event: 210.780 Thread 0x0000020fbe0e3000 nmethod 1893 0x0000020fb3d3f710 code [0x0000020fb3d3f8a0, 0x0000020fb3d3fcd8]
Event: 236.829 Thread 0x0000020fbe0e9000 1894       3       org.fusesource.jansi.Ansi::fg (17 bytes)
Event: 236.835 Thread 0x0000020fbe0e9000 nmethod 1894 0x0000020facb26b10 code [0x0000020facb26d40, 0x0000020facb27678]
Event: 236.835 Thread 0x0000020fbe0e9000 1895       3       org.fusesource.jansi.Ansi$Color::fg (8 bytes)
Event: 236.835 Thread 0x0000020fbe0e9000 nmethod 1895 0x0000020facb27a90 code [0x0000020facb27c20, 0x0000020facb27d18]
Event: 249.897 Thread 0x0000020fbe0e3000 1896       4       org.gradle.internal.logging.console.DefaultWorkInProgressFormatter::format (102 bytes)
Event: 249.930 Thread 0x0000020fbe0e9000 1897       3       java.lang.AbstractStringBuilder::substring (40 bytes)
Event: 249.932 Thread 0x0000020fbe0e9000 nmethod 1897 0x0000020facb27d90 code [0x0000020facb27f80, 0x0000020facb28488]

GC Heap History (4 events):
Event: 1.514 GC heap before
{Heap before GC invocations=0 (full 0):
 garbage-first heap   total 65536K, used 16384K [0x00000000fc000000, 0x0000000100000000)
  region size 1024K, 14 young (14336K), 0 survivors (0K)
 Metaspace       used 7579K, capacity 7765K, committed 7936K, reserved 1056768K
  class space    used 676K, capacity 756K, committed 768K, reserved 1048576K
}
Event: 1.525 GC heap after
{Heap after GC invocations=1 (full 0):
 garbage-first heap   total 65536K, used 3394K [0x00000000fc000000, 0x0000000100000000)
  region size 1024K, 2 young (2048K), 2 survivors (2048K)
 Metaspace       used 7579K, capacity 7765K, committed 7936K, reserved 1056768K
  class space    used 676K, capacity 756K, committed 768K, reserved 1048576K
}
Event: 10.900 GC heap before
{Heap before GC invocations=1 (full 0):
 garbage-first heap   total 65536K, used 43330K [0x00000000fc000000, 0x0000000100000000)
  region size 1024K, 38 young (38912K), 2 survivors (2048K)
 Metaspace       used 16346K, capacity 16666K, committed 16896K, reserved 1064960K
  class space    used 1856K, capacity 1989K, committed 2048K, reserved 1048576K
}
Event: 10.941 GC heap after
{Heap after GC invocations=2 (full 0):
 garbage-first heap   total 65536K, used 11208K [0x00000000fc000000, 0x0000000100000000)
  region size 1024K, 5 young (5120K), 5 survivors (5120K)
 Metaspace       used 16346K, capacity 16666K, committed 16896K, reserved 1064960K
  class space    used 1856K, capacity 1989K, committed 2048K, reserved 1048576K
}

Deoptimization events (10 events):
Event: 2.556 Thread 0x0000020fa4aff800 Uncommon trap: reason=unstable_if action=reinterpret pc=0x0000020fb3cc0d7c method=java.io.WinNTFileSystem.resolve(Ljava/lang/String;Ljava/lang/String;)Ljava/lang/String; @ 70 c2
Event: 2.792 Thread 0x0000020fa4aff800 Uncommon trap: reason=unstable_if action=reinterpret pc=0x0000020fb3cf3f18 method=java.util.concurrent.ConcurrentHashMap.addCount(JI)V @ 171 c2
Event: 3.051 Thread 0x0000020fa4aff800 Uncommon trap: reason=unstable_if action=reinterpret pc=0x0000020fb3cf50d4 method=java.util.HashMap.getNode(ILjava/lang/Object;)Ljava/util/HashMap$Node; @ 129 c2
Event: 4.179 Thread 0x0000020fbed2f800 Uncommon trap: reason=unstable_if action=reinterpret pc=0x0000020fb3cd27f4 method=java.lang.AbstractStringBuilder.putStringAt(ILjava/lang/String;)V @ 8 c2
Event: 4.179 Thread 0x0000020fbed2f800 Uncommon trap: reason=unstable_if action=reinterpret pc=0x0000020fb3cdf2cc method=java.lang.AbstractStringBuilder.putStringAt(ILjava/lang/String;)V @ 8 c2
Event: 4.179 Thread 0x0000020fbed2f800 Uncommon trap: reason=unstable_if action=reinterpret pc=0x0000020fb3cd2f6c method=java.lang.String.getBytes([BIB)V @ 5 c2
Event: 10.854 Thread 0x0000020fbed2f800 Uncommon trap: reason=unstable_if action=reinterpret pc=0x0000020fb3cad07c method=java.lang.String.codePointAt(I)I @ 4 c2
Event: 10.859 Thread 0x0000020fa4aff800 Uncommon trap: reason=class_check action=maybe_recompile pc=0x0000020fb3d0f648 method=java.io.DataInputStream.readUnsignedShort()I @ 4 c2
Event: 10.859 Thread 0x0000020fa4aff800 Uncommon trap: reason=class_check action=maybe_recompile pc=0x0000020fb3d0f648 method=java.io.DataInputStream.readUnsignedShort()I @ 4 c2
Event: 10.861 Thread 0x0000020fa4aff800 Uncommon trap: reason=class_check action=maybe_recompile pc=0x0000020fb3d0f648 method=java.io.DataInputStream.readUnsignedShort()I @ 4 c2

Classes redefined (0 events):
No events

Internal exceptions (10 events):
Event: 2.449 Thread 0x0000020fa4aff800 Exception <a 'java/lang/NoSuchMethodError'{0x00000000ff5e6408}: java.lang.invoke.DelegatingMethodHandle$Holder.delegate(Ljava/lang/Object;Ljava/lang/Object;ILjava/lang/Object;)V> (0x00000000ff5e6408) thrown at [./open/src/hotspot/share/interpreter/linkRes
Event: 2.821 Thread 0x0000020fa4aff800 Exception <a 'java/lang/NoSuchMethodError'{0x00000000feb987c8}: java.lang.invoke.DirectMethodHandle$Holder.invokeInterface(Ljava/lang/Object;Ljava/lang/Object;Ljava/lang/Object;)Ljava/lang/Object;> (0x00000000feb987c8) thrown at [./open/src/hotspot/share/
Event: 2.920 Thread 0x0000020fa4aff800 Exception <a 'java/lang/NoSuchMethodError'{0x00000000fe890f60}: java.lang.invoke.DirectMethodHandle$Holder.invokeStaticInit(Ljava/lang/Object;Ljava/lang/Object;Ljava/lang/Object;)Ljava/lang/Object;> (0x00000000fe890f60) thrown at [./open/src/hotspot/share
Event: 3.081 Thread 0x0000020fa4aff800 Exception <a 'java/lang/NoSuchMethodError'{0x00000000fe34e6d8}: java.lang.invoke.DirectMethodHandle$Holder.invokeStaticInit(Ljava/lang/Object;IIII)Ljava/lang/Object;> (0x00000000fe34e6d8) thrown at [./open/src/hotspot/share/interpreter/linkResolver.cpp, l
Event: 3.382 Thread 0x0000020fa4aff800 Exception <a 'java/lang/NoSuchMethodError'{0x00000000fe367730}: java.lang.invoke.DirectMethodHandle$Holder.invokeStaticInit(Ljava/lang/Object;Ljava/lang/Object;IIII)Ljava/lang/Object;> (0x00000000fe367730) thrown at [./open/src/hotspot/share/interpreter/l
Event: 4.148 Thread 0x0000020fbed2f800 Exception <a 'java/lang/NoSuchMethodError'{0x00000000fdb91798}: java.lang.invoke.DirectMethodHandle$Holder.invokeStatic(Ljava/lang/Object;J)V> (0x00000000fdb91798) thrown at [./open/src/hotspot/share/interpreter/linkResolver.cpp, line 772]
Event: 4.149 Thread 0x0000020fbed2f800 Exception <a 'java/lang/NoSuchMethodError'{0x00000000fdb966f8}: java.lang.invoke.DirectMethodHandle$Holder.invokeStatic(Ljava/lang/Object;J)Ljava/lang/Object;> (0x00000000fdb966f8) thrown at [./open/src/hotspot/share/interpreter/linkResolver.cpp, line 772
Event: 4.154 Thread 0x0000020fbed2f800 Exception <a 'java/lang/NoSuchMethodError'{0x00000000fdba4790}: java.lang.invoke.DirectMethodHandle$Holder.invokeStaticInit(Ljava/lang/Object;Ljava/lang/Object;JLjava/lang/Object;)Ljava/lang/Object;> (0x00000000fdba4790) thrown at [./open/src/hotspot/shar
Event: 4.155 Thread 0x0000020fbed2f800 Exception <a 'java/lang/NoSuchMethodError'{0x00000000fdbaa678}: java.lang.invoke.DirectMethodHandle$Holder.invokeStatic(Ljava/lang/Object;Ljava/lang/Object;J)Ljava/lang/Object;> (0x00000000fdbaa678) thrown at [./open/src/hotspot/share/interpreter/linkReso
Event: 4.156 Thread 0x0000020fbed2f800 Exception <a 'java/lang/NoSuchMethodError'{0x00000000fdbb0948}: java.lang.invoke.Invokers$Holder.linkToTargetMethod(Ljava/lang/Object;JLjava/lang/Object;)Ljava/lang/Object;> (0x00000000fdbb0948) thrown at [./open/src/hotspot/share/interpreter/linkResolver

Events (10 events):
Event: 149.910 loading class jdk/internal/access/JavaObjectInputFilterAccess
Event: 149.911 loading class jdk/internal/access/JavaObjectInputFilterAccess done
Event: 149.911 loading class java/io/Bits
Event: 149.912 loading class java/io/Bits done
Event: 149.912 loading class org/gradle/internal/serialize/ExceptionReplacingObjectInputStream$1
Event: 149.912 loading class org/gradle/internal/serialize/ExceptionReplacingObjectInputStream$1 done
Event: 149.934 loading class com/google/common/base/Objects
Event: 149.934 loading class com/google/common/base/Objects done
Event: 149.941 loading class com/google/common/base/ExtraObjectsMethodsForWeb
Event: 149.941 loading class com/google/common/base/ExtraObjectsMethodsForWeb done


Dynamic libraries:
0x00007ff6817d0000 - 0x00007ff6817e0000 	C:\Program Files\Java\jdk-11\bin\java.exe
0x00007ffc339d0000 - 0x00007ffc33bc8000 	C:\Windows\SYSTEM32\ntdll.dll
0x00007ffc33420000 - 0x00007ffc334df000 	C:\Windows\System32\KERNEL32.DLL
0x00007ffc31680000 - 0x00007ffc3195a000 	C:\Windows\System32\KERNELBASE.dll
0x00007ffc31420000 - 0x00007ffc31520000 	C:\Windows\System32\ucrtbase.dll
0x00007ffc24810000 - 0x00007ffc2482b000 	C:\Program Files\Java\jdk-11\bin\VCRUNTIME140.dll
0x00007ffc254e0000 - 0x00007ffc254f8000 	C:\Program Files\Java\jdk-11\bin\jli.dll
0x00007ffc331a0000 - 0x00007ffc3324e000 	C:\Windows\System32\ADVAPI32.dll
0x00007ffc33590000 - 0x00007ffc3362e000 	C:\Windows\System32\msvcrt.dll
0x00007ffc33100000 - 0x00007ffc3319c000 	C:\Windows\System32\sechost.dll
0x00007ffc32f80000 - 0x00007ffc330a6000 	C:\Windows\System32\RPCRT4.dll
0x00007ffc1f010000 - 0x00007ffc1f2aa000 	C:\Windows\WinSxS\amd64_microsoft.windows.common-controls_6595b64144ccf1df_6.0.19041.1110_none_60b5254171f9507e\COMCTL32.dll
0x00007ffc33280000 - 0x00007ffc3341d000 	C:\Windows\System32\USER32.dll
0x00007ffc330d0000 - 0x00007ffc330fb000 	C:\Windows\System32\GDI32.dll
0x00007ffc310e0000 - 0x00007ffc31102000 	C:\Windows\System32\win32u.dll
0x00007ffc312c0000 - 0x00007ffc313d0000 	C:\Windows\System32\gdi32full.dll
0x00007ffc31990000 - 0x00007ffc31a2d000 	C:\Windows\System32\msvcp_win.dll
0x00007ffc28980000 - 0x00007ffc2898a000 	C:\Windows\SYSTEM32\VERSION.dll
0x00007ffc33250000 - 0x00007ffc33280000 	C:\Windows\System32\IMM32.DLL
0x00007ffc29d10000 - 0x00007ffc29d1c000 	C:\Program Files\Java\jdk-11\bin\vcruntime140_1.dll
0x00007ffc07890000 - 0x00007ffc0791e000 	C:\Program Files\Java\jdk-11\bin\msvcp140.dll
0x00007ffbd21b0000 - 0x00007ffbd2d18000 	C:\Program Files\Java\jdk-11\bin\server\jvm.dll
0x00007ffc31bf0000 - 0x00007ffc31bf8000 	C:\Windows\System32\PSAPI.DLL
0x00007ffc28950000 - 0x00007ffc28977000 	C:\Windows\SYSTEM32\WINMM.dll
0x00007ffc2bb90000 - 0x00007ffc2bb99000 	C:\Windows\SYSTEM32\WSOCK32.dll
0x00007ffc32c90000 - 0x00007ffc32cfb000 	C:\Windows\System32\WS2_32.dll
0x00007ffc2ef60000 - 0x00007ffc2ef72000 	C:\Windows\SYSTEM32\kernel.appcore.dll
0x00007ffc29b70000 - 0x00007ffc29b80000 	C:\Program Files\Java\jdk-11\bin\verify.dll
0x00007ffc27ff0000 - 0x00007ffc281d4000 	C:\Windows\SYSTEM32\DBGHELP.DLL
0x00007ffc1f6f0000 - 0x00007ffc1f724000 	C:\Windows\SYSTEM32\dbgcore.DLL
0x00007ffc31230000 - 0x00007ffc312b2000 	C:\Windows\System32\bcryptPrimitives.dll
0x00007ffc16660000 - 0x00007ffc16688000 	C:\Program Files\Java\jdk-11\bin\java.dll
0x00007ffc24800000 - 0x00007ffc2480a000 	C:\Program Files\Java\jdk-11\bin\jimage.dll
0x00007ffc193e0000 - 0x00007ffc193f7000 	C:\Program Files\Java\jdk-11\bin\zip.dll
0x00007ffc31cc0000 - 0x00007ffc32404000 	C:\Windows\System32\SHELL32.dll
0x00007ffc2f160000 - 0x00007ffc2f8f3000 	C:\Windows\SYSTEM32\windows.storage.dll
0x00007ffc33630000 - 0x00007ffc33984000 	C:\Windows\System32\combase.dll
0x00007ffc30980000 - 0x00007ffc309ae000 	C:\Windows\SYSTEM32\Wldp.dll
0x00007ffc32a30000 - 0x00007ffc32add000 	C:\Windows\System32\SHCORE.dll
0x00007ffc31c60000 - 0x00007ffc31cb5000 	C:\Windows\System32\shlwapi.dll
0x00007ffc31020000 - 0x00007ffc3103f000 	C:\Windows\SYSTEM32\profapi.dll
0x00007ffc17a70000 - 0x00007ffc17a89000 	C:\Program Files\Java\jdk-11\bin\net.dll
0x00007ffc25d40000 - 0x00007ffc25e4a000 	C:\Windows\SYSTEM32\WINHTTP.dll
0x00007ffc30760000 - 0x00007ffc307ca000 	C:\Windows\system32\mswsock.dll
0x00007ffc17870000 - 0x00007ffc17882000 	C:\Program Files\Java\jdk-11\bin\nio.dll
0x00007ffc142f0000 - 0x00007ffc14317000 	C:\Users\User\.gradle\native\e1d6ef7f7dcc3fd88c89a11ec53ec762bb8ba0a96d01ffa2cd45eb1d1d8dd5c5\windows-amd64\native-platform.dll
0x00007ffc2cf80000 - 0x00007ffc2cf8a000 	C:\Users\User\.gradle\native\jansi\1.18\windows64\jansi.dll
0x00007ffc1eed0000 - 0x00007ffc1eed9000 	C:\Program Files\Java\jdk-11\bin\management.dll
0x00007ffc1ee10000 - 0x00007ffc1ee1b000 	C:\Program Files\Java\jdk-11\bin\management_ext.dll
0x00007ffc309c0000 - 0x00007ffc309d8000 	C:\Windows\SYSTEM32\CRYPTSP.dll
0x00007ffc300a0000 - 0x00007ffc300d4000 	C:\Windows\system32\rsaenh.dll
0x00007ffc31960000 - 0x00007ffc31987000 	C:\Windows\System32\bcrypt.dll
0x00007ffc30fe0000 - 0x00007ffc3100e000 	C:\Windows\SYSTEM32\USERENV.dll
0x00007ffc308f0000 - 0x00007ffc308fc000 	C:\Windows\SYSTEM32\CRYPTBASE.dll
0x00007ffc30470000 - 0x00007ffc304ac000 	C:\Windows\SYSTEM32\IPHLPAPI.DLL
0x00007ffc32af0000 - 0x00007ffc32af8000 	C:\Windows\System32\NSI.dll
0x00007ffc27fd0000 - 0x00007ffc27fe7000 	C:\Windows\SYSTEM32\dhcpcsvc6.DLL
0x00007ffc2aa20000 - 0x00007ffc2aa3d000 	C:\Windows\SYSTEM32\dhcpcsvc.DLL
0x00007ffc304b0000 - 0x00007ffc3057b000 	C:\Windows\SYSTEM32\DNSAPI.dll

dbghelp: loaded successfully - version: 4.0.5 - missing functions: none
symbol engine: initialized successfully - sym options: 0x614 - pdb path: .;C:\Program Files\Java\jdk-11\bin;C:\Windows\SYSTEM32;C:\Windows\WinSxS\amd64_microsoft.windows.common-controls_6595b64144ccf1df_6.0.19041.1110_none_60b5254171f9507e;C:\Program Files\Java\jdk-11\bin\server;C:\Users\User\.gradle\native\e1d6ef7f7dcc3fd88c89a11ec53ec762bb8ba0a96d01ffa2cd45eb1d1d8dd5c5\windows-amd64;C:\Users\User\.gradle\native\jansi\1.18\windows64

VM Arguments:
jvm_args: -Xmx64m -Xms64m -Dorg.gradle.appname=gradlew 
java_command: org.gradle.wrapper.GradleWrapperMain app:installDebug -PreactNativeDevServerPort=8081
java_class_path (initial): C:\Users\User\ProjectMobileDevelopment\android\\gradle\wrapper\gradle-wrapper.jar
Launcher Type: SUN_STANDARD

[Global flags]
     intx CICompilerCount                          = 3                                         {product} {ergonomic}
     uint ConcGCThreads                            = 1                                         {product} {ergonomic}
     uint G1ConcRefinementThreads                  = 4                                         {product} {ergonomic}
   size_t G1HeapRegionSize                         = 1048576                                   {product} {ergonomic}
    uintx GCDrainStackTargetSize                   = 64                                        {product} {ergonomic}
   size_t InitialHeapSize                          = 67108864                                  {product} {command line}
   size_t MarkStackSize                            = 4194304                                   {product} {ergonomic}
   size_t MaxHeapSize                              = 67108864                                  {product} {command line}
   size_t MaxNewSize                               = 39845888                                  {product} {ergonomic}
   size_t MinHeapDeltaBytes                        = 1048576                                   {product} {ergonomic}
    uintx NonNMethodCodeHeapSize                   = 5830732                                {pd product} {ergonomic}
    uintx NonProfiledCodeHeapSize                  = 122913754                              {pd product} {ergonomic}
    uintx ProfiledCodeHeapSize                     = 122913754                              {pd product} {ergonomic}
    uintx ReservedCodeCacheSize                    = 251658240                              {pd product} {ergonomic}
     bool SegmentedCodeCache                       = true                                      {product} {ergonomic}
     bool UseCompressedClassPointers               = true                                 {lp64_product} {ergonomic}
     bool UseCompressedOops                        = true                                 {lp64_product} {ergonomic}
     bool UseG1GC                                  = true                                      {product} {ergonomic}
     bool UseLargePagesIndividualAllocation        = false                                  {pd product} {ergonomic}

Logging:
Log output configuration:
 #0: stdout all=warning uptime,level,tags
 #1: stderr all=off uptime,level,tags

Environment Variables:
CLASSPATH=C:\Users\User\ProjectMobileDevelopment\android\\gradle\wrapper\gradle-wrapper.jar
PATH=C:\Users\User\ProjectMobileDevelopment\android\node_modules\.bin;C:\Users\User\ProjectMobileDevelopment\node_modules\.bin;C:\Users\User\node_modules\.bin;C:\Users\node_modules\.bin;C:\node_modules\.bin;C:\Program Files\nodejs;C:\Users\User\ProjectMobileDevelopment\node_modules\.bin;C:\Users\User\ProjectMobileDevelopment\node_modules\.bin;C:\Users\User\node_modules\.bin;C:\Users\node_modules\.bin;C:\node_modules\.bin;C:\Program Files\nodejs\node_modules\npm\node_modules\@npmcli\run-script\lib\node-gyp-bin;C:\Program Files\Common Files\Oracle\Java\javapath;C:\Windows\system32;C:\Windows;C:\Windows\System32\Wbem;C:\Windows\System32\WindowsPowerShell\v1.0\;C:\Windows\System32\OpenSSH\;C:\Program Files\Microsoft SQL Server\150\Tools\Binn\;C:\Program Files\Git\cmd;C:\Program Files\nodejs\;C:\Users\User\AppData\Local\Android\Sdk\platform-tools;C:\Users\User\AppData\Local\Microsoft\WindowsApps;C:\Users\User\AppData\Local\Programs\Microsoft VS Code\bin;C:\Users\User\AppData\Roaming\npm;C:\Users\User\AppData\Local\Android\Sdk\platform-tools;
USERNAME=User
OS=Windows_NT
PROCESSOR_IDENTIFIER=AMD64 Family 23 Model 24 Stepping 1, AuthenticAMD



---------------  S Y S T E M  ---------------

OS: Windows 10 , 64 bit Build 19041 (10.0.19041.2788)
Hyper-V role detected

CPU:total 4 (initial active 4) (4 cores per cpu, 2 threads per core) family 23 model 24 stepping 1 microcode 0x0, cmov, cx8, fxsr, mmx, sse, sse2, sse3, ssse3, sse4.1, sse4.2, popcnt, avx, avx2, aes, clmul, mmxext, 3dnowpref, lzcnt, sse4a, ht, tsc, tscinvbit, tscinv, bmi1, bmi2, adx, s

Memory: 4k page, system-wide physical 3460M (162M free)
TotalPageFile size 14212M (AvailPageFile size 32M)
current process WorkingSet (physical memory assigned to process): 12M, peak: 103M
current process commit charge ("private bytes"): 154M, peak: 160M

vm_info: Java HotSpot(TM) 64-Bit Server VM (11.0.18+9-LTS-195) for windows-amd64 JRE (11.0.18+9-LTS-195), built on Dec  6 2022 15:50:58 by "mach5one" with MS VC++ 17.1 (VS2022)

END.
