#
# There is insufficient memory for the Java Runtime Environment to continue.
# Native memory allocation (malloc) failed to allocate 2288976 bytes for Chunk::new
# Possible reasons:
#   The system is out of physical RAM or swap space
#   The process is running with CompressedOops enabled, and the Java Heap may be blocking the growth of the native heap
# Possible solutions:
#   Reduce memory load on the system
#   Increase physical memory or swap space
#   Check if swap backing store is full
#   Decrease Java heap size (-Xmx/-Xms)
#   Decrease number of Java threads
#   Decrease Java thread stack sizes (-Xss)
#   Set larger code cache with -XX:ReservedCodeCacheSize=
#   JVM is running with Unscaled Compressed Oops mode in which the Java heap is
#     placed in the first 4GB address space. The Java Heap base address is the
#     maximum limit for the native heap growth. Please use -XX:HeapBaseMinAddress
#     to set the Java Heap base and to place the Java Heap above 4GB virtual address.
# This output file may be truncated or incomplete.
#
#  Out of Memory Error (./open/src/hotspot/share/memory/arena.cpp:197), pid=13360, tid=11652
#
# JRE version: Java(TM) SE Runtime Environment 18.9 (11.0.18+9) (build 11.0.18+9-LTS-195)
# Java VM: Java HotSpot(TM) 64-Bit Server VM 18.9 (11.0.18+9-LTS-195, mixed mode, tiered, compressed oops, g1 gc, windows-amd64)
# No core dump will be written. Minidumps are not enabled by default on client versions of Windows
#

---------------  S U M M A R Y ------------

Command Line: -XX:MaxMetaspaceSize=512m --add-opens=java.base/java.util=ALL-UNNAMED --add-opens=java.base/java.lang=ALL-UNNAMED --add-opens=java.base/java.lang.invoke=ALL-UNNAMED --add-opens=java.base/java.util=ALL-UNNAMED --add-opens=java.prefs/java.util.prefs=ALL-UNNAMED --add-opens=java.prefs/java.util.prefs=ALL-UNNAMED --add-opens=java.base/java.nio.charset=ALL-UNNAMED --add-opens=java.base/java.net=ALL-UNNAMED --add-opens=java.base/java.util.concurrent.atomic=ALL-UNNAMED -Xmx2048m -Dfile.encoding=windows-1252 -Duser.country=US -Duser.language=en -Duser.variant org.gradle.launcher.daemon.bootstrap.GradleDaemon 7.5.1

Host: AMD Ryzen 3 3250U with Radeon Graphics         , 4 cores, 3G,  Windows 10 , 64 bit Build 19041 (10.0.19041.2788)
Time: Mon May  1 00:14:50 2023 Malay Peninsula Standard Time elapsed time: 1592.078722 seconds (0d 0h 26m 32s)

---------------  T H R E A D  ---------------

Current thread (0x00000214df4f4800):  JavaThread "C2 CompilerThread0" daemon [_thread_in_native, id=11652, stack(0x000000e7e5300000,0x000000e7e5400000)]


Current CompileTask:
C2:1592078 29134 %     4       com.android.tools.r8.ir.regalloc.b::a @ 1545 (1831 bytes)

Stack: [0x000000e7e5300000,0x000000e7e5400000]
Native frames: (J=compiled Java code, j=interpreted, Vv=VM code, C=native code)
V  [jvm.dll+0x65d8aa]
V  [jvm.dll+0x79fc1f]
V  [jvm.dll+0x7a12e9]
V  [jvm.dll+0x7a1983]
V  [jvm.dll+0x2585b5]
V  [jvm.dll+0xb284c]
V  [jvm.dll+0xb2e0c]
V  [jvm.dll+0x365e21]
V  [jvm.dll+0x1a2414]
V  [jvm.dll+0x2114fd]
V  [jvm.dll+0x210378]
V  [jvm.dll+0x18c641]
V  [jvm.dll+0x220609]
V  [jvm.dll+0x21e92c]
V  [jvm.dll+0x763f61]
V  [jvm.dll+0x75c924]
V  [jvm.dll+0x65c755]
C  [ucrtbase.dll+0x21bb2]
C  [KERNEL32.DLL+0x17604]
C  [ntdll.dll+0x526a1]


---------------  P R O C E S S  ---------------

Threads class SMR info:
_java_thread_list=0x00000214ef755e70, length=105, elements={
0x00000214bf632000, 0x00000214df4d6800, 0x00000214df4d7800, 0x00000214df4f0000,
0x00000214df4f2000, 0x00000214df4f3000, 0x00000214df4f4800, 0x00000214df541800,
0x00000214df58c800, 0x00000214df7ba000, 0x00000214e052d800, 0x00000214e1691800,
0x00000214e0e43000, 0x00000214e0809000, 0x00000214e0804000, 0x00000214e0806000,
0x00000214e0806800, 0x00000214e0805000, 0x00000214e36da000, 0x00000214e36dd000,
0x00000214e36db800, 0x00000214e36d8800, 0x00000214e36e2000, 0x00000214e36e3000,
0x00000214e36e4800, 0x00000214e09d7000, 0x00000214e44b1800, 0x00000214e7c01000,
0x00000214e7bfc800, 0x00000214e0808800, 0x00000214e080a800, 0x00000214e8896800,
0x00000214e8892000, 0x00000214e8893800, 0x00000214e8892800, 0x00000214e8894800,
0x00000214e8891000, 0x00000214e8896000, 0x00000214e8897800, 0x00000214e889a000,
0x00000214e8898800, 0x00000214e8895000, 0x00000214e889b800, 0x00000214e889c800,
0x00000214e889b000, 0x00000214e889d800, 0x00000214e889e000, 0x00000214e889f000,
0x00000214e8899000, 0x00000214e889f800, 0x00000214e09d2000, 0x00000214e09cf800,
0x00000214e09d3000, 0x00000214e09d5800, 0x00000214e09d6000, 0x00000214e09d0800,
0x00000214e09d1800, 0x00000214e09d8800, 0x00000214e09d8000, 0x00000214e09d4000,
0x00000214e09d9800, 0x00000214e09da800, 0x00000214e09d4800, 0x00000214e09dd800,
0x00000214e09db000, 0x00000214e09dc000, 0x00000214e09de800, 0x00000214e44b7000,
0x00000214e44b8000, 0x00000214e44b4800, 0x00000214e44b2000, 0x00000214e44b8800,
0x00000214e44b3000, 0x00000214e44b5800, 0x00000214e44b9800, 0x00000214e44b3800,
0x00000214e44ba800, 0x00000214e44bf000, 0x00000214e44c0000, 0x00000214e44bb000,
0x00000214e44bd800, 0x00000214e44be800, 0x00000214e44bc800, 0x00000214e7bfa000,
0x00000214e7bf9800, 0x00000214e7bf6000, 0x00000214e7bf8000, 0x00000214e7bf4800,
0x00000214e7bfb000, 0x00000214e7bf7000, 0x00000214e7bf5800, 0x00000214e7bf8800,
0x00000214e7bfd800, 0x00000214e7bfc000, 0x00000214e7c03000, 0x00000214e7c00000,
0x00000214e7c02800, 0x00000214e36da800, 0x00000214e36df000, 0x00000214e36d9000,
0x00000214e36e0800, 0x00000214e36dc800, 0x00000214e36e6000, 0x00000214e080a000,
0x00000214e36e5800
}

Java Threads: ( => current thread )
  0x00000214bf632000 JavaThread "main" [_thread_blocked, id=12880, stack(0x000000e7e4700000,0x000000e7e4800000)]
  0x00000214df4d6800 JavaThread "Reference Handler" daemon [_thread_blocked, id=17764, stack(0x000000e7e4e00000,0x000000e7e4f00000)]
  0x00000214df4d7800 JavaThread "Finalizer" daemon [_thread_blocked, id=20192, stack(0x000000e7e4f00000,0x000000e7e5000000)]
  0x00000214df4f0000 JavaThread "Signal Dispatcher" daemon [_thread_blocked, id=12404, stack(0x000000e7e5000000,0x000000e7e5100000)]
  0x00000214df4f2000 JavaThread "Attach Listener" daemon [_thread_blocked, id=5932, stack(0x000000e7e5100000,0x000000e7e5200000)]
  0x00000214df4f3000 JavaThread "Service Thread" daemon [_thread_blocked, id=10584, stack(0x000000e7e5200000,0x000000e7e5300000)]
=>0x00000214df4f4800 JavaThread "C2 CompilerThread0" daemon [_thread_in_native, id=11652, stack(0x000000e7e5300000,0x000000e7e5400000)]
  0x00000214df541800 JavaThread "C1 CompilerThread0" daemon [_thread_blocked, id=1980, stack(0x000000e7e5400000,0x000000e7e5500000)]
  0x00000214df58c800 JavaThread "Sweeper thread" daemon [_thread_blocked, id=17400, stack(0x000000e7e5500000,0x000000e7e5600000)]
  0x00000214df7ba000 JavaThread "Common-Cleaner" daemon [_thread_blocked, id=6640, stack(0x000000e7e5600000,0x000000e7e5700000)]
  0x00000214e052d800 JavaThread "Daemon health stats" [_thread_blocked, id=11256, stack(0x000000e7e5900000,0x000000e7e5a00000)]
  0x00000214e1691800 JavaThread "Incoming local TCP Connector on port 59820" [_thread_in_native, id=6048, stack(0x000000e7e5a00000,0x000000e7e5b00000)]
  0x00000214e0e43000 JavaThread "Daemon periodic checks" [_thread_blocked, id=10244, stack(0x000000e7e5b00000,0x000000e7e5c00000)]
  0x00000214e0809000 JavaThread "Cache worker for journal cache (C:\Users\User\.gradle\caches\journal-1)" [_thread_blocked, id=15420, stack(0x000000e7e6500000,0x000000e7e6600000)]
  0x00000214e0804000 JavaThread "File lock request listener" [_thread_in_native, id=11380, stack(0x000000e7e6600000,0x000000e7e6700000)]
  0x00000214e0806000 JavaThread "Cache worker for file hash cache (C:\Users\User\.gradle\caches\7.5.1\fileHashes)" [_thread_blocked, id=13656, stack(0x000000e7e6800000,0x000000e7e6900000)]
  0x00000214e0806800 JavaThread "File watcher server" daemon [_thread_in_native, id=8448, stack(0x000000e7e6900000,0x000000e7e6a00000)]
  0x00000214e0805000 JavaThread "File watcher consumer" daemon [_thread_blocked, id=9264, stack(0x000000e7e6a00000,0x000000e7e6b00000)]
  0x00000214e36da000 JavaThread "Cache worker for file content cache (C:\Users\User\.gradle\caches\7.5.1\fileContent)" [_thread_blocked, id=15980, stack(0x000000e7e6d00000,0x000000e7e6e00000)]
  0x00000214e36dd000 JavaThread "Cache worker for execution history cache (C:\Users\User\.gradle\caches\7.5.1\executionHistory)" [_thread_blocked, id=10316, stack(0x000000e7e7000000,0x000000e7e7100000)]
  0x00000214e36db800 JavaThread "jar transforms" [_thread_blocked, id=19796, stack(0x000000e7e7100000,0x000000e7e7200000)]
  0x00000214e36d8800 JavaThread "jar transforms Thread 2" [_thread_blocked, id=17724, stack(0x000000e7e7200000,0x000000e7e7300000)]
  0x00000214e36e2000 JavaThread "jar transforms Thread 3" [_thread_blocked, id=14160, stack(0x000000e7e7300000,0x000000e7e7400000)]
  0x00000214e36e3000 JavaThread "jar transforms Thread 4" [_thread_blocked, id=18700, stack(0x000000e7e7400000,0x000000e7e7500000)]
  0x00000214e36e4800 JavaThread "Cache worker for kotlin-dsl (C:\Users\User\.gradle\caches\7.5.1\kotlin-dsl)" [_thread_blocked, id=3804, stack(0x000000e7e7700000,0x000000e7e7800000)]
  0x00000214e09d7000 JavaThread "Memory manager" [_thread_blocked, id=11240, stack(0x000000e7e9c00000,0x000000e7e9d00000)]
  0x00000214e44b1800 JavaThread "pool-3-thread-1" [_thread_blocked, id=17548, stack(0x000000e7e4400000,0x000000e7e4500000)]
  0x00000214e7c01000 JavaThread "pool-6-thread-1" [_thread_blocked, id=11260, stack(0x000000e7ea600000,0x000000e7ea700000)]
  0x00000214e7bfc800 JavaThread "Cache worker for Java compile cache (C:\Users\User\.gradle\caches\7.5.1\javaCompile)" [_thread_blocked, id=17028, stack(0x000000e7ea900000,0x000000e7eaa00000)]
  0x00000214e0808800 JavaThread "pool-9-thread-1" [_thread_blocked, id=15456, stack(0x000000e7ea800000,0x000000e7ea900000)]
  0x00000214e080a800 JavaThread "RMI Scheduler(0)" daemon [_thread_blocked, id=14856, stack(0x000000e7ea500000,0x000000e7ea600000)]
  0x00000214e8896800 JavaThread "RMI TCP Accept-0" daemon [_thread_in_native, id=8772, stack(0x000000e7eab00000,0x000000e7eac00000)]
  0x00000214e8892000 JavaThread "Daemon Thread 4" [_thread_blocked, id=12372, stack(0x000000e7e4500000,0x000000e7e4600000)]
  0x00000214e8893800 JavaThread "Handler for socket connection from /127.0.0.1:59820 to /127.0.0.1:60578" [_thread_in_native, id=15124, stack(0x000000e7e4600000,0x000000e7e4700000)]
  0x00000214e8892800 JavaThread "Cancel handler" [_thread_blocked, id=6180, stack(0x000000e7e5c00000,0x000000e7e5d00000)]
  0x00000214e8894800 JavaThread "Daemon worker Thread 4" [_thread_blocked, id=18132, stack(0x000000e7e5d00000,0x000000e7e5e00000)]
  0x00000214e8891000 JavaThread "Asynchronous log dispatcher for DefaultDaemonConnection: socket connection from /127.0.0.1:59820 to /127.0.0.1:60578" [_thread_in_Java, id=7844, stack(0x000000e7e5e00000,0x000000e7e5f00000)]
  0x00000214e8896000 JavaThread "Stdin handler" [_thread_blocked, id=12672, stack(0x000000e7e5f00000,0x000000e7e6000000)]
  0x00000214e8897800 JavaThread "Daemon client event forwarder" [_thread_blocked, id=5108, stack(0x000000e7e6000000,0x000000e7e6100000)]
  0x00000214e889a000 JavaThread "Cache worker for checksums cache (C:\Users\User\ProjectMobileDevelopment\android\.gradle\7.5.1\checksums)" [_thread_blocked, id=20088, stack(0x000000e7e6100000,0x000000e7e6200000)]
  0x00000214e8898800 JavaThread "Cache worker for cache directory md-rule (C:\Users\User\.gradle\caches\7.5.1\md-rule)" [_thread_blocked, id=10452, stack(0x000000e7e6200000,0x000000e7e6300000)]
  0x00000214e8895000 JavaThread "Cache worker for file hash cache (C:\Users\User\ProjectMobileDevelopment\android\.gradle\7.5.1\fileHashes)" [_thread_blocked, id=18056, stack(0x000000e7e6700000,0x000000e7e6800000)]
  0x00000214e889b800 JavaThread "Cache worker for cache directory md-supplier (C:\Users\User\.gradle\caches\7.5.1\md-supplier)" [_thread_blocked, id=20280, stack(0x000000e7e6b00000,0x000000e7e6c00000)]
  0x00000214e889c800 JavaThread "File lock release action executor Thread 4" [_thread_blocked, id=17708, stack(0x000000e7e6c00000,0x000000e7e6d00000)]
  0x00000214e889b000 JavaThread "Cache worker for dependencies-accessors (C:\Users\User\ProjectMobileDevelopment\android\.gradle\7.5.1\dependencies-accessors)" [_thread_blocked, id=12384, stack(0x000000e7e6e00000,0x000000e7e6f00000)]
  0x00000214e889d800 JavaThread "Cache worker for Build Output Cleanup Cache (C:\Users\User\ProjectMobileDevelopment\node_modules\react-native-gradle-plugin\.gradle\buildOutputCleanup)" [_thread_blocked, id=7156, stack(0x000000e7e6f00000,0x000000e7e7000000)]
  0x00000214e889e000 JavaThread "Unconstrained build operations" [_thread_blocked, id=2480, stack(0x000000e7e7500000,0x000000e7e7600000)]
  0x00000214e889f000 JavaThread "Unconstrained build operations Thread 2" [_thread_blocked, id=15612, stack(0x000000e7e7600000,0x000000e7e7700000)]
  0x00000214e8899000 JavaThread "Unconstrained build operations Thread 3" [_thread_blocked, id=7256, stack(0x000000e7e7800000,0x000000e7e7900000)]
  0x00000214e889f800 JavaThread "Unconstrained build operations Thread 4" [_thread_blocked, id=8264, stack(0x000000e7e7900000,0x000000e7e7a00000)]
  0x00000214e09d2000 JavaThread "Unconstrained build operations Thread 5" [_thread_blocked, id=8384, stack(0x000000e7e7a00000,0x000000e7e7b00000)]
  0x00000214e09cf800 JavaThread "Unconstrained build operations Thread 6" [_thread_blocked, id=6024, stack(0x000000e7e7b00000,0x000000e7e7c00000)]
  0x00000214e09d3000 JavaThread "Unconstrained build operations Thread 7" [_thread_blocked, id=20336, stack(0x000000e7e7c00000,0x000000e7e7d00000)]
  0x00000214e09d5800 JavaThread "Unconstrained build operations Thread 8" [_thread_blocked, id=14288, stack(0x000000e7e7d00000,0x000000e7e7e00000)]
  0x00000214e09d6000 JavaThread "Unconstrained build operations Thread 9" [_thread_blocked, id=19380, stack(0x000000e7e7e00000,0x000000e7e7f00000)]
  0x00000214e09d0800 JavaThread "Unconstrained build operations Thread 10" [_thread_blocked, id=20248, stack(0x000000e7e7f00000,0x000000e7e8000000)]
  0x00000214e09d1800 JavaThread "Unconstrained build operations Thread 11" [_thread_blocked, id=13384, stack(0x000000e7e8000000,0x000000e7e8100000)]
  0x00000214e09d8800 JavaThread "Unconstrained build operations Thread 12" [_thread_blocked, id=1592, stack(0x000000e7e8100000,0x000000e7e8200000)]
  0x00000214e09d8000 JavaThread "Unconstrained build operations Thread 13" [_thread_blocked, id=10548, stack(0x000000e7e8200000,0x000000e7e8300000)]
  0x00000214e09d4000 JavaThread "Unconstrained build operations Thread 14" [_thread_blocked, id=12556, stack(0x000000e7e8300000,0x000000e7e8400000)]
  0x00000214e09d9800 JavaThread "Unconstrained build operations Thread 15" [_thread_blocked, id=7000, stack(0x000000e7e8400000,0x000000e7e8500000)]
  0x00000214e09da800 JavaThread "Unconstrained build operations Thread 16" [_thread_blocked, id=19428, stack(0x000000e7e8500000,0x000000e7e8600000)]
  0x00000214e09d4800 JavaThread "Unconstrained build operations Thread 17" [_thread_blocked, id=14968, stack(0x000000e7e8600000,0x000000e7e8700000)]
  0x00000214e09dd800 JavaThread "Unconstrained build operations Thread 18" [_thread_blocked, id=3868, stack(0x000000e7e8700000,0x000000e7e8800000)]
  0x00000214e09db000 JavaThread "Unconstrained build operations Thread 19" [_thread_blocked, id=948, stack(0x000000e7e8800000,0x000000e7e8900000)]
  0x00000214e09dc000 JavaThread "Unconstrained build operations Thread 20" [_thread_blocked, id=7984, stack(0x000000e7e8900000,0x000000e7e8a00000)]
  0x00000214e09de800 JavaThread "Unconstrained build operations Thread 21" [_thread_blocked, id=5464, stack(0x000000e7e8a00000,0x000000e7e8b00000)]
  0x00000214e44b7000 JavaThread "Unconstrained build operations Thread 22" [_thread_blocked, id=15056, stack(0x000000e7e8b00000,0x000000e7e8c00000)]
  0x00000214e44b8000 JavaThread "Unconstrained build operations Thread 23" [_thread_blocked, id=10964, stack(0x000000e7e8c00000,0x000000e7e8d00000)]
  0x00000214e44b4800 JavaThread "Unconstrained build operations Thread 24" [_thread_blocked, id=17600, stack(0x000000e7e8d00000,0x000000e7e8e00000)]
  0x00000214e44b2000 JavaThread "Unconstrained build operations Thread 25" [_thread_blocked, id=19412, stack(0x000000e7e8e00000,0x000000e7e8f00000)]
  0x00000214e44b8800 JavaThread "Unconstrained build operations Thread 26" [_thread_blocked, id=4956, stack(0x000000e7e8f00000,0x000000e7e9000000)]
  0x00000214e44b3000 JavaThread "Unconstrained build operations Thread 27" [_thread_blocked, id=15100, stack(0x000000e7e9000000,0x000000e7e9100000)]
  0x00000214e44b5800 JavaThread "Unconstrained build operations Thread 28" [_thread_blocked, id=3912, stack(0x000000e7e9100000,0x000000e7e9200000)]
  0x00000214e44b9800 JavaThread "Unconstrained build operations Thread 29" [_thread_blocked, id=11624, stack(0x000000e7e9200000,0x000000e7e9300000)]
  0x00000214e44b3800 JavaThread "Unconstrained build operations Thread 30" [_thread_blocked, id=1788, stack(0x000000e7e9300000,0x000000e7e9400000)]
  0x00000214e44ba800 JavaThread "Unconstrained build operations Thread 31" [_thread_blocked, id=19564, stack(0x000000e7e9400000,0x000000e7e9500000)]
  0x00000214e44bf000 JavaThread "Unconstrained build operations Thread 32" [_thread_blocked, id=10668, stack(0x000000e7e9500000,0x000000e7e9600000)]
  0x00000214e44c0000 JavaThread "Unconstrained build operations Thread 33" [_thread_blocked, id=20468, stack(0x000000e7e9600000,0x000000e7e9700000)]
  0x00000214e44bb000 JavaThread "build event listener" [_thread_blocked, id=20072, stack(0x000000e7e9700000,0x000000e7e9800000)]
  0x00000214e44bd800 JavaThread "Cache worker for Build Output Cleanup Cache (C:\Users\User\ProjectMobileDevelopment\android\.gradle\buildOutputCleanup)" [_thread_blocked, id=8132, stack(0x000000e7e9800000,0x000000e7e9900000)]
  0x00000214e44be800 JavaThread "Execution worker" [_thread_blocked, id=17632, stack(0x000000e7e9a00000,0x000000e7e9b00000)]
  0x00000214e44bc800 JavaThread "Execution worker Thread 2" [_thread_blocked, id=13720, stack(0x000000e7e9b00000,0x000000e7e9c00000)]
  0x00000214e7bfa000 JavaThread "Execution worker Thread 3" [_thread_in_Java, id=6768, stack(0x000000e7e9d00000,0x000000e7e9e00000)]
  0x00000214e7bf9800 JavaThread "Cache worker for execution history cache (C:\Users\User\ProjectMobileDevelopment\node_modules\react-native-gradle-plugin\.gradle\7.5.1\executionHistory)" [_thread_blocked, id=8616, stack(0x000000e7e9e00000,0x000000e7e9f00000)]
  0x00000214e7bf6000 JavaThread "Unconstrained build operations Thread 34" [_thread_blocked, id=12296, stack(0x000000e7e9f00000,0x000000e7ea000000)]
  0x00000214e7bf8000 JavaThread "Unconstrained build operations Thread 35" [_thread_blocked, id=6592, stack(0x000000e7ea000000,0x000000e7ea100000)]
  0x00000214e7bf4800 JavaThread "Unconstrained build operations Thread 36" [_thread_blocked, id=5836, stack(0x000000e7ea100000,0x000000e7ea200000)]
  0x00000214e7bfb000 JavaThread "Unconstrained build operations Thread 37" [_thread_blocked, id=15484, stack(0x000000e7ea200000,0x000000e7ea300000)]
  0x00000214e7bf7000 JavaThread "Unconstrained build operations Thread 38" [_thread_blocked, id=17080, stack(0x000000e7ea300000,0x000000e7ea400000)]
  0x00000214e7bf5800 JavaThread "Unconstrained build operations Thread 39" [_thread_blocked, id=3328, stack(0x000000e7ea400000,0x000000e7ea500000)]
  0x00000214e7bf8800 JavaThread "Unconstrained build operations Thread 40" [_thread_blocked, id=12344, stack(0x000000e7ea700000,0x000000e7ea800000)]
  0x00000214e7bfd800 JavaThread "pool-14-thread-1" [_thread_blocked, id=9808, stack(0x000000e7e9900000,0x000000e7e9a00000)]
  0x00000214e7bfc000 JavaThread "build event listener" [_thread_blocked, id=4276, stack(0x000000e7eaa00000,0x000000e7eab00000)]
  0x00000214e7c03000 JavaThread "included builds Thread 2" [_thread_blocked, id=6652, stack(0x000000e7eac00000,0x000000e7ead00000)]
  0x00000214e7c00000 JavaThread "Cache worker for execution history cache (C:\Users\User\ProjectMobileDevelopment\android\.gradle\7.5.1\executionHistory)" [_thread_blocked, id=18892, stack(0x000000e7ead00000,0x000000e7eae00000)]
  0x00000214e7c02800 JavaThread "Build operations" [_thread_blocked, id=7888, stack(0x000000e7eae00000,0x000000e7eaf00000)]
  0x00000214e36da800 JavaThread "Build operations Thread 2" [_thread_blocked, id=12228, stack(0x000000e7eaf00000,0x000000e7eb000000)]
  0x00000214e36df000 JavaThread "Build operations Thread 3" [_thread_blocked, id=19336, stack(0x000000e7eb000000,0x000000e7eb100000)]
  0x00000214e36d9000 JavaThread "Build operations Thread 4" [_thread_blocked, id=14512, stack(0x000000e7eb100000,0x000000e7eb200000)]
  0x00000214e36e0800 JavaThread "WorkerExecutor Queue" [_thread_in_native, id=696, stack(0x000000e7eb200000,0x000000e7eb300000)]
  0x00000214e36dc800 JavaThread "WorkerExecutor Queue Thread 2" [_thread_blocked, id=19212, stack(0x000000e7eb300000,0x000000e7eb400000)]
  0x00000214e36e6000 JavaThread "WorkerExecutor Queue Thread 3" [_thread_blocked, id=11716, stack(0x000000e7eb500000,0x000000e7eb600000)]
  0x00000214e080a000 JavaThread "RMI RenewClean-[127.0.0.1:17545,org.jetbrains.kotlin.daemon.common.LoopbackNetworkInterface$ClientLoopbackSocketFactory@32e81481]" daemon [_thread_blocked, id=19608, stack(0x000000e7eb400000,0x000000e7eb500000)]
  0x00000214e36e5800 JavaThread "Thread-329" [_thread_in_native, id=9056, stack(0x000000e7eb600000,0x000000e7eb700000)]

Other Threads:
  0x00000214df4ce800 VMThread "VM Thread" [stack: 0x000000e7e4d00000,0x000000e7e4e00000] [id=8644]
  0x00000214df7f3000 WatcherThread [stack: 0x000000e7e5700000,0x000000e7e5800000] [id=1364]
  0x00000214bf648000 GCTaskThread "GC Thread#0" [stack: 0x000000e7e4800000,0x000000e7e4900000] [id=11852]
  0x00000214df912000 GCTaskThread "GC Thread#1" [stack: 0x000000e7e5800000,0x000000e7e5900000] [id=8008]
  0x00000214e1134800 GCTaskThread "GC Thread#2" [stack: 0x000000e7e6300000,0x000000e7e6400000] [id=12552]
  0x00000214e03e8800 GCTaskThread "GC Thread#3" [stack: 0x000000e7e6400000,0x000000e7e6500000] [id=12656]
  0x00000214bf678000 ConcurrentGCThread "G1 Main Marker" [stack: 0x000000e7e4900000,0x000000e7e4a00000] [id=5808]
  0x00000214bf679800 ConcurrentGCThread "G1 Conc#0" [stack: 0x000000e7e4a00000,0x000000e7e4b00000] [id=17388]
  0x00000214bf6be800 ConcurrentGCThread "G1 Refine#0" [stack: 0x000000e7e4b00000,0x000000e7e4c00000] [id=19296]
  0x00000214bf6bf800 ConcurrentGCThread "G1 Young RemSet Sampling" [stack: 0x000000e7e4c00000,0x000000e7e4d00000] [id=12460]

Threads with active compile tasks:
C2 CompilerThread0  1592180 29134 %     4       com.android.tools.r8.ir.regalloc.b::a @ 1545 (1831 bytes)

VM state:not at safepoint (normal execution)

VM Mutex/Monitor currently owned by a thread: None

OutOfMemory and StackOverflow Exception counts:
StackOverflowErrors=5
LinkageErrors=208

Heap address: 0x0000000080000000, size: 2048 MB, Compressed Oops mode: 32-bit
Narrow klass base: 0x0000000000000000, Narrow klass shift: 3
Compressed class space size: 528482304 Address: 0x0000000100000000

Heap:
 garbage-first heap   total 306176K, used 228585K [0x0000000080000000, 0x0000000100000000)
  region size 1024K, 17 young (17408K), 3 survivors (3072K)
 Metaspace       used 195231K, capacity 201149K, committed 201244K, reserved 690176K
  class space    used 25130K, capacity 27416K, committed 27420K, reserved 516096K
Heap Regions: E=young(eden), S=young(survivor), O=old, HS=humongous(starts), HC=humongous(continues), CS=collection set, F=free, A=archive, TAMS=top-at-mark-start (previous, next)
|   0|0x0000000080000000, 0x0000000080100000, 0x0000000080100000|100%|HS|  |TAMS 0x0000000080100000, 0x0000000080000000| Complete 
|   1|0x0000000080100000, 0x0000000080200000, 0x0000000080200000|100%|HC|  |TAMS 0x0000000080200000, 0x0000000080100000| Complete 
|   2|0x0000000080200000, 0x0000000080300000, 0x0000000080300000|100%|HC|  |TAMS 0x0000000080300000, 0x0000000080200000| Complete 
|   3|0x0000000080300000, 0x0000000080400000, 0x0000000080400000|100%| O|  |TAMS 0x0000000080400000, 0x0000000080300000| Untracked 
|   4|0x0000000080400000, 0x0000000080500000, 0x0000000080500000|100%| O|  |TAMS 0x0000000080500000, 0x0000000080400000| Untracked 
|   5|0x0000000080500000, 0x0000000080600000, 0x0000000080600000|100%| O|  |TAMS 0x0000000080600000, 0x0000000080500000| Untracked 
|   6|0x0000000080600000, 0x0000000080700000, 0x0000000080700000|100%| O|  |TAMS 0x0000000080700000, 0x0000000080600000| Untracked 
|   7|0x0000000080700000, 0x0000000080800000, 0x0000000080800000|100%| O|  |TAMS 0x0000000080800000, 0x0000000080700000| Untracked 
|   8|0x0000000080800000, 0x0000000080900000, 0x0000000080900000|100%| O|  |TAMS 0x0000000080900000, 0x0000000080800000| Untracked 
|   9|0x0000000080900000, 0x0000000080a00000, 0x0000000080a00000|100%| O|  |TAMS 0x0000000080a00000, 0x0000000080900000| Untracked 
|  10|0x0000000080a00000, 0x0000000080b00000, 0x0000000080b00000|100%| O|  |TAMS 0x0000000080b00000, 0x0000000080a00000| Untracked 
|  11|0x0000000080b00000, 0x0000000080c00000, 0x0000000080c00000|100%| O|  |TAMS 0x0000000080c00000, 0x0000000080b00000| Untracked 
|  12|0x0000000080c00000, 0x0000000080d00000, 0x0000000080d00000|100%| O|  |TAMS 0x0000000080d00000, 0x0000000080c00000| Untracked 
|  13|0x0000000080d00000, 0x0000000080e00000, 0x0000000080e00000|100%| O|  |TAMS 0x0000000080e00000, 0x0000000080d00000| Untracked 
|  14|0x0000000080e00000, 0x0000000080f00000, 0x0000000080f00000|100%| O|  |TAMS 0x0000000080f00000, 0x0000000080e00000| Untracked 
|  15|0x0000000080f00000, 0x0000000081000000, 0x0000000081000000|100%| O|  |TAMS 0x0000000081000000, 0x0000000080f00000| Untracked 
|  16|0x0000000081000000, 0x0000000081100000, 0x0000000081100000|100%| O|  |TAMS 0x0000000081100000, 0x0000000081000000| Untracked 
|  17|0x0000000081100000, 0x0000000081200000, 0x0000000081200000|100%| O|  |TAMS 0x0000000081200000, 0x0000000081100000| Untracked 
|  18|0x0000000081200000, 0x0000000081300000, 0x0000000081300000|100%| O|  |TAMS 0x0000000081300000, 0x0000000081200000| Untracked 
|  19|0x0000000081300000, 0x0000000081400000, 0x0000000081400000|100%| O|  |TAMS 0x0000000081400000, 0x0000000081300000| Untracked 
|  20|0x0000000081400000, 0x0000000081500000, 0x0000000081500000|100%| O|  |TAMS 0x0000000081500000, 0x0000000081400000| Untracked 
|  21|0x0000000081500000, 0x0000000081600000, 0x0000000081600000|100%| O|  |TAMS 0x0000000081600000, 0x0000000081500000| Untracked 
|  22|0x0000000081600000, 0x0000000081700000, 0x0000000081700000|100%| O|  |TAMS 0x0000000081700000, 0x0000000081600000| Untracked 
|  23|0x0000000081700000, 0x0000000081800000, 0x0000000081800000|100%| O|  |TAMS 0x0000000081800000, 0x0000000081700000| Untracked 
|  24|0x0000000081800000, 0x0000000081900000, 0x0000000081900000|100%| O|  |TAMS 0x0000000081900000, 0x0000000081800000| Untracked 
|  25|0x0000000081900000, 0x0000000081a00000, 0x0000000081a00000|100%| O|  |TAMS 0x0000000081a00000, 0x0000000081900000| Untracked 
|  26|0x0000000081a00000, 0x0000000081b00000, 0x0000000081b00000|100%| O|  |TAMS 0x0000000081b00000, 0x0000000081a00000| Untracked 
|  27|0x0000000081b00000, 0x0000000081c00000, 0x0000000081c00000|100%| O|  |TAMS 0x0000000081c00000, 0x0000000081b00000| Untracked 
|  28|0x0000000081c00000, 0x0000000081d00000, 0x0000000081d00000|100%| O|  |TAMS 0x0000000081d00000, 0x0000000081c00000| Untracked 
|  29|0x0000000081d00000, 0x0000000081e00000, 0x0000000081e00000|100%| O|  |TAMS 0x0000000081e00000, 0x0000000081d00000| Untracked 
|  30|0x0000000081e00000, 0x0000000081e00000, 0x0000000081f00000|  0%| F|  |TAMS 0x0000000081e00000, 0x0000000081e00000| Untracked 
|  31|0x0000000081f00000, 0x0000000082000000, 0x0000000082000000|100%| O|  |TAMS 0x0000000082000000, 0x0000000081f00000| Untracked 
|  32|0x0000000082000000, 0x0000000082100000, 0x0000000082100000|100%| O|  |TAMS 0x0000000082100000, 0x0000000082000000| Untracked 
|  33|0x0000000082100000, 0x0000000082200000, 0x0000000082200000|100%|HS|  |TAMS 0x0000000082200000, 0x0000000082100000| Complete 
|  34|0x0000000082200000, 0x0000000082300000, 0x0000000082300000|100%| O|  |TAMS 0x0000000082300000, 0x0000000082200000| Untracked 
|  35|0x0000000082300000, 0x0000000082400000, 0x0000000082400000|100%| O|  |TAMS 0x0000000082400000, 0x0000000082300000| Untracked 
|  36|0x0000000082400000, 0x0000000082500000, 0x0000000082500000|100%|HS|  |TAMS 0x0000000082500000, 0x0000000082400000| Complete 
|  37|0x0000000082500000, 0x0000000082600000, 0x0000000082600000|100%|HC|  |TAMS 0x0000000082600000, 0x0000000082500000| Complete 
|  38|0x0000000082600000, 0x0000000082700000, 0x0000000082700000|100%|HC|  |TAMS 0x0000000082700000, 0x0000000082600000| Complete 
|  39|0x0000000082700000, 0x0000000082800000, 0x0000000082800000|100%| O|  |TAMS 0x0000000082800000, 0x0000000082700000| Untracked 
|  40|0x0000000082800000, 0x0000000082900000, 0x0000000082900000|100%| O|  |TAMS 0x0000000082900000, 0x0000000082800000| Untracked 
|  41|0x0000000082900000, 0x0000000082a00000, 0x0000000082a00000|100%| O|  |TAMS 0x0000000082a00000, 0x0000000082900000| Untracked 
|  42|0x0000000082a00000, 0x0000000082b00000, 0x0000000082b00000|100%| O|  |TAMS 0x0000000082b00000, 0x0000000082a00000| Untracked 
|  43|0x0000000082b00000, 0x0000000082c00000, 0x0000000082c00000|100%| O|  |TAMS 0x0000000082c00000, 0x0000000082b00000| Untracked 
|  44|0x0000000082c00000, 0x0000000082d00000, 0x0000000082d00000|100%| O|  |TAMS 0x0000000082d00000, 0x0000000082c00000| Untracked 
|  45|0x0000000082d00000, 0x0000000082e00000, 0x0000000082e00000|100%| O|  |TAMS 0x0000000082e00000, 0x0000000082d00000| Untracked 
|  46|0x0000000082e00000, 0x0000000082f00000, 0x0000000082f00000|100%| O|  |TAMS 0x0000000082f00000, 0x0000000082e00000| Untracked 
|  47|0x0000000082f00000, 0x0000000083000000, 0x0000000083000000|100%| O|  |TAMS 0x0000000083000000, 0x0000000082f00000| Untracked 
|  48|0x0000000083000000, 0x0000000083100000, 0x0000000083100000|100%| O|  |TAMS 0x0000000083100000, 0x0000000083000000| Untracked 
|  49|0x0000000083100000, 0x0000000083200000, 0x0000000083200000|100%| O|  |TAMS 0x0000000083200000, 0x0000000083100000| Untracked 
|  50|0x0000000083200000, 0x0000000083300000, 0x0000000083300000|100%| O|  |TAMS 0x0000000083300000, 0x0000000083200000| Untracked 
|  51|0x0000000083300000, 0x0000000083400000, 0x0000000083400000|100%| O|  |TAMS 0x0000000083400000, 0x0000000083300000| Untracked 
|  52|0x0000000083400000, 0x0000000083500000, 0x0000000083500000|100%|HS|  |TAMS 0x0000000083500000, 0x0000000083400000| Complete 
|  53|0x0000000083500000, 0x0000000083600000, 0x0000000083600000|100%|HS|  |TAMS 0x0000000083600000, 0x0000000083500000| Complete 
|  54|0x0000000083600000, 0x0000000083700000, 0x0000000083700000|100%| O|  |TAMS 0x0000000083700000, 0x0000000083600000| Untracked 
|  55|0x0000000083700000, 0x0000000083800000, 0x0000000083800000|100%| O|  |TAMS 0x0000000083800000, 0x0000000083700000| Untracked 
|  56|0x0000000083800000, 0x0000000083900000, 0x0000000083900000|100%| O|  |TAMS 0x0000000083900000, 0x0000000083800000| Untracked 
|  57|0x0000000083900000, 0x0000000083a00000, 0x0000000083a00000|100%| O|  |TAMS 0x0000000083a00000, 0x0000000083900000| Untracked 
|  58|0x0000000083a00000, 0x0000000083b00000, 0x0000000083b00000|100%| O|  |TAMS 0x0000000083b00000, 0x0000000083a00000| Untracked 
|  59|0x0000000083b00000, 0x0000000083c00000, 0x0000000083c00000|100%| O|  |TAMS 0x0000000083c00000, 0x0000000083b00000| Untracked 
|  60|0x0000000083c00000, 0x0000000083d00000, 0x0000000083d00000|100%|HS|  |TAMS 0x0000000083d00000, 0x0000000083c00000| Complete 
|  61|0x0000000083d00000, 0x0000000083e00000, 0x0000000083e00000|100%|HC|  |TAMS 0x0000000083e00000, 0x0000000083d00000| Complete 
|  62|0x0000000083e00000, 0x0000000083f00000, 0x0000000083f00000|100%| O|  |TAMS 0x0000000083f00000, 0x0000000083e00000| Untracked 
|  63|0x0000000083f00000, 0x0000000084000000, 0x0000000084000000|100%| O|  |TAMS 0x0000000084000000, 0x0000000083f00000| Untracked 
|  64|0x0000000084000000, 0x0000000084100000, 0x0000000084100000|100%| O|  |TAMS 0x0000000084100000, 0x0000000084000000| Untracked 
|  65|0x0000000084100000, 0x0000000084200000, 0x0000000084200000|100%| O|  |TAMS 0x0000000084200000, 0x0000000084100000| Untracked 
|  66|0x0000000084200000, 0x0000000084300000, 0x0000000084300000|100%| O|  |TAMS 0x0000000084300000, 0x0000000084200000| Untracked 
|  67|0x0000000084300000, 0x0000000084400000, 0x0000000084400000|100%| O|  |TAMS 0x0000000084400000, 0x0000000084300000| Untracked 
|  68|0x0000000084400000, 0x0000000084500000, 0x0000000084500000|100%| O|  |TAMS 0x0000000084500000, 0x0000000084400000| Untracked 
|  69|0x0000000084500000, 0x0000000084600000, 0x0000000084600000|100%| O|  |TAMS 0x0000000084600000, 0x0000000084500000| Untracked 
|  70|0x0000000084600000, 0x0000000084700000, 0x0000000084700000|100%| O|  |TAMS 0x0000000084700000, 0x0000000084600000| Untracked 
|  71|0x0000000084700000, 0x0000000084800000, 0x0000000084800000|100%| O|  |TAMS 0x0000000084800000, 0x0000000084700000| Untracked 
|  72|0x0000000084800000, 0x0000000084900000, 0x0000000084900000|100%| O|  |TAMS 0x0000000084900000, 0x0000000084800000| Untracked 
|  73|0x0000000084900000, 0x0000000084a00000, 0x0000000084a00000|100%| O|  |TAMS 0x0000000084a00000, 0x0000000084900000| Untracked 
|  74|0x0000000084a00000, 0x0000000084b00000, 0x0000000084b00000|100%| O|  |TAMS 0x0000000084b00000, 0x0000000084a00000| Untracked 
|  75|0x0000000084b00000, 0x0000000084c00000, 0x0000000084c00000|100%| O|  |TAMS 0x0000000084c00000, 0x0000000084b00000| Untracked 
|  76|0x0000000084c00000, 0x0000000084d00000, 0x0000000084d00000|100%| O|  |TAMS 0x0000000084d00000, 0x0000000084c00000| Untracked 
|  77|0x0000000084d00000, 0x0000000084e00000, 0x0000000084e00000|100%|HS|  |TAMS 0x0000000084e00000, 0x0000000084d00000| Complete 
|  78|0x0000000084e00000, 0x0000000084f00000, 0x0000000084f00000|100%|HS|  |TAMS 0x0000000084f00000, 0x0000000084e00000| Complete 
|  79|0x0000000084f00000, 0x0000000085000000, 0x0000000085000000|100%|HC|  |TAMS 0x0000000085000000, 0x0000000084f00000| Complete 
|  80|0x0000000085000000, 0x0000000085100000, 0x0000000085100000|100%|HC|  |TAMS 0x0000000085100000, 0x0000000085000000| Complete 
|  81|0x0000000085100000, 0x0000000085200000, 0x0000000085200000|100%| O|  |TAMS 0x0000000085200000, 0x0000000085100000| Untracked 
|  82|0x0000000085200000, 0x0000000085300000, 0x0000000085300000|100%| O|  |TAMS 0x0000000085300000, 0x0000000085200000| Untracked 
|  83|0x0000000085300000, 0x0000000085400000, 0x0000000085400000|100%| O|  |TAMS 0x0000000085400000, 0x0000000085300000| Untracked 
|  84|0x0000000085400000, 0x0000000085500000, 0x0000000085500000|100%| O|  |TAMS 0x0000000085500000, 0x0000000085400000| Untracked 
|  85|0x0000000085500000, 0x0000000085600000, 0x0000000085600000|100%| O|  |TAMS 0x0000000085600000, 0x0000000085500000| Untracked 
|  86|0x0000000085600000, 0x0000000085700000, 0x0000000085700000|100%| O|  |TAMS 0x0000000085700000, 0x0000000085600000| Untracked 
|  87|0x0000000085700000, 0x0000000085800000, 0x0000000085800000|100%| O|  |TAMS 0x0000000085800000, 0x0000000085700000| Untracked 
|  88|0x0000000085800000, 0x0000000085900000, 0x0000000085900000|100%| O|  |TAMS 0x0000000085900000, 0x0000000085800000| Untracked 
|  89|0x0000000085900000, 0x0000000085a00000, 0x0000000085a00000|100%| O|  |TAMS 0x0000000085a00000, 0x0000000085900000| Untracked 
|  90|0x0000000085a00000, 0x0000000085b00000, 0x0000000085b00000|100%| O|  |TAMS 0x0000000085b00000, 0x0000000085a00000| Untracked 
|  91|0x0000000085b00000, 0x0000000085c00000, 0x0000000085c00000|100%| O|  |TAMS 0x0000000085c00000, 0x0000000085b00000| Untracked 
|  92|0x0000000085c00000, 0x0000000085d00000, 0x0000000085d00000|100%|HS|  |TAMS 0x0000000085d00000, 0x0000000085c00000| Complete 
|  93|0x0000000085d00000, 0x0000000085e00000, 0x0000000085e00000|100%|HS|  |TAMS 0x0000000085e00000, 0x0000000085d00000| Complete 
|  94|0x0000000085e00000, 0x0000000085f00000, 0x0000000085f00000|100%| O|  |TAMS 0x0000000085f00000, 0x0000000085e00000| Untracked 
|  95|0x0000000085f00000, 0x0000000086000000, 0x0000000086000000|100%| O|  |TAMS 0x0000000086000000, 0x0000000085f00000| Untracked 
|  96|0x0000000086000000, 0x0000000086100000, 0x0000000086100000|100%|HS|  |TAMS 0x0000000086100000, 0x0000000086000000| Complete 
|  97|0x0000000086100000, 0x0000000086200000, 0x0000000086200000|100%|HC|  |TAMS 0x0000000086200000, 0x0000000086100000| Complete 
|  98|0x0000000086200000, 0x0000000086300000, 0x0000000086300000|100%|HC|  |TAMS 0x0000000086300000, 0x0000000086200000| Complete 
|  99|0x0000000086300000, 0x0000000086400000, 0x0000000086400000|100%| O|  |TAMS 0x0000000086400000, 0x0000000086300000| Untracked 
| 100|0x0000000086400000, 0x0000000086500000, 0x0000000086500000|100%| O|  |TAMS 0x0000000086500000, 0x0000000086400000| Untracked 
| 101|0x0000000086500000, 0x0000000086600000, 0x0000000086600000|100%| O|  |TAMS 0x0000000086600000, 0x0000000086500000| Untracked 
| 102|0x0000000086600000, 0x0000000086700000, 0x0000000086700000|100%| O|  |TAMS 0x0000000086700000, 0x0000000086600000| Untracked 
| 103|0x0000000086700000, 0x0000000086800000, 0x0000000086800000|100%| O|  |TAMS 0x0000000086800000, 0x0000000086700000| Untracked 
| 104|0x0000000086800000, 0x0000000086900000, 0x0000000086900000|100%| O|  |TAMS 0x0000000086900000, 0x0000000086800000| Untracked 
| 105|0x0000000086900000, 0x0000000086a00000, 0x0000000086a00000|100%| O|  |TAMS 0x0000000086a00000, 0x0000000086900000| Untracked 
| 106|0x0000000086a00000, 0x0000000086b00000, 0x0000000086b00000|100%| O|  |TAMS 0x0000000086b00000, 0x0000000086a00000| Untracked 
| 107|0x0000000086b00000, 0x0000000086c00000, 0x0000000086c00000|100%| O|  |TAMS 0x0000000086c00000, 0x0000000086b00000| Untracked 
| 108|0x0000000086c00000, 0x0000000086d00000, 0x0000000086d00000|100%| O|  |TAMS 0x0000000086d00000, 0x0000000086c00000| Untracked 
| 109|0x0000000086d00000, 0x0000000086e00000, 0x0000000086e00000|100%| O|  |TAMS 0x0000000086e00000, 0x0000000086d00000| Untracked 
| 110|0x0000000086e00000, 0x0000000086f00000, 0x0000000086f00000|100%| O|  |TAMS 0x0000000086f00000, 0x0000000086e00000| Untracked 
| 111|0x0000000086f00000, 0x0000000087000000, 0x0000000087000000|100%| O|  |TAMS 0x0000000087000000, 0x0000000086f00000| Untracked 
| 112|0x0000000087000000, 0x0000000087100000, 0x0000000087100000|100%| O|  |TAMS 0x0000000087100000, 0x0000000087000000| Untracked 
| 113|0x0000000087100000, 0x0000000087200000, 0x0000000087200000|100%| O|  |TAMS 0x0000000087200000, 0x0000000087100000| Untracked 
| 114|0x0000000087200000, 0x0000000087300000, 0x0000000087300000|100%| O|  |TAMS 0x0000000087300000, 0x0000000087200000| Untracked 
| 115|0x0000000087300000, 0x0000000087400000, 0x0000000087400000|100%| O|  |TAMS 0x0000000087400000, 0x0000000087300000| Untracked 
| 116|0x0000000087400000, 0x0000000087500000, 0x0000000087500000|100%| O|  |TAMS 0x0000000087500000, 0x0000000087400000| Untracked 
| 117|0x0000000087500000, 0x0000000087600000, 0x0000000087600000|100%| O|  |TAMS 0x0000000087600000, 0x0000000087500000| Untracked 
| 118|0x0000000087600000, 0x0000000087700000, 0x0000000087700000|100%| O|  |TAMS 0x0000000087700000, 0x0000000087600000| Untracked 
| 119|0x0000000087700000, 0x0000000087800000, 0x0000000087800000|100%| O|  |TAMS 0x0000000087800000, 0x0000000087700000| Untracked 
| 120|0x0000000087800000, 0x0000000087900000, 0x0000000087900000|100%| O|  |TAMS 0x0000000087900000, 0x0000000087800000| Untracked 
| 121|0x0000000087900000, 0x0000000087a00000, 0x0000000087a00000|100%| O|  |TAMS 0x0000000087a00000, 0x0000000087900000| Untracked 
| 122|0x0000000087a00000, 0x0000000087b00000, 0x0000000087b00000|100%| O|  |TAMS 0x0000000087b00000, 0x0000000087a00000| Untracked 
| 123|0x0000000087b00000, 0x0000000087c00000, 0x0000000087c00000|100%| O|  |TAMS 0x0000000087c00000, 0x0000000087b00000| Untracked 
| 124|0x0000000087c00000, 0x0000000087d00000, 0x0000000087d00000|100%| O|  |TAMS 0x0000000087d00000, 0x0000000087c00000| Untracked 
| 125|0x0000000087d00000, 0x0000000087e00000, 0x0000000087e00000|100%| O|  |TAMS 0x0000000087e00000, 0x0000000087d00000| Untracked 
| 126|0x0000000087e00000, 0x0000000087f00000, 0x0000000087f00000|100%| O|  |TAMS 0x0000000087f00000, 0x0000000087e00000| Untracked 
| 127|0x0000000087f00000, 0x0000000088000000, 0x0000000088000000|100%| O|  |TAMS 0x0000000088000000, 0x0000000087f00000| Untracked 
| 128|0x0000000088000000, 0x0000000088100000, 0x0000000088100000|100%| O|  |TAMS 0x0000000088100000, 0x0000000088000000| Untracked 
| 129|0x0000000088100000, 0x0000000088200000, 0x0000000088200000|100%| O|  |TAMS 0x0000000088200000, 0x0000000088100000| Untracked 
| 130|0x0000000088200000, 0x0000000088300000, 0x0000000088300000|100%| O|  |TAMS 0x0000000088300000, 0x0000000088200000| Untracked 
| 131|0x0000000088300000, 0x0000000088400000, 0x0000000088400000|100%| O|  |TAMS 0x0000000088400000, 0x0000000088300000| Untracked 
| 132|0x0000000088400000, 0x0000000088500000, 0x0000000088500000|100%| O|  |TAMS 0x0000000088500000, 0x0000000088400000| Untracked 
| 133|0x0000000088500000, 0x0000000088600000, 0x0000000088600000|100%| O|  |TAMS 0x0000000088600000, 0x0000000088500000| Untracked 
| 134|0x0000000088600000, 0x0000000088700000, 0x0000000088700000|100%| O|  |TAMS 0x0000000088700000, 0x0000000088600000| Untracked 
| 135|0x0000000088700000, 0x0000000088800000, 0x0000000088800000|100%| O|  |TAMS 0x0000000088800000, 0x0000000088700000| Untracked 
| 136|0x0000000088800000, 0x0000000088900000, 0x0000000088900000|100%| O|  |TAMS 0x0000000088900000, 0x0000000088800000| Untracked 
| 137|0x0000000088900000, 0x0000000088a00000, 0x0000000088a00000|100%| O|  |TAMS 0x0000000088a00000, 0x0000000088900000| Untracked 
| 138|0x0000000088a00000, 0x0000000088b00000, 0x0000000088b00000|100%| O|  |TAMS 0x0000000088b00000, 0x0000000088a00000| Untracked 
| 139|0x0000000088b00000, 0x0000000088c00000, 0x0000000088c00000|100%| O|  |TAMS 0x0000000088c00000, 0x0000000088b00000| Untracked 
| 140|0x0000000088c00000, 0x0000000088d00000, 0x0000000088d00000|100%| O|  |TAMS 0x0000000088d00000, 0x0000000088c00000| Untracked 
| 141|0x0000000088d00000, 0x0000000088e00000, 0x0000000088e00000|100%| O|  |TAMS 0x0000000088e00000, 0x0000000088d00000| Untracked 
| 142|0x0000000088e00000, 0x0000000088f00000, 0x0000000088f00000|100%| O|  |TAMS 0x0000000088f00000, 0x0000000088e00000| Untracked 
| 143|0x0000000088f00000, 0x0000000089000000, 0x0000000089000000|100%| O|  |TAMS 0x0000000089000000, 0x0000000088f00000| Untracked 
| 144|0x0000000089000000, 0x0000000089100000, 0x0000000089100000|100%| O|  |TAMS 0x0000000089100000, 0x0000000089000000| Untracked 
| 145|0x0000000089100000, 0x0000000089200000, 0x0000000089200000|100%| O|  |TAMS 0x0000000089200000, 0x0000000089100000| Untracked 
| 146|0x0000000089200000, 0x0000000089300000, 0x0000000089300000|100%| O|  |TAMS 0x0000000089300000, 0x0000000089200000| Untracked 
| 147|0x0000000089300000, 0x0000000089400000, 0x0000000089400000|100%| O|  |TAMS 0x0000000089400000, 0x0000000089300000| Untracked 
| 148|0x0000000089400000, 0x0000000089500000, 0x0000000089500000|100%| O|  |TAMS 0x0000000089500000, 0x0000000089400000| Untracked 
| 149|0x0000000089500000, 0x0000000089600000, 0x0000000089600000|100%| O|  |TAMS 0x0000000089600000, 0x0000000089500000| Untracked 
| 150|0x0000000089600000, 0x0000000089700000, 0x0000000089700000|100%| O|  |TAMS 0x0000000089700000, 0x0000000089600000| Untracked 
| 151|0x0000000089700000, 0x0000000089800000, 0x0000000089800000|100%| O|  |TAMS 0x0000000089800000, 0x0000000089700000| Untracked 
| 152|0x0000000089800000, 0x0000000089900000, 0x0000000089900000|100%| O|  |TAMS 0x0000000089900000, 0x0000000089800000| Untracked 
| 153|0x0000000089900000, 0x0000000089a00000, 0x0000000089a00000|100%| O|  |TAMS 0x0000000089a00000, 0x0000000089900000| Untracked 
| 154|0x0000000089a00000, 0x0000000089b00000, 0x0000000089b00000|100%| O|  |TAMS 0x0000000089b00000, 0x0000000089a00000| Untracked 
| 155|0x0000000089b00000, 0x0000000089c00000, 0x0000000089c00000|100%| O|  |TAMS 0x0000000089c00000, 0x0000000089b00000| Untracked 
| 156|0x0000000089c00000, 0x0000000089d00000, 0x0000000089d00000|100%| O|  |TAMS 0x0000000089d00000, 0x0000000089c00000| Untracked 
| 157|0x0000000089d00000, 0x0000000089e00000, 0x0000000089e00000|100%| O|  |TAMS 0x0000000089e00000, 0x0000000089d00000| Untracked 
| 158|0x0000000089e00000, 0x0000000089f00000, 0x0000000089f00000|100%| O|  |TAMS 0x0000000089f00000, 0x0000000089e00000| Untracked 
| 159|0x0000000089f00000, 0x000000008a000000, 0x000000008a000000|100%| O|  |TAMS 0x000000008a000000, 0x0000000089f00000| Untracked 
| 160|0x000000008a000000, 0x000000008a100000, 0x000000008a100000|100%| O|  |TAMS 0x000000008a100000, 0x000000008a000000| Untracked 
| 161|0x000000008a100000, 0x000000008a200000, 0x000000008a200000|100%| O|  |TAMS 0x000000008a200000, 0x000000008a100000| Untracked 
| 162|0x000000008a200000, 0x000000008a300000, 0x000000008a300000|100%| O|  |TAMS 0x000000008a300000, 0x000000008a200000| Untracked 
| 163|0x000000008a300000, 0x000000008a400000, 0x000000008a400000|100%| O|  |TAMS 0x000000008a400000, 0x000000008a300000| Untracked 
| 164|0x000000008a400000, 0x000000008a400000, 0x000000008a500000|  0%| F|  |TAMS 0x000000008a400000, 0x000000008a400000| Untracked 
| 165|0x000000008a500000, 0x000000008a600000, 0x000000008a600000|100%| O|  |TAMS 0x000000008a600000, 0x000000008a500000| Untracked 
| 166|0x000000008a600000, 0x000000008a700000, 0x000000008a700000|100%| O|  |TAMS 0x000000008a700000, 0x000000008a600000| Untracked 
| 167|0x000000008a700000, 0x000000008a800000, 0x000000008a800000|100%| O|  |TAMS 0x000000008a800000, 0x000000008a700000| Untracked 
| 168|0x000000008a800000, 0x000000008a900000, 0x000000008a900000|100%| O|  |TAMS 0x000000008a900000, 0x000000008a800000| Untracked 
| 169|0x000000008a900000, 0x000000008aa00000, 0x000000008aa00000|100%| O|  |TAMS 0x000000008aa00000, 0x000000008a900000| Untracked 
| 170|0x000000008aa00000, 0x000000008ab00000, 0x000000008ab00000|100%| O|  |TAMS 0x000000008ab00000, 0x000000008aa00000| Untracked 
| 171|0x000000008ab00000, 0x000000008ac00000, 0x000000008ac00000|100%| O|  |TAMS 0x000000008ac00000, 0x000000008ab00000| Untracked 
| 172|0x000000008ac00000, 0x000000008ad00000, 0x000000008ad00000|100%| O|  |TAMS 0x000000008ad00000, 0x000000008ac00000| Untracked 
| 173|0x000000008ad00000, 0x000000008ae00000, 0x000000008ae00000|100%| O|  |TAMS 0x000000008ae00000, 0x000000008ad00000| Untracked 
| 174|0x000000008ae00000, 0x000000008ae00000, 0x000000008af00000|  0%| F|  |TAMS 0x000000008ae00000, 0x000000008ae00000| Untracked 
| 175|0x000000008af00000, 0x000000008b000000, 0x000000008b000000|100%| O|  |TAMS 0x000000008b000000, 0x000000008af00000| Untracked 
| 176|0x000000008b000000, 0x000000008b100000, 0x000000008b100000|100%| O|  |TAMS 0x000000008b100000, 0x000000008b000000| Untracked 
| 177|0x000000008b100000, 0x000000008b200000, 0x000000008b200000|100%| O|  |TAMS 0x000000008b200000, 0x000000008b100000| Untracked 
| 178|0x000000008b200000, 0x000000008b300000, 0x000000008b300000|100%| O|  |TAMS 0x000000008b300000, 0x000000008b200000| Untracked 
| 179|0x000000008b300000, 0x000000008b400000, 0x000000008b400000|100%| O|  |TAMS 0x000000008b400000, 0x000000008b300000| Untracked 
| 180|0x000000008b400000, 0x000000008b500000, 0x000000008b500000|100%| O|  |TAMS 0x000000008b500000, 0x000000008b400000| Untracked 
| 181|0x000000008b500000, 0x000000008b600000, 0x000000008b600000|100%|HS|  |TAMS 0x000000008b600000, 0x000000008b500000| Complete 
| 182|0x000000008b600000, 0x000000008b700000, 0x000000008b700000|100%|HC|  |TAMS 0x000000008b700000, 0x000000008b600000| Complete 
| 183|0x000000008b700000, 0x000000008b800000, 0x000000008b800000|100%| O|  |TAMS 0x000000008b800000, 0x000000008b700000| Untracked 
| 184|0x000000008b800000, 0x000000008b900000, 0x000000008b900000|100%| O|  |TAMS 0x000000008b900000, 0x000000008b800000| Untracked 
| 185|0x000000008b900000, 0x000000008ba00000, 0x000000008ba00000|100%| O|  |TAMS 0x000000008ba00000, 0x000000008b900000| Untracked 
| 186|0x000000008ba00000, 0x000000008bb00000, 0x000000008bb00000|100%| O|  |TAMS 0x000000008bb00000, 0x000000008ba00000| Untracked 
| 187|0x000000008bb00000, 0x000000008bc00000, 0x000000008bc00000|100%| O|  |TAMS 0x000000008bc00000, 0x000000008bb00000| Untracked 
| 188|0x000000008bc00000, 0x000000008bd00000, 0x000000008bd00000|100%| O|  |TAMS 0x000000008bd00000, 0x000000008bc00000| Untracked 
| 189|0x000000008bd00000, 0x000000008be00000, 0x000000008be00000|100%| O|  |TAMS 0x000000008be00000, 0x000000008bd00000| Untracked 
| 190|0x000000008be00000, 0x000000008be00000, 0x000000008bf00000|  0%| F|  |TAMS 0x000000008be00000, 0x000000008be00000| Untracked 
| 191|0x000000008bf00000, 0x000000008bf00000, 0x000000008c000000|  0%| F|  |TAMS 0x000000008bf00000, 0x000000008bf00000| Untracked 
| 192|0x000000008c000000, 0x000000008c100000, 0x000000008c100000|100%| O|  |TAMS 0x000000008c100000, 0x000000008c000000| Untracked 
| 193|0x000000008c100000, 0x000000008c200000, 0x000000008c200000|100%| O|  |TAMS 0x000000008c200000, 0x000000008c100000| Untracked 
| 194|0x000000008c200000, 0x000000008c300000, 0x000000008c300000|100%| O|  |TAMS 0x000000008c300000, 0x000000008c200000| Untracked 
| 195|0x000000008c300000, 0x000000008c400000, 0x000000008c400000|100%| O|  |TAMS 0x000000008c400000, 0x000000008c300000| Untracked 
| 196|0x000000008c400000, 0x000000008c500000, 0x000000008c500000|100%| O|  |TAMS 0x000000008c500000, 0x000000008c400000| Untracked 
| 197|0x000000008c500000, 0x000000008c600000, 0x000000008c600000|100%| O|  |TAMS 0x000000008c600000, 0x000000008c500000| Untracked 
| 198|0x000000008c600000, 0x000000008c700000, 0x000000008c700000|100%| O|  |TAMS 0x000000008c700000, 0x000000008c600000| Untracked 
| 199|0x000000008c700000, 0x000000008c800000, 0x000000008c800000|100%| O|  |TAMS 0x000000008c800000, 0x000000008c700000| Untracked 
| 200|0x000000008c800000, 0x000000008c900000, 0x000000008c900000|100%| O|  |TAMS 0x000000008c900000, 0x000000008c800000| Untracked 
| 201|0x000000008c900000, 0x000000008ca00000, 0x000000008ca00000|100%| O|  |TAMS 0x000000008ca00000, 0x000000008c900000| Untracked 
| 202|0x000000008ca00000, 0x000000008cb00000, 0x000000008cb00000|100%| O|  |TAMS 0x000000008cb00000, 0x000000008ca00000| Untracked 
| 203|0x000000008cb00000, 0x000000008cc00000, 0x000000008cc00000|100%| O|  |TAMS 0x000000008cc00000, 0x000000008cb00000| Untracked 
| 204|0x000000008cc00000, 0x000000008cd00000, 0x000000008cd00000|100%| O|  |TAMS 0x000000008cd00000, 0x000000008cc00000| Untracked 
| 205|0x000000008cd00000, 0x000000008ce00000, 0x000000008ce00000|100%| O|  |TAMS 0x000000008ce00000, 0x000000008cd00000| Untracked 
| 206|0x000000008ce00000, 0x000000008cf00000, 0x000000008cf00000|100%| O|  |TAMS 0x000000008cf00000, 0x000000008ce00000| Untracked 
| 207|0x000000008cf00000, 0x000000008d000000, 0x000000008d000000|100%| O|  |TAMS 0x000000008d000000, 0x000000008cf00000| Untracked 
| 208|0x000000008d000000, 0x000000008d100000, 0x000000008d100000|100%| O|  |TAMS 0x000000008d100000, 0x000000008d000000| Untracked 
| 209|0x000000008d100000, 0x000000008d200000, 0x000000008d200000|100%| O|  |TAMS 0x000000008d200000, 0x000000008d100000| Untracked 
| 210|0x000000008d200000, 0x000000008d200000, 0x000000008d300000|  0%| F|  |TAMS 0x000000008d200000, 0x000000008d200000| Untracked 
| 211|0x000000008d300000, 0x000000008d400000, 0x000000008d400000|100%| O|  |TAMS 0x000000008d400000, 0x000000008d300000| Untracked 
| 212|0x000000008d400000, 0x000000008d500000, 0x000000008d500000|100%| O|  |TAMS 0x000000008d500000, 0x000000008d400000| Untracked 
| 213|0x000000008d500000, 0x000000008d5bce00, 0x000000008d600000| 73%| O|  |TAMS 0x000000008d5bce00, 0x000000008d500000| Untracked 
| 214|0x000000008d600000, 0x000000008d600000, 0x000000008d700000|  0%| F|  |TAMS 0x000000008d600000, 0x000000008d600000| Untracked 
| 215|0x000000008d700000, 0x000000008d700000, 0x000000008d800000|  0%| F|  |TAMS 0x000000008d700000, 0x000000008d700000| Untracked 
| 216|0x000000008d800000, 0x000000008d800000, 0x000000008d900000|  0%| F|  |TAMS 0x000000008d800000, 0x000000008d800000| Untracked 
| 217|0x000000008d900000, 0x000000008d900000, 0x000000008da00000|  0%| F|  |TAMS 0x000000008d900000, 0x000000008d900000| Untracked 
| 218|0x000000008da00000, 0x000000008da00000, 0x000000008db00000|  0%| F|  |TAMS 0x000000008da00000, 0x000000008da00000| Untracked 
| 219|0x000000008db00000, 0x000000008db00000, 0x000000008dc00000|  0%| F|  |TAMS 0x000000008db00000, 0x000000008db00000| Untracked 
| 220|0x000000008dc00000, 0x000000008dc00000, 0x000000008dd00000|  0%| F|  |TAMS 0x000000008dc00000, 0x000000008dc00000| Untracked 
| 221|0x000000008dd00000, 0x000000008dd00000, 0x000000008de00000|  0%| F|  |TAMS 0x000000008dd00000, 0x000000008dd00000| Untracked 
| 222|0x000000008de00000, 0x000000008de00000, 0x000000008df00000|  0%| F|  |TAMS 0x000000008de00000, 0x000000008de00000| Untracked 
| 223|0x000000008df00000, 0x000000008df00000, 0x000000008e000000|  0%| F|  |TAMS 0x000000008df00000, 0x000000008df00000| Untracked 
| 224|0x000000008e000000, 0x000000008e000000, 0x000000008e100000|  0%| F|  |TAMS 0x000000008e000000, 0x000000008e000000| Untracked 
| 225|0x000000008e100000, 0x000000008e100000, 0x000000008e200000|  0%| F|  |TAMS 0x000000008e100000, 0x000000008e100000| Untracked 
| 226|0x000000008e200000, 0x000000008e200000, 0x000000008e300000|  0%| F|  |TAMS 0x000000008e200000, 0x000000008e200000| Untracked 
| 227|0x000000008e300000, 0x000000008e300000, 0x000000008e400000|  0%| F|  |TAMS 0x000000008e300000, 0x000000008e300000| Untracked 
| 228|0x000000008e400000, 0x000000008e400000, 0x000000008e500000|  0%| F|  |TAMS 0x000000008e400000, 0x000000008e400000| Untracked 
| 229|0x000000008e500000, 0x000000008e500000, 0x000000008e600000|  0%| F|  |TAMS 0x000000008e500000, 0x000000008e500000| Untracked 
| 230|0x000000008e600000, 0x000000008e600000, 0x000000008e700000|  0%| F|  |TAMS 0x000000008e600000, 0x000000008e600000| Untracked 
| 231|0x000000008e700000, 0x000000008e700000, 0x000000008e800000|  0%| F|  |TAMS 0x000000008e700000, 0x000000008e700000| Untracked 
| 232|0x000000008e800000, 0x000000008e800000, 0x000000008e900000|  0%| F|  |TAMS 0x000000008e800000, 0x000000008e800000| Untracked 
| 233|0x000000008e900000, 0x000000008e900000, 0x000000008ea00000|  0%| F|  |TAMS 0x000000008e900000, 0x000000008e900000| Untracked 
| 234|0x000000008ea00000, 0x000000008ea00000, 0x000000008eb00000|  0%| F|  |TAMS 0x000000008ea00000, 0x000000008ea00000| Untracked 
| 235|0x000000008eb00000, 0x000000008eb00000, 0x000000008ec00000|  0%| F|  |TAMS 0x000000008eb00000, 0x000000008eb00000| Untracked 
| 236|0x000000008ec00000, 0x000000008ec00000, 0x000000008ed00000|  0%| F|  |TAMS 0x000000008ec00000, 0x000000008ec00000| Untracked 
| 237|0x000000008ed00000, 0x000000008ed00000, 0x000000008ee00000|  0%| F|  |TAMS 0x000000008ed00000, 0x000000008ed00000| Untracked 
| 238|0x000000008ee00000, 0x000000008ee00000, 0x000000008ef00000|  0%| F|  |TAMS 0x000000008ee00000, 0x000000008ee00000| Untracked 
| 239|0x000000008ef00000, 0x000000008ef00000, 0x000000008f000000|  0%| F|  |TAMS 0x000000008ef00000, 0x000000008ef00000| Untracked 
| 240|0x000000008f000000, 0x000000008f000000, 0x000000008f100000|  0%| F|  |TAMS 0x000000008f000000, 0x000000008f000000| Untracked 
| 241|0x000000008f100000, 0x000000008f100000, 0x000000008f200000|  0%| F|  |TAMS 0x000000008f100000, 0x000000008f100000| Untracked 
| 242|0x000000008f200000, 0x000000008f200000, 0x000000008f300000|  0%| F|  |TAMS 0x000000008f200000, 0x000000008f200000| Untracked 
| 243|0x000000008f300000, 0x000000008f300000, 0x000000008f400000|  0%| F|  |TAMS 0x000000008f300000, 0x000000008f300000| Untracked 
| 244|0x000000008f400000, 0x000000008f400000, 0x000000008f500000|  0%| F|  |TAMS 0x000000008f400000, 0x000000008f400000| Untracked 
| 245|0x000000008f500000, 0x000000008f500000, 0x000000008f600000|  0%| F|  |TAMS 0x000000008f500000, 0x000000008f500000| Untracked 
| 246|0x000000008f600000, 0x000000008f600000, 0x000000008f700000|  0%| F|  |TAMS 0x000000008f600000, 0x000000008f600000| Untracked 
| 247|0x000000008f700000, 0x000000008f700000, 0x000000008f800000|  0%| F|  |TAMS 0x000000008f700000, 0x000000008f700000| Untracked 
| 248|0x000000008f800000, 0x000000008f800000, 0x000000008f900000|  0%| F|  |TAMS 0x000000008f800000, 0x000000008f800000| Untracked 
| 249|0x000000008f900000, 0x000000008f97d8c8, 0x000000008fa00000| 49%| S|CS|TAMS 0x000000008f900000, 0x000000008f900000| Complete 
| 250|0x000000008fa00000, 0x000000008fb00000, 0x000000008fb00000|100%| S|CS|TAMS 0x000000008fa00000, 0x000000008fa00000| Complete 
| 251|0x000000008fb00000, 0x000000008fc00000, 0x000000008fc00000|100%| S|CS|TAMS 0x000000008fb00000, 0x000000008fb00000| Complete 
| 252|0x000000008fc00000, 0x000000008fc00000, 0x000000008fd00000|  0%| F|  |TAMS 0x000000008fc00000, 0x000000008fc00000| Untracked 
| 253|0x000000008fd00000, 0x000000008fd00000, 0x000000008fe00000|  0%| F|  |TAMS 0x000000008fd00000, 0x000000008fd00000| Untracked 
| 254|0x000000008fe00000, 0x000000008fe00000, 0x000000008ff00000|  0%| F|  |TAMS 0x000000008fe00000, 0x000000008fe00000| Untracked 
| 255|0x000000008ff00000, 0x000000008ff00000, 0x0000000090000000|  0%| F|  |TAMS 0x000000008ff00000, 0x000000008ff00000| Untracked 
| 256|0x0000000090000000, 0x0000000090000000, 0x0000000090100000|  0%| F|  |TAMS 0x0000000090000000, 0x0000000090000000| Untracked 
| 257|0x0000000090100000, 0x0000000090100000, 0x0000000090200000|  0%| F|  |TAMS 0x0000000090100000, 0x0000000090100000| Untracked 
| 258|0x0000000090200000, 0x0000000090200000, 0x0000000090300000|  0%| F|  |TAMS 0x0000000090200000, 0x0000000090200000| Untracked 
| 259|0x0000000090300000, 0x0000000090300000, 0x0000000090400000|  0%| F|  |TAMS 0x0000000090300000, 0x0000000090300000| Untracked 
| 260|0x0000000090400000, 0x0000000090400000, 0x0000000090500000|  0%| F|  |TAMS 0x0000000090400000, 0x0000000090400000| Untracked 
| 261|0x0000000090500000, 0x0000000090500000, 0x0000000090600000|  0%| F|  |TAMS 0x0000000090500000, 0x0000000090500000| Untracked 
| 262|0x0000000090600000, 0x0000000090600000, 0x0000000090700000|  0%| F|  |TAMS 0x0000000090600000, 0x0000000090600000| Untracked 
| 263|0x0000000090700000, 0x0000000090700000, 0x0000000090800000|  0%| F|  |TAMS 0x0000000090700000, 0x0000000090700000| Untracked 
| 264|0x0000000090800000, 0x0000000090800000, 0x0000000090900000|  0%| F|  |TAMS 0x0000000090800000, 0x0000000090800000| Untracked 
| 265|0x0000000090900000, 0x0000000090900000, 0x0000000090a00000|  0%| F|  |TAMS 0x0000000090900000, 0x0000000090900000| Untracked 
| 266|0x0000000090a00000, 0x0000000090a00000, 0x0000000090b00000|  0%| F|  |TAMS 0x0000000090a00000, 0x0000000090a00000| Untracked 
| 267|0x0000000090b00000, 0x0000000090b00000, 0x0000000090c00000|  0%| F|  |TAMS 0x0000000090b00000, 0x0000000090b00000| Untracked 
| 268|0x0000000090c00000, 0x0000000090c00000, 0x0000000090d00000|  0%| F|  |TAMS 0x0000000090c00000, 0x0000000090c00000| Untracked 
| 269|0x0000000090d00000, 0x0000000090d00000, 0x0000000090e00000|  0%| F|  |TAMS 0x0000000090d00000, 0x0000000090d00000| Untracked 
| 270|0x0000000090e00000, 0x0000000090e00000, 0x0000000090f00000|  0%| F|  |TAMS 0x0000000090e00000, 0x0000000090e00000| Untracked 
| 271|0x0000000090f00000, 0x0000000090f00000, 0x0000000091000000|  0%| F|  |TAMS 0x0000000090f00000, 0x0000000090f00000| Untracked 
| 272|0x0000000091000000, 0x0000000091000000, 0x0000000091100000|  0%| F|  |TAMS 0x0000000091000000, 0x0000000091000000| Untracked 
| 273|0x0000000091100000, 0x0000000091100000, 0x0000000091200000|  0%| F|  |TAMS 0x0000000091100000, 0x0000000091100000| Untracked 
| 274|0x0000000091200000, 0x0000000091200000, 0x0000000091300000|  0%| F|  |TAMS 0x0000000091200000, 0x0000000091200000| Untracked 
| 275|0x0000000091300000, 0x0000000091300000, 0x0000000091400000|  0%| F|  |TAMS 0x0000000091300000, 0x0000000091300000| Untracked 
| 276|0x0000000091400000, 0x0000000091400000, 0x0000000091500000|  0%| F|  |TAMS 0x0000000091400000, 0x0000000091400000| Untracked 
| 277|0x0000000091500000, 0x0000000091500000, 0x0000000091600000|  0%| F|  |TAMS 0x0000000091500000, 0x0000000091500000| Untracked 
| 278|0x0000000091600000, 0x0000000091600000, 0x0000000091700000|  0%| F|  |TAMS 0x0000000091600000, 0x0000000091600000| Untracked 
| 279|0x0000000091700000, 0x0000000091700000, 0x0000000091800000|  0%| F|  |TAMS 0x0000000091700000, 0x0000000091700000| Untracked 
| 280|0x0000000091800000, 0x0000000091800000, 0x0000000091900000|  0%| F|  |TAMS 0x0000000091800000, 0x0000000091800000| Untracked 
| 281|0x0000000091900000, 0x0000000091900000, 0x0000000091a00000|  0%| F|  |TAMS 0x0000000091900000, 0x0000000091900000| Untracked 
| 282|0x0000000091a00000, 0x0000000091a00000, 0x0000000091b00000|  0%| F|  |TAMS 0x0000000091a00000, 0x0000000091a00000| Untracked 
| 283|0x0000000091b00000, 0x0000000091b00000, 0x0000000091c00000|  0%| F|  |TAMS 0x0000000091b00000, 0x0000000091b00000| Untracked 
| 284|0x0000000091c00000, 0x0000000091c00000, 0x0000000091d00000|  0%| F|  |TAMS 0x0000000091c00000, 0x0000000091c00000| Untracked 
| 285|0x0000000091d00000, 0x0000000091d80800, 0x0000000091e00000| 50%| E|  |TAMS 0x0000000091d00000, 0x0000000091d00000| Complete 
| 286|0x0000000091e00000, 0x0000000091f00000, 0x0000000091f00000|100%| E|CS|TAMS 0x0000000091e00000, 0x0000000091e00000| Complete 
| 287|0x0000000091f00000, 0x0000000092000000, 0x0000000092000000|100%| E|CS|TAMS 0x0000000091f00000, 0x0000000091f00000| Complete 
| 288|0x0000000092000000, 0x0000000092100000, 0x0000000092100000|100%| E|CS|TAMS 0x0000000092000000, 0x0000000092000000| Complete 
| 289|0x0000000092100000, 0x0000000092200000, 0x0000000092200000|100%| E|CS|TAMS 0x0000000092100000, 0x0000000092100000| Complete 
| 290|0x0000000092200000, 0x0000000092300000, 0x0000000092300000|100%| E|CS|TAMS 0x0000000092200000, 0x0000000092200000| Complete 
| 291|0x0000000092300000, 0x0000000092400000, 0x0000000092400000|100%| E|CS|TAMS 0x0000000092300000, 0x0000000092300000| Complete 
| 292|0x0000000092400000, 0x0000000092500000, 0x0000000092500000|100%| E|CS|TAMS 0x0000000092400000, 0x0000000092400000| Complete 
| 293|0x0000000092500000, 0x0000000092600000, 0x0000000092600000|100%| E|CS|TAMS 0x0000000092500000, 0x0000000092500000| Complete 
| 294|0x0000000092600000, 0x0000000092700000, 0x0000000092700000|100%| E|CS|TAMS 0x0000000092600000, 0x0000000092600000| Complete 
| 295|0x0000000092700000, 0x0000000092800000, 0x0000000092800000|100%| E|CS|TAMS 0x0000000092700000, 0x0000000092700000| Complete 
| 296|0x0000000092800000, 0x0000000092900000, 0x0000000092900000|100%| E|CS|TAMS 0x0000000092800000, 0x0000000092800000| Complete 
| 297|0x0000000092900000, 0x0000000092a00000, 0x0000000092a00000|100%| E|CS|TAMS 0x0000000092900000, 0x0000000092900000| Complete 
| 298|0x0000000092a00000, 0x0000000092b00000, 0x0000000092b00000|100%| E|CS|TAMS 0x0000000092a00000, 0x0000000092a00000| Complete 

Card table byte_map: [0x00000214d7f50000,0x00000214d8350000] _byte_map_base: 0x00000214d7b50000

Marking Bits (Prev, Next): (CMBitMap*) 0x00000214bf66f6d0, (CMBitMap*) 0x00000214bf66f698
 Prev Bits: [0x00000214da750000, 0x00000214dc750000)
 Next Bits: [0x00000214d8750000, 0x00000214da750000)

Polling page: 0x00000214bf410000

Metaspace:

Usage:
  Non-class:    169.66 MB capacity,   166.11 MB ( 98%) used,     2.94 MB (  2%) free+waste,   620.25 KB ( <1%) overhead. 
      Class:     26.77 MB capacity,    24.54 MB ( 92%) used,     1.96 MB (  7%) free+waste,   281.12 KB (  1%) overhead. 
       Both:    196.43 MB capacity,   190.66 MB ( 97%) used,     4.90 MB (  2%) free+waste,   901.38 KB ( <1%) overhead. 

Virtual space:
  Non-class space:      170.00 MB reserved,     169.75 MB (>99%) committed 
      Class space:      504.00 MB reserved,      26.78 MB (  5%) committed 
             Both:      674.00 MB reserved,     196.53 MB ( 29%) committed 

Chunk freelists:
   Non-Class:  3.38 KB
       Class:  0 bytes
        Both:  3.38 KB

CodeHeap 'non-profiled nmethods': size=120064Kb used=19100Kb max_used=19100Kb free=100963Kb
 bounds [0x00000214cfff0000, 0x00000214d12a0000, 0x00000214d7530000]
CodeHeap 'profiled nmethods': size=120000Kb used=57349Kb max_used=57349Kb free=62650Kb
 bounds [0x00000214c8ac0000, 0x00000214cc2f0000, 0x00000214cfff0000]
CodeHeap 'non-nmethods': size=5696Kb used=2388Kb max_used=2473Kb free=3307Kb
 bounds [0x00000214c8530000, 0x00000214c87b0000, 0x00000214c8ac0000]
 total_blobs=26006 nmethods=24975 adapters=940
 compilation: enabled
              stopped_count=0, restarted_count=0
 full_count=0

Compilation events (10 events):
Event: 1591.906 Thread 0x00000214df541800 29174       2       java.util.stream.SliceOps$1::<init> (20 bytes)
Event: 1591.906 Thread 0x00000214df541800 nmethod 29174 0x00000214cc2e8910 code [0x00000214cc2e8aa0, 0x00000214cc2e8bc8]
Event: 1591.906 Thread 0x00000214df541800 29175       2       java.util.stream.SliceOps$1::opWrapSink (10 bytes)
Event: 1591.906 Thread 0x00000214df541800 nmethod 29175 0x00000214cc2e8d10 code [0x00000214cc2e8ec0, 0x00000214cc2e9048]
Event: 1591.906 Thread 0x00000214df541800 29176       2       com.android.tools.r8.internal.NJ::iterator (12 bytes)
Event: 1591.906 Thread 0x00000214df541800 nmethod 29176 0x00000214cc2e9110 code [0x00000214cc2e92c0, 0x00000214cc2e94a8]
Event: 1591.906 Thread 0x00000214df541800 29177       2       com.android.tools.r8.internal.NJ::size (8 bytes)
Event: 1591.906 Thread 0x00000214df541800 nmethod 29177 0x00000214cc2e9590 code [0x00000214cc2e9720, 0x00000214cc2e9818]
Event: 1591.907 Thread 0x00000214df541800 29178       2       java.util.stream.SliceOps$1$1::begin (25 bytes)
Event: 1591.907 Thread 0x00000214df541800 nmethod 29178 0x00000214cc2e9910 code [0x00000214cc2e9ac0, 0x00000214cc2e9c48]

GC Heap History (10 events):
Event: 1582.806 GC heap before
{Heap before GC invocations=315 (full 0):
 garbage-first heap   total 306176K, used 251381K [0x0000000080000000, 0x0000000100000000)
  region size 1024K, 38 young (38912K), 2 survivors (2048K)
 Metaspace       used 195128K, capacity 201069K, committed 201244K, reserved 690176K
  class space    used 25123K, capacity 27414K, committed 27420K, reserved 516096K
}
Event: 1582.814 GC heap after
{Heap after GC invocations=316 (full 0):
 garbage-first heap   total 306176K, used 214377K [0x0000000080000000, 0x0000000100000000)
  region size 1024K, 2 young (2048K), 2 survivors (2048K)
 Metaspace       used 195128K, capacity 201069K, committed 201244K, reserved 690176K
  class space    used 25123K, capacity 27414K, committed 27420K, reserved 516096K
}
Event: 1585.852 GC heap before
{Heap before GC invocations=316 (full 0):
 garbage-first heap   total 306176K, used 253289K [0x0000000080000000, 0x0000000100000000)
  region size 1024K, 40 young (40960K), 2 survivors (2048K)
 Metaspace       used 195176K, capacity 201080K, committed 201244K, reserved 690176K
  class space    used 25123K, capacity 27415K, committed 27420K, reserved 516096K
}
Event: 1585.858 GC heap after
{Heap after GC invocations=317 (full 0):
 garbage-first heap   total 306176K, used 214841K [0x0000000080000000, 0x0000000100000000)
  region size 1024K, 3 young (3072K), 3 survivors (3072K)
 Metaspace       used 195176K, capacity 201080K, committed 201244K, reserved 690176K
  class space    used 25123K, capacity 27415K, committed 27420K, reserved 516096K
}
Event: 1587.210 GC heap before
{Heap before GC invocations=318 (full 0):
 garbage-first heap   total 306176K, used 254777K [0x0000000080000000, 0x0000000100000000)
  region size 1024K, 42 young (43008K), 3 survivors (3072K)
 Metaspace       used 195178K, capacity 201080K, committed 201244K, reserved 690176K
  class space    used 25123K, capacity 27415K, committed 27420K, reserved 516096K
}
Event: 1587.218 GC heap after
{Heap after GC invocations=319 (full 0):
 garbage-first heap   total 306176K, used 215123K [0x0000000080000000, 0x0000000100000000)
  region size 1024K, 3 young (3072K), 3 survivors (3072K)
 Metaspace       used 195178K, capacity 201080K, committed 201244K, reserved 690176K
  class space    used 25123K, capacity 27415K, committed 27420K, reserved 516096K
}
Event: 1588.228 GC heap before
{Heap before GC invocations=319 (full 0):
 garbage-first heap   total 306176K, used 257107K [0x0000000080000000, 0x0000000100000000)
  region size 1024K, 44 young (45056K), 3 survivors (3072K)
 Metaspace       used 195180K, capacity 201080K, committed 201244K, reserved 690176K
  class space    used 25123K, capacity 27415K, committed 27420K, reserved 516096K
}
Event: 1588.239 GC heap after
{Heap after GC invocations=320 (full 0):
 garbage-first heap   total 306176K, used 214989K [0x0000000080000000, 0x0000000100000000)
  region size 1024K, 3 young (3072K), 3 survivors (3072K)
 Metaspace       used 195180K, capacity 201080K, committed 201244K, reserved 690176K
  class space    used 25123K, capacity 27415K, committed 27420K, reserved 516096K
}
Event: 1591.395 GC heap before
{Heap before GC invocations=321 (full 0):
 garbage-first heap   total 306176K, used 260045K [0x0000000080000000, 0x0000000100000000)
  region size 1024K, 47 young (48128K), 3 survivors (3072K)
 Metaspace       used 195200K, capacity 201148K, committed 201244K, reserved 690176K
  class space    used 25124K, capacity 27416K, committed 27420K, reserved 516096K
}
Event: 1591.405 GC heap after
{Heap after GC invocations=322 (full 0):
 garbage-first heap   total 306176K, used 215273K [0x0000000080000000, 0x0000000100000000)
  region size 1024K, 3 young (3072K), 3 survivors (3072K)
 Metaspace       used 195200K, capacity 201148K, committed 201244K, reserved 690176K
  class space    used 25124K, capacity 27416K, committed 27420K, reserved 516096K
}

Deoptimization events (10 events):
Event: 1581.979 Thread 0x00000214e7bfa000 Uncommon trap: reason=predicate action=maybe_recompile pc=0x00000214d065d5e4 method=com.android.tools.r8.graph.a1.a([C)I @ 8 c2
Event: 1582.272 Thread 0x00000214e7bfa000 Uncommon trap: reason=profile_predicate action=maybe_recompile pc=0x00000214d11d8e18 method=com.android.tools.r8.ir.regalloc.b.c(IZ)I @ 963 c2
Event: 1583.068 Thread 0x00000214e7bfa000 Uncommon trap: reason=unstable_if action=reinterpret pc=0x00000214d0997830 method=com.android.tools.r8.internal.o10.x()Z @ 39 c2
Event: 1583.069 Thread 0x00000214e7bfa000 Uncommon trap: reason=unstable_if action=reinterpret pc=0x00000214d11ecf78 method=com.android.tools.r8.internal.Pn.a(ILcom/android/tools/r8/internal/B4;Lcom/android/tools/r8/internal/D4;Lcom/android/tools/r8/internal/GM$a;Lcom/android/tools/r8/internal/G2
Event: 1584.017 Thread 0x00000214e7bfa000 Uncommon trap: reason=unstable_if action=reinterpret pc=0x00000214d0da8444 method=com.android.tools.r8.internal.FW.b(Lcom/android/tools/r8/internal/Xq;)V @ 299 c2
Event: 1587.949 Thread 0x00000214e7bfa000 Uncommon trap: reason=loop_limit_check action=maybe_recompile pc=0x00000214d0d56b2c method=com.android.tools.r8.internal.Ne.a(Lcom/android/tools/r8/internal/Ss;Lcom/android/tools/r8/internal/Ss;)Z @ 65 c2
Event: 1588.487 Thread 0x00000214e7bfa000 Uncommon trap: reason=profile_predicate action=maybe_recompile pc=0x00000214d0a14eb4 method=com.android.tools.r8.graph.a1.a([C)I @ 8 c2
Event: 1588.487 Thread 0x00000214e7bfa000 Uncommon trap: reason=profile_predicate action=maybe_recompile pc=0x00000214d0a14eb4 method=com.android.tools.r8.graph.a1.a([C)I @ 8 c2
Event: 1588.488 Thread 0x00000214e7bfa000 Uncommon trap: reason=profile_predicate action=maybe_recompile pc=0x00000214d0a14eb4 method=com.android.tools.r8.graph.a1.a([C)I @ 8 c2
Event: 1588.495 Thread 0x00000214e7bfa000 Uncommon trap: reason=profile_predicate action=maybe_recompile pc=0x00000214d0a14eb4 method=com.android.tools.r8.graph.a1.a([C)I @ 8 c2

Classes redefined (0 events):
No events

Internal exceptions (10 events):
Event: 1575.012 Thread 0x00000214e080a000 Exception <a 'java/net/ConnectException'{0x000000008f801f28}: Connection refused: connect> (0x000000008f801f28) thrown at [./open/src/hotspot/share/prims/jni.cpp, line 632]
Event: 1575.013 Thread 0x00000214e080a000 Exception <a 'java/net/ConnectException'{0x000000008ec00940}: Connection refused: connect> (0x000000008ec00940) thrown at [./open/src/hotspot/share/prims/jni.cpp, line 632]
Event: 1575.031 Thread 0x00000214e080a000 Exception <a 'java/net/ConnectException'{0x000000008f801748}: Connection refused: connect> (0x000000008f801748) thrown at [./open/src/hotspot/share/prims/jni.cpp, line 632]
Event: 1575.079 Thread 0x00000214e080a000 Exception <a 'java/net/ConnectException'{0x000000008f700398}: Connection refused: connect> (0x000000008f700398) thrown at [./open/src/hotspot/share/prims/jni.cpp, line 632]
Event: 1588.186 Thread 0x00000214e080a000 Exception <a 'java/net/ConnectException'{0x0000000090280d20}: Connection refused: connect> (0x0000000090280d20) thrown at [./open/src/hotspot/share/prims/jni.cpp, line 632]
Event: 1588.209 Thread 0x00000214e080a000 Exception <a 'java/net/ConnectException'{0x0000000090281500}: Connection refused: connect> (0x0000000090281500) thrown at [./open/src/hotspot/share/prims/jni.cpp, line 632]
Event: 1588.243 Thread 0x00000214e080a000 Exception <a 'java/net/ConnectException'{0x00000000900339b8}: Connection refused: connect> (0x00000000900339b8) thrown at [./open/src/hotspot/share/prims/jni.cpp, line 632]
Event: 1588.245 Thread 0x00000214e080a000 Exception <a 'java/net/ConnectException'{0x0000000092a80990}: Connection refused: connect> (0x0000000092a80990) thrown at [./open/src/hotspot/share/prims/jni.cpp, line 632]
Event: 1588.274 Thread 0x00000214e080a000 Exception <a 'java/net/ConnectException'{0x0000000092a81e18}: Connection refused: connect> (0x0000000092a81e18) thrown at [./open/src/hotspot/share/prims/jni.cpp, line 632]
Event: 1588.285 Thread 0x00000214e080a000 Exception <a 'java/net/ConnectException'{0x0000000092a825f8}: Connection refused: connect> (0x0000000092a825f8) thrown at [./open/src/hotspot/share/prims/jni.cpp, line 632]

Events (10 events):
Event: 1589.400 Executing VM operation: CGC_Operation
Event: 1589.464 Executing VM operation: CGC_Operation done
Event: 1589.485 Thread 0x00000214e7bfa000 DEOPT PACKING pc=0x00000214cc2bb7b6 sp=0x000000e7e9df9220
Event: 1589.485 Thread 0x00000214e7bfa000 DEOPT UNPACKING pc=0x00000214c8556dde sp=0x000000e7e9df8698 mode 0
Event: 1589.501 Thread 0x00000214e7bfa000 DEOPT PACKING pc=0x00000214cc2bb7b6 sp=0x000000e7e9df9a80
Event: 1589.501 Thread 0x00000214e7bfa000 DEOPT UNPACKING pc=0x00000214c8556dde sp=0x000000e7e9df8ef8 mode 0
Event: 1589.880 loading class com/android/tools/r8/graph/t2
Event: 1589.880 loading class com/android/tools/r8/graph/t2 done
Event: 1591.395 Executing VM operation: G1CollectForAllocation
Event: 1591.405 Executing VM operation: G1CollectForAllocation done


Dynamic libraries:
0x00007ff6817d0000 - 0x00007ff6817e0000 	C:\Program Files\Java\jdk-11\bin\java.exe
0x00007ffc339d0000 - 0x00007ffc33bc8000 	C:\Windows\SYSTEM32\ntdll.dll
0x00007ffc33420000 - 0x00007ffc334df000 	C:\Windows\System32\KERNEL32.DLL
0x00007ffc31680000 - 0x00007ffc3195a000 	C:\Windows\System32\KERNELBASE.dll
0x00007ffc31420000 - 0x00007ffc31520000 	C:\Windows\System32\ucrtbase.dll
0x00007ffc254e0000 - 0x00007ffc254f8000 	C:\Program Files\Java\jdk-11\bin\jli.dll
0x00007ffc331a0000 - 0x00007ffc3324e000 	C:\Windows\System32\ADVAPI32.dll
0x00007ffc33590000 - 0x00007ffc3362e000 	C:\Windows\System32\msvcrt.dll
0x00007ffc33100000 - 0x00007ffc3319c000 	C:\Windows\System32\sechost.dll
0x00007ffc32f80000 - 0x00007ffc330a6000 	C:\Windows\System32\RPCRT4.dll
0x00007ffc33280000 - 0x00007ffc3341d000 	C:\Windows\System32\USER32.dll
0x00007ffc310e0000 - 0x00007ffc31102000 	C:\Windows\System32\win32u.dll
0x00007ffc330d0000 - 0x00007ffc330fb000 	C:\Windows\System32\GDI32.dll
0x00007ffc312c0000 - 0x00007ffc313d0000 	C:\Windows\System32\gdi32full.dll
0x00007ffc31990000 - 0x00007ffc31a2d000 	C:\Windows\System32\msvcp_win.dll
0x00007ffc1f010000 - 0x00007ffc1f2aa000 	C:\Windows\WinSxS\amd64_microsoft.windows.common-controls_6595b64144ccf1df_6.0.19041.1110_none_60b5254171f9507e\COMCTL32.dll
0x00007ffc28980000 - 0x00007ffc2898a000 	C:\Windows\SYSTEM32\VERSION.dll
0x00007ffc24810000 - 0x00007ffc2482b000 	C:\Program Files\Java\jdk-11\bin\VCRUNTIME140.dll
0x00007ffc33250000 - 0x00007ffc33280000 	C:\Windows\System32\IMM32.DLL
0x00007ffc29d10000 - 0x00007ffc29d1c000 	C:\Program Files\Java\jdk-11\bin\vcruntime140_1.dll
0x00007ffc07890000 - 0x00007ffc0791e000 	C:\Program Files\Java\jdk-11\bin\msvcp140.dll
0x00007ffbd21b0000 - 0x00007ffbd2d18000 	C:\Program Files\Java\jdk-11\bin\server\jvm.dll
0x00007ffc31bf0000 - 0x00007ffc31bf8000 	C:\Windows\System32\PSAPI.DLL
0x00007ffc2bb90000 - 0x00007ffc2bb99000 	C:\Windows\SYSTEM32\WSOCK32.dll
0x00007ffc32c90000 - 0x00007ffc32cfb000 	C:\Windows\System32\WS2_32.dll
0x00007ffc28950000 - 0x00007ffc28977000 	C:\Windows\SYSTEM32\WINMM.dll
0x00007ffc2ef60000 - 0x00007ffc2ef72000 	C:\Windows\SYSTEM32\kernel.appcore.dll
0x00007ffc29b70000 - 0x00007ffc29b80000 	C:\Program Files\Java\jdk-11\bin\verify.dll
0x00007ffc27ff0000 - 0x00007ffc281d4000 	C:\Windows\SYSTEM32\DBGHELP.DLL
0x00007ffc1f6f0000 - 0x00007ffc1f724000 	C:\Windows\SYSTEM32\dbgcore.DLL
0x00007ffc31230000 - 0x00007ffc312b2000 	C:\Windows\System32\bcryptPrimitives.dll
0x00007ffc16660000 - 0x00007ffc16688000 	C:\Program Files\Java\jdk-11\bin\java.dll
0x00007ffc24800000 - 0x00007ffc2480a000 	C:\Program Files\Java\jdk-11\bin\jimage.dll
0x00007ffc193e0000 - 0x00007ffc193f7000 	C:\Program Files\Java\jdk-11\bin\zip.dll
0x00007ffc31cc0000 - 0x00007ffc32404000 	C:\Windows\System32\SHELL32.dll
0x00007ffc2f160000 - 0x00007ffc2f8f3000 	C:\Windows\SYSTEM32\windows.storage.dll
0x00007ffc33630000 - 0x00007ffc33984000 	C:\Windows\System32\combase.dll
0x00007ffc30980000 - 0x00007ffc309ae000 	C:\Windows\SYSTEM32\Wldp.dll
0x00007ffc32a30000 - 0x00007ffc32add000 	C:\Windows\System32\SHCORE.dll
0x00007ffc31c60000 - 0x00007ffc31cb5000 	C:\Windows\System32\shlwapi.dll
0x00007ffc31020000 - 0x00007ffc3103f000 	C:\Windows\SYSTEM32\profapi.dll
0x00007ffc17a70000 - 0x00007ffc17a89000 	C:\Program Files\Java\jdk-11\bin\net.dll
0x00007ffc25d40000 - 0x00007ffc25e4a000 	C:\Windows\SYSTEM32\WINHTTP.dll
0x00007ffc30760000 - 0x00007ffc307ca000 	C:\Windows\system32\mswsock.dll
0x00007ffc17870000 - 0x00007ffc17882000 	C:\Program Files\Java\jdk-11\bin\nio.dll
0x00007ffc142f0000 - 0x00007ffc14317000 	C:\Users\User\.gradle\native\e1d6ef7f7dcc3fd88c89a11ec53ec762bb8ba0a96d01ffa2cd45eb1d1d8dd5c5\windows-amd64\native-platform.dll
0x00007ffc028b0000 - 0x00007ffc029f4000 	C:\Users\User\.gradle\native\0d407fdbe67a94daf76414ababcb853783967236a71b16ec16e742cd7a986fd3\windows-amd64\native-platform-file-events.dll
0x00007ffc1eed0000 - 0x00007ffc1eed9000 	C:\Program Files\Java\jdk-11\bin\management.dll
0x00007ffc1ee10000 - 0x00007ffc1ee1b000 	C:\Program Files\Java\jdk-11\bin\management_ext.dll
0x00007ffc309c0000 - 0x00007ffc309d8000 	C:\Windows\SYSTEM32\CRYPTSP.dll
0x00007ffc300a0000 - 0x00007ffc300d4000 	C:\Windows\system32\rsaenh.dll
0x00007ffc31960000 - 0x00007ffc31987000 	C:\Windows\System32\bcrypt.dll
0x00007ffc30fe0000 - 0x00007ffc3100e000 	C:\Windows\SYSTEM32\USERENV.dll
0x00007ffc308f0000 - 0x00007ffc308fc000 	C:\Windows\SYSTEM32\CRYPTBASE.dll
0x00007ffc30470000 - 0x00007ffc304ac000 	C:\Windows\SYSTEM32\IPHLPAPI.DLL
0x00007ffc32af0000 - 0x00007ffc32af8000 	C:\Windows\System32\NSI.dll
0x00007ffc27fd0000 - 0x00007ffc27fe7000 	C:\Windows\SYSTEM32\dhcpcsvc6.DLL
0x00007ffc2aa20000 - 0x00007ffc2aa3d000 	C:\Windows\SYSTEM32\dhcpcsvc.DLL
0x00007ffc304b0000 - 0x00007ffc3057b000 	C:\Windows\SYSTEM32\DNSAPI.dll
0x00007ffc2bb00000 - 0x00007ffc2bb1e000 	C:\Users\User\AppData\Local\Temp\native-platform4643399106880376079dir\native-platform.dll
0x00007ffc2cf60000 - 0x00007ffc2cf67000 	C:\Program Files\Java\jdk-11\bin\rmi.dll
0x00007ffc2b6c0000 - 0x00007ffc2b6de000 	C:\Users\User\AppData\Local\Temp\native-platform18230471789201999173dir\native-platform.dll

dbghelp: loaded successfully - version: 4.0.5 - missing functions: none
symbol engine: initialized successfully - sym options: 0x614 - pdb path: .;C:\Program Files\Java\jdk-11\bin;C:\Windows\SYSTEM32;C:\Windows\WinSxS\amd64_microsoft.windows.common-controls_6595b64144ccf1df_6.0.19041.1110_none_60b5254171f9507e;C:\Program Files\Java\jdk-11\bin\server;C:\Users\User\.gradle\native\e1d6ef7f7dcc3fd88c89a11ec53ec762bb8ba0a96d01ffa2cd45eb1d1d8dd5c5\windows-amd64;C:\Users\User\.gradle\native\0d407fdbe67a94daf76414ababcb853783967236a71b16ec16e742cd7a986fd3\windows-amd64;C:\Users\User\AppData\Local\Temp\native-platform4643399106880376079dir;C:\Users\User\AppData\Local\Temp\native-platform18230471789201999173dir

VM Arguments:
jvm_args: -XX:MaxMetaspaceSize=512m --add-opens=java.base/java.util=ALL-UNNAMED --add-opens=java.base/java.lang=ALL-UNNAMED --add-opens=java.base/java.lang.invoke=ALL-UNNAMED --add-opens=java.base/java.util=ALL-UNNAMED --add-opens=java.prefs/java.util.prefs=ALL-UNNAMED --add-opens=java.prefs/java.util.prefs=ALL-UNNAMED --add-opens=java.base/java.nio.charset=ALL-UNNAMED --add-opens=java.base/java.net=ALL-UNNAMED --add-opens=java.base/java.util.concurrent.atomic=ALL-UNNAMED -Xmx2048m -Dfile.encoding=windows-1252 -Duser.country=US -Duser.language=en -Duser.variant 
java_command: org.gradle.launcher.daemon.bootstrap.GradleDaemon 7.5.1
java_class_path (initial): C:\Users\User\.gradle\wrapper\dists\gradle-7.5.1-all\1ehga6e77gqps5uk2kc5kf1vc\gradle-7.5.1\lib\gradle-launcher-7.5.1.jar
Launcher Type: SUN_STANDARD

[Global flags]
     intx CICompilerCount                          = 3                                         {product} {ergonomic}
   size_t CompressedClassSpaceSize                 = 528482304                                 {product} {ergonomic}
     uint ConcGCThreads                            = 1                                         {product} {ergonomic}
     uint G1ConcRefinementThreads                  = 4                                         {product} {ergonomic}
   size_t G1HeapRegionSize                         = 1048576                                   {product} {ergonomic}
    uintx GCDrainStackTargetSize                   = 64                                        {product} {ergonomic}
   size_t InitialHeapSize                          = 58720256                                  {product} {ergonomic}
   size_t MarkStackSize                            = 4194304                                   {product} {ergonomic}
   size_t MaxHeapSize                              = 2147483648                                {product} {command line}
   size_t MaxMetaspaceSize                         = 536870912                                 {product} {command line}
   size_t MaxNewSize                               = 1287651328                                {product} {ergonomic}
   size_t MinHeapDeltaBytes                        = 1048576                                   {product} {ergonomic}
    uintx NonNMethodCodeHeapSize                   = 5830732                                {pd product} {ergonomic}
    uintx NonProfiledCodeHeapSize                  = 122913754                              {pd product} {ergonomic}
    uintx ProfiledCodeHeapSize                     = 122913754                              {pd product} {ergonomic}
    uintx ReservedCodeCacheSize                    = 251658240                              {pd product} {ergonomic}
     bool SegmentedCodeCache                       = true                                      {product} {ergonomic}
     bool UseCompressedClassPointers               = true                                 {lp64_product} {ergonomic}
     bool UseCompressedOops                        = true                                 {lp64_product} {ergonomic}
     bool UseG1GC                                  = true                                      {product} {ergonomic}
     bool UseLargePagesIndividualAllocation        = false                                  {pd product} {ergonomic}

Logging:
Log output configuration:
 #0: stdout all=warning uptime,level,tags
 #1: stderr all=off uptime,level,tags

Environment Variables:
CLASSPATH=C:\Users\User\ProjectMobileDevelopment\android\\gradle\wrapper\gradle-wrapper.jar
PATH=C:\Users\User\ProjectMobileDevelopment\android\node_modules\.bin;C:\Users\User\ProjectMobileDevelopment\node_modules\.bin;C:\Users\User\node_modules\.bin;C:\Users\node_modules\.bin;C:\node_modules\.bin;C:\Program Files\nodejs;C:\Users\User\ProjectMobileDevelopment\node_modules\.bin;C:\Users\User\ProjectMobileDevelopment\node_modules\.bin;C:\Users\User\node_modules\.bin;C:\Users\node_modules\.bin;C:\node_modules\.bin;C:\Program Files\nodejs\node_modules\npm\node_modules\@npmcli\run-script\lib\node-gyp-bin;C:\Users\User\ProjectMobileDevelopment\node_modules\.bin;C:\Users\User\node_modules\.bin;C:\Users\node_modules\.bin;C:\node_modules\.bin;C:\Program Files\nodejs;C:\Users\User\ProjectMobileDevelopment\node_modules\.bin;C:\Users\User\ProjectMobileDevelopment\node_modules\.bin;C:\Users\User\node_modules\.bin;C:\Users\node_modules\.bin;C:\node_modules\.bin;C:\Program Files\nodejs\node_modules\npm\node_modules\@npmcli\run-script\lib\node-gyp-bin;C:\Program Files\Common Files\Oracle\Java\javapath;C:\Windows\system32;C:\Windows;C:\Windows\System32\Wbem;C:\Windows\System32\WindowsPowerShell\v1.0\;C:\Windows\System32\OpenSSH\;C:\Program Files\Microsoft SQL Server\150\Tools\Binn\;C:\Program Files\Git\cmd;C:\Program Files\nodejs\;C:\Users\User\AppData\Local\Android\Sdk\platform-tools;C:\Users\User\AppData\Local\Microsoft\WindowsApps;C:\Users\User\AppData\Local\Programs\Microsoft VS Code\bin;C:\Users\User\AppData\Roaming\npm;C:\Users\User\AppData\Local\Android\Sdk\platform-tools;
USERNAME=User
OS=Windows_NT
PROCESSOR_IDENTIFIER=AMD64 Family 23 Model 24 Stepping 1, AuthenticAMD



---------------  S Y S T E M  ---------------

OS: Windows 10 , 64 bit Build 19041 (10.0.19041.2788)
Hyper-V role detected

CPU:total 4 (initial active 4) (4 cores per cpu, 2 threads per core) family 23 model 24 stepping 1 microcode 0x0, cmov, cx8, fxsr, mmx, sse, sse2, sse3, ssse3, sse4.1, sse4.2, popcnt, avx, avx2, aes, clmul, mmxext, 3dnowpref, lzcnt, sse4a, ht, tsc, tscinvbit, tscinv, bmi1, bmi2, adx, s

Memory: 4k page, system-wide physical 3460M (119M free)
TotalPageFile size 14212M (AvailPageFile size 5M)
current process WorkingSet (physical memory assigned to process): 440M, peak: 532M
current process commit charge ("private bytes"): 814M, peak: 837M

vm_info: Java HotSpot(TM) 64-Bit Server VM (11.0.18+9-LTS-195) for windows-amd64 JRE (11.0.18+9-LTS-195), built on Dec  6 2022 15:50:58 by "mach5one" with MS VC++ 17.1 (VS2022)

END.
