#
# There is insufficient memory for the Java Runtime Environment to continue.
# Native memory allocation (mmap) failed to map 30408704 bytes for Failed to commit area from 0x0000000088f00000 to 0x000000008ac00000 of length 30408704.
# Possible reasons:
#   The system is out of physical RAM or swap space
#   The process is running with CompressedOops enabled, and the Java Heap may be blocking the growth of the native heap
# Possible solutions:
#   Reduce memory load on the system
#   Increase physical memory or swap space
#   Check if swap backing store is full
#   Decrease Java heap size (-Xmx/-Xms)
#   Decrease number of Java threads
#   Decrease Java thread stack sizes (-Xss)
#   Set larger code cache with -XX:ReservedCodeCacheSize=
#   JVM is running with Unscaled Compressed Oops mode in which the Java heap is
#     placed in the first 4GB address space. The Java Heap base address is the
#     maximum limit for the native heap growth. Please use -XX:HeapBaseMinAddress
#     to set the Java Heap base and to place the Java Heap above 4GB virtual address.
# This output file may be truncated or incomplete.
#
#  Out of Memory Error (./open/src/hotspot/os/windows/os_windows.cpp:3292), pid=10548, tid=5056
#
# JRE version: Java(TM) SE Runtime Environment 18.9 (11.0.18+9) (build 11.0.18+9-LTS-195)
# Java VM: Java HotSpot(TM) 64-Bit Server VM 18.9 (11.0.18+9-LTS-195, mixed mode, tiered, compressed oops, g1 gc, windows-amd64)
# No core dump will be written. Minidumps are not enabled by default on client versions of Windows
#

---------------  S U M M A R Y ------------

Command Line: -XX:MaxMetaspaceSize=512m --add-opens=java.base/java.util=ALL-UNNAMED --add-opens=java.base/java.lang=ALL-UNNAMED --add-opens=java.base/java.lang.invoke=ALL-UNNAMED --add-opens=java.base/java.util=ALL-UNNAMED --add-opens=java.prefs/java.util.prefs=ALL-UNNAMED --add-opens=java.prefs/java.util.prefs=ALL-UNNAMED --add-opens=java.base/java.nio.charset=ALL-UNNAMED --add-opens=java.base/java.net=ALL-UNNAMED --add-opens=java.base/java.util.concurrent.atomic=ALL-UNNAMED -Xmx2048m -Dfile.encoding=windows-1252 -Duser.country=US -Duser.language=en -Duser.variant org.gradle.launcher.daemon.bootstrap.GradleDaemon 7.5.1

Host: AMD Ryzen 3 3250U with Radeon Graphics         , 4 cores, 3G,  Windows 10 , 64 bit Build 19041 (10.0.19041.2788)
Time: Tue Apr 25 01:45:04 2023 Malay Peninsula Standard Time elapsed time: 131.561914 seconds (0d 0h 2m 11s)

---------------  T H R E A D  ---------------

Current thread (0x000001e46c2f0800):  VMThread "VM Thread" [stack: 0x00000027b3800000,0x00000027b3900000] [id=5056]

Stack: [0x00000027b3800000,0x00000027b3900000]
[error occurred during error reporting (printing stack bounds), id 0xc0000005, EXCEPTION_ACCESS_VIOLATION (0xc0000005) at pc=0x000001e455a70f2d]

Native frames: (J=compiled Java code, j=interpreted, Vv=VM code, C=native code)
V  [jvm.dll+0x65d8aa]
V  [jvm.dll+0x79fc1f]
V  [jvm.dll+0x7a12e9]
V  [jvm.dll+0x7a18e5]
V  [jvm.dll+0x7a189b]
V  [jvm.dll+0x65cdb3]
V  [jvm.dll+0x65d4a8]
C  [ntdll.dll+0xa23df]
C  [ntdll.dll+0x514a4]
C  [ntdll.dll+0xa0f0e]
C  0x000001e455a70f2d

VM_Operation (0x00000027b4af5f60): G1CollectForAllocation, mode: safepoint, requested by thread 0x000001e46e77c800


---------------  P R O C E S S  ---------------

Threads class SMR info:
_java_thread_list=0x000001e47594cfd0, length=86, elements={
0x000001e44e393000, 0x000001e46c2f7000, 0x000001e46c2f8800, 0x000001e46c314800,
0x000001e46c35a800, 0x000001e46c35b000, 0x000001e46c35e000, 0x000001e46c35f800,
0x000001e46c4d1000, 0x000001e46c5d3800, 0x000001e46edb0800, 0x000001e46d5dc800,
0x000001e46c7ac800, 0x000001e46d445800, 0x000001e46d5ca000, 0x000001e46d184000,
0x000001e46e77c800, 0x000001e46d0de800, 0x000001e46d0df000, 0x000001e46e716000,
0x000001e46e719000, 0x000001e46e717800, 0x000001e46e715000, 0x000001e46e71a000,
0x000001e46e71b000, 0x000001e46e716800, 0x000001e46e71b800, 0x000001e46e718800,
0x000001e46ef2d800, 0x000001e46ef2c800, 0x000001e46ef29800, 0x000001e46ef2c000,
0x000001e46ef27800, 0x000001e46ef2e000, 0x000001e46ef28800, 0x000001e46ef35000,
0x000001e46ef31800, 0x000001e46ef30800, 0x000001e46ef34000, 0x000001e46ef2f000,
0x000001e46ef35800, 0x000001e46ef32800, 0x000001e46ef30000, 0x000001e46ef33000,
0x000001e46ef36800, 0x000001e46f50e000, 0x000001e46f509000, 0x000001e46f50b800,
0x000001e46f50c800, 0x000001e46f50d000, 0x000001e46f508800, 0x000001e46f50f800,
0x000001e46f50a000, 0x000001e46f50f000, 0x000001e46f510800, 0x000001e46f50a800,
0x000001e46f516000, 0x000001e46f515800, 0x000001e46f514800, 0x000001e46f517000,
0x000001e46f513000, 0x000001e46f511800, 0x000001e46f512000, 0x000001e46f513800,
0x000001e4727b0000, 0x000001e4727ad000, 0x000001e4727b1000, 0x000001e4727ad800,
0x000001e4727ac000, 0x000001e4727af800, 0x000001e4727b2800, 0x000001e4727ae800,
0x000001e4727b3800, 0x000001e4727b1800, 0x000001e4727b6000, 0x000001e4727b6800,
0x000001e4727b7800, 0x000001e4727b9000, 0x000001e4727ba000, 0x000001e4727ba800,
0x000001e4727b5000, 0x000001e471212800, 0x000001e471210000, 0x000001e47120f000,
0x000001e471211000, 0x000001e47120d000
}

Java Threads: ( => current thread )
  0x000001e44e393000 JavaThread "main" [_thread_blocked, id=1368, stack(0x00000027b3200000,0x00000027b3300000)]
  0x000001e46c2f7000 JavaThread "Reference Handler" daemon [_thread_blocked, id=2564, stack(0x00000027b3900000,0x00000027b3a00000)]
  0x000001e46c2f8800 JavaThread "Finalizer" daemon [_thread_blocked, id=9856, stack(0x00000027b3a00000,0x00000027b3b00000)]
  0x000001e46c314800 JavaThread "Signal Dispatcher" daemon [_thread_blocked, id=10512, stack(0x00000027b3b00000,0x00000027b3c00000)]
  0x000001e46c35a800 JavaThread "Attach Listener" daemon [_thread_blocked, id=13536, stack(0x00000027b3c00000,0x00000027b3d00000)]
  0x000001e46c35b000 JavaThread "Service Thread" daemon [_thread_blocked, id=14832, stack(0x00000027b3d00000,0x00000027b3e00000)]
  0x000001e46c35e000 JavaThread "C2 CompilerThread0" daemon [_thread_in_native, id=6936, stack(0x00000027b3e00000,0x00000027b3f00000)]
  0x000001e46c35f800 JavaThread "C1 CompilerThread0" daemon [_thread_blocked, id=8604, stack(0x00000027b3f00000,0x00000027b4000000)]
  0x000001e46c4d1000 JavaThread "Sweeper thread" daemon [_thread_blocked, id=11996, stack(0x00000027b4000000,0x00000027b4100000)]
  0x000001e46c5d3800 JavaThread "Common-Cleaner" daemon [_thread_blocked, id=4128, stack(0x00000027b4100000,0x00000027b4200000)]
  0x000001e46edb0800 JavaThread "Daemon health stats" [_thread_blocked, id=11500, stack(0x00000027b4400000,0x00000027b4500000)]
  0x000001e46d5dc800 JavaThread "Incoming local TCP Connector on port 58091" [_thread_in_native, id=14812, stack(0x00000027b4500000,0x00000027b4600000)]
  0x000001e46c7ac800 JavaThread "Daemon periodic checks" [_thread_blocked, id=3424, stack(0x00000027b4600000,0x00000027b4700000)]
  0x000001e46d445800 JavaThread "Daemon" [_thread_blocked, id=7760, stack(0x00000027b4700000,0x00000027b4800000)]
  0x000001e46d5ca000 JavaThread "Handler for socket connection from /127.0.0.1:58091 to /127.0.0.1:58092" [_thread_in_native, id=12492, stack(0x00000027b4800000,0x00000027b4900000)]
  0x000001e46d184000 JavaThread "Cancel handler" [_thread_blocked, id=15004, stack(0x00000027b4900000,0x00000027b4a00000)]
  0x000001e46e77c800 JavaThread "Daemon worker" [_thread_blocked, id=2816, stack(0x00000027b4a00000,0x00000027b4b00000)]
  0x000001e46d0de800 JavaThread "Asynchronous log dispatcher for DefaultDaemonConnection: socket connection from /127.0.0.1:58091 to /127.0.0.1:58092" [_thread_blocked, id=7196, stack(0x00000027b4b00000,0x00000027b4c00000)]
  0x000001e46d0df000 JavaThread "Stdin handler" [_thread_blocked, id=11984, stack(0x00000027b4c00000,0x00000027b4d00000)]
  0x000001e46e716000 JavaThread "Daemon client event forwarder" [_thread_blocked, id=8260, stack(0x00000027b4d00000,0x00000027b4e00000)]
  0x000001e46e719000 JavaThread "Cache worker for journal cache (C:\Users\User\.gradle\caches\journal-1)" [_thread_blocked, id=1544, stack(0x00000027b5000000,0x00000027b5100000)]
  0x000001e46e717800 JavaThread "File lock request listener" [_thread_in_native, id=12100, stack(0x00000027b5100000,0x00000027b5200000)]
  0x000001e46e715000 JavaThread "Cache worker for file hash cache (C:\Users\User\.gradle\caches\7.5.1\fileHashes)" [_thread_blocked, id=8304, stack(0x00000027b5200000,0x00000027b5300000)]
  0x000001e46e71a000 JavaThread "File watcher server" daemon [_thread_in_native, id=13436, stack(0x00000027b5300000,0x00000027b5400000)]
  0x000001e46e71b000 JavaThread "File watcher consumer" daemon [_thread_blocked, id=3444, stack(0x00000027b5400000,0x00000027b5500000)]
  0x000001e46e716800 JavaThread "Cache worker for checksums cache (C:\Users\User\ProjectMobileDevelopment\android\.gradle\7.5.1\checksums)" [_thread_blocked, id=5400, stack(0x00000027b5500000,0x00000027b5600000)]
  0x000001e46e71b800 JavaThread "Cache worker for cache directory md-rule (C:\Users\User\.gradle\caches\7.5.1\md-rule)" [_thread_blocked, id=9048, stack(0x00000027b5600000,0x00000027b5700000)]
  0x000001e46e718800 JavaThread "Cache worker for file content cache (C:\Users\User\.gradle\caches\7.5.1\fileContent)" [_thread_blocked, id=7728, stack(0x00000027b5700000,0x00000027b5800000)]
  0x000001e46ef2d800 JavaThread "Cache worker for file hash cache (C:\Users\User\ProjectMobileDevelopment\android\.gradle\7.5.1\fileHashes)" [_thread_blocked, id=5376, stack(0x00000027b5800000,0x00000027b5900000)]
  0x000001e46ef2c800 JavaThread "Cache worker for cache directory md-supplier (C:\Users\User\.gradle\caches\7.5.1\md-supplier)" [_thread_blocked, id=3648, stack(0x00000027b5900000,0x00000027b5a00000)]
  0x000001e46ef29800 JavaThread "Cache worker for execution history cache (C:\Users\User\.gradle\caches\7.5.1\executionHistory)" [_thread_blocked, id=9972, stack(0x00000027b5a00000,0x00000027b5b00000)]
  0x000001e46ef2c000 JavaThread "jar transforms" [_thread_blocked, id=4920, stack(0x00000027b5b00000,0x00000027b5c00000)]
  0x000001e46ef27800 JavaThread "jar transforms Thread 2" [_thread_blocked, id=15096, stack(0x00000027b5c00000,0x00000027b5d00000)]
  0x000001e46ef2e000 JavaThread "jar transforms Thread 3" [_thread_blocked, id=15292, stack(0x00000027b5d00000,0x00000027b5e00000)]
  0x000001e46ef28800 JavaThread "jar transforms Thread 4" [_thread_blocked, id=13660, stack(0x00000027b5e00000,0x00000027b5f00000)]
  0x000001e46ef35000 JavaThread "File lock release action executor" [_thread_blocked, id=4540, stack(0x00000027b5f00000,0x00000027b6000000)]
  0x000001e46ef31800 JavaThread "Cache worker for kotlin-dsl (C:\Users\User\.gradle\caches\7.5.1\kotlin-dsl)" [_thread_blocked, id=11480, stack(0x00000027b3000000,0x00000027b3100000)]
  0x000001e46ef30800 JavaThread "Cache worker for dependencies-accessors (C:\Users\User\ProjectMobileDevelopment\android\.gradle\7.5.1\dependencies-accessors)" [_thread_blocked, id=14808, stack(0x00000027b6000000,0x00000027b6100000)]
  0x000001e46ef34000 JavaThread "Cache worker for Build Output Cleanup Cache (C:\Users\User\ProjectMobileDevelopment\node_modules\react-native-gradle-plugin\.gradle\buildOutputCleanup)" [_thread_blocked, id=14032, stack(0x00000027b6100000,0x00000027b6200000)]
  0x000001e46ef2f000 JavaThread "Unconstrained build operations" [_thread_blocked, id=13224, stack(0x00000027b6400000,0x00000027b6500000)]
  0x000001e46ef35800 JavaThread "Unconstrained build operations Thread 2" [_thread_blocked, id=12128, stack(0x00000027b6500000,0x00000027b6600000)]
  0x000001e46ef32800 JavaThread "Unconstrained build operations Thread 3" [_thread_blocked, id=12472, stack(0x00000027b6600000,0x00000027b6700000)]
  0x000001e46ef30000 JavaThread "Unconstrained build operations Thread 4" [_thread_blocked, id=6140, stack(0x00000027b6700000,0x00000027b6800000)]
  0x000001e46ef33000 JavaThread "Unconstrained build operations Thread 5" [_thread_blocked, id=9680, stack(0x00000027b6800000,0x00000027b6900000)]
  0x000001e46ef36800 JavaThread "Unconstrained build operations Thread 6" [_thread_blocked, id=2824, stack(0x00000027b6900000,0x00000027b6a00000)]
  0x000001e46f50e000 JavaThread "Unconstrained build operations Thread 7" [_thread_blocked, id=8780, stack(0x00000027b6a00000,0x00000027b6b00000)]
  0x000001e46f509000 JavaThread "Unconstrained build operations Thread 8" [_thread_blocked, id=8104, stack(0x00000027b6b00000,0x00000027b6c00000)]
  0x000001e46f50b800 JavaThread "Unconstrained build operations Thread 9" [_thread_blocked, id=6120, stack(0x00000027b6c00000,0x00000027b6d00000)]
  0x000001e46f50c800 JavaThread "Unconstrained build operations Thread 10" [_thread_blocked, id=6724, stack(0x00000027b6d00000,0x00000027b6e00000)]
  0x000001e46f50d000 JavaThread "Unconstrained build operations Thread 11" [_thread_blocked, id=12500, stack(0x00000027b6e00000,0x00000027b6f00000)]
  0x000001e46f508800 JavaThread "Unconstrained build operations Thread 12" [_thread_blocked, id=11668, stack(0x00000027b6f00000,0x00000027b7000000)]
  0x000001e46f50f800 JavaThread "Unconstrained build operations Thread 13" [_thread_blocked, id=13580, stack(0x00000027b7000000,0x00000027b7100000)]
  0x000001e46f50a000 JavaThread "Unconstrained build operations Thread 14" [_thread_blocked, id=6004, stack(0x00000027b7100000,0x00000027b7200000)]
  0x000001e46f50f000 JavaThread "Unconstrained build operations Thread 15" [_thread_blocked, id=8868, stack(0x00000027b7200000,0x00000027b7300000)]
  0x000001e46f510800 JavaThread "Unconstrained build operations Thread 16" [_thread_blocked, id=5600, stack(0x00000027b7300000,0x00000027b7400000)]
  0x000001e46f50a800 JavaThread "Unconstrained build operations Thread 17" [_thread_blocked, id=5048, stack(0x00000027b7400000,0x00000027b7500000)]
  0x000001e46f516000 JavaThread "Unconstrained build operations Thread 18" [_thread_blocked, id=6064, stack(0x00000027b7500000,0x00000027b7600000)]
  0x000001e46f515800 JavaThread "Unconstrained build operations Thread 19" [_thread_blocked, id=8776, stack(0x00000027b7600000,0x00000027b7700000)]
  0x000001e46f514800 JavaThread "Unconstrained build operations Thread 20" [_thread_blocked, id=9376, stack(0x00000027b7700000,0x00000027b7800000)]
  0x000001e46f517000 JavaThread "Unconstrained build operations Thread 21" [_thread_blocked, id=14452, stack(0x00000027b7800000,0x00000027b7900000)]
  0x000001e46f513000 JavaThread "Unconstrained build operations Thread 22" [_thread_blocked, id=5300, stack(0x00000027b7900000,0x00000027b7a00000)]
  0x000001e46f511800 JavaThread "Unconstrained build operations Thread 23" [_thread_blocked, id=7676, stack(0x00000027b7a00000,0x00000027b7b00000)]
  0x000001e46f512000 JavaThread "Unconstrained build operations Thread 24" [_thread_blocked, id=5460, stack(0x00000027b7b00000,0x00000027b7c00000)]
  0x000001e46f513800 JavaThread "Unconstrained build operations Thread 25" [_thread_blocked, id=12188, stack(0x00000027b7c00000,0x00000027b7d00000)]
  0x000001e4727b0000 JavaThread "Unconstrained build operations Thread 26" [_thread_blocked, id=15100, stack(0x00000027b7d00000,0x00000027b7e00000)]
  0x000001e4727ad000 JavaThread "Unconstrained build operations Thread 27" [_thread_blocked, id=4164, stack(0x00000027b7e00000,0x00000027b7f00000)]
  0x000001e4727b1000 JavaThread "Unconstrained build operations Thread 28" [_thread_blocked, id=5244, stack(0x00000027b7f00000,0x00000027b8000000)]
  0x000001e4727ad800 JavaThread "Unconstrained build operations Thread 29" [_thread_blocked, id=7468, stack(0x00000027b8000000,0x00000027b8100000)]
  0x000001e4727ac000 JavaThread "Unconstrained build operations Thread 30" [_thread_blocked, id=4668, stack(0x00000027b8100000,0x00000027b8200000)]
  0x000001e4727af800 JavaThread "Unconstrained build operations Thread 31" [_thread_blocked, id=9092, stack(0x00000027b8200000,0x00000027b8300000)]
  0x000001e4727b2800 JavaThread "Unconstrained build operations Thread 32" [_thread_blocked, id=12376, stack(0x00000027b8300000,0x00000027b8400000)]
  0x000001e4727ae800 JavaThread "Unconstrained build operations Thread 33" [_thread_blocked, id=9132, stack(0x00000027b8400000,0x00000027b8500000)]
  0x000001e4727b3800 JavaThread "build event listener" [_thread_blocked, id=13852, stack(0x00000027b8500000,0x00000027b8600000)]
  0x000001e4727b1800 JavaThread "Memory manager" [_thread_blocked, id=15220, stack(0x00000027b8600000,0x00000027b8700000)]
  0x000001e4727b6000 JavaThread "Cache worker for Build Output Cleanup Cache (C:\Users\User\ProjectMobileDevelopment\android\.gradle\buildOutputCleanup)" [_thread_blocked, id=8268, stack(0x00000027b8700000,0x00000027b8800000)]
  0x000001e4727b6800 JavaThread "Execution worker" [_thread_blocked, id=4732, stack(0x00000027b8900000,0x00000027b8a00000)]
  0x000001e4727b7800 JavaThread "Execution worker Thread 2" [_thread_blocked, id=13328, stack(0x00000027b8a00000,0x00000027b8b00000)]
  0x000001e4727b9000 JavaThread "Execution worker Thread 3" [_thread_blocked, id=15244, stack(0x00000027b8b00000,0x00000027b8c00000)]
  0x000001e4727ba000 JavaThread "Cache worker for execution history cache (C:\Users\User\ProjectMobileDevelopment\node_modules\react-native-gradle-plugin\.gradle\7.5.1\executionHistory)" [_thread_blocked, id=10932, stack(0x00000027b8c00000,0x00000027b8d00000)]
  0x000001e4727ba800 JavaThread "Unconstrained build operations Thread 34" [_thread_blocked, id=9296, stack(0x00000027b8d00000,0x00000027b8e00000)]
  0x000001e4727b5000 JavaThread "Unconstrained build operations Thread 35" [_thread_blocked, id=7540, stack(0x00000027b8e00000,0x00000027b8f00000)]
  0x000001e471212800 JavaThread "Unconstrained build operations Thread 36" [_thread_blocked, id=9760, stack(0x00000027b8f00000,0x00000027b9000000)]
  0x000001e471210000 JavaThread "Unconstrained build operations Thread 37" [_thread_blocked, id=5804, stack(0x00000027b9000000,0x00000027b9100000)]
  0x000001e47120f000 JavaThread "Unconstrained build operations Thread 38" [_thread_blocked, id=10288, stack(0x00000027b9100000,0x00000027b9200000)]
  0x000001e471211000 JavaThread "Unconstrained build operations Thread 39" [_thread_blocked, id=4276, stack(0x00000027b9200000,0x00000027b9300000)]
  0x000001e47120d000 JavaThread "Unconstrained build operations Thread 40" [_thread_blocked, id=5480, stack(0x00000027b9300000,0x00000027b9400000)]

Other Threads:
=>0x000001e46c2f0800 VMThread "VM Thread" [stack: 0x00000027b3800000,0x00000027b3900000] [id=5056]
  0x000001e46c60b800 WatcherThread [stack: 0x00000027b4200000,0x00000027b4300000] [id=3224]
  0x000001e44e3a8800 GCTaskThread "GC Thread#0" [stack: 0x00000027b3300000,0x00000027b3400000] [id=4528]
  0x000001e46c8f2800 GCTaskThread "GC Thread#1" [stack: 0x00000027b4300000,0x00000027b4400000] [id=12360]
  0x000001e46dbbe800 GCTaskThread "GC Thread#2" [stack: 0x00000027b4e00000,0x00000027b4f00000] [id=4944]
  0x000001e46dbbf000 GCTaskThread "GC Thread#3" [stack: 0x00000027b4f00000,0x00000027b5000000] [id=1268]
  0x000001e44e3d9000 ConcurrentGCThread "G1 Main Marker" [stack: 0x00000027b3400000,0x00000027b3500000] [id=9692]
  0x000001e44e3da000 ConcurrentGCThread "G1 Conc#0" [stack: 0x00000027b3500000,0x00000027b3600000] [id=6188]
  0x000001e44e41f800 ConcurrentGCThread "G1 Refine#0" [stack: 0x00000027b3600000,0x00000027b3700000] [id=9924]
  0x000001e44e420800 ConcurrentGCThread "G1 Young RemSet Sampling" [stack: 0x00000027b3700000,0x00000027b3800000] [id=14728]

Threads with active compile tasks:
C2 CompilerThread0   131617 11175       4       org.gradle.internal.instantiation.generator.AbstractClassGenerator::inspectType (560 bytes)

VM state:at safepoint (normal execution)

VM Mutex/Monitor currently owned by a thread:  ([mutex/lock_event])
[0x000001e44e38f170] Threads_lock - owner thread: 0x000001e46c2f0800
[0x000001e44e38e630] Heap_lock - owner thread: 0x000001e46e77c800

Heap address: 0x0000000080000000, size: 2048 MB, Compressed Oops mode: 32-bit
Narrow klass base: 0x0000000000000000, Narrow klass shift: 3
Compressed class space size: 528482304 Address: 0x0000000100000000

Heap:
 garbage-first heap   total 176128K, used 97280K [0x0000000080000000, 0x0000000100000000)
  region size 1024K, 3 young (3072K), 3 survivors (3072K)
 Metaspace       used 100001K, capacity 102607K, committed 102656K, reserved 606208K
  class space    used 13249K, capacity 14311K, committed 14336K, reserved 516096K
Heap Regions: E=young(eden), S=young(survivor), O=old, HS=humongous(starts), HC=humongous(continues), CS=collection set, F=free, A=archive, TAMS=top-at-mark-start (previous, next)
|   0|0x0000000080000000, 0x0000000080100000, 0x0000000080100000|100%|HS|  |TAMS 0x0000000080100000, 0x0000000080000000| Complete 
|   1|0x0000000080100000, 0x0000000080200000, 0x0000000080200000|100%|HC|  |TAMS 0x0000000080200000, 0x0000000080100000| Complete 
|   2|0x0000000080200000, 0x0000000080300000, 0x0000000080300000|100%|HC|  |TAMS 0x0000000080300000, 0x0000000080200000| Complete 
|   3|0x0000000080300000, 0x0000000080400000, 0x0000000080400000|100%| O|  |TAMS 0x0000000080400000, 0x0000000080300000| Untracked 
|   4|0x0000000080400000, 0x0000000080500000, 0x0000000080500000|100%| O|  |TAMS 0x0000000080500000, 0x0000000080400000| Untracked 
|   5|0x0000000080500000, 0x0000000080600000, 0x0000000080600000|100%| O|  |TAMS 0x0000000080600000, 0x0000000080500000| Untracked 
|   6|0x0000000080600000, 0x0000000080700000, 0x0000000080700000|100%| O|  |TAMS 0x0000000080700000, 0x0000000080600000| Untracked 
|   7|0x0000000080700000, 0x0000000080800000, 0x0000000080800000|100%| O|  |TAMS 0x0000000080800000, 0x0000000080700000| Untracked 
|   8|0x0000000080800000, 0x0000000080900000, 0x0000000080900000|100%| O|  |TAMS 0x0000000080900000, 0x0000000080800000| Untracked 
|   9|0x0000000080900000, 0x0000000080a00000, 0x0000000080a00000|100%| O|  |TAMS 0x0000000080a00000, 0x0000000080900000| Untracked 
|  10|0x0000000080a00000, 0x0000000080b00000, 0x0000000080b00000|100%| O|  |TAMS 0x0000000080b00000, 0x0000000080a00000| Untracked 
|  11|0x0000000080b00000, 0x0000000080c00000, 0x0000000080c00000|100%| O|  |TAMS 0x0000000080c00000, 0x0000000080b00000| Untracked 
|  12|0x0000000080c00000, 0x0000000080d00000, 0x0000000080d00000|100%| O|  |TAMS 0x0000000080d00000, 0x0000000080c00000| Untracked 
|  13|0x0000000080d00000, 0x0000000080e00000, 0x0000000080e00000|100%| O|  |TAMS 0x0000000080e00000, 0x0000000080d00000| Untracked 
|  14|0x0000000080e00000, 0x0000000080f00000, 0x0000000080f00000|100%| O|  |TAMS 0x0000000080f00000, 0x0000000080e00000| Untracked 
|  15|0x0000000080f00000, 0x0000000081000000, 0x0000000081000000|100%| O|  |TAMS 0x0000000081000000, 0x0000000080f00000| Untracked 
|  16|0x0000000081000000, 0x0000000081100000, 0x0000000081100000|100%| O|  |TAMS 0x0000000081100000, 0x0000000081000000| Untracked 
|  17|0x0000000081100000, 0x0000000081200000, 0x0000000081200000|100%| O|  |TAMS 0x0000000081200000, 0x0000000081100000| Untracked 
|  18|0x0000000081200000, 0x0000000081300000, 0x0000000081300000|100%| O|  |TAMS 0x0000000081300000, 0x0000000081200000| Untracked 
|  19|0x0000000081300000, 0x0000000081400000, 0x0000000081400000|100%| O|  |TAMS 0x0000000081400000, 0x0000000081300000| Untracked 
|  20|0x0000000081400000, 0x0000000081500000, 0x0000000081500000|100%| O|  |TAMS 0x0000000081500000, 0x0000000081400000| Untracked 
|  21|0x0000000081500000, 0x0000000081600000, 0x0000000081600000|100%| O|  |TAMS 0x0000000081600000, 0x0000000081500000| Untracked 
|  22|0x0000000081600000, 0x0000000081700000, 0x0000000081700000|100%| O|  |TAMS 0x0000000081700000, 0x0000000081600000| Untracked 
|  23|0x0000000081700000, 0x0000000081800000, 0x0000000081800000|100%| O|  |TAMS 0x0000000081800000, 0x0000000081700000| Untracked 
|  24|0x0000000081800000, 0x0000000081900000, 0x0000000081900000|100%| O|  |TAMS 0x0000000081900000, 0x0000000081800000| Untracked 
|  25|0x0000000081900000, 0x0000000081a00000, 0x0000000081a00000|100%| O|  |TAMS 0x0000000081a00000, 0x0000000081900000| Untracked 
|  26|0x0000000081a00000, 0x0000000081b00000, 0x0000000081b00000|100%| O|  |TAMS 0x0000000081b00000, 0x0000000081a00000| Untracked 
|  27|0x0000000081b00000, 0x0000000081c00000, 0x0000000081c00000|100%| O|  |TAMS 0x0000000081c00000, 0x0000000081b00000| Untracked 
|  28|0x0000000081c00000, 0x0000000081d00000, 0x0000000081d00000|100%| O|  |TAMS 0x0000000081d00000, 0x0000000081c00000| Untracked 
|  29|0x0000000081d00000, 0x0000000081e00000, 0x0000000081e00000|100%| O|  |TAMS 0x0000000081e00000, 0x0000000081d00000| Untracked 
|  30|0x0000000081e00000, 0x0000000081f00000, 0x0000000081f00000|100%| O|  |TAMS 0x0000000081f00000, 0x0000000081e00000| Untracked 
|  31|0x0000000081f00000, 0x0000000082000000, 0x0000000082000000|100%| O|  |TAMS 0x0000000082000000, 0x0000000081f00000| Untracked 
|  32|0x0000000082000000, 0x0000000082100000, 0x0000000082100000|100%|HS|  |TAMS 0x0000000082100000, 0x0000000082000000| Complete 
|  33|0x0000000082100000, 0x0000000082200000, 0x0000000082200000|100%| O|  |TAMS 0x0000000082200000, 0x0000000082100000| Untracked 
|  34|0x0000000082200000, 0x0000000082300000, 0x0000000082300000|100%|HS|  |TAMS 0x0000000082300000, 0x0000000082200000| Complete 
|  35|0x0000000082300000, 0x0000000082400000, 0x0000000082400000|100%|HC|  |TAMS 0x0000000082400000, 0x0000000082300000| Complete 
|  36|0x0000000082400000, 0x0000000082500000, 0x0000000082500000|100%|HC|  |TAMS 0x0000000082500000, 0x0000000082400000| Complete 
|  37|0x0000000082500000, 0x0000000082600000, 0x0000000082600000|100%| O|  |TAMS 0x0000000082600000, 0x0000000082500000| Untracked 
|  38|0x0000000082600000, 0x0000000082700000, 0x0000000082700000|100%| O|  |TAMS 0x0000000082700000, 0x0000000082600000| Untracked 
|  39|0x0000000082700000, 0x0000000082800000, 0x0000000082800000|100%| O|  |TAMS 0x0000000082800000, 0x0000000082700000| Untracked 
|  40|0x0000000082800000, 0x0000000082900000, 0x0000000082900000|100%| O|  |TAMS 0x0000000082900000, 0x0000000082800000| Untracked 
|  41|0x0000000082900000, 0x0000000082a00000, 0x0000000082a00000|100%| O|  |TAMS 0x0000000082a00000, 0x0000000082900000| Untracked 
|  42|0x0000000082a00000, 0x0000000082b00000, 0x0000000082b00000|100%| O|  |TAMS 0x0000000082b00000, 0x0000000082a00000| Untracked 
|  43|0x0000000082b00000, 0x0000000082c00000, 0x0000000082c00000|100%| O|  |TAMS 0x0000000082b00000, 0x0000000082b00000| Untracked 
|  44|0x0000000082c00000, 0x0000000082d00000, 0x0000000082d00000|100%| O|  |TAMS 0x0000000082d00000, 0x0000000082c00000| Untracked 
|  45|0x0000000082d00000, 0x0000000082e00000, 0x0000000082e00000|100%| O|  |TAMS 0x0000000082e00000, 0x0000000082d00000| Untracked 
|  46|0x0000000082e00000, 0x0000000082f00000, 0x0000000082f00000|100%| O|  |TAMS 0x0000000082f00000, 0x0000000082e00000| Untracked 
|  47|0x0000000082f00000, 0x0000000083000000, 0x0000000083000000|100%| O|  |TAMS 0x0000000083000000, 0x0000000082f00000| Untracked 
|  48|0x0000000083000000, 0x0000000083100000, 0x0000000083100000|100%| O|  |TAMS 0x0000000083100000, 0x0000000083000000| Untracked 
|  49|0x0000000083100000, 0x0000000083200000, 0x0000000083200000|100%| O|  |TAMS 0x0000000083200000, 0x0000000083100000| Untracked 
|  50|0x0000000083200000, 0x0000000083300000, 0x0000000083300000|100%| O|  |TAMS 0x0000000083300000, 0x0000000083200000| Untracked 
|  51|0x0000000083300000, 0x0000000083400000, 0x0000000083400000|100%| O|  |TAMS 0x0000000083400000, 0x0000000083300000| Untracked 
|  52|0x0000000083400000, 0x0000000083500000, 0x0000000083500000|100%| O|  |TAMS 0x0000000083500000, 0x0000000083400000| Untracked 
|  53|0x0000000083500000, 0x0000000083600000, 0x0000000083600000|100%| O|  |TAMS 0x0000000083600000, 0x0000000083500000| Untracked 
|  54|0x0000000083600000, 0x0000000083700000, 0x0000000083700000|100%|HS|  |TAMS 0x0000000083700000, 0x0000000083600000| Complete 
|  55|0x0000000083700000, 0x0000000083800000, 0x0000000083800000|100%|HS|  |TAMS 0x0000000083800000, 0x0000000083700000| Complete 
|  56|0x0000000083800000, 0x0000000083900000, 0x0000000083900000|100%| O|  |TAMS 0x0000000083900000, 0x0000000083800000| Untracked 
|  57|0x0000000083900000, 0x0000000083a00000, 0x0000000083a00000|100%| O|  |TAMS 0x0000000083a00000, 0x0000000083900000| Untracked 
|  58|0x0000000083a00000, 0x0000000083b00000, 0x0000000083b00000|100%| O|  |TAMS 0x0000000083b00000, 0x0000000083a00000| Untracked 
|  59|0x0000000083b00000, 0x0000000083c00000, 0x0000000083c00000|100%| O|  |TAMS 0x0000000083c00000, 0x0000000083b00000| Untracked 
|  60|0x0000000083c00000, 0x0000000083d00000, 0x0000000083d00000|100%| O|  |TAMS 0x0000000083d00000, 0x0000000083c00000| Untracked 
|  61|0x0000000083d00000, 0x0000000083e00000, 0x0000000083e00000|100%| O|  |TAMS 0x0000000083e00000, 0x0000000083d00000| Untracked 
|  62|0x0000000083e00000, 0x0000000083f00000, 0x0000000083f00000|100%|HS|  |TAMS 0x0000000083f00000, 0x0000000083e00000| Complete 
|  63|0x0000000083f00000, 0x0000000084000000, 0x0000000084000000|100%|HC|  |TAMS 0x0000000084000000, 0x0000000083f00000| Complete 
|  64|0x0000000084000000, 0x0000000084100000, 0x0000000084100000|100%| O|  |TAMS 0x0000000084100000, 0x0000000084000000| Untracked 
|  65|0x0000000084100000, 0x0000000084200000, 0x0000000084200000|100%| O|  |TAMS 0x0000000084200000, 0x0000000084100000| Untracked 
|  66|0x0000000084200000, 0x0000000084300000, 0x0000000084300000|100%| O|  |TAMS 0x0000000084300000, 0x0000000084200000| Untracked 
|  67|0x0000000084300000, 0x0000000084400000, 0x0000000084400000|100%| O|  |TAMS 0x0000000084400000, 0x0000000084300000| Untracked 
|  68|0x0000000084400000, 0x0000000084500000, 0x0000000084500000|100%| O|  |TAMS 0x0000000084500000, 0x0000000084400000| Untracked 
|  69|0x0000000084500000, 0x0000000084600000, 0x0000000084600000|100%| O|  |TAMS 0x0000000084600000, 0x0000000084500000| Untracked 
|  70|0x0000000084600000, 0x0000000084700000, 0x0000000084700000|100%| O|  |TAMS 0x0000000084700000, 0x0000000084600000| Untracked 
|  71|0x0000000084700000, 0x0000000084800000, 0x0000000084800000|100%| O|  |TAMS 0x0000000084800000, 0x0000000084700000| Untracked 
|  72|0x0000000084800000, 0x0000000084900000, 0x0000000084900000|100%| O|  |TAMS 0x0000000084900000, 0x0000000084800000| Untracked 
|  73|0x0000000084900000, 0x0000000084a00000, 0x0000000084a00000|100%| O|  |TAMS 0x0000000084a00000, 0x0000000084900000| Untracked 
|  74|0x0000000084a00000, 0x0000000084b00000, 0x0000000084b00000|100%| O|  |TAMS 0x0000000084b00000, 0x0000000084a00000| Untracked 
|  75|0x0000000084b00000, 0x0000000084c00000, 0x0000000084c00000|100%| O|  |TAMS 0x0000000084c00000, 0x0000000084b00000| Untracked 
|  76|0x0000000084c00000, 0x0000000084d00000, 0x0000000084d00000|100%| O|  |TAMS 0x0000000084d00000, 0x0000000084c00000| Untracked 
|  77|0x0000000084d00000, 0x0000000084e00000, 0x0000000084e00000|100%| O|  |TAMS 0x0000000084e00000, 0x0000000084d00000| Untracked 
|  78|0x0000000084e00000, 0x0000000084f00000, 0x0000000084f00000|100%| O|  |TAMS 0x0000000084f00000, 0x0000000084e00000| Untracked 
|  79|0x0000000084f00000, 0x0000000085000000, 0x0000000085000000|100%| O|  |TAMS 0x0000000084f70a00, 0x0000000084f00000| Untracked 
|  80|0x0000000085000000, 0x0000000085100000, 0x0000000085100000|100%| O|  |TAMS 0x0000000085000000, 0x0000000085000000| Untracked 
|  81|0x0000000085100000, 0x0000000085200000, 0x0000000085200000|100%| O|  |TAMS 0x0000000085100000, 0x0000000085100000| Untracked 
|  82|0x0000000085200000, 0x0000000085300000, 0x0000000085300000|100%| O|  |TAMS 0x0000000085200000, 0x0000000085200000| Untracked 
|  83|0x0000000085300000, 0x0000000085400000, 0x0000000085400000|100%| O|  |TAMS 0x0000000085300000, 0x0000000085300000| Untracked 
|  84|0x0000000085400000, 0x0000000085500000, 0x0000000085500000|100%| O|  |TAMS 0x0000000085400000, 0x0000000085400000| Untracked 
|  85|0x0000000085500000, 0x0000000085600000, 0x0000000085600000|100%| O|  |TAMS 0x0000000085500000, 0x0000000085500000| Untracked 
|  86|0x0000000085600000, 0x0000000085700000, 0x0000000085700000|100%| O|  |TAMS 0x0000000085600000, 0x0000000085600000| Untracked 
|  87|0x0000000085700000, 0x0000000085800000, 0x0000000085800000|100%| O|  |TAMS 0x0000000085700000, 0x0000000085700000| Untracked 
|  88|0x0000000085800000, 0x0000000085900000, 0x0000000085900000|100%| O|  |TAMS 0x0000000085800000, 0x0000000085800000| Untracked 
|  89|0x0000000085900000, 0x0000000085a00000, 0x0000000085a00000|100%| O|  |TAMS 0x0000000085900000, 0x0000000085900000| Untracked 
|  90|0x0000000085a00000, 0x0000000085b00000, 0x0000000085b00000|100%| O|  |TAMS 0x0000000085a00000, 0x0000000085a00000| Untracked 
|  91|0x0000000085b00000, 0x0000000085c00000, 0x0000000085c00000|100%| O|  |TAMS 0x0000000085b00000, 0x0000000085b00000| Untracked 
|  92|0x0000000085c00000, 0x0000000085c00000, 0x0000000085d00000|  0%| F|  |TAMS 0x0000000085c00000, 0x0000000085c00000| Untracked 
|  93|0x0000000085d00000, 0x0000000085d00000, 0x0000000085e00000|  0%| F|  |TAMS 0x0000000085d00000, 0x0000000085d00000| Untracked 
|  94|0x0000000085e00000, 0x0000000085e00000, 0x0000000085f00000|  0%| F|  |TAMS 0x0000000085e00000, 0x0000000085e00000| Untracked 
|  95|0x0000000085f00000, 0x0000000085f00000, 0x0000000086000000|  0%| F|  |TAMS 0x0000000085f00000, 0x0000000085f00000| Untracked 
|  96|0x0000000086000000, 0x0000000086000000, 0x0000000086100000|  0%| F|  |TAMS 0x0000000086000000, 0x0000000086000000| Untracked 
|  97|0x0000000086100000, 0x0000000086100000, 0x0000000086200000|  0%| F|  |TAMS 0x0000000086100000, 0x0000000086100000| Untracked 
|  98|0x0000000086200000, 0x0000000086200000, 0x0000000086300000|  0%| F|  |TAMS 0x0000000086200000, 0x0000000086200000| Untracked 
|  99|0x0000000086300000, 0x0000000086300000, 0x0000000086400000|  0%| F|  |TAMS 0x0000000086300000, 0x0000000086300000| Untracked 
| 100|0x0000000086400000, 0x0000000086400000, 0x0000000086500000|  0%| F|  |TAMS 0x0000000086400000, 0x0000000086400000| Untracked 
| 101|0x0000000086500000, 0x0000000086500000, 0x0000000086600000|  0%| F|  |TAMS 0x0000000086500000, 0x0000000086500000| Untracked 
| 102|0x0000000086600000, 0x0000000086600000, 0x0000000086700000|  0%| F|  |TAMS 0x0000000086600000, 0x0000000086600000| Untracked 
| 103|0x0000000086700000, 0x0000000086700000, 0x0000000086800000|  0%| F|  |TAMS 0x0000000086700000, 0x0000000086700000| Untracked 
| 104|0x0000000086800000, 0x0000000086800000, 0x0000000086900000|  0%| F|  |TAMS 0x0000000086800000, 0x0000000086800000| Untracked 
| 105|0x0000000086900000, 0x0000000086900000, 0x0000000086a00000|  0%| F|  |TAMS 0x0000000086900000, 0x0000000086900000| Untracked 
| 106|0x0000000086a00000, 0x0000000086a00000, 0x0000000086b00000|  0%| F|  |TAMS 0x0000000086a00000, 0x0000000086a00000| Untracked 
| 107|0x0000000086b00000, 0x0000000086b00000, 0x0000000086c00000|  0%| F|  |TAMS 0x0000000086b00000, 0x0000000086b00000| Untracked 
| 108|0x0000000086c00000, 0x0000000086c00000, 0x0000000086d00000|  0%| F|  |TAMS 0x0000000086c00000, 0x0000000086c00000| Untracked 
| 109|0x0000000086d00000, 0x0000000086d00000, 0x0000000086e00000|  0%| F|  |TAMS 0x0000000086d00000, 0x0000000086d00000| Untracked 
| 110|0x0000000086e00000, 0x0000000086e00000, 0x0000000086f00000|  0%| F|  |TAMS 0x0000000086e00000, 0x0000000086e00000| Untracked 
| 111|0x0000000086f00000, 0x0000000086f00000, 0x0000000087000000|  0%| F|  |TAMS 0x0000000086f00000, 0x0000000086f00000| Untracked 
| 112|0x0000000087000000, 0x0000000087000000, 0x0000000087100000|  0%| F|  |TAMS 0x0000000087000000, 0x0000000087000000| Untracked 
| 113|0x0000000087100000, 0x0000000087100000, 0x0000000087200000|  0%| F|  |TAMS 0x0000000087100000, 0x0000000087100000| Untracked 
| 114|0x0000000087200000, 0x0000000087200000, 0x0000000087300000|  0%| F|  |TAMS 0x0000000087200000, 0x0000000087200000| Untracked 
| 115|0x0000000087300000, 0x0000000087300000, 0x0000000087400000|  0%| F|  |TAMS 0x0000000087300000, 0x0000000087300000| Untracked 
| 116|0x0000000087400000, 0x0000000087500000, 0x0000000087500000|100%| S|CS|TAMS 0x0000000087400000, 0x0000000087400000| Complete 
| 117|0x0000000087500000, 0x0000000087600000, 0x0000000087600000|100%| S|CS|TAMS 0x0000000087500000, 0x0000000087500000| Complete 
| 118|0x0000000087600000, 0x0000000087700000, 0x0000000087700000|100%| S|CS|TAMS 0x0000000087600000, 0x0000000087600000| Complete 
| 119|0x0000000087700000, 0x0000000087700000, 0x0000000087800000|  0%| F|  |TAMS 0x0000000087700000, 0x0000000087700000| Untracked 
| 120|0x0000000087800000, 0x0000000087800000, 0x0000000087900000|  0%| F|  |TAMS 0x0000000087800000, 0x0000000087800000| Untracked 
| 121|0x0000000087900000, 0x0000000087900000, 0x0000000087a00000|  0%| F|  |TAMS 0x0000000087900000, 0x0000000087900000| Untracked 
| 122|0x0000000087a00000, 0x0000000087a00000, 0x0000000087b00000|  0%| F|  |TAMS 0x0000000087a00000, 0x0000000087a00000| Untracked 
| 123|0x0000000087b00000, 0x0000000087b00000, 0x0000000087c00000|  0%| F|  |TAMS 0x0000000087b00000, 0x0000000087b00000| Untracked 
| 124|0x0000000087c00000, 0x0000000087c00000, 0x0000000087d00000|  0%| F|  |TAMS 0x0000000087c00000, 0x0000000087c00000| Untracked 
| 125|0x0000000087d00000, 0x0000000087d00000, 0x0000000087e00000|  0%| F|  |TAMS 0x0000000087d00000, 0x0000000087d00000| Untracked 
| 126|0x0000000087e00000, 0x0000000087e00000, 0x0000000087f00000|  0%| F|  |TAMS 0x0000000087e00000, 0x0000000087e00000| Untracked 
| 127|0x0000000087f00000, 0x0000000087f00000, 0x0000000088000000|  0%| F|  |TAMS 0x0000000087f00000, 0x0000000087f00000| Untracked 
| 128|0x0000000088000000, 0x0000000088000000, 0x0000000088100000|  0%| F|  |TAMS 0x0000000088000000, 0x0000000088000000| Untracked 
| 129|0x0000000088100000, 0x0000000088100000, 0x0000000088200000|  0%| F|  |TAMS 0x0000000088100000, 0x0000000088100000| Untracked 
| 130|0x0000000088200000, 0x0000000088200000, 0x0000000088300000|  0%| F|  |TAMS 0x0000000088200000, 0x0000000088200000| Untracked 
| 131|0x0000000088300000, 0x0000000088300000, 0x0000000088400000|  0%| F|  |TAMS 0x0000000088300000, 0x0000000088300000| Untracked 
| 132|0x0000000088400000, 0x0000000088400000, 0x0000000088500000|  0%| F|  |TAMS 0x0000000088400000, 0x0000000088400000| Untracked 
| 133|0x0000000088500000, 0x0000000088500000, 0x0000000088600000|  0%| F|  |TAMS 0x0000000088500000, 0x0000000088500000| Untracked 
| 134|0x0000000088600000, 0x0000000088600000, 0x0000000088700000|  0%| F|  |TAMS 0x0000000088600000, 0x0000000088600000| Untracked 
| 135|0x0000000088700000, 0x0000000088700000, 0x0000000088800000|  0%| F|  |TAMS 0x0000000088700000, 0x0000000088700000| Untracked 
| 136|0x0000000088800000, 0x0000000088800000, 0x0000000088900000|  0%| F|  |TAMS 0x0000000088800000, 0x0000000088800000| Untracked 
| 137|0x0000000088900000, 0x0000000088900000, 0x0000000088a00000|  0%| F|  |TAMS 0x0000000088900000, 0x0000000088900000| Untracked 
| 138|0x0000000088a00000, 0x0000000088a00000, 0x0000000088b00000|  0%| F|  |TAMS 0x0000000088a00000, 0x0000000088a00000| Untracked 
| 139|0x0000000088b00000, 0x0000000088b00000, 0x0000000088c00000|  0%| F|  |TAMS 0x0000000088b00000, 0x0000000088b00000| Untracked 
| 140|0x0000000088c00000, 0x0000000088c00000, 0x0000000088d00000|  0%| F|  |TAMS 0x0000000088c00000, 0x0000000088c00000| Untracked 
| 141|0x0000000088d00000, 0x0000000088d00000, 0x0000000088e00000|  0%| F|  |TAMS 0x0000000088d00000, 0x0000000088d00000| Untracked 
| 142|0x0000000088e00000, 0x0000000088e00000, 0x0000000088f00000|  0%| F|  |TAMS 0x0000000088e00000, 0x0000000088e00000| Untracked 

Card table byte_map: [0x000001e464e70000,0x000001e465270000] _byte_map_base: 0x000001e464a70000

Marking Bits (Prev, Next): (CMBitMap*) 0x000001e44e3d0040, (CMBitMap*) 0x000001e44e3d0008
 Prev Bits: [0x000001e467670000, 0x000001e469670000)
 Next Bits: [0x000001e465670000, 0x000001e467670000)

Polling page: 0x000001e44c540000

Metaspace:

Usage:
  Non-class:     86.23 MB capacity,    84.72 MB ( 98%) used,     1.24 MB (  1%) free+waste,   277.50 KB ( <1%) overhead. 
      Class:     13.98 MB capacity,    12.94 MB ( 93%) used,   930.33 KB (  7%) free+waste,   130.69 KB ( <1%) overhead. 
       Both:    100.20 MB capacity,    97.66 MB ( 97%) used,     2.15 MB (  2%) free+waste,   408.19 KB ( <1%) overhead. 

Virtual space:
  Non-class space:       88.00 MB reserved,      86.25 MB ( 98%) committed 
      Class space:      504.00 MB reserved,      14.00 MB (  3%) committed 
             Both:      592.00 MB reserved,     100.25 MB ( 17%) committed 

Chunk freelists:
   Non-Class:  3.00 KB
       Class:  3.12 KB
        Both:  6.12 KB

CodeHeap 'non-profiled nmethods': size=120064Kb used=6642Kb max_used=6642Kb free=113421Kb
 bounds [0x000001e45d530000, 0x000001e45dbb0000, 0x000001e464a70000]
CodeHeap 'profiled nmethods': size=120000Kb used=25679Kb max_used=25679Kb free=94320Kb
 bounds [0x000001e456000000, 0x000001e457920000, 0x000001e45d530000]
CodeHeap 'non-nmethods': size=5696Kb used=2312Kb max_used=2371Kb free=3384Kb
 bounds [0x000001e455a70000, 0x000001e455ce0000, 0x000001e456000000]
 total_blobs=12532 nmethods=11605 adapters=838
 compilation: enabled
              stopped_count=0, restarted_count=0
 full_count=0

Compilation events (10 events):
Event: 131.521 Thread 0x000001e46c35f800 11720       2       com.google.protobuf.DescriptorProtos$DescriptorProto::getName (41 bytes)
Event: 131.521 Thread 0x000001e46c35f800 nmethod 11720 0x000001e45790a590 code [0x000001e45790a760, 0x000001e45790aa48]
Event: 131.522 Thread 0x000001e46c35f800 11721       2       com.google.protobuf.Descriptors$Descriptor::<init> (607 bytes)
Event: 131.527 Thread 0x000001e46c35f800 nmethod 11721 0x000001e45790ac10 code [0x000001e45790b0e0, 0x000001e45790d2e8]
Event: 131.527 Thread 0x000001e46c35f800 11723 %     3       com.google.protobuf.Descriptors$FieldDescriptor::fieldNameToJsonName @ 19 (104 bytes)
Event: 131.529 Thread 0x000001e46c35f800 nmethod 11723% 0x000001e45790e490 code [0x000001e45790e760, 0x000001e45790f7a8]
Event: 131.529 Thread 0x000001e46c35f800 11725       2       java.util.DualPivotQuicksort::sort (646 bytes)
Event: 131.531 Thread 0x000001e46c35f800 nmethod 11725 0x000001e45790fe90 code [0x000001e457910100, 0x000001e457910f68]
Event: 131.531 Thread 0x000001e46c35f800 11724       2       java.util.DualPivotQuicksort::sort (1195 bytes)
Event: 131.534 Thread 0x000001e46c35f800 nmethod 11724 0x000001e457911910 code [0x000001e457911bc0, 0x000001e457912f88]

GC Heap History (10 events):
Event: 127.164 GC heap after
{Heap after GC invocations=129 (full 0):
 garbage-first heap   total 121856K, used 86642K [0x0000000080000000, 0x0000000100000000)
  region size 1024K, 2 young (2048K), 2 survivors (2048K)
 Metaspace       used 94823K, capacity 97278K, committed 97536K, reserved 600064K
  class space    used 12700K, capacity 13718K, committed 13824K, reserved 516096K
}
Event: 127.778 GC heap before
{Heap before GC invocations=129 (full 0):
 garbage-first heap   total 121856K, used 97906K [0x0000000080000000, 0x0000000100000000)
  region size 1024K, 13 young (13312K), 2 survivors (2048K)
 Metaspace       used 96615K, capacity 99094K, committed 99200K, reserved 602112K
  class space    used 12910K, capacity 13915K, committed 13952K, reserved 516096K
}
Event: 127.787 GC heap after
{Heap after GC invocations=130 (full 0):
 garbage-first heap   total 146432K, used 87527K [0x0000000080000000, 0x0000000100000000)
  region size 1024K, 2 young (2048K), 2 survivors (2048K)
 Metaspace       used 96615K, capacity 99094K, committed 99200K, reserved 602112K
  class space    used 12910K, capacity 13915K, committed 13952K, reserved 516096K
}
Event: 128.770 GC heap before
{Heap before GC invocations=130 (full 0):
 garbage-first heap   total 146432K, used 108007K [0x0000000080000000, 0x0000000100000000)
  region size 1024K, 22 young (22528K), 2 survivors (2048K)
 Metaspace       used 97930K, capacity 100348K, committed 100480K, reserved 604160K
  class space    used 13073K, capacity 14095K, committed 14208K, reserved 516096K
}
Event: 128.780 GC heap after
{Heap after GC invocations=131 (full 0):
 garbage-first heap   total 146432K, used 88936K [0x0000000080000000, 0x0000000100000000)
  region size 1024K, 3 young (3072K), 3 survivors (3072K)
 Metaspace       used 97930K, capacity 100348K, committed 100480K, reserved 604160K
  class space    used 13073K, capacity 14095K, committed 14208K, reserved 516096K
}
Event: 130.293 GC heap before
{Heap before GC invocations=131 (full 0):
 garbage-first heap   total 146432K, used 110440K [0x0000000080000000, 0x0000000100000000)
  region size 1024K, 24 young (24576K), 3 survivors (3072K)
 Metaspace       used 98749K, capacity 101242K, committed 101248K, reserved 604160K
  class space    used 13145K, capacity 14206K, committed 14208K, reserved 516096K
}
Event: 130.305 GC heap after
{Heap after GC invocations=132 (full 0):
 garbage-first heap   total 146432K, used 90713K [0x0000000080000000, 0x0000000100000000)
  region size 1024K, 3 young (3072K), 3 survivors (3072K)
 Metaspace       used 98749K, capacity 101242K, committed 101248K, reserved 604160K
  class space    used 13145K, capacity 14206K, committed 14208K, reserved 516096K
}
Event: 130.974 GC heap before
{Heap before GC invocations=132 (full 0):
 garbage-first heap   total 146432K, used 112217K [0x0000000080000000, 0x0000000100000000)
  region size 1024K, 24 young (24576K), 3 survivors (3072K)
 Metaspace       used 99311K, capacity 101819K, committed 102144K, reserved 604160K
  class space    used 13189K, capacity 14242K, committed 14336K, reserved 516096K
}
Event: 130.990 GC heap after
{Heap after GC invocations=133 (full 0):
 garbage-first heap   total 146432K, used 93609K [0x0000000080000000, 0x0000000100000000)
  region size 1024K, 3 young (3072K), 3 survivors (3072K)
 Metaspace       used 99311K, capacity 101819K, committed 102144K, reserved 604160K
  class space    used 13189K, capacity 14242K, committed 14336K, reserved 516096K
}
Event: 131.536 GC heap before
{Heap before GC invocations=133 (full 0):
 garbage-first heap   total 146432K, used 114089K [0x0000000080000000, 0x0000000100000000)
  region size 1024K, 24 young (24576K), 3 survivors (3072K)
 Metaspace       used 100001K, capacity 102607K, committed 102656K, reserved 606208K
  class space    used 13249K, capacity 14311K, committed 14336K, reserved 516096K
}

Deoptimization events (10 events):
Event: 129.882 Thread 0x000001e46e77c800 Uncommon trap: reason=unstable_if action=reinterpret pc=0x000001e45db86ba8 method=com.esotericsoftware.kryo.io.Input.readAscii()Ljava/lang/String; @ 23 c2
Event: 129.965 Thread 0x000001e46e77c800 Uncommon trap: reason=class_check action=maybe_recompile pc=0x000001e45db807fc method=org.gradle.api.internal.artifacts.ivyservice.dependencysubstitution.DefaultDependencySubstitutions$ModuleMatchDependencySubstitutionAction.execute(Lorg/gradle/api/artifa
Event: 129.965 Thread 0x000001e46e77c800 Uncommon trap: reason=class_check action=maybe_recompile pc=0x000001e45db807fc method=org.gradle.api.internal.artifacts.ivyservice.dependencysubstitution.DefaultDependencySubstitutions$ModuleMatchDependencySubstitutionAction.execute(Lorg/gradle/api/artifa
Event: 129.965 Thread 0x000001e46e77c800 Uncommon trap: reason=class_check action=maybe_recompile pc=0x000001e45db807fc method=org.gradle.api.internal.artifacts.ivyservice.dependencysubstitution.DefaultDependencySubstitutions$ModuleMatchDependencySubstitutionAction.execute(Lorg/gradle/api/artifa
Event: 129.965 Thread 0x000001e46e77c800 Uncommon trap: reason=class_check action=maybe_recompile pc=0x000001e45db807fc method=org.gradle.api.internal.artifacts.ivyservice.dependencysubstitution.DefaultDependencySubstitutions$ModuleMatchDependencySubstitutionAction.execute(Lorg/gradle/api/artifa
Event: 130.140 Thread 0x000001e46e77c800 Uncommon trap: reason=unstable_if action=reinterpret pc=0x000001e45db907c4 method=org.gradle.api.internal.attributes.DefaultImmutableAttributes.findEntry(Ljava/lang/String;)Lorg/gradle/api/internal/attributes/AttributeValue; @ 5 c2
Event: 130.185 Thread 0x000001e46e77c800 Uncommon trap: reason=bimorphic_or_optimized_type_check action=maybe_recompile pc=0x000001e45d8bc660 method=com.google.common.collect.ImmutableList.copyOf(Ljava/util/Collection;)Lcom/google/common/collect/ImmutableList; @ 11 c2
Event: 130.210 Thread 0x000001e46e77c800 Uncommon trap: reason=bimorphic_or_optimized_type_check action=maybe_recompile pc=0x000001e45d8bc660 method=com.google.common.collect.ImmutableList.copyOf(Ljava/util/Collection;)Lcom/google/common/collect/ImmutableList; @ 11 c2
Event: 130.222 Thread 0x000001e46e77c800 Uncommon trap: reason=null_check action=make_not_entrant pc=0x000001e45db5ffc4 method=org.gradle.internal.instantiation.generator.AbstractClassGenerator$PropertyMetadata.addGetter(Lorg/gradle/internal/instantiation/generator/AbstractClassGenerator$MethodM
Event: 130.608 Thread 0x000001e46e77c800 Uncommon trap: reason=bimorphic_or_optimized_type_check action=maybe_recompile pc=0x000001e45d8bc660 method=com.google.common.collect.ImmutableList.copyOf(Ljava/util/Collection;)Lcom/google/common/collect/ImmutableList; @ 11 c2

Classes redefined (0 events):
No events

Internal exceptions (10 events):
Event: 126.479 Thread 0x000001e46e77c800 Exception <a 'java/lang/NullPointerException'{0x0000000086ecb6e0}> (0x0000000086ecb6e0) thrown at [./open/src/hotspot/share/interpreter/linkResolver.cpp, line 1436]
Event: 126.691 Thread 0x000001e46e77c800 Implicit null exception at 0x000001e45d875efe to 0x000001e45d87c81c
Event: 127.323 Thread 0x000001e46e77c800 Exception <a 'java/lang/NoSuchMethodError'{0x00000000873ff4d0}: java.lang.invoke.DirectMethodHandle$Holder.invokeStatic(Ljava/lang/Object;Ljava/lang/Object;ILjava/lang/Object;)I> (0x00000000873ff4d0) thrown at [./open/src/hotspot/share/interpreter/linkRes
Event: 127.482 Thread 0x000001e46e77c800 Exception <a 'sun/nio/fs/WindowsException'{0x000000008712cd10}> (0x000000008712cd10) thrown at [./open/src/hotspot/share/prims/jni.cpp, line 611]
Event: 127.482 Thread 0x000001e46e77c800 Exception <a 'sun/nio/fs/WindowsException'{0x000000008712e090}> (0x000000008712e090) thrown at [./open/src/hotspot/share/prims/jni.cpp, line 611]
Event: 127.482 Thread 0x000001e46e77c800 Exception <a 'sun/nio/fs/WindowsException'{0x000000008712f448}> (0x000000008712f448) thrown at [./open/src/hotspot/share/prims/jni.cpp, line 611]
Event: 127.483 Thread 0x000001e46e77c800 Exception <a 'sun/nio/fs/WindowsException'{0x0000000087130800}> (0x0000000087130800) thrown at [./open/src/hotspot/share/prims/jni.cpp, line 611]
Event: 129.351 Thread 0x000001e46e77c800 Implicit null exception at 0x000001e45d99a174 to 0x000001e45d99a7b4
Event: 130.222 Thread 0x000001e46e77c800 Implicit null exception at 0x000001e45db57bd6 to 0x000001e45db5ff38
Event: 130.256 Thread 0x000001e46e77c800 Exception <a 'java/lang/NoSuchMethodError'{0x0000000087b07568}: java.lang.invoke.DirectMethodHandle$Holder.invokeStatic(Ljava/lang/Object;IILjava/lang/Object;)I> (0x0000000087b07568) thrown at [./open/src/hotspot/share/interpreter/linkResolver.cpp, line 7

Events (10 events):
Event: 131.491 loading class com/google/protobuf/WireFormat$FieldType$3 done
Event: 131.492 loading class com/google/protobuf/WireFormat$FieldType$4
Event: 131.492 loading class com/google/protobuf/WireFormat$FieldType$4 done
Event: 131.493 loading class com/google/protobuf/WireFormat$JavaType
Event: 131.493 loading class com/google/protobuf/WireFormat$JavaType done
Event: 131.494 loading class com/google/protobuf/Descriptors$FieldDescriptor$Type
Event: 131.494 loading class com/google/protobuf/Descriptors$FieldDescriptor$Type done
Event: 131.496 loading class com/google/protobuf/Descriptors$FieldDescriptor$JavaType
Event: 131.496 loading class com/google/protobuf/Descriptors$FieldDescriptor$JavaType done
Event: 131.536 Executing VM operation: G1CollectForAllocation


Dynamic libraries:
0x00007ff774d50000 - 0x00007ff774d60000 	C:\Program Files\Java\jdk-11\bin\java.exe
0x00007ffc339d0000 - 0x00007ffc33bc8000 	C:\Windows\SYSTEM32\ntdll.dll
0x00007ffc33420000 - 0x00007ffc334df000 	C:\Windows\System32\KERNEL32.DLL
0x00007ffc31680000 - 0x00007ffc3195a000 	C:\Windows\System32\KERNELBASE.dll
0x00007ffc31420000 - 0x00007ffc31520000 	C:\Windows\System32\ucrtbase.dll
0x00007ffc29e50000 - 0x00007ffc29e68000 	C:\Program Files\Java\jdk-11\bin\jli.dll
0x00007ffc331a0000 - 0x00007ffc3324e000 	C:\Windows\System32\ADVAPI32.dll
0x00007ffc33590000 - 0x00007ffc3362e000 	C:\Windows\System32\msvcrt.dll
0x00007ffc33100000 - 0x00007ffc3319c000 	C:\Windows\System32\sechost.dll
0x00007ffc32f80000 - 0x00007ffc330a6000 	C:\Windows\System32\RPCRT4.dll
0x00007ffc33280000 - 0x00007ffc3341d000 	C:\Windows\System32\USER32.dll
0x00007ffc310e0000 - 0x00007ffc31102000 	C:\Windows\System32\win32u.dll
0x00007ffc330d0000 - 0x00007ffc330fb000 	C:\Windows\System32\GDI32.dll
0x00007ffc312c0000 - 0x00007ffc313d0000 	C:\Windows\System32\gdi32full.dll
0x00007ffc31990000 - 0x00007ffc31a2d000 	C:\Windows\System32\msvcp_win.dll
0x00007ffc1f010000 - 0x00007ffc1f2aa000 	C:\Windows\WinSxS\amd64_microsoft.windows.common-controls_6595b64144ccf1df_6.0.19041.1110_none_60b5254171f9507e\COMCTL32.dll
0x00007ffc251f0000 - 0x00007ffc2520b000 	C:\Program Files\Java\jdk-11\bin\VCRUNTIME140.dll
0x00007ffc28980000 - 0x00007ffc2898a000 	C:\Windows\SYSTEM32\VERSION.dll
0x00007ffc33250000 - 0x00007ffc33280000 	C:\Windows\System32\IMM32.DLL
0x00007ffc2bbb0000 - 0x00007ffc2bbbc000 	C:\Program Files\Java\jdk-11\bin\vcruntime140_1.dll
0x00007ffc24150000 - 0x00007ffc241de000 	C:\Program Files\Java\jdk-11\bin\msvcp140.dll
0x00007ffb97a40000 - 0x00007ffb985a8000 	C:\Program Files\Java\jdk-11\bin\server\jvm.dll
0x00007ffc31bf0000 - 0x00007ffc31bf8000 	C:\Windows\System32\PSAPI.DLL
0x00007ffc2bbd0000 - 0x00007ffc2bbd9000 	C:\Windows\SYSTEM32\WSOCK32.dll
0x00007ffc32c90000 - 0x00007ffc32cfb000 	C:\Windows\System32\WS2_32.dll
0x00007ffc28950000 - 0x00007ffc28977000 	C:\Windows\SYSTEM32\WINMM.dll
0x00007ffc2ef60000 - 0x00007ffc2ef72000 	C:\Windows\SYSTEM32\kernel.appcore.dll
0x00007ffc2bb70000 - 0x00007ffc2bb80000 	C:\Program Files\Java\jdk-11\bin\verify.dll
0x00007ffc27ff0000 - 0x00007ffc281d4000 	C:\Windows\SYSTEM32\DBGHELP.DLL
0x00007ffc1f6f0000 - 0x00007ffc1f724000 	C:\Windows\SYSTEM32\dbgcore.DLL
0x00007ffc31230000 - 0x00007ffc312b2000 	C:\Windows\System32\bcryptPrimitives.dll
0x00007ffc251c0000 - 0x00007ffc251e8000 	C:\Program Files\Java\jdk-11\bin\java.dll
0x00007ffc29e40000 - 0x00007ffc29e4a000 	C:\Program Files\Java\jdk-11\bin\jimage.dll
0x00007ffc249a0000 - 0x00007ffc249b7000 	C:\Program Files\Java\jdk-11\bin\zip.dll
0x00007ffc31cc0000 - 0x00007ffc32404000 	C:\Windows\System32\SHELL32.dll
0x00007ffc2f160000 - 0x00007ffc2f8f3000 	C:\Windows\SYSTEM32\windows.storage.dll
0x00007ffc33630000 - 0x00007ffc33984000 	C:\Windows\System32\combase.dll
0x00007ffc30980000 - 0x00007ffc309ae000 	C:\Windows\SYSTEM32\Wldp.dll
0x00007ffc32a30000 - 0x00007ffc32add000 	C:\Windows\System32\SHCORE.dll
0x00007ffc31c60000 - 0x00007ffc31cb5000 	C:\Windows\System32\shlwapi.dll
0x00007ffc31020000 - 0x00007ffc3103f000 	C:\Windows\SYSTEM32\profapi.dll
0x00007ffc24980000 - 0x00007ffc24999000 	C:\Program Files\Java\jdk-11\bin\net.dll
0x00007ffc25d40000 - 0x00007ffc25e4a000 	C:\Windows\SYSTEM32\WINHTTP.dll
0x00007ffc30760000 - 0x00007ffc307ca000 	C:\Windows\system32\mswsock.dll
0x00007ffc24960000 - 0x00007ffc24972000 	C:\Program Files\Java\jdk-11\bin\nio.dll
0x00007ffc29f20000 - 0x00007ffc29f47000 	C:\Users\User\.gradle\native\e1d6ef7f7dcc3fd88c89a11ec53ec762bb8ba0a96d01ffa2cd45eb1d1d8dd5c5\windows-amd64\native-platform.dll
0x00007ffc040f0000 - 0x00007ffc04234000 	C:\Users\User\.gradle\native\0d407fdbe67a94daf76414ababcb853783967236a71b16ec16e742cd7a986fd3\windows-amd64\native-platform-file-events.dll
0x00007ffc29a10000 - 0x00007ffc29a19000 	C:\Program Files\Java\jdk-11\bin\management.dll
0x00007ffc25730000 - 0x00007ffc2573b000 	C:\Program Files\Java\jdk-11\bin\management_ext.dll
0x00007ffc309c0000 - 0x00007ffc309d8000 	C:\Windows\SYSTEM32\CRYPTSP.dll
0x00007ffc300a0000 - 0x00007ffc300d4000 	C:\Windows\system32\rsaenh.dll
0x00007ffc31960000 - 0x00007ffc31987000 	C:\Windows\System32\bcrypt.dll
0x00007ffc30fe0000 - 0x00007ffc3100e000 	C:\Windows\SYSTEM32\USERENV.dll
0x00007ffc308f0000 - 0x00007ffc308fc000 	C:\Windows\SYSTEM32\CRYPTBASE.dll
0x00007ffc30470000 - 0x00007ffc304ac000 	C:\Windows\SYSTEM32\IPHLPAPI.DLL
0x00007ffc32af0000 - 0x00007ffc32af8000 	C:\Windows\System32\NSI.dll
0x00007ffc27fd0000 - 0x00007ffc27fe7000 	C:\Windows\SYSTEM32\dhcpcsvc6.DLL
0x00007ffc2aa20000 - 0x00007ffc2aa3d000 	C:\Windows\SYSTEM32\dhcpcsvc.DLL
0x00007ffc304b0000 - 0x00007ffc3057b000 	C:\Windows\SYSTEM32\DNSAPI.dll

dbghelp: loaded successfully - version: 4.0.5 - missing functions: none
symbol engine: initialized successfully - sym options: 0x614 - pdb path: .;C:\Program Files\Java\jdk-11\bin;C:\Windows\SYSTEM32;C:\Windows\WinSxS\amd64_microsoft.windows.common-controls_6595b64144ccf1df_6.0.19041.1110_none_60b5254171f9507e;C:\Program Files\Java\jdk-11\bin\server;C:\Users\User\.gradle\native\e1d6ef7f7dcc3fd88c89a11ec53ec762bb8ba0a96d01ffa2cd45eb1d1d8dd5c5\windows-amd64;C:\Users\User\.gradle\native\0d407fdbe67a94daf76414ababcb853783967236a71b16ec16e742cd7a986fd3\windows-amd64

VM Arguments:
jvm_args: -XX:MaxMetaspaceSize=512m --add-opens=java.base/java.util=ALL-UNNAMED --add-opens=java.base/java.lang=ALL-UNNAMED --add-opens=java.base/java.lang.invoke=ALL-UNNAMED --add-opens=java.base/java.util=ALL-UNNAMED --add-opens=java.prefs/java.util.prefs=ALL-UNNAMED --add-opens=java.prefs/java.util.prefs=ALL-UNNAMED --add-opens=java.base/java.nio.charset=ALL-UNNAMED --add-opens=java.base/java.net=ALL-UNNAMED --add-opens=java.base/java.util.concurrent.atomic=ALL-UNNAMED -Xmx2048m -Dfile.encoding=windows-1252 -Duser.country=US -Duser.language=en -Duser.variant 
java_command: org.gradle.launcher.daemon.bootstrap.GradleDaemon 7.5.1
java_class_path (initial): C:\Users\User\.gradle\wrapper\dists\gradle-7.5.1-all\1ehga6e77gqps5uk2kc5kf1vc\gradle-7.5.1\lib\gradle-launcher-7.5.1.jar
Launcher Type: SUN_STANDARD

[Global flags]
     intx CICompilerCount                          = 3                                         {product} {ergonomic}
   size_t CompressedClassSpaceSize                 = 528482304                                 {product} {ergonomic}
     uint ConcGCThreads                            = 1                                         {product} {ergonomic}
     uint G1ConcRefinementThreads                  = 4                                         {product} {ergonomic}
   size_t G1HeapRegionSize                         = 1048576                                   {product} {ergonomic}
    uintx GCDrainStackTargetSize                   = 64                                        {product} {ergonomic}
   size_t InitialHeapSize                          = 58720256                                  {product} {ergonomic}
   size_t MarkStackSize                            = 4194304                                   {product} {ergonomic}
   size_t MaxHeapSize                              = 2147483648                                {product} {command line}
   size_t MaxMetaspaceSize                         = 536870912                                 {product} {command line}
   size_t MaxNewSize                               = 1287651328                                {product} {ergonomic}
   size_t MinHeapDeltaBytes                        = 1048576                                   {product} {ergonomic}
    uintx NonNMethodCodeHeapSize                   = 5830732                                {pd product} {ergonomic}
    uintx NonProfiledCodeHeapSize                  = 122913754                              {pd product} {ergonomic}
    uintx ProfiledCodeHeapSize                     = 122913754                              {pd product} {ergonomic}
    uintx ReservedCodeCacheSize                    = 251658240                              {pd product} {ergonomic}
     bool SegmentedCodeCache                       = true                                      {product} {ergonomic}
     bool UseCompressedClassPointers               = true                                 {lp64_product} {ergonomic}
     bool UseCompressedOops                        = true                                 {lp64_product} {ergonomic}
     bool UseG1GC                                  = true                                      {product} {ergonomic}
     bool UseLargePagesIndividualAllocation        = false                                  {pd product} {ergonomic}

Logging:
Log output configuration:
 #0: stdout all=warning uptime,level,tags
 #1: stderr all=off uptime,level,tags

Environment Variables:
CLASSPATH=C:\Users\User\ProjectMobileDevelopment\android\\gradle\wrapper\gradle-wrapper.jar
PATH=C:\Users\User\ProjectMobileDevelopment\android\node_modules\.bin;C:\Users\User\ProjectMobileDevelopment\node_modules\.bin;C:\Users\User\node_modules\.bin;C:\Users\node_modules\.bin;C:\node_modules\.bin;C:\Program Files\nodejs;C:\Users\User\ProjectMobileDevelopment\node_modules\.bin;C:\Users\User\ProjectMobileDevelopment\node_modules\.bin;C:\Users\User\node_modules\.bin;C:\Users\node_modules\.bin;C:\node_modules\.bin;C:\Program Files\nodejs\node_modules\npm\node_modules\@npmcli\run-script\lib\node-gyp-bin;C:\Program Files\Common Files\Oracle\Java\javapath;C:\Windows\system32;C:\Windows;C:\Windows\System32\Wbem;C:\Windows\System32\WindowsPowerShell\v1.0\;C:\Windows\System32\OpenSSH\;C:\Program Files\Microsoft SQL Server\150\Tools\Binn\;C:\Program Files\Git\cmd;C:\Program Files\nodejs\;C:\Users\User\AppData\Local\Android\Sdk\platform-tools;C:\Users\User\AppData\Local\Microsoft\WindowsApps;C:\Users\User\AppData\Local\Programs\Microsoft VS Code\bin;C:\Users\User\AppData\Roaming\npm;C:\Users\User\AppData\Local\Android\Sdk\platform-tools;
USERNAME=User
OS=Windows_NT
PROCESSOR_IDENTIFIER=AMD64 Family 23 Model 24 Stepping 1, AuthenticAMD



---------------  S Y S T E M  ---------------

OS: Windows 10 , 64 bit Build 19041 (10.0.19041.2788)
Hyper-V role detected

CPU:total 4 (initial active 4) (4 cores per cpu, 2 threads per core) family 23 model 24 stepping 1 microcode 0x0, cmov, cx8, fxsr, mmx, sse, sse2, sse3, ssse3, sse4.1, sse4.2, popcnt, avx, avx2, aes, clmul, mmxext, 3dnowpref, lzcnt, sse4a, ht, tsc, tscinvbit, tscinv, bmi1, bmi2, adx, s

Memory: 4k page, system-wide physical 3460M (228M free)
TotalPageFile size 14212M (AvailPageFile size 22M)
current process WorkingSet (physical memory assigned to process): 314M, peak: 318M
current process commit charge ("private bytes"): 442M, peak: 475M

vm_info: Java HotSpot(TM) 64-Bit Server VM (11.0.18+9-LTS-195) for windows-amd64 JRE (11.0.18+9-LTS-195), built on Dec  6 2022 15:50:58 by "mach5one" with MS VC++ 17.1 (VS2022)

END.
