#
# There is insufficient memory for the Java Runtime Environment to continue.
# Native memory allocation (malloc) failed to allocate 1117296 bytes for Chunk::new
# Possible reasons:
#   The system is out of physical RAM or swap space
#   The process is running with CompressedOops enabled, and the Java Heap may be blocking the growth of the native heap
# Possible solutions:
#   Reduce memory load on the system
#   Increase physical memory or swap space
#   Check if swap backing store is full
#   Decrease Java heap size (-Xmx/-Xms)
#   Decrease number of Java threads
#   Decrease Java thread stack sizes (-Xss)
#   Set larger code cache with -XX:ReservedCodeCacheSize=
#   JVM is running with Unscaled Compressed Oops mode in which the Java heap is
#     placed in the first 4GB address space. The Java Heap base address is the
#     maximum limit for the native heap growth. Please use -XX:HeapBaseMinAddress
#     to set the Java Heap base and to place the Java Heap above 4GB virtual address.
# This output file may be truncated or incomplete.
#
#  Out of Memory Error (./open/src/hotspot/share/memory/arena.cpp:197), pid=5572, tid=8396
#
# JRE version: Java(TM) SE Runtime Environment 18.9 (11.0.18+9) (build 11.0.18+9-LTS-195)
# Java VM: Java HotSpot(TM) 64-Bit Server VM 18.9 (11.0.18+9-LTS-195, mixed mode, tiered, compressed oops, g1 gc, windows-amd64)
# No core dump will be written. Minidumps are not enabled by default on client versions of Windows
#

---------------  S U M M A R Y ------------

Command Line: -XX:MaxMetaspaceSize=512m --add-opens=java.base/java.util=ALL-UNNAMED --add-opens=java.base/java.lang=ALL-UNNAMED --add-opens=java.base/java.lang.invoke=ALL-UNNAMED --add-opens=java.base/java.util=ALL-UNNAMED --add-opens=java.prefs/java.util.prefs=ALL-UNNAMED --add-opens=java.prefs/java.util.prefs=ALL-UNNAMED --add-opens=java.base/java.nio.charset=ALL-UNNAMED --add-opens=java.base/java.net=ALL-UNNAMED --add-opens=java.base/java.util.concurrent.atomic=ALL-UNNAMED -Xmx2048m -Dfile.encoding=windows-1252 -Duser.country=US -Duser.language=en -Duser.variant org.gradle.launcher.daemon.bootstrap.GradleDaemon 7.5.1

Host: AMD Ryzen 3 3250U with Radeon Graphics         , 4 cores, 3G,  Windows 10 , 64 bit Build 19041 (10.0.19041.2788)
Time: Tue Apr 25 00:23:36 2023 Malay Peninsula Standard Time elapsed time: 241.324259 seconds (0d 0h 4m 1s)

---------------  T H R E A D  ---------------

Current thread (0x000001d57ec2d000):  JavaThread "C2 CompilerThread0" daemon [_thread_in_native, id=8396, stack(0x0000006bfa300000,0x0000006bfa400000)]


Current CompileTask:
C2: 241325 16748       4       org.gradle.cache.internal.btree.FreeListBlockStore::read (12 bytes)

Stack: [0x0000006bfa300000,0x0000006bfa400000]
Native frames: (J=compiled Java code, j=interpreted, Vv=VM code, C=native code)
V  [jvm.dll+0x65d8aa]
V  [jvm.dll+0x79fc1f]
V  [jvm.dll+0x7a12e9]
V  [jvm.dll+0x7a1983]
V  [jvm.dll+0x2585b5]
V  [jvm.dll+0xb284c]
V  [jvm.dll+0xb2e0c]
V  [jvm.dll+0x365ddf]
V  [jvm.dll+0x32eb15]
V  [jvm.dll+0x32defa]
V  [jvm.dll+0x2113ad]
V  [jvm.dll+0x210378]
V  [jvm.dll+0x18c641]
V  [jvm.dll+0x220609]
V  [jvm.dll+0x21e92c]
V  [jvm.dll+0x763f61]
V  [jvm.dll+0x75c924]
V  [jvm.dll+0x65c755]
C  [ucrtbase.dll+0x21bb2]
C  [KERNEL32.DLL+0x17604]
C  [ntdll.dll+0x526a1]


---------------  P R O C E S S  ---------------

Threads class SMR info:
_java_thread_list=0x000001d516452960, length=89, elements={
0x000001d56fc71000, 0x000001d57ebc6000, 0x000001d57ebc7000, 0x000001d57ebe1800,
0x000001d57ebe3800, 0x000001d57ec2a000, 0x000001d57ec2d000, 0x000001d57ec2e800,
0x000001d57ec2f800, 0x000001d57ee95800, 0x000001d510210800, 0x000001d50fb1f800,
0x000001d50fa96800, 0x000001d50fd42800, 0x000001d50fd43800, 0x000001d510032800,
0x000001d510033800, 0x000001d57f1b1000, 0x000001d50faf1000, 0x000001d50f5e9800,
0x000001d50f5eb000, 0x000001d50f5ec000, 0x000001d50f5e8000, 0x000001d50f5e6800,
0x000001d50f5ea800, 0x000001d50f5e8800, 0x000001d50f5ed000, 0x000001d50f5e7000,
0x000001d510435800, 0x000001d510436000, 0x000001d510433000, 0x000001d510434800,
0x000001d510437000, 0x000001d510431800, 0x000001d51043b000, 0x000001d51043c800,
0x000001d510438000, 0x000001d510439800, 0x000001d51043d800, 0x000001d51043c000,
0x000001d51043e800, 0x000001d510438800, 0x000001d51043f000, 0x000001d510440000,
0x000001d50f431000, 0x000001d50f42f800, 0x000001d50f430800, 0x000001d50f42e000,
0x000001d50f42c800, 0x000001d50f432000, 0x000001d50f433000, 0x000001d50f42d000,
0x000001d50f433800, 0x000001d50f434800, 0x000001d50f42e800, 0x000001d50f438800,
0x000001d50f437000, 0x000001d50f439800, 0x000001d50f437800, 0x000001d50f43a000,
0x000001d50f435800, 0x000001d50f43b000, 0x000001d50f436000, 0x000001d57ee14800,
0x000001d57ee12000, 0x000001d57ee15800, 0x000001d57ee10800, 0x000001d57ee11800,
0x000001d57ee10000, 0x000001d57ee16800, 0x000001d57ee17000, 0x000001d57ee14000,
0x000001d57ee19000, 0x000001d57ee13000, 0x000001d57ee1a800, 0x000001d57ee1c000,
0x000001d57ee1b000, 0x000001d57ee1d000, 0x000001d57ee1e800, 0x000001d57ee1d800,
0x000001d50f25a800, 0x000001d50f257800, 0x000001d50f258000, 0x000001d50f259000,
0x000001d50f255000, 0x000001d50f25a000, 0x000001d50f25b800, 0x000001d50f256800,
0x000001d50f255800
}

Java Threads: ( => current thread )
  0x000001d56fc71000 JavaThread "main" [_thread_blocked, id=13268, stack(0x0000006bf9700000,0x0000006bf9800000)]
  0x000001d57ebc6000 JavaThread "Reference Handler" daemon [_thread_blocked, id=5884, stack(0x0000006bf9e00000,0x0000006bf9f00000)]
  0x000001d57ebc7000 JavaThread "Finalizer" daemon [_thread_blocked, id=7232, stack(0x0000006bf9f00000,0x0000006bfa000000)]
  0x000001d57ebe1800 JavaThread "Signal Dispatcher" daemon [_thread_blocked, id=1820, stack(0x0000006bfa000000,0x0000006bfa100000)]
  0x000001d57ebe3800 JavaThread "Attach Listener" daemon [_thread_blocked, id=10840, stack(0x0000006bfa100000,0x0000006bfa200000)]
  0x000001d57ec2a000 JavaThread "Service Thread" daemon [_thread_blocked, id=7464, stack(0x0000006bfa200000,0x0000006bfa300000)]
=>0x000001d57ec2d000 JavaThread "C2 CompilerThread0" daemon [_thread_in_native, id=8396, stack(0x0000006bfa300000,0x0000006bfa400000)]
  0x000001d57ec2e800 JavaThread "C1 CompilerThread0" daemon [_thread_blocked, id=3232, stack(0x0000006bfa400000,0x0000006bfa500000)]
  0x000001d57ec2f800 JavaThread "Sweeper thread" daemon [_thread_blocked, id=14124, stack(0x0000006bfa500000,0x0000006bfa600000)]
  0x000001d57ee95800 JavaThread "Common-Cleaner" daemon [_thread_blocked, id=11084, stack(0x0000006bfa600000,0x0000006bfa700000)]
  0x000001d510210800 JavaThread "Daemon health stats" [_thread_blocked, id=4576, stack(0x0000006bfa900000,0x0000006bfaa00000)]
  0x000001d50fb1f800 JavaThread "Incoming local TCP Connector on port 55642" [_thread_in_native, id=380, stack(0x0000006bfaa00000,0x0000006bfab00000)]
  0x000001d50fa96800 JavaThread "Daemon periodic checks" [_thread_blocked, id=6544, stack(0x0000006bfab00000,0x0000006bfac00000)]
  0x000001d50fd42800 JavaThread "Daemon" [_thread_blocked, id=4912, stack(0x0000006bfac00000,0x0000006bfad00000)]
  0x000001d50fd43800 JavaThread "Handler for socket connection from /127.0.0.1:55642 to /127.0.0.1:55643" [_thread_in_native, id=5552, stack(0x0000006bfad00000,0x0000006bfae00000)]
  0x000001d510032800 JavaThread "Cancel handler" [_thread_blocked, id=6428, stack(0x0000006bfae00000,0x0000006bfaf00000)]
  0x000001d510033800 JavaThread "Daemon worker" [_thread_blocked, id=12904, stack(0x0000006bfaf00000,0x0000006bfb000000)]
  0x000001d57f1b1000 JavaThread "Asynchronous log dispatcher for DefaultDaemonConnection: socket connection from /127.0.0.1:55642 to /127.0.0.1:55643" [_thread_blocked, id=15204, stack(0x0000006bfb000000,0x0000006bfb100000)]
  0x000001d50faf1000 JavaThread "Stdin handler" [_thread_blocked, id=1376, stack(0x0000006bfb100000,0x0000006bfb200000)]
  0x000001d50f5e9800 JavaThread "Daemon client event forwarder" [_thread_blocked, id=3808, stack(0x0000006bfb200000,0x0000006bfb300000)]
  0x000001d50f5eb000 JavaThread "Cache worker for journal cache (C:\Users\User\.gradle\caches\journal-1)" [_thread_blocked, id=8960, stack(0x0000006bfb500000,0x0000006bfb600000)]
  0x000001d50f5ec000 JavaThread "File lock request listener" [_thread_in_native, id=6192, stack(0x0000006bfb600000,0x0000006bfb700000)]
  0x000001d50f5e8000 JavaThread "Cache worker for file hash cache (C:\Users\User\.gradle\caches\7.5.1\fileHashes)" [_thread_blocked, id=8148, stack(0x0000006bfb700000,0x0000006bfb800000)]
  0x000001d50f5e6800 JavaThread "File watcher server" daemon [_thread_in_native, id=11300, stack(0x0000006bfb800000,0x0000006bfb900000)]
  0x000001d50f5ea800 JavaThread "File watcher consumer" daemon [_thread_blocked, id=5048, stack(0x0000006bfb900000,0x0000006bfba00000)]
  0x000001d50f5e8800 JavaThread "Cache worker for checksums cache (C:\Users\User\ProjectMobileDevelopment\android\.gradle\7.5.1\checksums)" [_thread_blocked, id=12220, stack(0x0000006bfba00000,0x0000006bfbb00000)]
  0x000001d50f5ed000 JavaThread "Cache worker for cache directory md-rule (C:\Users\User\.gradle\caches\7.5.1\md-rule)" [_thread_blocked, id=7804, stack(0x0000006bfbb00000,0x0000006bfbc00000)]
  0x000001d50f5e7000 JavaThread "Cache worker for file content cache (C:\Users\User\.gradle\caches\7.5.1\fileContent)" [_thread_blocked, id=5688, stack(0x0000006bfbc00000,0x0000006bfbd00000)]
  0x000001d510435800 JavaThread "Cache worker for file hash cache (C:\Users\User\ProjectMobileDevelopment\android\.gradle\7.5.1\fileHashes)" [_thread_blocked, id=2172, stack(0x0000006bfbd00000,0x0000006bfbe00000)]
  0x000001d510436000 JavaThread "Cache worker for cache directory md-supplier (C:\Users\User\.gradle\caches\7.5.1\md-supplier)" [_thread_blocked, id=1464, stack(0x0000006bfbe00000,0x0000006bfbf00000)]
  0x000001d510433000 JavaThread "Cache worker for execution history cache (C:\Users\User\.gradle\caches\7.5.1\executionHistory)" [_thread_blocked, id=12684, stack(0x0000006bfbf00000,0x0000006bfc000000)]
  0x000001d510434800 JavaThread "jar transforms" [_thread_blocked, id=13612, stack(0x0000006bfc000000,0x0000006bfc100000)]
  0x000001d510437000 JavaThread "jar transforms Thread 2" [_thread_blocked, id=10328, stack(0x0000006bfc100000,0x0000006bfc200000)]
  0x000001d510431800 JavaThread "jar transforms Thread 3" [_thread_blocked, id=10708, stack(0x0000006bfc200000,0x0000006bfc300000)]
  0x000001d51043b000 JavaThread "jar transforms Thread 4" [_thread_blocked, id=11172, stack(0x0000006bfc300000,0x0000006bfc400000)]
  0x000001d51043c800 JavaThread "Cache worker for kotlin-dsl (C:\Users\User\.gradle\caches\7.5.1\kotlin-dsl)" [_thread_blocked, id=12668, stack(0x0000006bf9500000,0x0000006bf9600000)]
  0x000001d510438000 JavaThread "Cache worker for dependencies-accessors (C:\Users\User\ProjectMobileDevelopment\android\.gradle\7.5.1\dependencies-accessors)" [_thread_blocked, id=8256, stack(0x0000006bf9600000,0x0000006bf9700000)]
  0x000001d510439800 JavaThread "Cache worker for Build Output Cleanup Cache (C:\Users\User\ProjectMobileDevelopment\node_modules\react-native-gradle-plugin\.gradle\buildOutputCleanup)" [_thread_blocked, id=13616, stack(0x0000006bfc600000,0x0000006bfc700000)]
  0x000001d51043d800 JavaThread "Unconstrained build operations" [_thread_blocked, id=7752, stack(0x0000006bfc700000,0x0000006bfc800000)]
  0x000001d51043c000 JavaThread "Unconstrained build operations Thread 2" [_thread_blocked, id=15328, stack(0x0000006bfc800000,0x0000006bfc900000)]
  0x000001d51043e800 JavaThread "Unconstrained build operations Thread 3" [_thread_blocked, id=9376, stack(0x0000006bfc900000,0x0000006bfca00000)]
  0x000001d510438800 JavaThread "Unconstrained build operations Thread 4" [_thread_blocked, id=11260, stack(0x0000006bfca00000,0x0000006bfcb00000)]
  0x000001d51043f000 JavaThread "Unconstrained build operations Thread 5" [_thread_blocked, id=7836, stack(0x0000006bfcb00000,0x0000006bfcc00000)]
  0x000001d510440000 JavaThread "Unconstrained build operations Thread 6" [_thread_blocked, id=14100, stack(0x0000006bfcc00000,0x0000006bfcd00000)]
  0x000001d50f431000 JavaThread "Unconstrained build operations Thread 7" [_thread_blocked, id=5280, stack(0x0000006bfcd00000,0x0000006bfce00000)]
  0x000001d50f42f800 JavaThread "Unconstrained build operations Thread 8" [_thread_blocked, id=9420, stack(0x0000006bfce00000,0x0000006bfcf00000)]
  0x000001d50f430800 JavaThread "Unconstrained build operations Thread 9" [_thread_blocked, id=14936, stack(0x0000006bfcf00000,0x0000006bfd000000)]
  0x000001d50f42e000 JavaThread "Unconstrained build operations Thread 10" [_thread_blocked, id=8416, stack(0x0000006bfd000000,0x0000006bfd100000)]
  0x000001d50f42c800 JavaThread "Unconstrained build operations Thread 11" [_thread_blocked, id=7872, stack(0x0000006bfd100000,0x0000006bfd200000)]
  0x000001d50f432000 JavaThread "Unconstrained build operations Thread 12" [_thread_blocked, id=10496, stack(0x0000006bfd200000,0x0000006bfd300000)]
  0x000001d50f433000 JavaThread "Unconstrained build operations Thread 13" [_thread_blocked, id=10804, stack(0x0000006bfd300000,0x0000006bfd400000)]
  0x000001d50f42d000 JavaThread "Unconstrained build operations Thread 14" [_thread_blocked, id=3600, stack(0x0000006bfd400000,0x0000006bfd500000)]
  0x000001d50f433800 JavaThread "Unconstrained build operations Thread 15" [_thread_blocked, id=8700, stack(0x0000006bfd500000,0x0000006bfd600000)]
  0x000001d50f434800 JavaThread "Unconstrained build operations Thread 16" [_thread_blocked, id=9776, stack(0x0000006bfd600000,0x0000006bfd700000)]
  0x000001d50f42e800 JavaThread "Unconstrained build operations Thread 17" [_thread_blocked, id=10760, stack(0x0000006bfd700000,0x0000006bfd800000)]
  0x000001d50f438800 JavaThread "Unconstrained build operations Thread 18" [_thread_blocked, id=13792, stack(0x0000006bfd800000,0x0000006bfd900000)]
  0x000001d50f437000 JavaThread "Unconstrained build operations Thread 19" [_thread_blocked, id=6004, stack(0x0000006bfd900000,0x0000006bfda00000)]
  0x000001d50f439800 JavaThread "Unconstrained build operations Thread 20" [_thread_blocked, id=4452, stack(0x0000006bfda00000,0x0000006bfdb00000)]
  0x000001d50f437800 JavaThread "Unconstrained build operations Thread 21" [_thread_blocked, id=4264, stack(0x0000006bfdb00000,0x0000006bfdc00000)]
  0x000001d50f43a000 JavaThread "Unconstrained build operations Thread 22" [_thread_blocked, id=5352, stack(0x0000006bfdc00000,0x0000006bfdd00000)]
  0x000001d50f435800 JavaThread "Unconstrained build operations Thread 23" [_thread_blocked, id=12768, stack(0x0000006bfdd00000,0x0000006bfde00000)]
  0x000001d50f43b000 JavaThread "Unconstrained build operations Thread 24" [_thread_blocked, id=3504, stack(0x0000006bfde00000,0x0000006bfdf00000)]
  0x000001d50f436000 JavaThread "Unconstrained build operations Thread 25" [_thread_blocked, id=4168, stack(0x0000006bfdf00000,0x0000006bfe000000)]
  0x000001d57ee14800 JavaThread "Unconstrained build operations Thread 26" [_thread_blocked, id=8672, stack(0x0000006bfe000000,0x0000006bfe100000)]
  0x000001d57ee12000 JavaThread "Unconstrained build operations Thread 27" [_thread_blocked, id=5440, stack(0x0000006bfe100000,0x0000006bfe200000)]
  0x000001d57ee15800 JavaThread "Unconstrained build operations Thread 28" [_thread_blocked, id=12440, stack(0x0000006bfe200000,0x0000006bfe300000)]
  0x000001d57ee10800 JavaThread "Unconstrained build operations Thread 29" [_thread_blocked, id=12012, stack(0x0000006bfe300000,0x0000006bfe400000)]
  0x000001d57ee11800 JavaThread "Unconstrained build operations Thread 30" [_thread_blocked, id=10264, stack(0x0000006bfe400000,0x0000006bfe500000)]
  0x000001d57ee10000 JavaThread "Unconstrained build operations Thread 31" [_thread_blocked, id=6860, stack(0x0000006bfe500000,0x0000006bfe600000)]
  0x000001d57ee16800 JavaThread "Unconstrained build operations Thread 32" [_thread_blocked, id=14248, stack(0x0000006bfe600000,0x0000006bfe700000)]
  0x000001d57ee17000 JavaThread "Unconstrained build operations Thread 33" [_thread_in_Java, id=5180, stack(0x0000006bfe700000,0x0000006bfe800000)]
  0x000001d57ee14000 JavaThread "build event listener" [_thread_blocked, id=14004, stack(0x0000006bfe800000,0x0000006bfe900000)]
  0x000001d57ee19000 JavaThread "Memory manager" [_thread_blocked, id=11276, stack(0x0000006bfe900000,0x0000006bfea00000)]
  0x000001d57ee13000 JavaThread "Cache worker for Build Output Cleanup Cache (C:\Users\User\ProjectMobileDevelopment\android\.gradle\buildOutputCleanup)" [_thread_blocked, id=11976, stack(0x0000006bfea00000,0x0000006bfeb00000)]
  0x000001d57ee1a800 JavaThread "Execution worker" [_thread_blocked, id=9476, stack(0x0000006bfec00000,0x0000006bfed00000)]
  0x000001d57ee1c000 JavaThread "Execution worker Thread 2" [_thread_blocked, id=9016, stack(0x0000006bfed00000,0x0000006bfee00000)]
  0x000001d57ee1b000 JavaThread "Execution worker Thread 3" [_thread_blocked, id=7152, stack(0x0000006bfee00000,0x0000006bfef00000)]
  0x000001d57ee1d000 JavaThread "Cache worker for execution history cache (C:\Users\User\ProjectMobileDevelopment\node_modules\react-native-gradle-plugin\.gradle\7.5.1\executionHistory)" [_thread_blocked, id=1056, stack(0x0000006bfef00000,0x0000006bff000000)]
  0x000001d57ee1e800 JavaThread "Unconstrained build operations Thread 34" [_thread_blocked, id=7468, stack(0x0000006bff000000,0x0000006bff100000)]
  0x000001d57ee1d800 JavaThread "Unconstrained build operations Thread 35" [_thread_blocked, id=6768, stack(0x0000006bff100000,0x0000006bff200000)]
  0x000001d50f25a800 JavaThread "Unconstrained build operations Thread 36" [_thread_blocked, id=6472, stack(0x0000006bff200000,0x0000006bff300000)]
  0x000001d50f257800 JavaThread "Unconstrained build operations Thread 37" [_thread_blocked, id=8216, stack(0x0000006bff300000,0x0000006bff400000)]
  0x000001d50f258000 JavaThread "Unconstrained build operations Thread 38" [_thread_blocked, id=10704, stack(0x0000006bff400000,0x0000006bff500000)]
  0x000001d50f259000 JavaThread "Unconstrained build operations Thread 39" [_thread_blocked, id=3924, stack(0x0000006bff500000,0x0000006bff600000)]
  0x000001d50f255000 JavaThread "Unconstrained build operations Thread 40" [_thread_blocked, id=14324, stack(0x0000006bff600000,0x0000006bff700000)]
  0x000001d50f25a000 JavaThread "pool-3-thread-1" [_thread_blocked, id=4336, stack(0x0000006bf9400000,0x0000006bf9500000)]
  0x000001d50f25b800 JavaThread "build event listener" [_thread_blocked, id=1352, stack(0x0000006bfc400000,0x0000006bfc500000)]
  0x000001d50f256800 JavaThread "included builds Thread 2" [_thread_in_Java, id=7968, stack(0x0000006bfc500000,0x0000006bfc600000)]
  0x000001d50f255800 JavaThread "Cache worker for execution history cache (C:\Users\User\ProjectMobileDevelopment\android\.gradle\7.5.1\executionHistory)" [_thread_blocked, id=6328, stack(0x0000006bfeb00000,0x0000006bfec00000)]

Other Threads:
  0x000001d57ebbf000 VMThread "VM Thread" [stack: 0x0000006bf9d00000,0x0000006bf9e00000] [id=10932]
  0x000001d57eed6800 WatcherThread [stack: 0x0000006bfa700000,0x0000006bfa800000] [id=8520]
  0x000001d56fc87000 GCTaskThread "GC Thread#0" [stack: 0x0000006bf9800000,0x0000006bf9900000] [id=7576]
  0x000001d57f420000 GCTaskThread "GC Thread#1" [stack: 0x0000006bfa800000,0x0000006bfa900000] [id=10480]
  0x000001d50ff04000 GCTaskThread "GC Thread#2" [stack: 0x0000006bfb300000,0x0000006bfb400000] [id=8352]
  0x000001d57f0ea000 GCTaskThread "GC Thread#3" [stack: 0x0000006bfb400000,0x0000006bfb500000] [id=8752]
  0x000001d56fcb7800 ConcurrentGCThread "G1 Main Marker" [stack: 0x0000006bf9900000,0x0000006bf9a00000] [id=1276]
  0x000001d56fcb8800 ConcurrentGCThread "G1 Conc#0" [stack: 0x0000006bf9a00000,0x0000006bf9b00000] [id=8500]
  0x000001d56fcfe000 ConcurrentGCThread "G1 Refine#0" [stack: 0x0000006bf9b00000,0x0000006bf9c00000] [id=11796]
  0x000001d56fcff000 ConcurrentGCThread "G1 Young RemSet Sampling" [stack: 0x0000006bf9c00000,0x0000006bf9d00000] [id=6432]

Threads with active compile tasks:
C2 CompilerThread0   241464 16748       4       org.gradle.cache.internal.btree.FreeListBlockStore::read (12 bytes)

VM state:not at safepoint (normal execution)

VM Mutex/Monitor currently owned by a thread: None

Heap address: 0x0000000080000000, size: 2048 MB, Compressed Oops mode: 32-bit
Narrow klass base: 0x0000000000000000, Narrow klass shift: 3
Compressed class space size: 528482304 Address: 0x0000000100000000

Heap:
 garbage-first heap   total 256000K, used 203939K [0x0000000080000000, 0x0000000100000000)
  region size 1024K, 6 young (6144K), 3 survivors (3072K)
 Metaspace       used 117650K, capacity 121567K, committed 121728K, reserved 622592K
  class space    used 15368K, capacity 16956K, committed 17024K, reserved 516096K
Heap Regions: E=young(eden), S=young(survivor), O=old, HS=humongous(starts), HC=humongous(continues), CS=collection set, F=free, A=archive, TAMS=top-at-mark-start (previous, next)
|   0|0x0000000080000000, 0x0000000080100000, 0x0000000080100000|100%|HS|  |TAMS 0x0000000080100000, 0x0000000080000000| Complete 
|   1|0x0000000080100000, 0x0000000080200000, 0x0000000080200000|100%|HC|  |TAMS 0x0000000080200000, 0x0000000080100000| Complete 
|   2|0x0000000080200000, 0x0000000080300000, 0x0000000080300000|100%|HC|  |TAMS 0x0000000080300000, 0x0000000080200000| Complete 
|   3|0x0000000080300000, 0x0000000080400000, 0x0000000080400000|100%| O|  |TAMS 0x0000000080400000, 0x0000000080300000| Untracked 
|   4|0x0000000080400000, 0x0000000080500000, 0x0000000080500000|100%| O|  |TAMS 0x0000000080500000, 0x0000000080400000| Untracked 
|   5|0x0000000080500000, 0x0000000080600000, 0x0000000080600000|100%| O|  |TAMS 0x0000000080600000, 0x0000000080500000| Untracked 
|   6|0x0000000080600000, 0x0000000080700000, 0x0000000080700000|100%| O|  |TAMS 0x0000000080700000, 0x0000000080600000| Untracked 
|   7|0x0000000080700000, 0x0000000080800000, 0x0000000080800000|100%| O|  |TAMS 0x0000000080800000, 0x0000000080700000| Untracked 
|   8|0x0000000080800000, 0x0000000080900000, 0x0000000080900000|100%| O|  |TAMS 0x0000000080900000, 0x0000000080800000| Untracked 
|   9|0x0000000080900000, 0x0000000080a00000, 0x0000000080a00000|100%| O|  |TAMS 0x0000000080a00000, 0x0000000080900000| Untracked 
|  10|0x0000000080a00000, 0x0000000080b00000, 0x0000000080b00000|100%| O|  |TAMS 0x0000000080b00000, 0x0000000080a00000| Untracked 
|  11|0x0000000080b00000, 0x0000000080c00000, 0x0000000080c00000|100%| O|  |TAMS 0x0000000080c00000, 0x0000000080b00000| Untracked 
|  12|0x0000000080c00000, 0x0000000080d00000, 0x0000000080d00000|100%| O|  |TAMS 0x0000000080d00000, 0x0000000080c00000| Untracked 
|  13|0x0000000080d00000, 0x0000000080e00000, 0x0000000080e00000|100%| O|  |TAMS 0x0000000080e00000, 0x0000000080d00000| Untracked 
|  14|0x0000000080e00000, 0x0000000080f00000, 0x0000000080f00000|100%| O|  |TAMS 0x0000000080f00000, 0x0000000080e00000| Untracked 
|  15|0x0000000080f00000, 0x0000000081000000, 0x0000000081000000|100%| O|  |TAMS 0x0000000081000000, 0x0000000080f00000| Untracked 
|  16|0x0000000081000000, 0x0000000081100000, 0x0000000081100000|100%| O|  |TAMS 0x0000000081100000, 0x0000000081000000| Untracked 
|  17|0x0000000081100000, 0x0000000081200000, 0x0000000081200000|100%| O|  |TAMS 0x0000000081200000, 0x0000000081100000| Untracked 
|  18|0x0000000081200000, 0x0000000081300000, 0x0000000081300000|100%| O|  |TAMS 0x0000000081300000, 0x0000000081200000| Untracked 
|  19|0x0000000081300000, 0x0000000081400000, 0x0000000081400000|100%| O|  |TAMS 0x0000000081400000, 0x0000000081300000| Untracked 
|  20|0x0000000081400000, 0x0000000081500000, 0x0000000081500000|100%| O|  |TAMS 0x0000000081500000, 0x0000000081400000| Untracked 
|  21|0x0000000081500000, 0x0000000081600000, 0x0000000081600000|100%| O|  |TAMS 0x0000000081600000, 0x0000000081500000| Untracked 
|  22|0x0000000081600000, 0x0000000081700000, 0x0000000081700000|100%| O|  |TAMS 0x0000000081700000, 0x0000000081600000| Untracked 
|  23|0x0000000081700000, 0x0000000081800000, 0x0000000081800000|100%| O|  |TAMS 0x0000000081800000, 0x0000000081700000| Untracked 
|  24|0x0000000081800000, 0x0000000081900000, 0x0000000081900000|100%| O|  |TAMS 0x0000000081900000, 0x0000000081800000| Untracked 
|  25|0x0000000081900000, 0x0000000081a00000, 0x0000000081a00000|100%| O|  |TAMS 0x0000000081a00000, 0x0000000081900000| Untracked 
|  26|0x0000000081a00000, 0x0000000081b00000, 0x0000000081b00000|100%| O|  |TAMS 0x0000000081b00000, 0x0000000081a00000| Untracked 
|  27|0x0000000081b00000, 0x0000000081c00000, 0x0000000081c00000|100%| O|  |TAMS 0x0000000081c00000, 0x0000000081b00000| Untracked 
|  28|0x0000000081c00000, 0x0000000081d00000, 0x0000000081d00000|100%| O|  |TAMS 0x0000000081d00000, 0x0000000081c00000| Untracked 
|  29|0x0000000081d00000, 0x0000000081e00000, 0x0000000081e00000|100%| O|  |TAMS 0x0000000081e00000, 0x0000000081d00000| Untracked 
|  30|0x0000000081e00000, 0x0000000081f00000, 0x0000000081f00000|100%| O|  |TAMS 0x0000000081f00000, 0x0000000081e00000| Untracked 
|  31|0x0000000081f00000, 0x0000000082000000, 0x0000000082000000|100%| O|  |TAMS 0x0000000082000000, 0x0000000081f00000| Untracked 
|  32|0x0000000082000000, 0x0000000082100000, 0x0000000082100000|100%| O|  |TAMS 0x0000000082100000, 0x0000000082000000| Untracked 
|  33|0x0000000082100000, 0x0000000082200000, 0x0000000082200000|100%|HS|  |TAMS 0x0000000082200000, 0x0000000082100000| Complete 
|  34|0x0000000082200000, 0x0000000082300000, 0x0000000082300000|100%| O|  |TAMS 0x0000000082300000, 0x0000000082200000| Untracked 
|  35|0x0000000082300000, 0x0000000082400000, 0x0000000082400000|100%|HS|  |TAMS 0x0000000082400000, 0x0000000082300000| Complete 
|  36|0x0000000082400000, 0x0000000082500000, 0x0000000082500000|100%|HC|  |TAMS 0x0000000082500000, 0x0000000082400000| Complete 
|  37|0x0000000082500000, 0x0000000082600000, 0x0000000082600000|100%|HC|  |TAMS 0x0000000082600000, 0x0000000082500000| Complete 
|  38|0x0000000082600000, 0x0000000082700000, 0x0000000082700000|100%| O|  |TAMS 0x0000000082700000, 0x0000000082600000| Untracked 
|  39|0x0000000082700000, 0x0000000082800000, 0x0000000082800000|100%| O|  |TAMS 0x0000000082800000, 0x0000000082700000| Untracked 
|  40|0x0000000082800000, 0x0000000082900000, 0x0000000082900000|100%| O|  |TAMS 0x0000000082900000, 0x0000000082800000| Untracked 
|  41|0x0000000082900000, 0x0000000082a00000, 0x0000000082a00000|100%| O|  |TAMS 0x0000000082a00000, 0x0000000082900000| Untracked 
|  42|0x0000000082a00000, 0x0000000082b00000, 0x0000000082b00000|100%| O|  |TAMS 0x0000000082b00000, 0x0000000082a00000| Untracked 
|  43|0x0000000082b00000, 0x0000000082c00000, 0x0000000082c00000|100%| O|  |TAMS 0x0000000082c00000, 0x0000000082b00000| Untracked 
|  44|0x0000000082c00000, 0x0000000082d00000, 0x0000000082d00000|100%| O|  |TAMS 0x0000000082d00000, 0x0000000082c00000| Untracked 
|  45|0x0000000082d00000, 0x0000000082e00000, 0x0000000082e00000|100%| O|  |TAMS 0x0000000082e00000, 0x0000000082d00000| Untracked 
|  46|0x0000000082e00000, 0x0000000082f00000, 0x0000000082f00000|100%| O|  |TAMS 0x0000000082f00000, 0x0000000082e00000| Untracked 
|  47|0x0000000082f00000, 0x0000000083000000, 0x0000000083000000|100%| O|  |TAMS 0x0000000083000000, 0x0000000082f00000| Untracked 
|  48|0x0000000083000000, 0x0000000083100000, 0x0000000083100000|100%| O|  |TAMS 0x0000000083100000, 0x0000000083000000| Untracked 
|  49|0x0000000083100000, 0x0000000083200000, 0x0000000083200000|100%| O|  |TAMS 0x0000000083200000, 0x0000000083100000| Untracked 
|  50|0x0000000083200000, 0x0000000083300000, 0x0000000083300000|100%| O|  |TAMS 0x0000000083300000, 0x0000000083200000| Untracked 
|  51|0x0000000083300000, 0x0000000083400000, 0x0000000083400000|100%| O|  |TAMS 0x0000000083400000, 0x0000000083300000| Untracked 
|  52|0x0000000083400000, 0x0000000083500000, 0x0000000083500000|100%| O|  |TAMS 0x0000000083500000, 0x0000000083400000| Untracked 
|  53|0x0000000083500000, 0x0000000083600000, 0x0000000083600000|100%|HS|  |TAMS 0x0000000083600000, 0x0000000083500000| Complete 
|  54|0x0000000083600000, 0x0000000083700000, 0x0000000083700000|100%|HS|  |TAMS 0x0000000083700000, 0x0000000083600000| Complete 
|  55|0x0000000083700000, 0x0000000083800000, 0x0000000083800000|100%| O|  |TAMS 0x0000000083800000, 0x0000000083700000| Untracked 
|  56|0x0000000083800000, 0x0000000083900000, 0x0000000083900000|100%| O|  |TAMS 0x0000000083900000, 0x0000000083800000| Untracked 
|  57|0x0000000083900000, 0x0000000083a00000, 0x0000000083a00000|100%| O|  |TAMS 0x0000000083a00000, 0x0000000083900000| Untracked 
|  58|0x0000000083a00000, 0x0000000083b00000, 0x0000000083b00000|100%| O|  |TAMS 0x0000000083b00000, 0x0000000083a00000| Untracked 
|  59|0x0000000083b00000, 0x0000000083c00000, 0x0000000083c00000|100%| O|  |TAMS 0x0000000083c00000, 0x0000000083b00000| Untracked 
|  60|0x0000000083c00000, 0x0000000083d00000, 0x0000000083d00000|100%| O|  |TAMS 0x0000000083d00000, 0x0000000083c00000| Untracked 
|  61|0x0000000083d00000, 0x0000000083e00000, 0x0000000083e00000|100%| O|  |TAMS 0x0000000083e00000, 0x0000000083d00000| Untracked 
|  62|0x0000000083e00000, 0x0000000083f00000, 0x0000000083f00000|100%|HS|  |TAMS 0x0000000083f00000, 0x0000000083e00000| Complete 
|  63|0x0000000083f00000, 0x0000000084000000, 0x0000000084000000|100%|HC|  |TAMS 0x0000000084000000, 0x0000000083f00000| Complete 
|  64|0x0000000084000000, 0x0000000084100000, 0x0000000084100000|100%| O|  |TAMS 0x0000000084100000, 0x0000000084000000| Untracked 
|  65|0x0000000084100000, 0x0000000084200000, 0x0000000084200000|100%| O|  |TAMS 0x0000000084200000, 0x0000000084100000| Untracked 
|  66|0x0000000084200000, 0x0000000084300000, 0x0000000084300000|100%| O|  |TAMS 0x0000000084300000, 0x0000000084200000| Untracked 
|  67|0x0000000084300000, 0x0000000084400000, 0x0000000084400000|100%| O|  |TAMS 0x0000000084400000, 0x0000000084300000| Untracked 
|  68|0x0000000084400000, 0x0000000084500000, 0x0000000084500000|100%| O|  |TAMS 0x0000000084500000, 0x0000000084400000| Untracked 
|  69|0x0000000084500000, 0x0000000084600000, 0x0000000084600000|100%| O|  |TAMS 0x0000000084600000, 0x0000000084500000| Untracked 
|  70|0x0000000084600000, 0x0000000084700000, 0x0000000084700000|100%| O|  |TAMS 0x0000000084700000, 0x0000000084600000| Untracked 
|  71|0x0000000084700000, 0x0000000084800000, 0x0000000084800000|100%| O|  |TAMS 0x0000000084800000, 0x0000000084700000| Untracked 
|  72|0x0000000084800000, 0x0000000084900000, 0x0000000084900000|100%| O|  |TAMS 0x0000000084900000, 0x0000000084800000| Untracked 
|  73|0x0000000084900000, 0x0000000084a00000, 0x0000000084a00000|100%| O|  |TAMS 0x0000000084a00000, 0x0000000084900000| Untracked 
|  74|0x0000000084a00000, 0x0000000084b00000, 0x0000000084b00000|100%| O|  |TAMS 0x0000000084b00000, 0x0000000084a00000| Untracked 
|  75|0x0000000084b00000, 0x0000000084c00000, 0x0000000084c00000|100%| O|  |TAMS 0x0000000084c00000, 0x0000000084b00000| Untracked 
|  76|0x0000000084c00000, 0x0000000084d00000, 0x0000000084d00000|100%| O|  |TAMS 0x0000000084d00000, 0x0000000084c00000| Untracked 
|  77|0x0000000084d00000, 0x0000000084e00000, 0x0000000084e00000|100%| O|  |TAMS 0x0000000084e00000, 0x0000000084d00000| Untracked 
|  78|0x0000000084e00000, 0x0000000084f00000, 0x0000000084f00000|100%| O|  |TAMS 0x0000000084f00000, 0x0000000084e00000| Untracked 
|  79|0x0000000084f00000, 0x0000000085000000, 0x0000000085000000|100%| O|  |TAMS 0x0000000085000000, 0x0000000084f00000| Untracked 
|  80|0x0000000085000000, 0x0000000085100000, 0x0000000085100000|100%| O|  |TAMS 0x0000000085100000, 0x0000000085000000| Untracked 
|  81|0x0000000085100000, 0x0000000085200000, 0x0000000085200000|100%| O|  |TAMS 0x0000000085200000, 0x0000000085100000| Untracked 
|  82|0x0000000085200000, 0x0000000085300000, 0x0000000085300000|100%| O|  |TAMS 0x0000000085300000, 0x0000000085200000| Untracked 
|  83|0x0000000085300000, 0x0000000085400000, 0x0000000085400000|100%| O|  |TAMS 0x0000000085400000, 0x0000000085300000| Untracked 
|  84|0x0000000085400000, 0x0000000085500000, 0x0000000085500000|100%|HS|  |TAMS 0x0000000085500000, 0x0000000085400000| Complete 
|  85|0x0000000085500000, 0x0000000085600000, 0x0000000085600000|100%|HS|  |TAMS 0x0000000085600000, 0x0000000085500000| Complete 
|  86|0x0000000085600000, 0x0000000085700000, 0x0000000085700000|100%| O|  |TAMS 0x0000000085700000, 0x0000000085600000| Untracked 
|  87|0x0000000085700000, 0x0000000085800000, 0x0000000085800000|100%| O|  |TAMS 0x0000000085800000, 0x0000000085700000| Untracked 
|  88|0x0000000085800000, 0x0000000085900000, 0x0000000085900000|100%| O|  |TAMS 0x0000000085900000, 0x0000000085800000| Untracked 
|  89|0x0000000085900000, 0x0000000085a00000, 0x0000000085a00000|100%| O|  |TAMS 0x0000000085a00000, 0x0000000085900000| Untracked 
|  90|0x0000000085a00000, 0x0000000085b00000, 0x0000000085b00000|100%|HS|  |TAMS 0x0000000085b00000, 0x0000000085a00000| Complete 
|  91|0x0000000085b00000, 0x0000000085c00000, 0x0000000085c00000|100%|HS|  |TAMS 0x0000000085c00000, 0x0000000085b00000| Complete 
|  92|0x0000000085c00000, 0x0000000085d00000, 0x0000000085d00000|100%|HC|  |TAMS 0x0000000085d00000, 0x0000000085c00000| Complete 
|  93|0x0000000085d00000, 0x0000000085e00000, 0x0000000085e00000|100%|HC|  |TAMS 0x0000000085e00000, 0x0000000085d00000| Complete 
|  94|0x0000000085e00000, 0x0000000085f00000, 0x0000000085f00000|100%| O|  |TAMS 0x0000000085f00000, 0x0000000085e00000| Untracked 
|  95|0x0000000085f00000, 0x0000000086000000, 0x0000000086000000|100%| O|  |TAMS 0x0000000086000000, 0x0000000085f00000| Untracked 
|  96|0x0000000086000000, 0x0000000086100000, 0x0000000086100000|100%| O|  |TAMS 0x0000000086100000, 0x0000000086000000| Untracked 
|  97|0x0000000086100000, 0x0000000086200000, 0x0000000086200000|100%| O|  |TAMS 0x0000000086200000, 0x0000000086100000| Untracked 
|  98|0x0000000086200000, 0x0000000086300000, 0x0000000086300000|100%| O|  |TAMS 0x0000000086300000, 0x0000000086200000| Untracked 
|  99|0x0000000086300000, 0x0000000086400000, 0x0000000086400000|100%| O|  |TAMS 0x0000000086400000, 0x0000000086300000| Untracked 
| 100|0x0000000086400000, 0x0000000086500000, 0x0000000086500000|100%| O|  |TAMS 0x0000000086500000, 0x0000000086400000| Untracked 
| 101|0x0000000086500000, 0x0000000086600000, 0x0000000086600000|100%| O|  |TAMS 0x0000000086600000, 0x0000000086500000| Untracked 
| 102|0x0000000086600000, 0x0000000086700000, 0x0000000086700000|100%| O|  |TAMS 0x0000000086700000, 0x0000000086600000| Untracked 
| 103|0x0000000086700000, 0x0000000086800000, 0x0000000086800000|100%| O|  |TAMS 0x0000000086800000, 0x0000000086700000| Untracked 
| 104|0x0000000086800000, 0x0000000086900000, 0x0000000086900000|100%| O|  |TAMS 0x0000000086900000, 0x0000000086800000| Untracked 
| 105|0x0000000086900000, 0x0000000086a00000, 0x0000000086a00000|100%| O|  |TAMS 0x0000000086a00000, 0x0000000086900000| Untracked 
| 106|0x0000000086a00000, 0x0000000086b00000, 0x0000000086b00000|100%| O|  |TAMS 0x0000000086b00000, 0x0000000086a00000| Untracked 
| 107|0x0000000086b00000, 0x0000000086c00000, 0x0000000086c00000|100%| O|  |TAMS 0x0000000086c00000, 0x0000000086b00000| Untracked 
| 108|0x0000000086c00000, 0x0000000086d00000, 0x0000000086d00000|100%| O|  |TAMS 0x0000000086d00000, 0x0000000086c00000| Untracked 
| 109|0x0000000086d00000, 0x0000000086e00000, 0x0000000086e00000|100%| O|  |TAMS 0x0000000086e00000, 0x0000000086d00000| Untracked 
| 110|0x0000000086e00000, 0x0000000086f00000, 0x0000000086f00000|100%| O|  |TAMS 0x0000000086f00000, 0x0000000086e00000| Untracked 
| 111|0x0000000086f00000, 0x0000000087000000, 0x0000000087000000|100%| O|  |TAMS 0x0000000087000000, 0x0000000086f00000| Untracked 
| 112|0x0000000087000000, 0x0000000087100000, 0x0000000087100000|100%| O|  |TAMS 0x0000000087100000, 0x0000000087000000| Untracked 
| 113|0x0000000087100000, 0x0000000087200000, 0x0000000087200000|100%| O|  |TAMS 0x0000000087200000, 0x0000000087100000| Untracked 
| 114|0x0000000087200000, 0x0000000087300000, 0x0000000087300000|100%| O|  |TAMS 0x0000000087300000, 0x0000000087200000| Untracked 
| 115|0x0000000087300000, 0x0000000087400000, 0x0000000087400000|100%| O|  |TAMS 0x0000000087400000, 0x0000000087300000| Untracked 
| 116|0x0000000087400000, 0x0000000087500000, 0x0000000087500000|100%| O|  |TAMS 0x0000000087500000, 0x0000000087400000| Untracked 
| 117|0x0000000087500000, 0x0000000087600000, 0x0000000087600000|100%| O|  |TAMS 0x0000000087600000, 0x0000000087500000| Untracked 
| 118|0x0000000087600000, 0x0000000087700000, 0x0000000087700000|100%| O|  |TAMS 0x0000000087700000, 0x0000000087600000| Untracked 
| 119|0x0000000087700000, 0x0000000087800000, 0x0000000087800000|100%| O|  |TAMS 0x0000000087800000, 0x0000000087700000| Untracked 
| 120|0x0000000087800000, 0x0000000087900000, 0x0000000087900000|100%| O|  |TAMS 0x0000000087900000, 0x0000000087800000| Untracked 
| 121|0x0000000087900000, 0x0000000087a00000, 0x0000000087a00000|100%| O|  |TAMS 0x0000000087a00000, 0x0000000087900000| Untracked 
| 122|0x0000000087a00000, 0x0000000087b00000, 0x0000000087b00000|100%| O|  |TAMS 0x0000000087b00000, 0x0000000087a00000| Untracked 
| 123|0x0000000087b00000, 0x0000000087c00000, 0x0000000087c00000|100%| O|  |TAMS 0x0000000087c00000, 0x0000000087b00000| Untracked 
| 124|0x0000000087c00000, 0x0000000087d00000, 0x0000000087d00000|100%| O|  |TAMS 0x0000000087d00000, 0x0000000087c00000| Untracked 
| 125|0x0000000087d00000, 0x0000000087e00000, 0x0000000087e00000|100%| O|  |TAMS 0x0000000087e00000, 0x0000000087d00000| Untracked 
| 126|0x0000000087e00000, 0x0000000087f00000, 0x0000000087f00000|100%| O|  |TAMS 0x0000000087f00000, 0x0000000087e00000| Untracked 
| 127|0x0000000087f00000, 0x0000000088000000, 0x0000000088000000|100%| O|  |TAMS 0x0000000088000000, 0x0000000087f00000| Untracked 
| 128|0x0000000088000000, 0x0000000088100000, 0x0000000088100000|100%| O|  |TAMS 0x0000000088100000, 0x0000000088000000| Untracked 
| 129|0x0000000088100000, 0x0000000088200000, 0x0000000088200000|100%| O|  |TAMS 0x0000000088200000, 0x0000000088100000| Untracked 
| 130|0x0000000088200000, 0x0000000088300000, 0x0000000088300000|100%| O|  |TAMS 0x0000000088300000, 0x0000000088200000| Untracked 
| 131|0x0000000088300000, 0x0000000088400000, 0x0000000088400000|100%| O|  |TAMS 0x0000000088400000, 0x0000000088300000| Untracked 
| 132|0x0000000088400000, 0x0000000088500000, 0x0000000088500000|100%|HS|  |TAMS 0x0000000088500000, 0x0000000088400000| Complete 
| 133|0x0000000088500000, 0x0000000088600000, 0x0000000088600000|100%|HS|  |TAMS 0x0000000088600000, 0x0000000088500000| Complete 
| 134|0x0000000088600000, 0x0000000088700000, 0x0000000088700000|100%|HC|  |TAMS 0x0000000088700000, 0x0000000088600000| Complete 
| 135|0x0000000088700000, 0x0000000088800000, 0x0000000088800000|100%|HC|  |TAMS 0x0000000088800000, 0x0000000088700000| Complete 
| 136|0x0000000088800000, 0x0000000088900000, 0x0000000088900000|100%| O|  |TAMS 0x0000000088900000, 0x0000000088800000| Untracked 
| 137|0x0000000088900000, 0x0000000088a00000, 0x0000000088a00000|100%| O|  |TAMS 0x0000000088a00000, 0x0000000088900000| Untracked 
| 138|0x0000000088a00000, 0x0000000088b00000, 0x0000000088b00000|100%| O|  |TAMS 0x0000000088b00000, 0x0000000088a00000| Untracked 
| 139|0x0000000088b00000, 0x0000000088c00000, 0x0000000088c00000|100%| O|  |TAMS 0x0000000088c00000, 0x0000000088b00000| Untracked 
| 140|0x0000000088c00000, 0x0000000088d00000, 0x0000000088d00000|100%| O|  |TAMS 0x0000000088d00000, 0x0000000088c00000| Untracked 
| 141|0x0000000088d00000, 0x0000000088e00000, 0x0000000088e00000|100%| O|  |TAMS 0x0000000088e00000, 0x0000000088d00000| Untracked 
| 142|0x0000000088e00000, 0x0000000088f00000, 0x0000000088f00000|100%|HS|  |TAMS 0x0000000088f00000, 0x0000000088e00000| Complete 
| 143|0x0000000088f00000, 0x0000000089000000, 0x0000000089000000|100%| O|  |TAMS 0x0000000089000000, 0x0000000088f00000| Untracked 
| 144|0x0000000089000000, 0x0000000089100000, 0x0000000089100000|100%| O|  |TAMS 0x0000000089100000, 0x0000000089000000| Untracked 
| 145|0x0000000089100000, 0x0000000089200000, 0x0000000089200000|100%| O|  |TAMS 0x0000000089200000, 0x0000000089100000| Untracked 
| 146|0x0000000089200000, 0x0000000089300000, 0x0000000089300000|100%| O|  |TAMS 0x0000000089300000, 0x0000000089200000| Untracked 
| 147|0x0000000089300000, 0x0000000089400000, 0x0000000089400000|100%| O|  |TAMS 0x0000000089400000, 0x0000000089300000| Untracked 
| 148|0x0000000089400000, 0x0000000089500000, 0x0000000089500000|100%| O|  |TAMS 0x0000000089500000, 0x0000000089400000| Untracked 
| 149|0x0000000089500000, 0x0000000089600000, 0x0000000089600000|100%| O|  |TAMS 0x0000000089600000, 0x0000000089500000| Untracked 
| 150|0x0000000089600000, 0x0000000089700000, 0x0000000089700000|100%| O|  |TAMS 0x0000000089700000, 0x0000000089600000| Untracked 
| 151|0x0000000089700000, 0x0000000089800000, 0x0000000089800000|100%| O|  |TAMS 0x0000000089800000, 0x0000000089700000| Untracked 
| 152|0x0000000089800000, 0x0000000089900000, 0x0000000089900000|100%| O|  |TAMS 0x0000000089900000, 0x0000000089800000| Untracked 
| 153|0x0000000089900000, 0x0000000089a00000, 0x0000000089a00000|100%| O|  |TAMS 0x0000000089a00000, 0x0000000089900000| Untracked 
| 154|0x0000000089a00000, 0x0000000089b00000, 0x0000000089b00000|100%| O|  |TAMS 0x0000000089b00000, 0x0000000089a00000| Untracked 
| 155|0x0000000089b00000, 0x0000000089c00000, 0x0000000089c00000|100%| O|  |TAMS 0x0000000089c00000, 0x0000000089b00000| Untracked 
| 156|0x0000000089c00000, 0x0000000089d00000, 0x0000000089d00000|100%| O|  |TAMS 0x0000000089d00000, 0x0000000089c00000| Untracked 
| 157|0x0000000089d00000, 0x0000000089e00000, 0x0000000089e00000|100%| O|  |TAMS 0x0000000089e00000, 0x0000000089d00000| Untracked 
| 158|0x0000000089e00000, 0x0000000089f00000, 0x0000000089f00000|100%| O|  |TAMS 0x0000000089f00000, 0x0000000089e00000| Untracked 
| 159|0x0000000089f00000, 0x000000008a000000, 0x000000008a000000|100%| O|  |TAMS 0x000000008a000000, 0x0000000089f00000| Untracked 
| 160|0x000000008a000000, 0x000000008a100000, 0x000000008a100000|100%| O|  |TAMS 0x000000008a100000, 0x000000008a000000| Untracked 
| 161|0x000000008a100000, 0x000000008a200000, 0x000000008a200000|100%| O|  |TAMS 0x000000008a200000, 0x000000008a100000| Untracked 
| 162|0x000000008a200000, 0x000000008a300000, 0x000000008a300000|100%| O|  |TAMS 0x000000008a300000, 0x000000008a200000| Untracked 
| 163|0x000000008a300000, 0x000000008a400000, 0x000000008a400000|100%| O|  |TAMS 0x000000008a400000, 0x000000008a300000| Untracked 
| 164|0x000000008a400000, 0x000000008a500000, 0x000000008a500000|100%| O|  |TAMS 0x000000008a500000, 0x000000008a400000| Untracked 
| 165|0x000000008a500000, 0x000000008a600000, 0x000000008a600000|100%| O|  |TAMS 0x000000008a600000, 0x000000008a500000| Untracked 
| 166|0x000000008a600000, 0x000000008a700000, 0x000000008a700000|100%| O|  |TAMS 0x000000008a700000, 0x000000008a600000| Untracked 
| 167|0x000000008a700000, 0x000000008a800000, 0x000000008a800000|100%| O|  |TAMS 0x000000008a800000, 0x000000008a700000| Untracked 
| 168|0x000000008a800000, 0x000000008a900000, 0x000000008a900000|100%| O|  |TAMS 0x000000008a900000, 0x000000008a800000| Untracked 
| 169|0x000000008a900000, 0x000000008aa00000, 0x000000008aa00000|100%| O|  |TAMS 0x000000008aa00000, 0x000000008a900000| Untracked 
| 170|0x000000008aa00000, 0x000000008ab00000, 0x000000008ab00000|100%| O|  |TAMS 0x000000008ab00000, 0x000000008aa00000| Untracked 
| 171|0x000000008ab00000, 0x000000008ac00000, 0x000000008ac00000|100%| O|  |TAMS 0x000000008ac00000, 0x000000008ab00000| Untracked 
| 172|0x000000008ac00000, 0x000000008ad00000, 0x000000008ad00000|100%| O|  |TAMS 0x000000008ad00000, 0x000000008ac00000| Untracked 
| 173|0x000000008ad00000, 0x000000008ae00000, 0x000000008ae00000|100%| O|  |TAMS 0x000000008ae00000, 0x000000008ad00000| Untracked 
| 174|0x000000008ae00000, 0x000000008af00000, 0x000000008af00000|100%| O|  |TAMS 0x000000008af00000, 0x000000008ae00000| Untracked 
| 175|0x000000008af00000, 0x000000008b000000, 0x000000008b000000|100%| O|  |TAMS 0x000000008b000000, 0x000000008af00000| Untracked 
| 176|0x000000008b000000, 0x000000008b100000, 0x000000008b100000|100%| O|  |TAMS 0x000000008b100000, 0x000000008b000000| Untracked 
| 177|0x000000008b100000, 0x000000008b200000, 0x000000008b200000|100%| O|  |TAMS 0x000000008b200000, 0x000000008b100000| Untracked 
| 178|0x000000008b200000, 0x000000008b300000, 0x000000008b300000|100%| O|  |TAMS 0x000000008b300000, 0x000000008b200000| Untracked 
| 179|0x000000008b300000, 0x000000008b400000, 0x000000008b400000|100%| O|  |TAMS 0x000000008b400000, 0x000000008b300000| Untracked 
| 180|0x000000008b400000, 0x000000008b500000, 0x000000008b500000|100%| O|  |TAMS 0x000000008b500000, 0x000000008b400000| Untracked 
| 181|0x000000008b500000, 0x000000008b600000, 0x000000008b600000|100%| O|  |TAMS 0x000000008b600000, 0x000000008b500000| Untracked 
| 182|0x000000008b600000, 0x000000008b700000, 0x000000008b700000|100%| O|  |TAMS 0x000000008b700000, 0x000000008b600000| Untracked 
| 183|0x000000008b700000, 0x000000008b800000, 0x000000008b800000|100%| O|  |TAMS 0x000000008b800000, 0x000000008b700000| Untracked 
| 184|0x000000008b800000, 0x000000008b900000, 0x000000008b900000|100%| O|  |TAMS 0x000000008b900000, 0x000000008b800000| Untracked 
| 185|0x000000008b900000, 0x000000008ba00000, 0x000000008ba00000|100%| O|  |TAMS 0x000000008ba00000, 0x000000008b900000| Untracked 
| 186|0x000000008ba00000, 0x000000008bb00000, 0x000000008bb00000|100%| O|  |TAMS 0x000000008bb00000, 0x000000008ba00000| Untracked 
| 187|0x000000008bb00000, 0x000000008bc00000, 0x000000008bc00000|100%| O|  |TAMS 0x000000008bc00000, 0x000000008bb00000| Untracked 
| 188|0x000000008bc00000, 0x000000008bd00000, 0x000000008bd00000|100%| O|  |TAMS 0x000000008bd00000, 0x000000008bc00000| Untracked 
| 189|0x000000008bd00000, 0x000000008be00000, 0x000000008be00000|100%| O|  |TAMS 0x000000008be00000, 0x000000008bd00000| Untracked 
| 190|0x000000008be00000, 0x000000008bf00000, 0x000000008bf00000|100%| O|  |TAMS 0x000000008be4b800, 0x000000008be00000| Untracked 
| 191|0x000000008bf00000, 0x000000008c000000, 0x000000008c000000|100%| O|  |TAMS 0x000000008bf00000, 0x000000008bf00000| Untracked 
| 192|0x000000008c000000, 0x000000008c000000, 0x000000008c100000|  0%| F|  |TAMS 0x000000008c000000, 0x000000008c000000| Untracked 
| 193|0x000000008c100000, 0x000000008c100000, 0x000000008c200000|  0%| F|  |TAMS 0x000000008c100000, 0x000000008c100000| Untracked 
| 194|0x000000008c200000, 0x000000008c200000, 0x000000008c300000|  0%| F|  |TAMS 0x000000008c200000, 0x000000008c200000| Untracked 
| 195|0x000000008c300000, 0x000000008c300000, 0x000000008c400000|  0%| F|  |TAMS 0x000000008c300000, 0x000000008c300000| Untracked 
| 196|0x000000008c400000, 0x000000008c500000, 0x000000008c500000|100%| O|  |TAMS 0x000000008c400000, 0x000000008c400000| Untracked 
| 197|0x000000008c500000, 0x000000008c528c00, 0x000000008c600000| 15%| O|  |TAMS 0x000000008c500000, 0x000000008c500000| Untracked 
| 198|0x000000008c600000, 0x000000008c600000, 0x000000008c700000|  0%| F|  |TAMS 0x000000008c600000, 0x000000008c600000| Untracked 
| 199|0x000000008c700000, 0x000000008c700000, 0x000000008c800000|  0%| F|  |TAMS 0x000000008c700000, 0x000000008c700000| Untracked 
| 200|0x000000008c800000, 0x000000008c800000, 0x000000008c900000|  0%| F|  |TAMS 0x000000008c800000, 0x000000008c800000| Untracked 
| 201|0x000000008c900000, 0x000000008c900000, 0x000000008ca00000|  0%| F|  |TAMS 0x000000008c900000, 0x000000008c900000| Untracked 
| 202|0x000000008ca00000, 0x000000008ca00000, 0x000000008cb00000|  0%| F|  |TAMS 0x000000008ca00000, 0x000000008ca00000| Untracked 
| 203|0x000000008cb00000, 0x000000008cb00000, 0x000000008cc00000|  0%| F|  |TAMS 0x000000008cb00000, 0x000000008cb00000| Untracked 
| 204|0x000000008cc00000, 0x000000008cc00000, 0x000000008cd00000|  0%| F|  |TAMS 0x000000008cc00000, 0x000000008cc00000| Untracked 
| 205|0x000000008cd00000, 0x000000008cd00000, 0x000000008ce00000|  0%| F|  |TAMS 0x000000008cd00000, 0x000000008cd00000| Untracked 
| 206|0x000000008ce00000, 0x000000008ce00000, 0x000000008cf00000|  0%| F|  |TAMS 0x000000008ce00000, 0x000000008ce00000| Untracked 
| 207|0x000000008cf00000, 0x000000008d000000, 0x000000008d000000|100%| O|  |TAMS 0x000000008cf00000, 0x000000008cf00000| Untracked 
| 208|0x000000008d000000, 0x000000008d000000, 0x000000008d100000|  0%| F|  |TAMS 0x000000008d000000, 0x000000008d000000| Untracked 
| 209|0x000000008d100000, 0x000000008d100000, 0x000000008d200000|  0%| F|  |TAMS 0x000000008d100000, 0x000000008d100000| Untracked 
| 210|0x000000008d200000, 0x000000008d200000, 0x000000008d300000|  0%| F|  |TAMS 0x000000008d200000, 0x000000008d200000| Untracked 
| 211|0x000000008d300000, 0x000000008d300000, 0x000000008d400000|  0%| F|  |TAMS 0x000000008d300000, 0x000000008d300000| Untracked 
| 212|0x000000008d400000, 0x000000008d400000, 0x000000008d500000|  0%| F|  |TAMS 0x000000008d400000, 0x000000008d400000| Untracked 
| 213|0x000000008d500000, 0x000000008d500000, 0x000000008d600000|  0%| F|  |TAMS 0x000000008d500000, 0x000000008d500000| Untracked 
| 214|0x000000008d600000, 0x000000008d600000, 0x000000008d700000|  0%| F|  |TAMS 0x000000008d600000, 0x000000008d600000| Untracked 
| 215|0x000000008d700000, 0x000000008d700000, 0x000000008d800000|  0%| F|  |TAMS 0x000000008d700000, 0x000000008d700000| Untracked 
| 216|0x000000008d800000, 0x000000008d800000, 0x000000008d900000|  0%| F|  |TAMS 0x000000008d800000, 0x000000008d800000| Untracked 
| 217|0x000000008d900000, 0x000000008d900000, 0x000000008da00000|  0%| F|  |TAMS 0x000000008d900000, 0x000000008d900000| Untracked 
| 218|0x000000008da00000, 0x000000008da00000, 0x000000008db00000|  0%| F|  |TAMS 0x000000008da00000, 0x000000008da00000| Untracked 
| 219|0x000000008db00000, 0x000000008db00000, 0x000000008dc00000|  0%| F|  |TAMS 0x000000008db00000, 0x000000008db00000| Untracked 
| 220|0x000000008dc00000, 0x000000008dc00000, 0x000000008dd00000|  0%| F|  |TAMS 0x000000008dc00000, 0x000000008dc00000| Untracked 
| 221|0x000000008dd00000, 0x000000008dd00000, 0x000000008de00000|  0%| F|  |TAMS 0x000000008dd00000, 0x000000008dd00000| Untracked 
| 222|0x000000008de00000, 0x000000008de00000, 0x000000008df00000|  0%| F|  |TAMS 0x000000008de00000, 0x000000008de00000| Untracked 
| 223|0x000000008df00000, 0x000000008df00000, 0x000000008e000000|  0%| F|  |TAMS 0x000000008df00000, 0x000000008df00000| Untracked 
| 224|0x000000008e000000, 0x000000008e000000, 0x000000008e100000|  0%| F|  |TAMS 0x000000008e000000, 0x000000008e000000| Untracked 
| 225|0x000000008e100000, 0x000000008e100000, 0x000000008e200000|  0%| F|  |TAMS 0x000000008e100000, 0x000000008e100000| Untracked 
| 226|0x000000008e200000, 0x000000008e200000, 0x000000008e300000|  0%| F|  |TAMS 0x000000008e200000, 0x000000008e200000| Untracked 
| 227|0x000000008e300000, 0x000000008e400000, 0x000000008e400000|100%| S|CS|TAMS 0x000000008e300000, 0x000000008e300000| Complete 
| 228|0x000000008e400000, 0x000000008e500000, 0x000000008e500000|100%| S|CS|TAMS 0x000000008e400000, 0x000000008e400000| Complete 
| 229|0x000000008e500000, 0x000000008e600000, 0x000000008e600000|100%| S|CS|TAMS 0x000000008e500000, 0x000000008e500000| Complete 
| 230|0x000000008e600000, 0x000000008e600000, 0x000000008e700000|  0%| F|  |TAMS 0x000000008e600000, 0x000000008e600000| Untracked 
| 231|0x000000008e700000, 0x000000008e700000, 0x000000008e800000|  0%| F|  |TAMS 0x000000008e700000, 0x000000008e700000| Untracked 
| 232|0x000000008e800000, 0x000000008e800000, 0x000000008e900000|  0%| F|  |TAMS 0x000000008e800000, 0x000000008e800000| Untracked 
| 233|0x000000008e900000, 0x000000008e900000, 0x000000008ea00000|  0%| F|  |TAMS 0x000000008e900000, 0x000000008e900000| Untracked 
| 234|0x000000008ea00000, 0x000000008ea00000, 0x000000008eb00000|  0%| F|  |TAMS 0x000000008ea00000, 0x000000008ea00000| Untracked 
| 235|0x000000008eb00000, 0x000000008eb00000, 0x000000008ec00000|  0%| F|  |TAMS 0x000000008eb00000, 0x000000008eb00000| Untracked 
| 236|0x000000008ec00000, 0x000000008ec00000, 0x000000008ed00000|  0%| F|  |TAMS 0x000000008ec00000, 0x000000008ec00000| Untracked 
| 237|0x000000008ed00000, 0x000000008ed00000, 0x000000008ee00000|  0%| F|  |TAMS 0x000000008ed00000, 0x000000008ed00000| Untracked 
| 238|0x000000008ee00000, 0x000000008ee00000, 0x000000008ef00000|  0%| F|  |TAMS 0x000000008ee00000, 0x000000008ee00000| Untracked 
| 239|0x000000008ef00000, 0x000000008ef00000, 0x000000008f000000|  0%| F|  |TAMS 0x000000008ef00000, 0x000000008ef00000| Untracked 
| 240|0x000000008f000000, 0x000000008f000000, 0x000000008f100000|  0%| F|  |TAMS 0x000000008f000000, 0x000000008f000000| Untracked 
| 241|0x000000008f100000, 0x000000008f100000, 0x000000008f200000|  0%| F|  |TAMS 0x000000008f100000, 0x000000008f100000| Untracked 
| 242|0x000000008f200000, 0x000000008f200000, 0x000000008f300000|  0%| F|  |TAMS 0x000000008f200000, 0x000000008f200000| Untracked 
| 243|0x000000008f300000, 0x000000008f300000, 0x000000008f400000|  0%| F|  |TAMS 0x000000008f300000, 0x000000008f300000| Untracked 
| 244|0x000000008f400000, 0x000000008f400000, 0x000000008f500000|  0%| F|  |TAMS 0x000000008f400000, 0x000000008f400000| Untracked 
| 245|0x000000008f500000, 0x000000008f500000, 0x000000008f600000|  0%| F|  |TAMS 0x000000008f500000, 0x000000008f500000| Untracked 
| 246|0x000000008f600000, 0x000000008f600000, 0x000000008f700000|  0%| F|  |TAMS 0x000000008f600000, 0x000000008f600000| Untracked 
| 247|0x000000008f700000, 0x000000008f71c090, 0x000000008f800000| 10%| E|  |TAMS 0x000000008f700000, 0x000000008f700000| Complete 
| 248|0x000000008f800000, 0x000000008f900000, 0x000000008f900000|100%| E|CS|TAMS 0x000000008f800000, 0x000000008f800000| Complete 
| 249|0x000000008f900000, 0x000000008fa00000, 0x000000008fa00000|100%| E|CS|TAMS 0x000000008f900000, 0x000000008f900000| Complete 

Card table byte_map: [0x000001d577750000,0x000001d577b50000] _byte_map_base: 0x000001d577350000

Marking Bits (Prev, Next): (CMBitMap*) 0x000001d56fcae7a8, (CMBitMap*) 0x000001d56fcae7e0
 Prev Bits: [0x000001d577f50000, 0x000001d579f50000)
 Next Bits: [0x000001d579f50000, 0x000001d57bf50000)

Polling page: 0x000001d56de10000

Metaspace:

Usage:
  Non-class:    102.16 MB capacity,    99.89 MB ( 98%) used,     1.93 MB (  2%) free+waste,   350.31 KB ( <1%) overhead. 
      Class:     16.56 MB capacity,    15.01 MB ( 91%) used,     1.39 MB (  8%) free+waste,   161.12 KB ( <1%) overhead. 
       Both:    118.72 MB capacity,   114.89 MB ( 97%) used,     3.33 MB (  3%) free+waste,   511.44 KB ( <1%) overhead. 

Virtual space:
  Non-class space:      104.00 MB reserved,     102.25 MB ( 98%) committed 
      Class space:      504.00 MB reserved,      16.62 MB (  3%) committed 
             Both:      608.00 MB reserved,     118.88 MB ( 20%) committed 

Chunk freelists:
   Non-Class:  3.62 KB
       Class:  512 bytes
        Both:  4.12 KB

CodeHeap 'non-profiled nmethods': size=120064Kb used=11056Kb max_used=11056Kb free=109007Kb
 bounds [0x000001d507ac0000, 0x000001d508590000, 0x000001d50f000000]
CodeHeap 'profiled nmethods': size=120000Kb used=35236Kb max_used=35236Kb free=84764Kb
 bounds [0x000001d500590000, 0x000001d502800000, 0x000001d507ac0000]
CodeHeap 'non-nmethods': size=5696Kb used=2333Kb max_used=2383Kb free=3362Kb
 bounds [0x000001d500000000, 0x000001d500270000, 0x000001d500590000]
 total_blobs=16799 nmethods=15850 adapters=859
 compilation: enabled
              stopped_count=0, restarted_count=0
 full_count=0

Compilation events (10 events):
Event: 241.188 Thread 0x000001d57ec2e800 nmethod 16755 0x000001d5027fe690 code [0x000001d5027fe840, 0x000001d5027fea98]
Event: 241.188 Thread 0x000001d57ec2e800 16756       3       java.lang.invoke.LambdaForm$MH/0x0000000100958440::linkToTargetMethod (15 bytes)
Event: 241.188 Thread 0x000001d57ec2e800 nmethod 16756 0x000001d5027feb90 code [0x000001d5027fed40, 0x000001d5027ff178]
Event: 241.214 Thread 0x000001d57ec2e800 16758       1       org.gradle.api.internal.changedetection.TaskExecutionMode::isTaskHistoryMaintained (5 bytes)
Event: 241.214 Thread 0x000001d57ec2e800 nmethod 16758 0x000001d50858bd10 code [0x000001d50858bea0, 0x000001d50858bf58]
Event: 241.226 Thread 0x000001d57ec2e800 16760       1       org.gradle.api.internal.artifacts.ivyservice.DefaultLenientConfiguration::access$100 (5 bytes)
Event: 241.226 Thread 0x000001d57ec2e800 nmethod 16760 0x000001d50858c010 code [0x000001d50858c1a0, 0x000001d50858c238]
Event: 241.226 Thread 0x000001d57ec2e800 16761       1       org.gradle.api.internal.artifacts.ivyservice.DefaultLenientConfiguration::access$200 (5 bytes)
Event: 241.226 Thread 0x000001d57ec2e800 nmethod 16761 0x000001d50858c310 code [0x000001d50858c4a0, 0x000001d50858c538]
Event: 241.241 Thread 0x000001d57ec2e800 16762       1       org.gradle.api.internal.artifacts.configurations.DefaultConfiguration::getIdentityPath (5 bytes)

GC Heap History (10 events):
Event: 237.942 GC heap after
{Heap after GC invocations=218 (full 0):
 garbage-first heap   total 211968K, used 196728K [0x0000000080000000, 0x0000000100000000)
  region size 1024K, 2 young (2048K), 2 survivors (2048K)
 Metaspace       used 117509K, capacity 121395K, committed 121472K, reserved 620544K
  class space    used 15364K, capacity 16951K, committed 17024K, reserved 516096K
}
Event: 238.199 GC heap before
{Heap before GC invocations=218 (full 0):
 garbage-first heap   total 211968K, used 207992K [0x0000000080000000, 0x0000000100000000)
  region size 1024K, 10 young (10240K), 2 survivors (2048K)
 Metaspace       used 117526K, capacity 121401K, committed 121728K, reserved 622592K
  class space    used 15364K, capacity 16951K, committed 17024K, reserved 516096K
}
Event: 238.207 GC heap after
{Heap after GC invocations=219 (full 0):
 garbage-first heap   total 212992K, used 197477K [0x0000000080000000, 0x0000000100000000)
  region size 1024K, 2 young (2048K), 2 survivors (2048K)
 Metaspace       used 117526K, capacity 121401K, committed 121728K, reserved 622592K
  class space    used 15364K, capacity 16951K, committed 17024K, reserved 516096K
}
Event: 238.743 GC heap before
{Heap before GC invocations=219 (full 0):
 garbage-first heap   total 212992K, used 204645K [0x0000000080000000, 0x0000000100000000)
  region size 1024K, 10 young (10240K), 2 survivors (2048K)
 Metaspace       used 117583K, capacity 121477K, committed 121728K, reserved 622592K
  class space    used 15364K, capacity 16951K, committed 17024K, reserved 516096K
}
Event: 238.752 GC heap after
{Heap after GC invocations=220 (full 0):
 garbage-first heap   total 212992K, used 198111K [0x0000000080000000, 0x0000000100000000)
  region size 1024K, 2 young (2048K), 2 survivors (2048K)
 Metaspace       used 117583K, capacity 121477K, committed 121728K, reserved 622592K
  class space    used 15364K, capacity 16951K, committed 17024K, reserved 516096K
}
Event: 239.058 GC heap before
{Heap before GC invocations=221 (full 0):
 garbage-first heap   total 212992K, used 206303K [0x0000000080000000, 0x0000000100000000)
  region size 1024K, 10 young (10240K), 2 survivors (2048K)
 Metaspace       used 117614K, capacity 121558K, committed 121728K, reserved 622592K
  class space    used 15367K, capacity 16956K, committed 17024K, reserved 516096K
}
Event: 239.066 GC heap after
{Heap after GC invocations=222 (full 0):
 garbage-first heap   total 256000K, used 198831K [0x0000000080000000, 0x0000000100000000)
  region size 1024K, 2 young (2048K), 2 survivors (2048K)
 Metaspace       used 117614K, capacity 121558K, committed 121728K, reserved 622592K
  class space    used 15367K, capacity 16956K, committed 17024K, reserved 516096K
}
Event: 240.332 GC heap before
{Heap before GC invocations=222 (full 0):
 garbage-first heap   total 256000K, used 223407K [0x0000000080000000, 0x0000000100000000)
  region size 1024K, 19 young (19456K), 2 survivors (2048K)
 Metaspace       used 117631K, capacity 121562K, committed 121728K, reserved 622592K
  class space    used 15367K, capacity 16956K, committed 17024K, reserved 516096K
}
Event: 240.375 GC heap after
{Heap after GC invocations=223 (full 0):
 garbage-first heap   total 256000K, used 200094K [0x0000000080000000, 0x0000000100000000)
  region size 1024K, 3 young (3072K), 3 survivors (3072K)
 Metaspace       used 117631K, capacity 121562K, committed 121728K, reserved 622592K
  class space    used 15367K, capacity 16956K, committed 17024K, reserved 516096K
}
Event: 241.243 GC heap before
{Heap before GC invocations=223 (full 0):
 garbage-first heap   total 256000K, used 220574K [0x0000000080000000, 0x0000000100000000)
  region size 1024K, 20 young (20480K), 3 survivors (3072K)
 Metaspace       used 117649K, capacity 121567K, committed 121728K, reserved 622592K
  class space    used 15368K, capacity 16956K, committed 17024K, reserved 516096K
}

Deoptimization events (10 events):
Event: 238.012 Thread 0x000001d57ee1c000 Uncommon trap: reason=unstable_if action=reinterpret pc=0x000001d5084bbe30 method=java.util.concurrent.ConcurrentHashMap.addCount(JI)V @ 97 c2
Event: 238.393 Thread 0x000001d50f255800 Uncommon trap: reason=profile_predicate action=maybe_recompile pc=0x000001d50854aca4 method=com.google.common.collect.MapMakerInternalMap$Segment.expand()V @ 56 c2
Event: 238.393 Thread 0x000001d50f255800 Uncommon trap: reason=profile_predicate action=maybe_recompile pc=0x000001d50854aca4 method=com.google.common.collect.MapMakerInternalMap$Segment.expand()V @ 56 c2
Event: 238.394 Thread 0x000001d50f255800 Uncommon trap: reason=profile_predicate action=maybe_recompile pc=0x000001d50854aca4 method=com.google.common.collect.MapMakerInternalMap$Segment.expand()V @ 56 c2
Event: 238.394 Thread 0x000001d50f255800 Uncommon trap: reason=profile_predicate action=maybe_recompile pc=0x000001d50854aca4 method=com.google.common.collect.MapMakerInternalMap$Segment.expand()V @ 56 c2
Event: 238.789 Thread 0x000001d57ee1c000 Uncommon trap: reason=bimorphic_or_optimized_type_check action=maybe_recompile pc=0x000001d507ee36d0 method=com.google.common.collect.RegularImmutableMap.checkNoConflictInKeyBucket(Ljava/lang/Object;Ljava/util/Map$Entry;Lcom/google/common/collect/Immutabl
Event: 238.981 Thread 0x000001d50f256800 Uncommon trap: reason=unstable_if action=reinterpret pc=0x000001d5084d4dc4 method=java.util.concurrent.ConcurrentHashMap.addCount(JI)V @ 97 c2
Event: 239.096 Thread 0x000001d51043f000 Uncommon trap: reason=unstable_if action=reinterpret pc=0x000001d507b9409c method=java.util.concurrent.ConcurrentHashMap.transfer([Ljava/util/concurrent/ConcurrentHashMap$Node;[Ljava/util/concurrent/ConcurrentHashMap$Node;)V @ 34 c2
Event: 239.097 Thread 0x000001d57ee16800 Uncommon trap: reason=unstable_if action=reinterpret pc=0x000001d507b941bc method=java.util.concurrent.ConcurrentHashMap.transfer([Ljava/util/concurrent/ConcurrentHashMap$Node;[Ljava/util/concurrent/ConcurrentHashMap$Node;)V @ 273 c2
Event: 240.511 Thread 0x000001d50f256800 Uncommon trap: reason=unstable_if action=reinterpret pc=0x000001d50853aa98 method=org.gradle.util.internal.DeferredUtil.unpack(Lorg/gradle/api/internal/provider/ProviderResolutionStrategy;Ljava/lang/Object;)Ljava/lang/Object; @ 1 c2

Classes redefined (0 events):
No events

Internal exceptions (10 events):
Event: 211.052 Thread 0x000001d50f256800 Exception <a 'java/lang/ClassNotFoundException'{0x000000008cadafe0}: org/gradle/api/internal/file/CompositeFileTreeCustomizer> (0x000000008cadafe0) thrown at [./open/src/hotspot/share/classfile/systemDictionary.cpp, line 226]
Event: 211.054 Thread 0x000001d50f256800 Exception <a 'java/lang/ClassNotFoundException'{0x000000008c930540}: org/gradle/api/internal/file/collections/DefaultConfigurableFileTreeCustomizer> (0x000000008c930540) thrown at [./open/src/hotspot/share/classfile/systemDictionary.cpp, line 226]
Event: 231.226 Thread 0x000001d50f256800 Exception <a 'java/lang/ClassNotFoundException'{0x000000008c7bb830}: java/util/LinkedHashSetBeanInfo> (0x000000008c7bb830) thrown at [./open/src/hotspot/share/classfile/systemDictionary.cpp, line 226]
Event: 231.229 Thread 0x000001d50f256800 Exception <a 'java/lang/ClassNotFoundException'{0x000000008c7cf280}: java/util/HashSetBeanInfo> (0x000000008c7cf280) thrown at [./open/src/hotspot/share/classfile/systemDictionary.cpp, line 226]
Event: 231.232 Thread 0x000001d50f256800 Exception <a 'java/lang/ClassNotFoundException'{0x000000008c7e3cb0}: java/util/HashSetCustomizer> (0x000000008c7e3cb0) thrown at [./open/src/hotspot/share/classfile/systemDictionary.cpp, line 226]
Event: 231.263 Thread 0x000001d50f256800 Exception <a 'java/lang/ClassNotFoundException'{0x000000008ce01020}: java/util/LinkedHashSetCustomizer> (0x000000008ce01020) thrown at [./open/src/hotspot/share/classfile/systemDictionary.cpp, line 226]
Event: 232.139 Thread 0x000001d57ee1b000 Implicit null exception at 0x000001d508495b57 to 0x000001d508495f68
Event: 232.381 Thread 0x000001d50f256800 Exception <a 'java/lang/NoSuchMethodError'{0x000000008ca0fc60}: static Lcom/android/build/api/variant/BuildConfigField;.<clinit>()V> (0x000000008ca0fc60) thrown at [./open/src/hotspot/share/prims/jni.cpp, line 1366]
Event: 237.514 Thread 0x000001d57ee1a800 Exception <a 'java/lang/NoSuchMethodError'{0x000000008c5d1550}: static Lcom/android/build/api/variant/impl/ResValueKeyImpl;.<clinit>()V> (0x000000008c5d1550) thrown at [./open/src/hotspot/share/prims/jni.cpp, line 1366]
Event: 237.535 Thread 0x000001d57ee1a800 Exception <a 'java/lang/NoSuchMethodError'{0x000000008c5e1b88}: static Lcom/android/build/api/variant/ResValue;.<clinit>()V> (0x000000008c5e1b88) thrown at [./open/src/hotspot/share/prims/jni.cpp, line 1366]

Events (10 events):
Event: 240.549 Executing VM operation: RevokeBias done
Event: 240.559 Executing VM operation: RevokeBias
Event: 240.559 Executing VM operation: RevokeBias done
Event: 240.567 loading class org/gradle/api/internal/artifacts/ivyservice/resolveengine/artifact/LocalFileDependencyBackedArtifactSet$TransformedLocalFileArtifactSet
Event: 240.567 loading class org/gradle/api/internal/artifacts/ivyservice/resolveengine/artifact/LocalFileDependencyBackedArtifactSet$TransformedLocalFileArtifactSet done
Event: 240.596 Executing VM operation: Deoptimize
Event: 240.621 Executing VM operation: Deoptimize done
Event: 241.143 Executing VM operation: RevokeBias
Event: 241.144 Executing VM operation: RevokeBias done
Event: 241.239 Executing VM operation: G1CollectForAllocation


Dynamic libraries:
0x00007ff774d50000 - 0x00007ff774d60000 	C:\Program Files\Java\jdk-11\bin\java.exe
0x00007ffc339d0000 - 0x00007ffc33bc8000 	C:\Windows\SYSTEM32\ntdll.dll
0x00007ffc33420000 - 0x00007ffc334df000 	C:\Windows\System32\KERNEL32.DLL
0x00007ffc31680000 - 0x00007ffc3195a000 	C:\Windows\System32\KERNELBASE.dll
0x00007ffc31420000 - 0x00007ffc31520000 	C:\Windows\System32\ucrtbase.dll
0x00007ffc29e50000 - 0x00007ffc29e68000 	C:\Program Files\Java\jdk-11\bin\jli.dll
0x00007ffc331a0000 - 0x00007ffc3324e000 	C:\Windows\System32\ADVAPI32.dll
0x00007ffc251f0000 - 0x00007ffc2520b000 	C:\Program Files\Java\jdk-11\bin\VCRUNTIME140.dll
0x00007ffc33590000 - 0x00007ffc3362e000 	C:\Windows\System32\msvcrt.dll
0x00007ffc33100000 - 0x00007ffc3319c000 	C:\Windows\System32\sechost.dll
0x00007ffc32f80000 - 0x00007ffc330a6000 	C:\Windows\System32\RPCRT4.dll
0x00007ffc33280000 - 0x00007ffc3341d000 	C:\Windows\System32\USER32.dll
0x00007ffc310e0000 - 0x00007ffc31102000 	C:\Windows\System32\win32u.dll
0x00007ffc330d0000 - 0x00007ffc330fb000 	C:\Windows\System32\GDI32.dll
0x00007ffc312c0000 - 0x00007ffc313d0000 	C:\Windows\System32\gdi32full.dll
0x00007ffc31990000 - 0x00007ffc31a2d000 	C:\Windows\System32\msvcp_win.dll
0x00007ffc1f010000 - 0x00007ffc1f2aa000 	C:\Windows\WinSxS\amd64_microsoft.windows.common-controls_6595b64144ccf1df_6.0.19041.1110_none_60b5254171f9507e\COMCTL32.dll
0x00007ffc28980000 - 0x00007ffc2898a000 	C:\Windows\SYSTEM32\VERSION.dll
0x00007ffc33250000 - 0x00007ffc33280000 	C:\Windows\System32\IMM32.DLL
0x00007ffc2bbb0000 - 0x00007ffc2bbbc000 	C:\Program Files\Java\jdk-11\bin\vcruntime140_1.dll
0x00007ffc24150000 - 0x00007ffc241de000 	C:\Program Files\Java\jdk-11\bin\msvcp140.dll
0x00007ffb97a40000 - 0x00007ffb985a8000 	C:\Program Files\Java\jdk-11\bin\server\jvm.dll
0x00007ffc31bf0000 - 0x00007ffc31bf8000 	C:\Windows\System32\PSAPI.DLL
0x00007ffc2bbd0000 - 0x00007ffc2bbd9000 	C:\Windows\SYSTEM32\WSOCK32.dll
0x00007ffc32c90000 - 0x00007ffc32cfb000 	C:\Windows\System32\WS2_32.dll
0x00007ffc28950000 - 0x00007ffc28977000 	C:\Windows\SYSTEM32\WINMM.dll
0x00007ffc2ef60000 - 0x00007ffc2ef72000 	C:\Windows\SYSTEM32\kernel.appcore.dll
0x00007ffc2bb70000 - 0x00007ffc2bb80000 	C:\Program Files\Java\jdk-11\bin\verify.dll
0x00007ffc27ff0000 - 0x00007ffc281d4000 	C:\Windows\SYSTEM32\DBGHELP.DLL
0x00007ffc1f6f0000 - 0x00007ffc1f724000 	C:\Windows\SYSTEM32\dbgcore.DLL
0x00007ffc31230000 - 0x00007ffc312b2000 	C:\Windows\System32\bcryptPrimitives.dll
0x00007ffc251c0000 - 0x00007ffc251e8000 	C:\Program Files\Java\jdk-11\bin\java.dll
0x00007ffc29e40000 - 0x00007ffc29e4a000 	C:\Program Files\Java\jdk-11\bin\jimage.dll
0x00007ffc249a0000 - 0x00007ffc249b7000 	C:\Program Files\Java\jdk-11\bin\zip.dll
0x00007ffc31cc0000 - 0x00007ffc32404000 	C:\Windows\System32\SHELL32.dll
0x00007ffc2f160000 - 0x00007ffc2f8f3000 	C:\Windows\SYSTEM32\windows.storage.dll
0x00007ffc33630000 - 0x00007ffc33984000 	C:\Windows\System32\combase.dll
0x00007ffc30980000 - 0x00007ffc309ae000 	C:\Windows\SYSTEM32\Wldp.dll
0x00007ffc32a30000 - 0x00007ffc32add000 	C:\Windows\System32\SHCORE.dll
0x00007ffc31c60000 - 0x00007ffc31cb5000 	C:\Windows\System32\shlwapi.dll
0x00007ffc31020000 - 0x00007ffc3103f000 	C:\Windows\SYSTEM32\profapi.dll
0x00007ffc24980000 - 0x00007ffc24999000 	C:\Program Files\Java\jdk-11\bin\net.dll
0x00007ffc25d40000 - 0x00007ffc25e4a000 	C:\Windows\SYSTEM32\WINHTTP.dll
0x00007ffc30760000 - 0x00007ffc307ca000 	C:\Windows\system32\mswsock.dll
0x00007ffc24960000 - 0x00007ffc24972000 	C:\Program Files\Java\jdk-11\bin\nio.dll
0x00007ffc29ef0000 - 0x00007ffc29f17000 	C:\Users\User\.gradle\native\e1d6ef7f7dcc3fd88c89a11ec53ec762bb8ba0a96d01ffa2cd45eb1d1d8dd5c5\windows-amd64\native-platform.dll
0x00007ffc07ab0000 - 0x00007ffc07bf4000 	C:\Users\User\.gradle\native\0d407fdbe67a94daf76414ababcb853783967236a71b16ec16e742cd7a986fd3\windows-amd64\native-platform-file-events.dll
0x00007ffc29a10000 - 0x00007ffc29a19000 	C:\Program Files\Java\jdk-11\bin\management.dll
0x00007ffc25730000 - 0x00007ffc2573b000 	C:\Program Files\Java\jdk-11\bin\management_ext.dll
0x00007ffc309c0000 - 0x00007ffc309d8000 	C:\Windows\SYSTEM32\CRYPTSP.dll
0x00007ffc300a0000 - 0x00007ffc300d4000 	C:\Windows\system32\rsaenh.dll
0x00007ffc31960000 - 0x00007ffc31987000 	C:\Windows\System32\bcrypt.dll
0x00007ffc30fe0000 - 0x00007ffc3100e000 	C:\Windows\SYSTEM32\USERENV.dll
0x00007ffc308f0000 - 0x00007ffc308fc000 	C:\Windows\SYSTEM32\CRYPTBASE.dll
0x00007ffc30470000 - 0x00007ffc304ac000 	C:\Windows\SYSTEM32\IPHLPAPI.DLL
0x00007ffc32af0000 - 0x00007ffc32af8000 	C:\Windows\System32\NSI.dll
0x00007ffc27fd0000 - 0x00007ffc27fe7000 	C:\Windows\SYSTEM32\dhcpcsvc6.DLL
0x00007ffc2aa20000 - 0x00007ffc2aa3d000 	C:\Windows\SYSTEM32\dhcpcsvc.DLL
0x00007ffc304b0000 - 0x00007ffc3057b000 	C:\Windows\SYSTEM32\DNSAPI.dll

dbghelp: loaded successfully - version: 4.0.5 - missing functions: none
symbol engine: initialized successfully - sym options: 0x614 - pdb path: .;C:\Program Files\Java\jdk-11\bin;C:\Windows\SYSTEM32;C:\Windows\WinSxS\amd64_microsoft.windows.common-controls_6595b64144ccf1df_6.0.19041.1110_none_60b5254171f9507e;C:\Program Files\Java\jdk-11\bin\server;C:\Users\User\.gradle\native\e1d6ef7f7dcc3fd88c89a11ec53ec762bb8ba0a96d01ffa2cd45eb1d1d8dd5c5\windows-amd64;C:\Users\User\.gradle\native\0d407fdbe67a94daf76414ababcb853783967236a71b16ec16e742cd7a986fd3\windows-amd64

VM Arguments:
jvm_args: -XX:MaxMetaspaceSize=512m --add-opens=java.base/java.util=ALL-UNNAMED --add-opens=java.base/java.lang=ALL-UNNAMED --add-opens=java.base/java.lang.invoke=ALL-UNNAMED --add-opens=java.base/java.util=ALL-UNNAMED --add-opens=java.prefs/java.util.prefs=ALL-UNNAMED --add-opens=java.prefs/java.util.prefs=ALL-UNNAMED --add-opens=java.base/java.nio.charset=ALL-UNNAMED --add-opens=java.base/java.net=ALL-UNNAMED --add-opens=java.base/java.util.concurrent.atomic=ALL-UNNAMED -Xmx2048m -Dfile.encoding=windows-1252 -Duser.country=US -Duser.language=en -Duser.variant 
java_command: org.gradle.launcher.daemon.bootstrap.GradleDaemon 7.5.1
java_class_path (initial): C:\Users\User\.gradle\wrapper\dists\gradle-7.5.1-all\1ehga6e77gqps5uk2kc5kf1vc\gradle-7.5.1\lib\gradle-launcher-7.5.1.jar
Launcher Type: SUN_STANDARD

[Global flags]
     intx CICompilerCount                          = 3                                         {product} {ergonomic}
   size_t CompressedClassSpaceSize                 = 528482304                                 {product} {ergonomic}
     uint ConcGCThreads                            = 1                                         {product} {ergonomic}
     uint G1ConcRefinementThreads                  = 4                                         {product} {ergonomic}
   size_t G1HeapRegionSize                         = 1048576                                   {product} {ergonomic}
    uintx GCDrainStackTargetSize                   = 64                                        {product} {ergonomic}
   size_t InitialHeapSize                          = 58720256                                  {product} {ergonomic}
   size_t MarkStackSize                            = 4194304                                   {product} {ergonomic}
   size_t MaxHeapSize                              = 2147483648                                {product} {command line}
   size_t MaxMetaspaceSize                         = 536870912                                 {product} {command line}
   size_t MaxNewSize                               = 1287651328                                {product} {ergonomic}
   size_t MinHeapDeltaBytes                        = 1048576                                   {product} {ergonomic}
    uintx NonNMethodCodeHeapSize                   = 5830732                                {pd product} {ergonomic}
    uintx NonProfiledCodeHeapSize                  = 122913754                              {pd product} {ergonomic}
    uintx ProfiledCodeHeapSize                     = 122913754                              {pd product} {ergonomic}
    uintx ReservedCodeCacheSize                    = 251658240                              {pd product} {ergonomic}
     bool SegmentedCodeCache                       = true                                      {product} {ergonomic}
     bool UseCompressedClassPointers               = true                                 {lp64_product} {ergonomic}
     bool UseCompressedOops                        = true                                 {lp64_product} {ergonomic}
     bool UseG1GC                                  = true                                      {product} {ergonomic}
     bool UseLargePagesIndividualAllocation        = false                                  {pd product} {ergonomic}

Logging:
Log output configuration:
 #0: stdout all=warning uptime,level,tags
 #1: stderr all=off uptime,level,tags

Environment Variables:
CLASSPATH=C:\Users\User\ProjectMobileDevelopment\android\\gradle\wrapper\gradle-wrapper.jar
PATH=C:\Users\User\ProjectMobileDevelopment\android\node_modules\.bin;C:\Users\User\ProjectMobileDevelopment\node_modules\.bin;C:\Users\User\node_modules\.bin;C:\Users\node_modules\.bin;C:\node_modules\.bin;C:\Program Files\nodejs;C:\Users\User\AppData\Roaming\npm;C:\Users\User\ProjectMobileDevelopment\node_modules\.bin;C:\Users\User\node_modules\.bin;C:\Users\node_modules\.bin;C:\node_modules\.bin;C:\Program Files\nodejs\node_modules\npm\node_modules\@npmcli\run-script\lib\node-gyp-bin;C:\Program Files\Common Files\Oracle\Java\javapath;C:\Windows\system32;C:\Windows;C:\Windows\System32\Wbem;C:\Windows\System32\WindowsPowerShell\v1.0\;C:\Windows\System32\OpenSSH\;C:\Program Files\Microsoft SQL Server\150\Tools\Binn\;C:\Program Files\Git\cmd;C:\Program Files\nodejs\;C:\Users\User\AppData\Local\Android\Sdk\platform-tools;C:\Users\User\AppData\Local\Microsoft\WindowsApps;C:\Users\User\AppData\Local\Programs\Microsoft VS Code\bin;C:\Users\User\AppData\Roaming\npm;C:\Users\User\AppData\Local\Android\Sdk\platform-tools;
USERNAME=User
OS=Windows_NT
PROCESSOR_IDENTIFIER=AMD64 Family 23 Model 24 Stepping 1, AuthenticAMD



---------------  S Y S T E M  ---------------

OS: Windows 10 , 64 bit Build 19041 (10.0.19041.2788)
Hyper-V role detected

CPU:total 4 (initial active 4) (4 cores per cpu, 2 threads per core) family 23 model 24 stepping 1 microcode 0x0, cmov, cx8, fxsr, mmx, sse, sse2, sse3, ssse3, sse4.1, sse4.2, popcnt, avx, avx2, aes, clmul, mmxext, 3dnowpref, lzcnt, sse4a, ht, tsc, tscinvbit, tscinv, bmi1, bmi2, adx, s

Memory: 4k page, system-wide physical 3460M (197M free)
TotalPageFile size 14212M (AvailPageFile size 0M)
current process WorkingSet (physical memory assigned to process): 248M, peak: 364M
current process commit charge ("private bytes"): 599M, peak: 600M

vm_info: Java HotSpot(TM) 64-Bit Server VM (11.0.18+9-LTS-195) for windows-amd64 JRE (11.0.18+9-LTS-195), built on Dec  6 2022 15:50:58 by "mach5one" with MS VC++ 17.1 (VS2022)

END.
