#
# There is insufficient memory for the Java Runtime Environment to continue.
# Native memory allocation (mmap) failed to map 45088768 bytes for Failed to commit area from 0x0000000087700000 to 0x000000008a200000 of length 45088768.
# Possible reasons:
#   The system is out of physical RAM or swap space
#   The process is running with CompressedOops enabled, and the Java Heap may be blocking the growth of the native heap
# Possible solutions:
#   Reduce memory load on the system
#   Increase physical memory or swap space
#   Check if swap backing store is full
#   Decrease Java heap size (-Xmx/-Xms)
#   Decrease number of Java threads
#   Decrease Java thread stack sizes (-Xss)
#   Set larger code cache with -XX:ReservedCodeCacheSize=
#   JVM is running with Unscaled Compressed Oops mode in which the Java heap is
#     placed in the first 4GB address space. The Java Heap base address is the
#     maximum limit for the native heap growth. Please use -XX:HeapBaseMinAddress
#     to set the Java Heap base and to place the Java Heap above 4GB virtual address.
# This output file may be truncated or incomplete.
#
#  Out of Memory Error (./open/src/hotspot/os/windows/os_windows.cpp:3292), pid=11208, tid=15132
#
# JRE version: Java(TM) SE Runtime Environment 18.9 (11.0.18+9) (build 11.0.18+9-LTS-195)
# Java VM: Java HotSpot(TM) 64-Bit Server VM 18.9 (11.0.18+9-LTS-195, mixed mode, tiered, compressed oops, g1 gc, windows-amd64)
# No core dump will be written. Minidumps are not enabled by default on client versions of Windows
#

---------------  S U M M A R Y ------------

Command Line: -XX:MaxMetaspaceSize=512m --add-opens=java.base/java.util=ALL-UNNAMED --add-opens=java.base/java.lang=ALL-UNNAMED --add-opens=java.base/java.lang.invoke=ALL-UNNAMED --add-opens=java.base/java.util=ALL-UNNAMED --add-opens=java.prefs/java.util.prefs=ALL-UNNAMED --add-opens=java.prefs/java.util.prefs=ALL-UNNAMED --add-opens=java.base/java.nio.charset=ALL-UNNAMED --add-opens=java.base/java.net=ALL-UNNAMED --add-opens=java.base/java.util.concurrent.atomic=ALL-UNNAMED -Xmx2048m -Dfile.encoding=windows-1252 -Duser.country=US -Duser.language=en -Duser.variant org.gradle.launcher.daemon.bootstrap.GradleDaemon 7.5.1

Host: AMD Ryzen 3 3250U with Radeon Graphics         , 4 cores, 3G,  Windows 10 , 64 bit Build 19041 (10.0.19041.2788)
Time: Tue Apr 25 00:29:54 2023 Malay Peninsula Standard Time elapsed time: 124.860206 seconds (0d 0h 2m 4s)

---------------  T H R E A D  ---------------

Current thread (0x0000013522ca0000):  VMThread "VM Thread" [stack: 0x0000002125300000,0x0000002125400000] [id=15132]

Stack: [0x0000002125300000,0x0000002125400000]
[error occurred during error reporting (printing stack bounds), id 0xc0000005, EXCEPTION_ACCESS_VIOLATION (0xc0000005) at pc=0x000001350c430f2d]

Native frames: (J=compiled Java code, j=interpreted, Vv=VM code, C=native code)
V  [jvm.dll+0x65d8aa]
V  [jvm.dll+0x79fc1f]
V  [jvm.dll+0x7a12e9]
V  [jvm.dll+0x7a18e5]
V  [jvm.dll+0x7a189b]
V  [jvm.dll+0x65cdb3]
V  [jvm.dll+0x65d4a8]
C  [ntdll.dll+0xa23df]
C  [ntdll.dll+0x514a4]
C  [ntdll.dll+0xa0f0e]
C  0x000001350c430f2d

VM_Operation (0x00000021265f0b90): G1CollectForAllocation, mode: safepoint, requested by thread 0x0000013523032000


---------------  P R O C E S S  ---------------

Threads class SMR info:
_java_thread_list=0x00000135270bce10, length=87, elements={
0x0000013504d52000, 0x0000013522ca5800, 0x0000013522ca8800, 0x0000013522cc5000,
0x0000013522d0a800, 0x0000013522d0c800, 0x0000013522d0d800, 0x0000013522d5c800,
0x0000013522e74800, 0x0000013522f77000, 0x000001352391b800, 0x00000135240f1800,
0x000001352406c000, 0x0000013523e43000, 0x0000013523e44000, 0x0000013524e79800,
0x0000013523032000, 0x0000013523038800, 0x0000013523cc9800, 0x0000013523cbe000,
0x0000013523cbc000, 0x0000013523cbd000, 0x0000013523cba800, 0x0000013523cba000,
0x0000013523cb9000, 0x0000013523cbb800, 0x0000013523cb8000, 0x0000013523cbe800,
0x0000013523d50800, 0x0000013523d4e000, 0x0000013523d51800, 0x0000013523d52000,
0x0000013523d4d800, 0x0000013523d53000, 0x0000013523d54800, 0x0000013523d55800,
0x0000013523d4f800, 0x0000013523d59800, 0x0000013523d58000, 0x0000013523d58800,
0x0000013523d5a800, 0x0000013523d5b000, 0x0000013523d5c000, 0x0000013523d56000,
0x0000013523d57000, 0x0000013524f8e000, 0x0000013524f94800, 0x0000013524f90800,
0x0000013524f8f000, 0x0000013524f91800, 0x0000013524f92000, 0x0000013524f93000,
0x0000013524f94000, 0x0000013524f95800, 0x0000013524f8f800, 0x0000013524f97000,
0x0000013524f98000, 0x0000013524f96000, 0x0000013524f9d000, 0x0000013524f98800,
0x0000013524f99800, 0x0000013524f9a800, 0x0000013524f9b000, 0x0000013524f9c000,
0x0000013525331800, 0x000001352532e800, 0x0000013525330000, 0x0000013525333800,
0x0000013525332800, 0x000001352532f000, 0x000001352532d800, 0x0000013525335000,
0x0000013525334000, 0x0000013525336800, 0x0000013525331000, 0x0000013525337800,
0x000001352533a000, 0x000001352533a800, 0x0000013525338000, 0x000001352533b800,
0x000001352533c800, 0x0000013525339000, 0x00000135243ab000, 0x00000135243ad800,
0x00000135243af000, 0x00000135243ae800, 0x00000135243a9800
}

Java Threads: ( => current thread )
  0x0000013504d52000 JavaThread "main" [_thread_blocked, id=13596, stack(0x0000002124d00000,0x0000002124e00000)]
  0x0000013522ca5800 JavaThread "Reference Handler" daemon [_thread_blocked, id=4592, stack(0x0000002125400000,0x0000002125500000)]
  0x0000013522ca8800 JavaThread "Finalizer" daemon [_thread_blocked, id=1608, stack(0x0000002125500000,0x0000002125600000)]
  0x0000013522cc5000 JavaThread "Signal Dispatcher" daemon [_thread_blocked, id=5508, stack(0x0000002125600000,0x0000002125700000)]
  0x0000013522d0a800 JavaThread "Attach Listener" daemon [_thread_blocked, id=904, stack(0x0000002125700000,0x0000002125800000)]
  0x0000013522d0c800 JavaThread "Service Thread" daemon [_thread_blocked, id=5828, stack(0x0000002125800000,0x0000002125900000)]
  0x0000013522d0d800 JavaThread "C2 CompilerThread0" daemon [_thread_blocked, id=15160, stack(0x0000002125900000,0x0000002125a00000)]
  0x0000013522d5c800 JavaThread "C1 CompilerThread0" daemon [_thread_blocked, id=10004, stack(0x0000002125a00000,0x0000002125b00000)]
  0x0000013522e74800 JavaThread "Sweeper thread" daemon [_thread_blocked, id=5196, stack(0x0000002125b00000,0x0000002125c00000)]
  0x0000013522f77000 JavaThread "Common-Cleaner" daemon [_thread_blocked, id=14716, stack(0x0000002125c00000,0x0000002125d00000)]
  0x000001352391b800 JavaThread "Daemon health stats" [_thread_blocked, id=1012, stack(0x0000002125f00000,0x0000002126000000)]
  0x00000135240f1800 JavaThread "Incoming local TCP Connector on port 55950" [_thread_in_native, id=1760, stack(0x0000002126000000,0x0000002126100000)]
  0x000001352406c000 JavaThread "Daemon periodic checks" [_thread_blocked, id=3232, stack(0x0000002126100000,0x0000002126200000)]
  0x0000013523e43000 JavaThread "Daemon" [_thread_blocked, id=5080, stack(0x0000002126200000,0x0000002126300000)]
  0x0000013523e44000 JavaThread "Handler for socket connection from /127.0.0.1:55950 to /127.0.0.1:55951" [_thread_in_native, id=13780, stack(0x0000002126300000,0x0000002126400000)]
  0x0000013524e79800 JavaThread "Cancel handler" [_thread_blocked, id=3928, stack(0x0000002126400000,0x0000002126500000)]
  0x0000013523032000 JavaThread "Daemon worker" [_thread_blocked, id=13812, stack(0x0000002126500000,0x0000002126600000)]
  0x0000013523038800 JavaThread "Asynchronous log dispatcher for DefaultDaemonConnection: socket connection from /127.0.0.1:55950 to /127.0.0.1:55951" [_thread_blocked, id=7344, stack(0x0000002126600000,0x0000002126700000)]
  0x0000013523cc9800 JavaThread "Stdin handler" [_thread_blocked, id=10172, stack(0x0000002126700000,0x0000002126800000)]
  0x0000013523cbe000 JavaThread "Daemon client event forwarder" [_thread_blocked, id=14436, stack(0x0000002126800000,0x0000002126900000)]
  0x0000013523cbc000 JavaThread "Cache worker for journal cache (C:\Users\User\.gradle\caches\journal-1)" [_thread_blocked, id=1660, stack(0x0000002126900000,0x0000002126a00000)]
  0x0000013523cbd000 JavaThread "File lock request listener" [_thread_in_native, id=12176, stack(0x0000002126c00000,0x0000002126d00000)]
  0x0000013523cba800 JavaThread "Cache worker for file hash cache (C:\Users\User\.gradle\caches\7.5.1\fileHashes)" [_thread_blocked, id=6500, stack(0x0000002126d00000,0x0000002126e00000)]
  0x0000013523cba000 JavaThread "File watcher server" daemon [_thread_in_native, id=14876, stack(0x0000002126e00000,0x0000002126f00000)]
  0x0000013523cb9000 JavaThread "File watcher consumer" daemon [_thread_blocked, id=5704, stack(0x0000002126f00000,0x0000002127000000)]
  0x0000013523cbb800 JavaThread "Cache worker for checksums cache (C:\Users\User\ProjectMobileDevelopment\android\.gradle\7.5.1\checksums)" [_thread_blocked, id=9456, stack(0x0000002127000000,0x0000002127100000)]
  0x0000013523cb8000 JavaThread "Cache worker for cache directory md-rule (C:\Users\User\.gradle\caches\7.5.1\md-rule)" [_thread_blocked, id=8236, stack(0x0000002127100000,0x0000002127200000)]
  0x0000013523cbe800 JavaThread "Cache worker for file content cache (C:\Users\User\.gradle\caches\7.5.1\fileContent)" [_thread_blocked, id=6024, stack(0x0000002127200000,0x0000002127300000)]
  0x0000013523d50800 JavaThread "File lock release action executor" [_thread_blocked, id=2208, stack(0x0000002127300000,0x0000002127400000)]
  0x0000013523d4e000 JavaThread "Cache worker for file hash cache (C:\Users\User\ProjectMobileDevelopment\android\.gradle\7.5.1\fileHashes)" [_thread_blocked, id=8656, stack(0x0000002127400000,0x0000002127500000)]
  0x0000013523d51800 JavaThread "Cache worker for cache directory md-supplier (C:\Users\User\.gradle\caches\7.5.1\md-supplier)" [_thread_blocked, id=1796, stack(0x0000002127500000,0x0000002127600000)]
  0x0000013523d52000 JavaThread "Cache worker for execution history cache (C:\Users\User\.gradle\caches\7.5.1\executionHistory)" [_thread_blocked, id=15096, stack(0x0000002127600000,0x0000002127700000)]
  0x0000013523d4d800 JavaThread "jar transforms" [_thread_blocked, id=4496, stack(0x0000002127700000,0x0000002127800000)]
  0x0000013523d53000 JavaThread "jar transforms Thread 2" [_thread_blocked, id=13552, stack(0x0000002127800000,0x0000002127900000)]
  0x0000013523d54800 JavaThread "jar transforms Thread 3" [_thread_blocked, id=11092, stack(0x0000002127900000,0x0000002127a00000)]
  0x0000013523d55800 JavaThread "jar transforms Thread 4" [_thread_blocked, id=9748, stack(0x0000002127a00000,0x0000002127b00000)]
  0x0000013523d4f800 JavaThread "Cache worker for kotlin-dsl (C:\Users\User\.gradle\caches\7.5.1\kotlin-dsl)" [_thread_blocked, id=5464, stack(0x0000002127c00000,0x0000002127d00000)]
  0x0000013523d59800 JavaThread "Cache worker for dependencies-accessors (C:\Users\User\ProjectMobileDevelopment\android\.gradle\7.5.1\dependencies-accessors)" [_thread_blocked, id=11200, stack(0x0000002127d00000,0x0000002127e00000)]
  0x0000013523d58000 JavaThread "Cache worker for Build Output Cleanup Cache (C:\Users\User\ProjectMobileDevelopment\node_modules\react-native-gradle-plugin\.gradle\buildOutputCleanup)" [_thread_blocked, id=14592, stack(0x0000002127e00000,0x0000002127f00000)]
  0x0000013523d58800 JavaThread "Unconstrained build operations" [_thread_blocked, id=352, stack(0x0000002127f00000,0x0000002128000000)]
  0x0000013523d5a800 JavaThread "Unconstrained build operations Thread 2" [_thread_blocked, id=2572, stack(0x0000002128000000,0x0000002128100000)]
  0x0000013523d5b000 JavaThread "Unconstrained build operations Thread 3" [_thread_blocked, id=8324, stack(0x0000002128100000,0x0000002128200000)]
  0x0000013523d5c000 JavaThread "Unconstrained build operations Thread 4" [_thread_blocked, id=9448, stack(0x0000002128200000,0x0000002128300000)]
  0x0000013523d56000 JavaThread "Unconstrained build operations Thread 5" [_thread_blocked, id=5660, stack(0x0000002128300000,0x0000002128400000)]
  0x0000013523d57000 JavaThread "Unconstrained build operations Thread 6" [_thread_blocked, id=8996, stack(0x0000002128400000,0x0000002128500000)]
  0x0000013524f8e000 JavaThread "Unconstrained build operations Thread 7" [_thread_blocked, id=14696, stack(0x0000002128500000,0x0000002128600000)]
  0x0000013524f94800 JavaThread "Unconstrained build operations Thread 8" [_thread_blocked, id=11344, stack(0x0000002128600000,0x0000002128700000)]
  0x0000013524f90800 JavaThread "Unconstrained build operations Thread 9" [_thread_blocked, id=7860, stack(0x0000002128700000,0x0000002128800000)]
  0x0000013524f8f000 JavaThread "Unconstrained build operations Thread 10" [_thread_blocked, id=3404, stack(0x0000002128800000,0x0000002128900000)]
  0x0000013524f91800 JavaThread "Unconstrained build operations Thread 11" [_thread_blocked, id=5284, stack(0x0000002128900000,0x0000002128a00000)]
  0x0000013524f92000 JavaThread "Unconstrained build operations Thread 12" [_thread_blocked, id=8328, stack(0x0000002128a00000,0x0000002128b00000)]
  0x0000013524f93000 JavaThread "Unconstrained build operations Thread 13" [_thread_blocked, id=3564, stack(0x0000002128b00000,0x0000002128c00000)]
  0x0000013524f94000 JavaThread "Unconstrained build operations Thread 14" [_thread_blocked, id=11820, stack(0x0000002128c00000,0x0000002128d00000)]
  0x0000013524f95800 JavaThread "Unconstrained build operations Thread 15" [_thread_blocked, id=2164, stack(0x0000002128d00000,0x0000002128e00000)]
  0x0000013524f8f800 JavaThread "Unconstrained build operations Thread 16" [_thread_blocked, id=6052, stack(0x0000002128e00000,0x0000002128f00000)]
  0x0000013524f97000 JavaThread "Unconstrained build operations Thread 17" [_thread_blocked, id=13392, stack(0x0000002128f00000,0x0000002129000000)]
  0x0000013524f98000 JavaThread "Unconstrained build operations Thread 18" [_thread_blocked, id=14192, stack(0x0000002129000000,0x0000002129100000)]
  0x0000013524f96000 JavaThread "Unconstrained build operations Thread 19" [_thread_blocked, id=13424, stack(0x0000002129100000,0x0000002129200000)]
  0x0000013524f9d000 JavaThread "Unconstrained build operations Thread 20" [_thread_blocked, id=468, stack(0x0000002129200000,0x0000002129300000)]
  0x0000013524f98800 JavaThread "Unconstrained build operations Thread 21" [_thread_blocked, id=6164, stack(0x0000002129300000,0x0000002129400000)]
  0x0000013524f99800 JavaThread "Unconstrained build operations Thread 22" [_thread_blocked, id=6892, stack(0x0000002129400000,0x0000002129500000)]
  0x0000013524f9a800 JavaThread "Unconstrained build operations Thread 23" [_thread_blocked, id=9508, stack(0x0000002129500000,0x0000002129600000)]
  0x0000013524f9b000 JavaThread "Unconstrained build operations Thread 24" [_thread_blocked, id=3512, stack(0x0000002129600000,0x0000002129700000)]
  0x0000013524f9c000 JavaThread "Unconstrained build operations Thread 25" [_thread_blocked, id=13824, stack(0x0000002129700000,0x0000002129800000)]
  0x0000013525331800 JavaThread "Unconstrained build operations Thread 26" [_thread_blocked, id=14828, stack(0x0000002129800000,0x0000002129900000)]
  0x000001352532e800 JavaThread "Unconstrained build operations Thread 27" [_thread_blocked, id=5652, stack(0x0000002129900000,0x0000002129a00000)]
  0x0000013525330000 JavaThread "Unconstrained build operations Thread 28" [_thread_blocked, id=14496, stack(0x0000002129a00000,0x0000002129b00000)]
  0x0000013525333800 JavaThread "Unconstrained build operations Thread 29" [_thread_blocked, id=11224, stack(0x0000002129b00000,0x0000002129c00000)]
  0x0000013525332800 JavaThread "Unconstrained build operations Thread 30" [_thread_blocked, id=8660, stack(0x0000002129c00000,0x0000002129d00000)]
  0x000001352532f000 JavaThread "Unconstrained build operations Thread 31" [_thread_blocked, id=8616, stack(0x0000002129d00000,0x0000002129e00000)]
  0x000001352532d800 JavaThread "Unconstrained build operations Thread 32" [_thread_blocked, id=11364, stack(0x0000002129e00000,0x0000002129f00000)]
  0x0000013525335000 JavaThread "Unconstrained build operations Thread 33" [_thread_blocked, id=7336, stack(0x0000002129f00000,0x000000212a000000)]
  0x0000013525334000 JavaThread "build event listener" [_thread_blocked, id=8648, stack(0x000000212a000000,0x000000212a100000)]
  0x0000013525336800 JavaThread "Memory manager" [_thread_blocked, id=10260, stack(0x000000212a100000,0x000000212a200000)]
  0x0000013525331000 JavaThread "Cache worker for Build Output Cleanup Cache (C:\Users\User\ProjectMobileDevelopment\android\.gradle\buildOutputCleanup)" [_thread_blocked, id=9816, stack(0x000000212a200000,0x000000212a300000)]
  0x0000013525337800 JavaThread "included builds" [_thread_blocked, id=2272, stack(0x0000002124a00000,0x0000002124b00000)]
  0x000001352533a000 JavaThread "Execution worker" [_thread_blocked, id=14984, stack(0x0000002124b00000,0x0000002124c00000)]
  0x000001352533a800 JavaThread "Execution worker Thread 2" [_thread_blocked, id=10108, stack(0x000000212a300000,0x000000212a400000)]
  0x0000013525338000 JavaThread "Execution worker Thread 3" [_thread_blocked, id=3288, stack(0x000000212a400000,0x000000212a500000)]
  0x000001352533b800 JavaThread "Cache worker for execution history cache (C:\Users\User\ProjectMobileDevelopment\node_modules\react-native-gradle-plugin\.gradle\7.5.1\executionHistory)" [_thread_blocked, id=14448, stack(0x000000212a500000,0x000000212a600000)]
  0x000001352533c800 JavaThread "Unconstrained build operations Thread 34" [_thread_blocked, id=7364, stack(0x000000212a600000,0x000000212a700000)]
  0x0000013525339000 JavaThread "Unconstrained build operations Thread 35" [_thread_blocked, id=7448, stack(0x000000212a700000,0x000000212a800000)]
  0x00000135243ab000 JavaThread "Unconstrained build operations Thread 36" [_thread_blocked, id=6240, stack(0x000000212a800000,0x000000212a900000)]
  0x00000135243ad800 JavaThread "Unconstrained build operations Thread 37" [_thread_blocked, id=2036, stack(0x000000212a900000,0x000000212aa00000)]
  0x00000135243af000 JavaThread "Unconstrained build operations Thread 38" [_thread_blocked, id=6936, stack(0x000000212aa00000,0x000000212ab00000)]
  0x00000135243ae800 JavaThread "Unconstrained build operations Thread 39" [_thread_blocked, id=6384, stack(0x000000212ab00000,0x000000212ac00000)]
  0x00000135243a9800 JavaThread "Unconstrained build operations Thread 40" [_thread_blocked, id=9840, stack(0x000000212ac00000,0x000000212ad00000)]

Other Threads:
=>0x0000013522ca0000 VMThread "VM Thread" [stack: 0x0000002125300000,0x0000002125400000] [id=15132]
  0x0000013522fa6800 WatcherThread [stack: 0x0000002125d00000,0x0000002125e00000] [id=9212]
  0x0000013504d67000 GCTaskThread "GC Thread#0" [stack: 0x0000002124e00000,0x0000002124f00000] [id=12908]
  0x00000135232a0800 GCTaskThread "GC Thread#1" [stack: 0x0000002125e00000,0x0000002125f00000] [id=2504]
  0x0000013523cc4000 GCTaskThread "GC Thread#2" [stack: 0x0000002126a00000,0x0000002126b00000] [id=4508]
  0x000001352417a800 GCTaskThread "GC Thread#3" [stack: 0x0000002126b00000,0x0000002126c00000] [id=9192]
  0x0000013504d99000 ConcurrentGCThread "G1 Main Marker" [stack: 0x0000002124f00000,0x0000002125000000] [id=692]
  0x0000013504d9a000 ConcurrentGCThread "G1 Conc#0" [stack: 0x0000002125000000,0x0000002125100000] [id=5136]
  0x0000013504de0800 ConcurrentGCThread "G1 Refine#0" [stack: 0x0000002125100000,0x0000002125200000] [id=15348]
  0x0000013504de1800 ConcurrentGCThread "G1 Young RemSet Sampling" [stack: 0x0000002125200000,0x0000002125300000] [id=9972]

Threads with active compile tasks:
C1 CompilerThread0   124916 10787       3       java.lang.Class::getMethod (59 bytes)

VM state:at safepoint (normal execution)

VM Mutex/Monitor currently owned by a thread:  ([mutex/lock_event])
[0x0000013504d4d2d0] Threads_lock - owner thread: 0x0000013522ca0000
[0x0000013504d4d990] Heap_lock - owner thread: 0x0000013523032000

Heap address: 0x0000000080000000, size: 2048 MB, Compressed Oops mode: 32-bit
Narrow klass base: 0x0000000000000000, Narrow klass shift: 3
Compressed class space size: 528482304 Address: 0x0000000100000000

Heap:
 garbage-first heap   total 165888K, used 102498K [0x0000000080000000, 0x0000000100000000)
  region size 1024K, 1 young (1024K), 1 survivors (1024K)
 Metaspace       used 94041K, capacity 96818K, committed 96896K, reserved 600064K
  class space    used 12500K, capacity 13660K, committed 13696K, reserved 516096K
Heap Regions: E=young(eden), S=young(survivor), O=old, HS=humongous(starts), HC=humongous(continues), CS=collection set, F=free, A=archive, TAMS=top-at-mark-start (previous, next)
|   0|0x0000000080000000, 0x0000000080100000, 0x0000000080100000|100%|HS|  |TAMS 0x0000000080100000, 0x0000000080100000| Complete 
|   1|0x0000000080100000, 0x0000000080200000, 0x0000000080200000|100%|HC|  |TAMS 0x0000000080200000, 0x0000000080200000| Complete 
|   2|0x0000000080200000, 0x0000000080300000, 0x0000000080300000|100%|HC|  |TAMS 0x0000000080300000, 0x0000000080300000| Complete 
|   3|0x0000000080300000, 0x0000000080400000, 0x0000000080400000|100%| O|  |TAMS 0x0000000080400000, 0x0000000080400000| Untracked 
|   4|0x0000000080400000, 0x0000000080500000, 0x0000000080500000|100%| O|  |TAMS 0x0000000080500000, 0x0000000080500000| Untracked 
|   5|0x0000000080500000, 0x0000000080600000, 0x0000000080600000|100%| O|  |TAMS 0x0000000080600000, 0x0000000080600000| Untracked 
|   6|0x0000000080600000, 0x0000000080700000, 0x0000000080700000|100%| O|  |TAMS 0x0000000080700000, 0x0000000080700000| Untracked 
|   7|0x0000000080700000, 0x0000000080800000, 0x0000000080800000|100%| O|  |TAMS 0x0000000080800000, 0x0000000080800000| Untracked 
|   8|0x0000000080800000, 0x0000000080900000, 0x0000000080900000|100%| O|  |TAMS 0x0000000080900000, 0x0000000080900000| Untracked 
|   9|0x0000000080900000, 0x0000000080a00000, 0x0000000080a00000|100%| O|  |TAMS 0x0000000080a00000, 0x0000000080a00000| Untracked 
|  10|0x0000000080a00000, 0x0000000080b00000, 0x0000000080b00000|100%| O|  |TAMS 0x0000000080b00000, 0x0000000080b00000| Untracked 
|  11|0x0000000080b00000, 0x0000000080c00000, 0x0000000080c00000|100%| O|  |TAMS 0x0000000080c00000, 0x0000000080c00000| Untracked 
|  12|0x0000000080c00000, 0x0000000080d00000, 0x0000000080d00000|100%| O|  |TAMS 0x0000000080d00000, 0x0000000080d00000| Untracked 
|  13|0x0000000080d00000, 0x0000000080e00000, 0x0000000080e00000|100%| O|  |TAMS 0x0000000080e00000, 0x0000000080e00000| Untracked 
|  14|0x0000000080e00000, 0x0000000080f00000, 0x0000000080f00000|100%| O|  |TAMS 0x0000000080f00000, 0x0000000080f00000| Untracked 
|  15|0x0000000080f00000, 0x0000000081000000, 0x0000000081000000|100%| O|  |TAMS 0x0000000081000000, 0x0000000081000000| Untracked 
|  16|0x0000000081000000, 0x0000000081100000, 0x0000000081100000|100%| O|  |TAMS 0x0000000081100000, 0x0000000081100000| Untracked 
|  17|0x0000000081100000, 0x0000000081200000, 0x0000000081200000|100%| O|  |TAMS 0x0000000081200000, 0x0000000081200000| Untracked 
|  18|0x0000000081200000, 0x0000000081300000, 0x0000000081300000|100%| O|  |TAMS 0x0000000081300000, 0x0000000081300000| Untracked 
|  19|0x0000000081300000, 0x0000000081400000, 0x0000000081400000|100%| O|  |TAMS 0x0000000081400000, 0x0000000081400000| Untracked 
|  20|0x0000000081400000, 0x0000000081500000, 0x0000000081500000|100%| O|  |TAMS 0x0000000081500000, 0x0000000081500000| Untracked 
|  21|0x0000000081500000, 0x0000000081600000, 0x0000000081600000|100%| O|  |TAMS 0x0000000081600000, 0x0000000081600000| Untracked 
|  22|0x0000000081600000, 0x0000000081700000, 0x0000000081700000|100%| O|  |TAMS 0x0000000081700000, 0x0000000081700000| Untracked 
|  23|0x0000000081700000, 0x0000000081800000, 0x0000000081800000|100%| O|  |TAMS 0x0000000081800000, 0x0000000081800000| Untracked 
|  24|0x0000000081800000, 0x0000000081900000, 0x0000000081900000|100%| O|  |TAMS 0x0000000081900000, 0x0000000081900000| Untracked 
|  25|0x0000000081900000, 0x0000000081a00000, 0x0000000081a00000|100%| O|  |TAMS 0x0000000081a00000, 0x0000000081a00000| Untracked 
|  26|0x0000000081a00000, 0x0000000081b00000, 0x0000000081b00000|100%| O|  |TAMS 0x0000000081b00000, 0x0000000081b00000| Untracked 
|  27|0x0000000081b00000, 0x0000000081c00000, 0x0000000081c00000|100%| O|  |TAMS 0x0000000081c00000, 0x0000000081c00000| Untracked 
|  28|0x0000000081c00000, 0x0000000081d00000, 0x0000000081d00000|100%| O|  |TAMS 0x0000000081d00000, 0x0000000081d00000| Untracked 
|  29|0x0000000081d00000, 0x0000000081e00000, 0x0000000081e00000|100%| O|  |TAMS 0x0000000081e00000, 0x0000000081e00000| Untracked 
|  30|0x0000000081e00000, 0x0000000081f00000, 0x0000000081f00000|100%| O|  |TAMS 0x0000000081f00000, 0x0000000081f00000| Untracked 
|  31|0x0000000081f00000, 0x0000000082000000, 0x0000000082000000|100%| O|  |TAMS 0x0000000082000000, 0x0000000082000000| Untracked 
|  32|0x0000000082000000, 0x0000000082100000, 0x0000000082100000|100%|HS|  |TAMS 0x0000000082100000, 0x0000000082100000| Complete 
|  33|0x0000000082100000, 0x0000000082200000, 0x0000000082200000|100%|HS|  |TAMS 0x0000000082200000, 0x0000000082200000| Complete 
|  34|0x0000000082200000, 0x0000000082300000, 0x0000000082300000|100%|HC|  |TAMS 0x0000000082300000, 0x0000000082300000| Complete 
|  35|0x0000000082300000, 0x0000000082400000, 0x0000000082400000|100%|HC|  |TAMS 0x0000000082400000, 0x0000000082400000| Complete 
|  36|0x0000000082400000, 0x0000000082500000, 0x0000000082500000|100%| O|  |TAMS 0x0000000082500000, 0x0000000082500000| Untracked 
|  37|0x0000000082500000, 0x0000000082600000, 0x0000000082600000|100%| O|  |TAMS 0x0000000082600000, 0x0000000082600000| Untracked 
|  38|0x0000000082600000, 0x0000000082700000, 0x0000000082700000|100%| O|  |TAMS 0x0000000082700000, 0x0000000082700000| Untracked 
|  39|0x0000000082700000, 0x0000000082800000, 0x0000000082800000|100%| O|  |TAMS 0x0000000082800000, 0x0000000082800000| Untracked 
|  40|0x0000000082800000, 0x0000000082900000, 0x0000000082900000|100%| O|  |TAMS 0x0000000082900000, 0x0000000082900000| Untracked 
|  41|0x0000000082900000, 0x0000000082a00000, 0x0000000082a00000|100%| O|  |TAMS 0x0000000082a00000, 0x0000000082a00000| Untracked 
|  42|0x0000000082a00000, 0x0000000082b00000, 0x0000000082b00000|100%| O|  |TAMS 0x0000000082b00000, 0x0000000082b00000| Untracked 
|  43|0x0000000082b00000, 0x0000000082c00000, 0x0000000082c00000|100%| O|  |TAMS 0x0000000082c00000, 0x0000000082c00000| Untracked 
|  44|0x0000000082c00000, 0x0000000082d00000, 0x0000000082d00000|100%| O|  |TAMS 0x0000000082d00000, 0x0000000082d00000| Untracked 
|  45|0x0000000082d00000, 0x0000000082e00000, 0x0000000082e00000|100%| O|  |TAMS 0x0000000082e00000, 0x0000000082e00000| Untracked 
|  46|0x0000000082e00000, 0x0000000082f00000, 0x0000000082f00000|100%| O|  |TAMS 0x0000000082f00000, 0x0000000082f00000| Untracked 
|  47|0x0000000082f00000, 0x0000000083000000, 0x0000000083000000|100%| O|  |TAMS 0x0000000082fd8000, 0x0000000083000000| Untracked 
|  48|0x0000000083000000, 0x0000000083100000, 0x0000000083100000|100%| O|  |TAMS 0x0000000083100000, 0x0000000083100000| Untracked 
|  49|0x0000000083100000, 0x0000000083200000, 0x0000000083200000|100%| O|  |TAMS 0x0000000083200000, 0x0000000083200000| Untracked 
|  50|0x0000000083200000, 0x0000000083300000, 0x0000000083300000|100%| O|  |TAMS 0x0000000083300000, 0x0000000083300000| Untracked 
|  51|0x0000000083300000, 0x0000000083400000, 0x0000000083400000|100%| O|  |TAMS 0x0000000083400000, 0x0000000083400000| Untracked 
|  52|0x0000000083400000, 0x0000000083500000, 0x0000000083500000|100%| O|  |TAMS 0x0000000083400000, 0x0000000083500000| Untracked 
|  53|0x0000000083500000, 0x0000000083600000, 0x0000000083600000|100%|HS|  |TAMS 0x0000000083600000, 0x0000000083600000| Complete 
|  54|0x0000000083600000, 0x0000000083700000, 0x0000000083700000|100%|HS|  |TAMS 0x0000000083700000, 0x0000000083700000| Complete 
|  55|0x0000000083700000, 0x000000008373c400, 0x0000000083800000| 23%| O|  |TAMS 0x0000000083700000, 0x000000008373c400| Untracked 
|  56|0x0000000083800000, 0x0000000083900000, 0x0000000083900000|100%| O|  |TAMS 0x0000000083900000, 0x0000000083900000| Untracked 
|  57|0x0000000083900000, 0x0000000083a00000, 0x0000000083a00000|100%| O|  |TAMS 0x0000000083a00000, 0x0000000083a00000| Untracked 
|  58|0x0000000083a00000, 0x0000000083b00000, 0x0000000083b00000|100%| O|  |TAMS 0x0000000083b00000, 0x0000000083b00000| Untracked 
|  59|0x0000000083b00000, 0x0000000083c00000, 0x0000000083c00000|100%| O|  |TAMS 0x0000000083c00000, 0x0000000083c00000| Untracked 
|  60|0x0000000083c00000, 0x0000000083d00000, 0x0000000083d00000|100%| O|  |TAMS 0x0000000083d00000, 0x0000000083d00000| Untracked 
|  61|0x0000000083d00000, 0x0000000083e00000, 0x0000000083e00000|100%|HS|  |TAMS 0x0000000083e00000, 0x0000000083e00000| Complete 
|  62|0x0000000083e00000, 0x0000000083f00000, 0x0000000083f00000|100%|HC|  |TAMS 0x0000000083f00000, 0x0000000083f00000| Complete 
|  63|0x0000000083f00000, 0x0000000084000000, 0x0000000084000000|100%| O|  |TAMS 0x0000000084000000, 0x0000000084000000| Untracked 
|  64|0x0000000084000000, 0x0000000084100000, 0x0000000084100000|100%| O|  |TAMS 0x0000000084100000, 0x0000000084100000| Untracked 
|  65|0x0000000084100000, 0x0000000084200000, 0x0000000084200000|100%| O|  |TAMS 0x0000000084200000, 0x0000000084200000| Untracked 
|  66|0x0000000084200000, 0x0000000084300000, 0x0000000084300000|100%| O|  |TAMS 0x0000000084300000, 0x0000000084300000| Untracked 
|  67|0x0000000084300000, 0x0000000084400000, 0x0000000084400000|100%| O|  |TAMS 0x0000000084400000, 0x0000000084400000| Untracked 
|  68|0x0000000084400000, 0x0000000084500000, 0x0000000084500000|100%| O|  |TAMS 0x0000000084500000, 0x0000000084500000| Untracked 
|  69|0x0000000084500000, 0x0000000084600000, 0x0000000084600000|100%| O|  |TAMS 0x0000000084600000, 0x0000000084600000| Untracked 
|  70|0x0000000084600000, 0x0000000084700000, 0x0000000084700000|100%| O|  |TAMS 0x0000000084700000, 0x0000000084700000| Untracked 
|  71|0x0000000084700000, 0x0000000084800000, 0x0000000084800000|100%| O|  |TAMS 0x0000000084800000, 0x0000000084800000| Untracked 
|  72|0x0000000084800000, 0x0000000084900000, 0x0000000084900000|100%| O|  |TAMS 0x0000000084900000, 0x0000000084900000| Untracked 
|  73|0x0000000084900000, 0x0000000084a00000, 0x0000000084a00000|100%| O|  |TAMS 0x0000000084a00000, 0x0000000084a00000| Untracked 
|  74|0x0000000084a00000, 0x0000000084b00000, 0x0000000084b00000|100%| O|  |TAMS 0x0000000084b00000, 0x0000000084b00000| Untracked 
|  75|0x0000000084b00000, 0x0000000084c00000, 0x0000000084c00000|100%| O|  |TAMS 0x0000000084c00000, 0x0000000084c00000| Untracked 
|  76|0x0000000084c00000, 0x0000000084d00000, 0x0000000084d00000|100%| O|  |TAMS 0x0000000084d00000, 0x0000000084d00000| Untracked 
|  77|0x0000000084d00000, 0x0000000084e00000, 0x0000000084e00000|100%| O|  |TAMS 0x0000000084e00000, 0x0000000084e00000| Untracked 
|  78|0x0000000084e00000, 0x0000000084f00000, 0x0000000084f00000|100%| O|  |TAMS 0x0000000084f00000, 0x0000000084f00000| Untracked 
|  79|0x0000000084f00000, 0x0000000085000000, 0x0000000085000000|100%| O|  |TAMS 0x0000000085000000, 0x0000000085000000| Untracked 
|  80|0x0000000085000000, 0x0000000085100000, 0x0000000085100000|100%| O|  |TAMS 0x0000000085100000, 0x0000000085100000| Untracked 
|  81|0x0000000085100000, 0x0000000085200000, 0x0000000085200000|100%| O|  |TAMS 0x0000000085200000, 0x0000000085200000| Untracked 
|  82|0x0000000085200000, 0x0000000085300000, 0x0000000085300000|100%| O|  |TAMS 0x0000000085300000, 0x0000000085300000| Untracked 
|  83|0x0000000085300000, 0x0000000085400000, 0x0000000085400000|100%| O|  |TAMS 0x0000000085400000, 0x0000000085400000| Untracked 
|  84|0x0000000085400000, 0x0000000085500000, 0x0000000085500000|100%| O|  |TAMS 0x0000000085500000, 0x0000000085500000| Untracked 
|  85|0x0000000085500000, 0x0000000085600000, 0x0000000085600000|100%| O|  |TAMS 0x0000000085500000, 0x0000000085600000| Untracked 
|  86|0x0000000085600000, 0x0000000085600000, 0x0000000085700000|  0%| F|  |TAMS 0x0000000085600000, 0x0000000085600000| Untracked 
|  87|0x0000000085700000, 0x0000000085800000, 0x0000000085800000|100%|HS|  |TAMS 0x0000000085800000, 0x0000000085800000| Complete 
|  88|0x0000000085800000, 0x0000000085900000, 0x0000000085900000|100%|HS|  |TAMS 0x0000000085900000, 0x0000000085900000| Complete 
|  89|0x0000000085900000, 0x0000000085a00000, 0x0000000085a00000|100%|HS|  |TAMS 0x0000000085a00000, 0x0000000085a00000| Complete 
|  90|0x0000000085a00000, 0x0000000085b00000, 0x0000000085b00000|100%|HS|  |TAMS 0x0000000085b00000, 0x0000000085b00000| Complete 
|  91|0x0000000085b00000, 0x0000000085c00000, 0x0000000085c00000|100%|HC|  |TAMS 0x0000000085c00000, 0x0000000085c00000| Complete 
|  92|0x0000000085c00000, 0x0000000085d00000, 0x0000000085d00000|100%|HC|  |TAMS 0x0000000085d00000, 0x0000000085d00000| Complete 
|  93|0x0000000085d00000, 0x0000000085e00000, 0x0000000085e00000|100%| O|  |TAMS 0x0000000085e00000, 0x0000000085e00000| Untracked 
|  94|0x0000000085e00000, 0x0000000085f00000, 0x0000000085f00000|100%| O|  |TAMS 0x0000000085f00000, 0x0000000085f00000| Untracked 
|  95|0x0000000085f00000, 0x0000000085f00000, 0x0000000086000000|  0%| F|  |TAMS 0x0000000085f00000, 0x0000000085f00000| Untracked 
|  96|0x0000000086000000, 0x0000000086100000, 0x0000000086100000|100%| O|  |TAMS 0x0000000086100000, 0x0000000086100000| Untracked 
|  97|0x0000000086100000, 0x0000000086100000, 0x0000000086200000|  0%| F|  |TAMS 0x0000000086100000, 0x0000000086100000| Untracked 
|  98|0x0000000086200000, 0x0000000086300000, 0x0000000086300000|100%| O|  |TAMS 0x0000000086300000, 0x0000000086300000| Untracked 
|  99|0x0000000086300000, 0x0000000086400000, 0x0000000086400000|100%| O|  |TAMS 0x0000000086400000, 0x0000000086400000| Untracked 
| 100|0x0000000086400000, 0x0000000086500000, 0x0000000086500000|100%| O|  |TAMS 0x0000000086500000, 0x0000000086500000| Untracked 
| 101|0x0000000086500000, 0x0000000086600000, 0x0000000086600000|100%| O|  |TAMS 0x0000000086600000, 0x0000000086600000| Untracked 
| 102|0x0000000086600000, 0x0000000086700000, 0x0000000086700000|100%| O|  |TAMS 0x0000000086700000, 0x0000000086700000| Untracked 
| 103|0x0000000086700000, 0x0000000086700000, 0x0000000086800000|  0%| F|  |TAMS 0x0000000086700000, 0x0000000086700000| Untracked 
| 104|0x0000000086800000, 0x0000000086800000, 0x0000000086900000|  0%| F|  |TAMS 0x0000000086800000, 0x0000000086800000| Untracked 
| 105|0x0000000086900000, 0x0000000086900000, 0x0000000086a00000|  0%| F|  |TAMS 0x0000000086900000, 0x0000000086900000| Untracked 
| 106|0x0000000086a00000, 0x0000000086a00000, 0x0000000086b00000|  0%| F|  |TAMS 0x0000000086a00000, 0x0000000086a00000| Untracked 
| 107|0x0000000086b00000, 0x0000000086b00000, 0x0000000086c00000|  0%| F|  |TAMS 0x0000000086b00000, 0x0000000086b00000| Untracked 
| 108|0x0000000086c00000, 0x0000000086c00000, 0x0000000086d00000|  0%| F|  |TAMS 0x0000000086c00000, 0x0000000086c00000| Untracked 
| 109|0x0000000086d00000, 0x0000000086d00000, 0x0000000086e00000|  0%| F|  |TAMS 0x0000000086d00000, 0x0000000086d00000| Untracked 
| 110|0x0000000086e00000, 0x0000000086e00000, 0x0000000086f00000|  0%| F|  |TAMS 0x0000000086e00000, 0x0000000086e00000| Untracked 
| 111|0x0000000086f00000, 0x0000000086f00000, 0x0000000087000000|  0%| F|  |TAMS 0x0000000086f00000, 0x0000000086f00000| Untracked 
| 112|0x0000000087000000, 0x0000000087000000, 0x0000000087100000|  0%| F|  |TAMS 0x0000000087000000, 0x0000000087000000| Untracked 
| 113|0x0000000087100000, 0x0000000087100000, 0x0000000087200000|  0%| F|  |TAMS 0x0000000087100000, 0x0000000087100000| Untracked 
| 114|0x0000000087200000, 0x00000000872dc7a0, 0x0000000087300000| 86%| S|CS|TAMS 0x0000000087200000, 0x0000000087200000| Complete 
| 115|0x0000000087300000, 0x0000000087300000, 0x0000000087400000|  0%| F|  |TAMS 0x0000000087300000, 0x0000000087300000| Untracked 
| 116|0x0000000087400000, 0x0000000087400000, 0x0000000087500000|  0%| F|  |TAMS 0x0000000087400000, 0x0000000087400000| Untracked 
| 117|0x0000000087500000, 0x0000000087500000, 0x0000000087600000|  0%| F|  |TAMS 0x0000000087500000, 0x0000000087500000| Untracked 
| 118|0x0000000087600000, 0x0000000087600000, 0x0000000087700000|  0%| F|  |TAMS 0x0000000087600000, 0x0000000087600000| Untracked 

Card table byte_map: [0x000001351b830000,0x000001351bc30000] _byte_map_base: 0x000001351b430000

Marking Bits (Prev, Next): (CMBitMap*) 0x0000013504d90528, (CMBitMap*) 0x0000013504d90560
 Prev Bits: [0x000001351c030000, 0x000001351e030000)
 Next Bits: [0x000001351e030000, 0x0000013520030000)

Polling page: 0x0000013502c50000

Metaspace:

Usage:
  Non-class:     81.21 MB capacity,    79.63 MB ( 98%) used,     1.31 MB (  2%) free+waste,   275.69 KB ( <1%) overhead. 
      Class:     13.34 MB capacity,    12.21 MB ( 92%) used,     1.00 MB (  8%) free+waste,   131.50 KB ( <1%) overhead. 
       Both:     94.55 MB capacity,    91.84 MB ( 97%) used,     2.31 MB (  2%) free+waste,   407.19 KB ( <1%) overhead. 

Virtual space:
  Non-class space:       82.00 MB reserved,      81.25 MB (>99%) committed 
      Class space:      504.00 MB reserved,      13.38 MB (  3%) committed 
             Both:      586.00 MB reserved,      94.62 MB ( 16%) committed 

Chunk freelists:
   Non-Class:  5.25 KB
       Class:  0 bytes
        Both:  5.25 KB

CodeHeap 'non-profiled nmethods': size=120064Kb used=6599Kb max_used=6599Kb free=113464Kb
 bounds [0x0000013513ef0000, 0x0000013514570000, 0x000001351b430000]
CodeHeap 'profiled nmethods': size=120000Kb used=24046Kb max_used=24046Kb free=95953Kb
 bounds [0x000001350c9c0000, 0x000001350e140000, 0x0000013513ef0000]
CodeHeap 'non-nmethods': size=5696Kb used=2307Kb max_used=2358Kb free=3388Kb
 bounds [0x000001350c430000, 0x000001350c6a0000, 0x000001350c9c0000]
 total_blobs=11650 nmethods=10727 adapters=834
 compilation: enabled
              stopped_count=0, restarted_count=0
 full_count=0

Compilation events (10 events):
Event: 124.633 Thread 0x0000013522d5c800 nmethod 10782 0x000001350e139310 code [0x000001350e139540, 0x000001350e139d48]
Event: 124.633 Thread 0x0000013522d5c800 10783       3       org.codehaus.groovy.reflection.ReflectionUtils::lambda$makeAccessibleInPrivilegedAction$0 (5 bytes)
Event: 124.634 Thread 0x0000013522d5c800 nmethod 10783 0x000001350e13a110 code [0x000001350e13a340, 0x000001350e13aac8]
Event: 124.636 Thread 0x0000013522d5c800 10784       3       org.codehaus.groovy.runtime.metaclass.MetaMethodIndex::copyNonPrivateMethods (24 bytes)
Event: 124.636 Thread 0x0000013522d0d800 10785       4       org.codehaus.groovy.util.FastArray::copy (31 bytes)
Event: 124.636 Thread 0x0000013522d5c800 nmethod 10784 0x000001350e13ae90 code [0x000001350e13b040, 0x000001350e13b248]
Event: 124.639 Thread 0x0000013522d0d800 nmethod 10785 0x0000013514561790 code [0x0000013514561920, 0x0000013514561b38]
Event: 124.746 Thread 0x0000013522d5c800 10786       3       org.codehaus.groovy.runtime.callsite.CallSiteArray::replaceCallSite (18 bytes)
Event: 124.748 Thread 0x0000013522d5c800 nmethod 10786 0x000001350e13b390 code [0x000001350e13b540, 0x000001350e13b958]
Event: 124.835 Thread 0x0000013522d5c800 10787       3       java.lang.Class::getMethod (59 bytes)

GC Heap History (10 events):
Event: 122.597 GC heap after
{Heap after GC invocations=143 (full 0):
 garbage-first heap   total 121856K, used 100652K [0x0000000080000000, 0x0000000100000000)
  region size 1024K, 1 young (1024K), 1 survivors (1024K)
 Metaspace       used 93406K, capacity 95971K, committed 96128K, reserved 600064K
  class space    used 12394K, capacity 13438K, committed 13440K, reserved 516096K
}
Event: 122.879 GC heap before
{Heap before GC invocations=143 (full 0):
 garbage-first heap   total 121856K, used 105772K [0x0000000080000000, 0x0000000100000000)
  region size 1024K, 6 young (6144K), 1 survivors (1024K)
 Metaspace       used 93494K, capacity 96101K, committed 96256K, reserved 600064K
  class space    used 12409K, capacity 13502K, committed 13568K, reserved 516096K
}
Event: 122.886 GC heap after
{Heap after GC invocations=144 (full 0):
 garbage-first heap   total 121856K, used 101011K [0x0000000080000000, 0x0000000100000000)
  region size 1024K, 1 young (1024K), 1 survivors (1024K)
 Metaspace       used 93494K, capacity 96101K, committed 96256K, reserved 600064K
  class space    used 12409K, capacity 13502K, committed 13568K, reserved 516096K
}
Event: 123.449 GC heap before
{Heap before GC invocations=144 (full 0):
 garbage-first heap   total 121856K, used 106131K [0x0000000080000000, 0x0000000100000000)
  region size 1024K, 6 young (6144K), 1 survivors (1024K)
 Metaspace       used 93615K, capacity 96289K, committed 96512K, reserved 600064K
  class space    used 12442K, capacity 13550K, committed 13568K, reserved 516096K
}
Event: 123.461 GC heap after
{Heap after GC invocations=145 (full 0):
 garbage-first heap   total 121856K, used 101544K [0x0000000080000000, 0x0000000100000000)
  region size 1024K, 1 young (1024K), 1 survivors (1024K)
 Metaspace       used 93615K, capacity 96289K, committed 96512K, reserved 600064K
  class space    used 12442K, capacity 13550K, committed 13568K, reserved 516096K
}
Event: 124.160 GC heap before
{Heap before GC invocations=146 (full 0):
 garbage-first heap   total 121856K, used 105640K [0x0000000080000000, 0x0000000100000000)
  region size 1024K, 5 young (5120K), 1 survivors (1024K)
 Metaspace       used 93649K, capacity 96327K, committed 96640K, reserved 600064K
  class space    used 12448K, capacity 13583K, committed 13696K, reserved 516096K
}
Event: 124.164 GC heap after
{Heap after GC invocations=147 (full 0):
 garbage-first heap   total 121856K, used 101911K [0x0000000080000000, 0x0000000100000000)
  region size 1024K, 1 young (1024K), 1 survivors (1024K)
 Metaspace       used 93649K, capacity 96327K, committed 96640K, reserved 600064K
  class space    used 12448K, capacity 13583K, committed 13696K, reserved 516096K
}
Event: 124.594 GC heap before
{Heap before GC invocations=147 (full 0):
 garbage-first heap   total 121856K, used 106007K [0x0000000080000000, 0x0000000100000000)
  region size 1024K, 5 young (5120K), 1 survivors (1024K)
 Metaspace       used 93975K, capacity 96754K, committed 96896K, reserved 600064K
  class space    used 12494K, capacity 13660K, committed 13696K, reserved 516096K
}
Event: 124.612 GC heap after
{Heap after GC invocations=148 (full 0):
 garbage-first heap   total 121856K, used 102068K [0x0000000080000000, 0x0000000100000000)
  region size 1024K, 1 young (1024K), 1 survivors (1024K)
 Metaspace       used 93975K, capacity 96754K, committed 96896K, reserved 600064K
  class space    used 12494K, capacity 13660K, committed 13696K, reserved 516096K
}
Event: 124.835 GC heap before
{Heap before GC invocations=148 (full 0):
 garbage-first heap   total 121856K, used 106164K [0x0000000080000000, 0x0000000100000000)
  region size 1024K, 5 young (5120K), 1 survivors (1024K)
 Metaspace       used 94041K, capacity 96818K, committed 96896K, reserved 600064K
  class space    used 12500K, capacity 13660K, committed 13696K, reserved 516096K
}

Deoptimization events (10 events):
Event: 116.623 Thread 0x0000013523032000 Uncommon trap: reason=unstable_if action=reinterpret pc=0x00000135144d3d88 method=groovy.lang.MetaClassImpl.filterPropertyMethod(Ljava/lang/Object;ZZ)Ljava/lang/Object; @ 80 c2
Event: 120.822 Thread 0x0000013523032000 Uncommon trap: reason=unstable_if action=reinterpret pc=0x000001351435ae54 method=sun.net.www.protocol.jar.Handler.parseURL(Ljava/net/URL;Ljava/lang/String;II)V @ 116 c2
Event: 120.824 Thread 0x0000013523032000 Uncommon trap: reason=unstable_if action=reinterpret pc=0x00000135143fe568 method=java.util.regex.Pattern.escape(ZZZ)I @ 8 c2
Event: 123.150 Thread 0x0000013523032000 Uncommon trap: reason=class_check action=maybe_recompile pc=0x00000135144faed8 method=groovy.lang.MetaMethod.isStatic()Z @ 1 c2
Event: 123.154 Thread 0x0000013523032000 Uncommon trap: reason=class_check action=maybe_recompile pc=0x00000135144faed8 method=groovy.lang.MetaMethod.isStatic()Z @ 1 c2
Event: 124.277 Thread 0x0000013523032000 Uncommon trap: reason=unstable_if action=reinterpret pc=0x00000135144dc9b4 method=groovy.lang.MetaClassImpl.checkIfStdMethod(Lgroovy/lang/MetaMethod;)V @ 167 c2
Event: 124.287 Thread 0x0000013523032000 Uncommon trap: reason=unstable_if action=reinterpret pc=0x00000135144dfd30 method=groovy.lang.MetaClassImpl.checkIfStdMethod(Lgroovy/lang/MetaMethod;)V @ 167 c2
Event: 124.412 Thread 0x0000013523032000 Uncommon trap: reason=class_check action=maybe_recompile pc=0x00000135144faed8 method=groovy.lang.MetaMethod.isStatic()Z @ 1 c2
Event: 124.413 Thread 0x0000013523032000 Uncommon trap: reason=class_check action=maybe_recompile pc=0x00000135144faed8 method=groovy.lang.MetaMethod.isStatic()Z @ 1 c2
Event: 124.633 Thread 0x0000013523032000 Uncommon trap: reason=unstable_if action=reinterpret pc=0x0000013514423c9c method=java.lang.PublicMethods$MethodList.getMostSpecific()Ljava/lang/reflect/Method; @ 35 c2

Classes redefined (0 events):
No events

Internal exceptions (10 events):
Event: 124.624 Thread 0x0000013523032000 Exception <a 'java/lang/ClassNotFoundException'{0x000000008768cf18}: com/android/build/gradle/internal/CompileOptions$AgpDecoratedCustomizer> (0x000000008768cf18) thrown at [./open/src/hotspot/share/classfile/systemDictionary.cpp, line 226]
Event: 124.625 Thread 0x0000013523032000 Exception <a 'java/lang/ClassNotFoundException'{0x00000000876c4620}: com/android/build/gradle/internal/CompileOptions$AgpDecorated_DecoratedCustomizer> (0x00000000876c4620) thrown at [./open/src/hotspot/share/classfile/systemDictionary.cpp, line 226]
Event: 124.729 Thread 0x0000013523032000 Exception <a 'java/lang/ClassNotFoundException'{0x0000000087578f40}: com/android/build/gradle/internal/dsl/PackagingOptions$AgpDecorated_DecoratedBeanInfo> (0x0000000087578f40) thrown at [./open/src/hotspot/share/classfile/systemDictionary.cpp, line 226]
Event: 124.731 Thread 0x0000013523032000 Exception <a 'java/lang/ClassNotFoundException'{0x00000000875a1998}: com/android/build/gradle/internal/dsl/PackagingOptions$AgpDecoratedBeanInfo> (0x00000000875a1998) thrown at [./open/src/hotspot/share/classfile/systemDictionary.cpp, line 226]
Event: 124.733 Thread 0x0000013523032000 Exception <a 'java/lang/ClassNotFoundException'{0x00000000875c6870}: com/android/build/gradle/internal/dsl/PackagingOptionsBeanInfo> (0x00000000875c6870) thrown at [./open/src/hotspot/share/classfile/systemDictionary.cpp, line 226]
Event: 124.734 Thread 0x0000013523032000 Exception <a 'java/lang/ClassNotFoundException'{0x00000000875eb800}: com/android/build/gradle/internal/dsl/PackagingOptionsCustomizer> (0x00000000875eb800) thrown at [./open/src/hotspot/share/classfile/systemDictionary.cpp, line 226]
Event: 124.736 Thread 0x0000013523032000 Exception <a 'java/lang/ClassNotFoundException'{0x000000008741de68}: com/android/build/gradle/internal/dsl/PackagingOptions$AgpDecoratedCustomizer> (0x000000008741de68) thrown at [./open/src/hotspot/share/classfile/systemDictionary.cpp, line 226]
Event: 124.738 Thread 0x0000013523032000 Exception <a 'java/lang/ClassNotFoundException'{0x000000008745e908}: com/android/build/gradle/internal/dsl/PackagingOptions$AgpDecorated_DecoratedCustomizer> (0x000000008745e908) thrown at [./open/src/hotspot/share/classfile/systemDictionary.cpp, line 226
Event: 124.755 Thread 0x0000013523032000 Exception <a 'java/lang/ClassNotFoundException'{0x000000008730b1d8}: org/jetbrains/kotlin/gradle/plugin/sources/DefaultKotlinSourceSetBeanInfo> (0x000000008730b1d8) thrown at [./open/src/hotspot/share/classfile/systemDictionary.cpp, line 226]
Event: 124.757 Thread 0x0000013523032000 Exception <a 'java/lang/ClassNotFoundException'{0x0000000087341680}: org/jetbrains/kotlin/gradle/plugin/sources/DefaultKotlinSourceSetCustomizer> (0x0000000087341680) thrown at [./open/src/hotspot/share/classfile/systemDictionary.cpp, line 226]

Events (10 events):
Event: 124.760 loading class org/jetbrains/kotlin/gradle/plugin/sources/DefaultKotlinSourceSet$MetadataDependencyTransformation done
Event: 124.762 loading class org/jetbrains/kotlin/gradle/plugin/mpp/GranularMetadataTransformation
Event: 124.762 loading class org/jetbrains/kotlin/gradle/plugin/mpp/GranularMetadataTransformation done
Event: 124.765 loading class org/jetbrains/kotlin/gradle/plugin/KotlinSourceSet$Companion
Event: 124.765 loading class org/jetbrains/kotlin/gradle/plugin/KotlinSourceSet$Companion done
Event: 124.831 loading class groovy/runtime/metaclass/build_dxf8lhwt6rfj4vi0wee7n9ka$_shouldUseCommonInterfaceFromReanimated_closure7MetaClass
Event: 124.831 loading class groovy/runtime/metaclass/build_dxf8lhwt6rfj4vi0wee7n9ka$_shouldUseCommonInterfaceFromReanimated_closure7MetaClass done
Event: 124.833 loading class groovy/runtime/metaclass/java/util/TreeSetMetaClass
Event: 124.833 loading class groovy/runtime/metaclass/java/util/TreeSetMetaClass done
Event: 124.835 Executing VM operation: G1CollectForAllocation


Dynamic libraries:
0x00007ff774d50000 - 0x00007ff774d60000 	C:\Program Files\Java\jdk-11\bin\java.exe
0x00007ffc339d0000 - 0x00007ffc33bc8000 	C:\Windows\SYSTEM32\ntdll.dll
0x00007ffc33420000 - 0x00007ffc334df000 	C:\Windows\System32\KERNEL32.DLL
0x00007ffc31680000 - 0x00007ffc3195a000 	C:\Windows\System32\KERNELBASE.dll
0x00007ffc31420000 - 0x00007ffc31520000 	C:\Windows\System32\ucrtbase.dll
0x00007ffc29e50000 - 0x00007ffc29e68000 	C:\Program Files\Java\jdk-11\bin\jli.dll
0x00007ffc331a0000 - 0x00007ffc3324e000 	C:\Windows\System32\ADVAPI32.dll
0x00007ffc33590000 - 0x00007ffc3362e000 	C:\Windows\System32\msvcrt.dll
0x00007ffc33100000 - 0x00007ffc3319c000 	C:\Windows\System32\sechost.dll
0x00007ffc32f80000 - 0x00007ffc330a6000 	C:\Windows\System32\RPCRT4.dll
0x00007ffc33280000 - 0x00007ffc3341d000 	C:\Windows\System32\USER32.dll
0x00007ffc310e0000 - 0x00007ffc31102000 	C:\Windows\System32\win32u.dll
0x00007ffc330d0000 - 0x00007ffc330fb000 	C:\Windows\System32\GDI32.dll
0x00007ffc312c0000 - 0x00007ffc313d0000 	C:\Windows\System32\gdi32full.dll
0x00007ffc31990000 - 0x00007ffc31a2d000 	C:\Windows\System32\msvcp_win.dll
0x00007ffc1f010000 - 0x00007ffc1f2aa000 	C:\Windows\WinSxS\amd64_microsoft.windows.common-controls_6595b64144ccf1df_6.0.19041.1110_none_60b5254171f9507e\COMCTL32.dll
0x00007ffc28980000 - 0x00007ffc2898a000 	C:\Windows\SYSTEM32\VERSION.dll
0x00007ffc251f0000 - 0x00007ffc2520b000 	C:\Program Files\Java\jdk-11\bin\VCRUNTIME140.dll
0x00007ffc33250000 - 0x00007ffc33280000 	C:\Windows\System32\IMM32.DLL
0x00007ffc2bbb0000 - 0x00007ffc2bbbc000 	C:\Program Files\Java\jdk-11\bin\vcruntime140_1.dll
0x00007ffc24150000 - 0x00007ffc241de000 	C:\Program Files\Java\jdk-11\bin\msvcp140.dll
0x00007ffb97a40000 - 0x00007ffb985a8000 	C:\Program Files\Java\jdk-11\bin\server\jvm.dll
0x00007ffc31bf0000 - 0x00007ffc31bf8000 	C:\Windows\System32\PSAPI.DLL
0x00007ffc2bbd0000 - 0x00007ffc2bbd9000 	C:\Windows\SYSTEM32\WSOCK32.dll
0x00007ffc32c90000 - 0x00007ffc32cfb000 	C:\Windows\System32\WS2_32.dll
0x00007ffc28950000 - 0x00007ffc28977000 	C:\Windows\SYSTEM32\WINMM.dll
0x00007ffc2ef60000 - 0x00007ffc2ef72000 	C:\Windows\SYSTEM32\kernel.appcore.dll
0x00007ffc2bb70000 - 0x00007ffc2bb80000 	C:\Program Files\Java\jdk-11\bin\verify.dll
0x00007ffc27ff0000 - 0x00007ffc281d4000 	C:\Windows\SYSTEM32\DBGHELP.DLL
0x00007ffc1f6f0000 - 0x00007ffc1f724000 	C:\Windows\SYSTEM32\dbgcore.DLL
0x00007ffc31230000 - 0x00007ffc312b2000 	C:\Windows\System32\bcryptPrimitives.dll
0x00007ffc251c0000 - 0x00007ffc251e8000 	C:\Program Files\Java\jdk-11\bin\java.dll
0x00007ffc29e40000 - 0x00007ffc29e4a000 	C:\Program Files\Java\jdk-11\bin\jimage.dll
0x00007ffc249a0000 - 0x00007ffc249b7000 	C:\Program Files\Java\jdk-11\bin\zip.dll
0x00007ffc31cc0000 - 0x00007ffc32404000 	C:\Windows\System32\SHELL32.dll
0x00007ffc2f160000 - 0x00007ffc2f8f3000 	C:\Windows\SYSTEM32\windows.storage.dll
0x00007ffc33630000 - 0x00007ffc33984000 	C:\Windows\System32\combase.dll
0x00007ffc30980000 - 0x00007ffc309ae000 	C:\Windows\SYSTEM32\Wldp.dll
0x00007ffc32a30000 - 0x00007ffc32add000 	C:\Windows\System32\SHCORE.dll
0x00007ffc31c60000 - 0x00007ffc31cb5000 	C:\Windows\System32\shlwapi.dll
0x00007ffc31020000 - 0x00007ffc3103f000 	C:\Windows\SYSTEM32\profapi.dll
0x00007ffc24980000 - 0x00007ffc24999000 	C:\Program Files\Java\jdk-11\bin\net.dll
0x00007ffc25d40000 - 0x00007ffc25e4a000 	C:\Windows\SYSTEM32\WINHTTP.dll
0x00007ffc30760000 - 0x00007ffc307ca000 	C:\Windows\system32\mswsock.dll
0x00007ffc24960000 - 0x00007ffc24972000 	C:\Program Files\Java\jdk-11\bin\nio.dll
0x00007ffc29ef0000 - 0x00007ffc29f17000 	C:\Users\User\.gradle\native\e1d6ef7f7dcc3fd88c89a11ec53ec762bb8ba0a96d01ffa2cd45eb1d1d8dd5c5\windows-amd64\native-platform.dll
0x00007ffc07ab0000 - 0x00007ffc07bf4000 	C:\Users\User\.gradle\native\0d407fdbe67a94daf76414ababcb853783967236a71b16ec16e742cd7a986fd3\windows-amd64\native-platform-file-events.dll
0x00007ffc29a10000 - 0x00007ffc29a19000 	C:\Program Files\Java\jdk-11\bin\management.dll
0x00007ffc25730000 - 0x00007ffc2573b000 	C:\Program Files\Java\jdk-11\bin\management_ext.dll
0x00007ffc309c0000 - 0x00007ffc309d8000 	C:\Windows\SYSTEM32\CRYPTSP.dll
0x00007ffc300a0000 - 0x00007ffc300d4000 	C:\Windows\system32\rsaenh.dll
0x00007ffc31960000 - 0x00007ffc31987000 	C:\Windows\System32\bcrypt.dll
0x00007ffc30fe0000 - 0x00007ffc3100e000 	C:\Windows\SYSTEM32\USERENV.dll
0x00007ffc308f0000 - 0x00007ffc308fc000 	C:\Windows\SYSTEM32\CRYPTBASE.dll
0x00007ffc30470000 - 0x00007ffc304ac000 	C:\Windows\SYSTEM32\IPHLPAPI.DLL
0x00007ffc32af0000 - 0x00007ffc32af8000 	C:\Windows\System32\NSI.dll
0x00007ffc27fd0000 - 0x00007ffc27fe7000 	C:\Windows\SYSTEM32\dhcpcsvc6.DLL
0x00007ffc2aa20000 - 0x00007ffc2aa3d000 	C:\Windows\SYSTEM32\dhcpcsvc.DLL
0x00007ffc304b0000 - 0x00007ffc3057b000 	C:\Windows\SYSTEM32\DNSAPI.dll

dbghelp: loaded successfully - version: 4.0.5 - missing functions: none
symbol engine: initialized successfully - sym options: 0x614 - pdb path: .;C:\Program Files\Java\jdk-11\bin;C:\Windows\SYSTEM32;C:\Windows\WinSxS\amd64_microsoft.windows.common-controls_6595b64144ccf1df_6.0.19041.1110_none_60b5254171f9507e;C:\Program Files\Java\jdk-11\bin\server;C:\Users\User\.gradle\native\e1d6ef7f7dcc3fd88c89a11ec53ec762bb8ba0a96d01ffa2cd45eb1d1d8dd5c5\windows-amd64;C:\Users\User\.gradle\native\0d407fdbe67a94daf76414ababcb853783967236a71b16ec16e742cd7a986fd3\windows-amd64

VM Arguments:
jvm_args: -XX:MaxMetaspaceSize=512m --add-opens=java.base/java.util=ALL-UNNAMED --add-opens=java.base/java.lang=ALL-UNNAMED --add-opens=java.base/java.lang.invoke=ALL-UNNAMED --add-opens=java.base/java.util=ALL-UNNAMED --add-opens=java.prefs/java.util.prefs=ALL-UNNAMED --add-opens=java.prefs/java.util.prefs=ALL-UNNAMED --add-opens=java.base/java.nio.charset=ALL-UNNAMED --add-opens=java.base/java.net=ALL-UNNAMED --add-opens=java.base/java.util.concurrent.atomic=ALL-UNNAMED -Xmx2048m -Dfile.encoding=windows-1252 -Duser.country=US -Duser.language=en -Duser.variant 
java_command: org.gradle.launcher.daemon.bootstrap.GradleDaemon 7.5.1
java_class_path (initial): C:\Users\User\.gradle\wrapper\dists\gradle-7.5.1-all\1ehga6e77gqps5uk2kc5kf1vc\gradle-7.5.1\lib\gradle-launcher-7.5.1.jar
Launcher Type: SUN_STANDARD

[Global flags]
     intx CICompilerCount                          = 3                                         {product} {ergonomic}
   size_t CompressedClassSpaceSize                 = 528482304                                 {product} {ergonomic}
     uint ConcGCThreads                            = 1                                         {product} {ergonomic}
     uint G1ConcRefinementThreads                  = 4                                         {product} {ergonomic}
   size_t G1HeapRegionSize                         = 1048576                                   {product} {ergonomic}
    uintx GCDrainStackTargetSize                   = 64                                        {product} {ergonomic}
   size_t InitialHeapSize                          = 58720256                                  {product} {ergonomic}
   size_t MarkStackSize                            = 4194304                                   {product} {ergonomic}
   size_t MaxHeapSize                              = 2147483648                                {product} {command line}
   size_t MaxMetaspaceSize                         = 536870912                                 {product} {command line}
   size_t MaxNewSize                               = 1287651328                                {product} {ergonomic}
   size_t MinHeapDeltaBytes                        = 1048576                                   {product} {ergonomic}
    uintx NonNMethodCodeHeapSize                   = 5830732                                {pd product} {ergonomic}
    uintx NonProfiledCodeHeapSize                  = 122913754                              {pd product} {ergonomic}
    uintx ProfiledCodeHeapSize                     = 122913754                              {pd product} {ergonomic}
    uintx ReservedCodeCacheSize                    = 251658240                              {pd product} {ergonomic}
     bool SegmentedCodeCache                       = true                                      {product} {ergonomic}
     bool UseCompressedClassPointers               = true                                 {lp64_product} {ergonomic}
     bool UseCompressedOops                        = true                                 {lp64_product} {ergonomic}
     bool UseG1GC                                  = true                                      {product} {ergonomic}
     bool UseLargePagesIndividualAllocation        = false                                  {pd product} {ergonomic}

Logging:
Log output configuration:
 #0: stdout all=warning uptime,level,tags
 #1: stderr all=off uptime,level,tags

Environment Variables:
CLASSPATH=C:\Users\User\ProjectMobileDevelopment\android\\gradle\wrapper\gradle-wrapper.jar
PATH=C:\Users\User\ProjectMobileDevelopment\android\node_modules\.bin;C:\Users\User\ProjectMobileDevelopment\node_modules\.bin;C:\Users\User\node_modules\.bin;C:\Users\node_modules\.bin;C:\node_modules\.bin;C:\Program Files\nodejs;C:\Users\User\AppData\Roaming\npm;C:\Users\User\ProjectMobileDevelopment\node_modules\.bin;C:\Users\User\node_modules\.bin;C:\Users\node_modules\.bin;C:\node_modules\.bin;C:\Program Files\nodejs\node_modules\npm\node_modules\@npmcli\run-script\lib\node-gyp-bin;C:\Users\User\ProjectMobileDevelopment\node_modules\.bin;C:\Users\User\node_modules\.bin;C:\Users\node_modules\.bin;C:\node_modules\.bin;C:\Program Files\nodejs;C:\Users\User\AppData\Roaming\npm;C:\Users\User\ProjectMobileDevelopment\node_modules\.bin;C:\Users\User\node_modules\.bin;C:\Users\node_modules\.bin;C:\node_modules\.bin;C:\Program Files\nodejs\node_modules\npm\node_modules\@npmcli\run-script\lib\node-gyp-bin;C:\Program Files\Common Files\Oracle\Java\javapath;C:\Windows\system32;C:\Windows;C:\Windows\System32\Wbem;C:\Windows\System32\WindowsPowerShell\v1.0\;C:\Windows\System32\OpenSSH\;C:\Program Files\Microsoft SQL Server\150\Tools\Binn\;C:\Program Files\Git\cmd;C:\Program Files\nodejs\;C:\Users\User\AppData\Local\Android\Sdk\platform-tools;C:\Users\User\AppData\Local\Microsoft\WindowsApps;C:\Users\User\AppData\Local\Programs\Microsoft VS Code\bin;C:\Users\User\AppData\Roaming\npm;C:\Users\User\AppData\Local\Android\Sdk\platform-tools;
USERNAME=User
OS=Windows_NT
PROCESSOR_IDENTIFIER=AMD64 Family 23 Model 24 Stepping 1, AuthenticAMD



---------------  S Y S T E M  ---------------

OS: Windows 10 , 64 bit Build 19041 (10.0.19041.2788)
Hyper-V role detected

CPU:total 4 (initial active 4) (4 cores per cpu, 2 threads per core) family 23 model 24 stepping 1 microcode 0x0, cmov, cx8, fxsr, mmx, sse, sse2, sse3, ssse3, sse4.1, sse4.2, popcnt, avx, avx2, aes, clmul, mmxext, 3dnowpref, lzcnt, sse4a, ht, tsc, tscinvbit, tscinv, bmi1, bmi2, adx, s

Memory: 4k page, system-wide physical 3460M (152M free)
TotalPageFile size 14212M (AvailPageFile size 8M)
current process WorkingSet (physical memory assigned to process): 171M, peak: 285M
current process commit charge ("private bytes"): 393M, peak: 436M

vm_info: Java HotSpot(TM) 64-Bit Server VM (11.0.18+9-LTS-195) for windows-amd64 JRE (11.0.18+9-LTS-195), built on Dec  6 2022 15:50:58 by "mach5one" with MS VC++ 17.1 (VS2022)

END.
