#
# There is insufficient memory for the Java Runtime Environment to continue.
# Native memory allocation (malloc) failed to allocate 41456 bytes for Chunk::new
# Possible reasons:
#   The system is out of physical RAM or swap space
#   The process is running with CompressedOops enabled, and the Java Heap may be blocking the growth of the native heap
# Possible solutions:
#   Reduce memory load on the system
#   Increase physical memory or swap space
#   Check if swap backing store is full
#   Decrease Java heap size (-Xmx/-Xms)
#   Decrease number of Java threads
#   Decrease Java thread stack sizes (-Xss)
#   Set larger code cache with -XX:ReservedCodeCacheSize=
#   JVM is running with Unscaled Compressed Oops mode in which the Java heap is
#     placed in the first 4GB address space. The Java Heap base address is the
#     maximum limit for the native heap growth. Please use -XX:HeapBaseMinAddress
#     to set the Java Heap base and to place the Java Heap above 4GB virtual address.
# This output file may be truncated or incomplete.
#
#  Out of Memory Error (./open/src/hotspot/share/memory/arena.cpp:197), pid=14824, tid=4164
#
# JRE version: Java(TM) SE Runtime Environment 18.9 (11.0.18+9) (build 11.0.18+9-LTS-195)
# Java VM: Java HotSpot(TM) 64-Bit Server VM 18.9 (11.0.18+9-LTS-195, mixed mode, tiered, compressed oops, g1 gc, windows-amd64)
# No core dump will be written. Minidumps are not enabled by default on client versions of Windows
#

---------------  S U M M A R Y ------------

Command Line: -Xmx64m -Xms64m -Dorg.gradle.appname=gradlew org.gradle.wrapper.GradleWrapperMain app:installDebug -PreactNativeDevServerPort=8081

Host: AMD Ryzen 3 3250U with Radeon Graphics         , 4 cores, 3G,  Windows 10 , 64 bit Build 19041 (10.0.19041.2788)
Time: Tue Apr 25 00:23:36 2023 Malay Peninsula Standard Time elapsed time: 248.841412 seconds (0d 0h 4m 8s)

---------------  T H R E A D  ---------------

Current thread (0x0000028d02def000):  JavaThread "C2 CompilerThread0" daemon [_thread_in_native, id=4164, stack(0x000000aea2600000,0x000000aea2700000)]


Current CompileTask:
C2: 248841 1838       4       org.gradle.internal.logging.text.AbstractLineChoppingStyledTextOutput$1::execute (9 bytes)

Stack: [0x000000aea2600000,0x000000aea2700000]
Native frames: (J=compiled Java code, j=interpreted, Vv=VM code, C=native code)
V  [jvm.dll+0x65d8aa]
V  [jvm.dll+0x79fc1f]
V  [jvm.dll+0x7a12e9]
V  [jvm.dll+0x7a1983]
V  [jvm.dll+0x2585b5]
V  [jvm.dll+0xb284c]
V  [jvm.dll+0xb2e0c]
V  [jvm.dll+0x365ddf]
V  [jvm.dll+0x1a1f05]
V  [jvm.dll+0x2114fd]
V  [jvm.dll+0x210378]
V  [jvm.dll+0x18c641]
V  [jvm.dll+0x220609]
V  [jvm.dll+0x21e92c]
V  [jvm.dll+0x763f61]
V  [jvm.dll+0x75c924]
V  [jvm.dll+0x65c755]
C  [ucrtbase.dll+0x21bb2]
C  [KERNEL32.DLL+0x17604]
C  [ntdll.dll+0x526a1]


---------------  P R O C E S S  ---------------

Threads class SMR info:
_java_thread_list=0x0000028d04302550, length=13, elements={
0x0000028d6976e000, 0x0000028d02d6d800, 0x0000028d02d97800, 0x0000028d02dea800,
0x0000028d02deb800, 0x0000028d02dec800, 0x0000028d02def000, 0x0000028d02f58800,
0x0000028d02e3e800, 0x0000028d03082000, 0x0000028d03c6f000, 0x0000028d03f9f000,
0x0000028d031b6800
}

Java Threads: ( => current thread )
  0x0000028d6976e000 JavaThread "main" [_thread_blocked, id=13580, stack(0x000000aea1a00000,0x000000aea1b00000)]
  0x0000028d02d6d800 JavaThread "Reference Handler" daemon [_thread_blocked, id=10296, stack(0x000000aea2100000,0x000000aea2200000)]
  0x0000028d02d97800 JavaThread "Finalizer" daemon [_thread_blocked, id=352, stack(0x000000aea2200000,0x000000aea2300000)]
  0x0000028d02dea800 JavaThread "Signal Dispatcher" daemon [_thread_blocked, id=13652, stack(0x000000aea2300000,0x000000aea2400000)]
  0x0000028d02deb800 JavaThread "Attach Listener" daemon [_thread_blocked, id=8324, stack(0x000000aea2400000,0x000000aea2500000)]
  0x0000028d02dec800 JavaThread "Service Thread" daemon [_thread_blocked, id=14592, stack(0x000000aea2500000,0x000000aea2600000)]
=>0x0000028d02def000 JavaThread "C2 CompilerThread0" daemon [_thread_in_native, id=4164, stack(0x000000aea2600000,0x000000aea2700000)]
  0x0000028d02f58800 JavaThread "C1 CompilerThread0" daemon [_thread_blocked, id=12960, stack(0x000000aea2700000,0x000000aea2800000)]
  0x0000028d02e3e800 JavaThread "Sweeper thread" daemon [_thread_blocked, id=8420, stack(0x000000aea2800000,0x000000aea2900000)]
  0x0000028d03082000 JavaThread "Common-Cleaner" daemon [_thread_blocked, id=8044, stack(0x000000aea2a00000,0x000000aea2b00000)]
  0x0000028d03c6f000 JavaThread "pool-1-thread-1" [_thread_in_native, id=10132, stack(0x000000aea2c00000,0x000000aea2d00000)]
  0x0000028d03f9f000 JavaThread "DisconnectableInputStream source reader" daemon [_thread_in_native, id=2488, stack(0x000000aea3200000,0x000000aea3300000)]
  0x0000028d031b6800 JavaThread "Forward input" [_thread_blocked, id=9812, stack(0x000000aea3300000,0x000000aea3400000)]

Other Threads:
  0x0000028d02d69000 VMThread "VM Thread" [stack: 0x000000aea2000000,0x000000aea2100000] [id=14408]
  0x0000028d03081000 WatcherThread [stack: 0x000000aea2900000,0x000000aea2a00000] [id=13872]
  0x0000028d69783000 GCTaskThread "GC Thread#0" [stack: 0x000000aea1b00000,0x000000aea1c00000] [id=13396]
  0x0000028d0328d800 GCTaskThread "GC Thread#1" [stack: 0x000000aea2b00000,0x000000aea2c00000] [id=2128]
  0x0000028d02fc2000 GCTaskThread "GC Thread#2" [stack: 0x000000aea2d00000,0x000000aea2e00000] [id=12756]
  0x0000028d02fc2800 GCTaskThread "GC Thread#3" [stack: 0x000000aea2e00000,0x000000aea2f00000] [id=10336]
  0x0000028d6978a000 ConcurrentGCThread "G1 Main Marker" [stack: 0x000000aea1c00000,0x000000aea1d00000] [id=12404]
  0x0000028d6978b000 ConcurrentGCThread "G1 Conc#0" [stack: 0x000000aea1d00000,0x000000aea1e00000] [id=6480]
  0x0000028d697de800 ConcurrentGCThread "G1 Refine#0" [stack: 0x000000aea1e00000,0x000000aea1f00000] [id=7680]
  0x0000028d03c74800 ConcurrentGCThread "G1 Refine#1" [stack: 0x000000aea3000000,0x000000aea3100000] [id=5216]
  0x0000028d03336800 ConcurrentGCThread "G1 Refine#2" [stack: 0x000000aea3100000,0x000000aea3200000] [id=3088]
  0x0000028d697e1800 ConcurrentGCThread "G1 Young RemSet Sampling" [stack: 0x000000aea1f00000,0x000000aea2000000] [id=8780]

Threads with active compile tasks:
C2 CompilerThread0   248894 1838       4       org.gradle.internal.logging.text.AbstractLineChoppingStyledTextOutput$1::execute (9 bytes)

VM state:not at safepoint (normal execution)

VM Mutex/Monitor currently owned by a thread: None

Heap address: 0x00000000fc000000, size: 64 MB, Compressed Oops mode: 32-bit
Narrow klass base: 0x0000000000000000, Narrow klass shift: 3
Compressed class space size: 1073741824 Address: 0x0000000100000000

Heap:
 garbage-first heap   total 65536K, used 16491K [0x00000000fc000000, 0x0000000100000000)
  region size 1024K, 11 young (11264K), 5 survivors (5120K)
 Metaspace       used 17510K, capacity 17829K, committed 18048K, reserved 1064960K
  class space    used 1962K, capacity 2102K, committed 2176K, reserved 1048576K
Heap Regions: E=young(eden), S=young(survivor), O=old, HS=humongous(starts), HC=humongous(continues), CS=collection set, F=free, A=archive, TAMS=top-at-mark-start (previous, next)
|   0|0x00000000fc000000, 0x00000000fc100000, 0x00000000fc100000|100%|HS|  |TAMS 0x00000000fc000000, 0x00000000fc000000| Complete 
|   1|0x00000000fc100000, 0x00000000fc200000, 0x00000000fc200000|100%|HC|  |TAMS 0x00000000fc100000, 0x00000000fc100000| Complete 
|   2|0x00000000fc200000, 0x00000000fc300000, 0x00000000fc300000|100%|HC|  |TAMS 0x00000000fc200000, 0x00000000fc200000| Complete 
|   3|0x00000000fc300000, 0x00000000fc400000, 0x00000000fc400000|100%| O|  |TAMS 0x00000000fc300000, 0x00000000fc300000| Untracked 
|   4|0x00000000fc400000, 0x00000000fc500000, 0x00000000fc500000|100%| O|  |TAMS 0x00000000fc400000, 0x00000000fc400000| Untracked 
|   5|0x00000000fc500000, 0x00000000fc600000, 0x00000000fc600000|100%| O|  |TAMS 0x00000000fc500000, 0x00000000fc500000| Untracked 
|   6|0x00000000fc600000, 0x00000000fc61ae00, 0x00000000fc700000| 10%| O|  |TAMS 0x00000000fc600000, 0x00000000fc600000| Untracked 
|   7|0x00000000fc700000, 0x00000000fc700000, 0x00000000fc800000|  0%| F|  |TAMS 0x00000000fc700000, 0x00000000fc700000| Untracked 
|   8|0x00000000fc800000, 0x00000000fc800000, 0x00000000fc900000|  0%| F|  |TAMS 0x00000000fc800000, 0x00000000fc800000| Untracked 
|   9|0x00000000fc900000, 0x00000000fc900000, 0x00000000fca00000|  0%| F|  |TAMS 0x00000000fc900000, 0x00000000fc900000| Untracked 
|  10|0x00000000fca00000, 0x00000000fca00000, 0x00000000fcb00000|  0%| F|  |TAMS 0x00000000fca00000, 0x00000000fca00000| Untracked 
|  11|0x00000000fcb00000, 0x00000000fcb00000, 0x00000000fcc00000|  0%| F|  |TAMS 0x00000000fcb00000, 0x00000000fcb00000| Untracked 
|  12|0x00000000fcc00000, 0x00000000fcc00000, 0x00000000fcd00000|  0%| F|  |TAMS 0x00000000fcc00000, 0x00000000fcc00000| Untracked 
|  13|0x00000000fcd00000, 0x00000000fcd00000, 0x00000000fce00000|  0%| F|  |TAMS 0x00000000fcd00000, 0x00000000fcd00000| Untracked 
|  14|0x00000000fce00000, 0x00000000fce00000, 0x00000000fcf00000|  0%| F|  |TAMS 0x00000000fce00000, 0x00000000fce00000| Untracked 
|  15|0x00000000fcf00000, 0x00000000fcf00000, 0x00000000fd000000|  0%| F|  |TAMS 0x00000000fcf00000, 0x00000000fcf00000| Untracked 
|  16|0x00000000fd000000, 0x00000000fd000000, 0x00000000fd100000|  0%| F|  |TAMS 0x00000000fd000000, 0x00000000fd000000| Untracked 
|  17|0x00000000fd100000, 0x00000000fd100000, 0x00000000fd200000|  0%| F|  |TAMS 0x00000000fd100000, 0x00000000fd100000| Untracked 
|  18|0x00000000fd200000, 0x00000000fd200000, 0x00000000fd300000|  0%| F|  |TAMS 0x00000000fd200000, 0x00000000fd200000| Untracked 
|  19|0x00000000fd300000, 0x00000000fd300000, 0x00000000fd400000|  0%| F|  |TAMS 0x00000000fd300000, 0x00000000fd300000| Untracked 
|  20|0x00000000fd400000, 0x00000000fd400000, 0x00000000fd500000|  0%| F|  |TAMS 0x00000000fd400000, 0x00000000fd400000| Untracked 
|  21|0x00000000fd500000, 0x00000000fd600000, 0x00000000fd600000|100%| S|CS|TAMS 0x00000000fd500000, 0x00000000fd500000| Complete 
|  22|0x00000000fd600000, 0x00000000fd700000, 0x00000000fd700000|100%| S|CS|TAMS 0x00000000fd600000, 0x00000000fd600000| Complete 
|  23|0x00000000fd700000, 0x00000000fd800000, 0x00000000fd800000|100%| S|CS|TAMS 0x00000000fd700000, 0x00000000fd700000| Complete 
|  24|0x00000000fd800000, 0x00000000fd900000, 0x00000000fd900000|100%| S|CS|TAMS 0x00000000fd800000, 0x00000000fd800000| Complete 
|  25|0x00000000fd900000, 0x00000000fda00000, 0x00000000fda00000|100%| S|CS|TAMS 0x00000000fd900000, 0x00000000fd900000| Complete 
|  26|0x00000000fda00000, 0x00000000fda00000, 0x00000000fdb00000|  0%| F|  |TAMS 0x00000000fda00000, 0x00000000fda00000| Untracked 
|  27|0x00000000fdb00000, 0x00000000fdb00000, 0x00000000fdc00000|  0%| F|  |TAMS 0x00000000fdb00000, 0x00000000fdb00000| Untracked 
|  28|0x00000000fdc00000, 0x00000000fdc00000, 0x00000000fdd00000|  0%| F|  |TAMS 0x00000000fdc00000, 0x00000000fdc00000| Untracked 
|  29|0x00000000fdd00000, 0x00000000fdd00000, 0x00000000fde00000|  0%| F|  |TAMS 0x00000000fdd00000, 0x00000000fdd00000| Untracked 
|  30|0x00000000fde00000, 0x00000000fde00000, 0x00000000fdf00000|  0%| F|  |TAMS 0x00000000fde00000, 0x00000000fde00000| Untracked 
|  31|0x00000000fdf00000, 0x00000000fdf00000, 0x00000000fe000000|  0%| F|  |TAMS 0x00000000fdf00000, 0x00000000fdf00000| Untracked 
|  32|0x00000000fe000000, 0x00000000fe000000, 0x00000000fe100000|  0%| F|  |TAMS 0x00000000fe000000, 0x00000000fe000000| Untracked 
|  33|0x00000000fe100000, 0x00000000fe100000, 0x00000000fe200000|  0%| F|  |TAMS 0x00000000fe100000, 0x00000000fe100000| Untracked 
|  34|0x00000000fe200000, 0x00000000fe200000, 0x00000000fe300000|  0%| F|  |TAMS 0x00000000fe200000, 0x00000000fe200000| Untracked 
|  35|0x00000000fe300000, 0x00000000fe300000, 0x00000000fe400000|  0%| F|  |TAMS 0x00000000fe300000, 0x00000000fe300000| Untracked 
|  36|0x00000000fe400000, 0x00000000fe400000, 0x00000000fe500000|  0%| F|  |TAMS 0x00000000fe400000, 0x00000000fe400000| Untracked 
|  37|0x00000000fe500000, 0x00000000fe500000, 0x00000000fe600000|  0%| F|  |TAMS 0x00000000fe500000, 0x00000000fe500000| Untracked 
|  38|0x00000000fe600000, 0x00000000fe600000, 0x00000000fe700000|  0%| F|  |TAMS 0x00000000fe600000, 0x00000000fe600000| Untracked 
|  39|0x00000000fe700000, 0x00000000fe700000, 0x00000000fe800000|  0%| F|  |TAMS 0x00000000fe700000, 0x00000000fe700000| Untracked 
|  40|0x00000000fe800000, 0x00000000fe800000, 0x00000000fe900000|  0%| F|  |TAMS 0x00000000fe800000, 0x00000000fe800000| Untracked 
|  41|0x00000000fe900000, 0x00000000fe900000, 0x00000000fea00000|  0%| F|  |TAMS 0x00000000fe900000, 0x00000000fe900000| Untracked 
|  42|0x00000000fea00000, 0x00000000fea00000, 0x00000000feb00000|  0%| F|  |TAMS 0x00000000fea00000, 0x00000000fea00000| Untracked 
|  43|0x00000000feb00000, 0x00000000feb00000, 0x00000000fec00000|  0%| F|  |TAMS 0x00000000feb00000, 0x00000000feb00000| Untracked 
|  44|0x00000000fec00000, 0x00000000fec00000, 0x00000000fed00000|  0%| F|  |TAMS 0x00000000fec00000, 0x00000000fec00000| Untracked 
|  45|0x00000000fed00000, 0x00000000fed00000, 0x00000000fee00000|  0%| F|  |TAMS 0x00000000fed00000, 0x00000000fed00000| Untracked 
|  46|0x00000000fee00000, 0x00000000fee00000, 0x00000000fef00000|  0%| F|  |TAMS 0x00000000fee00000, 0x00000000fee00000| Untracked 
|  47|0x00000000fef00000, 0x00000000fef00000, 0x00000000ff000000|  0%| F|  |TAMS 0x00000000fef00000, 0x00000000fef00000| Untracked 
|  48|0x00000000ff000000, 0x00000000ff000000, 0x00000000ff100000|  0%| F|  |TAMS 0x00000000ff000000, 0x00000000ff000000| Untracked 
|  49|0x00000000ff100000, 0x00000000ff100000, 0x00000000ff200000|  0%| F|  |TAMS 0x00000000ff100000, 0x00000000ff100000| Untracked 
|  50|0x00000000ff200000, 0x00000000ff200000, 0x00000000ff300000|  0%| F|  |TAMS 0x00000000ff200000, 0x00000000ff200000| Untracked 
|  51|0x00000000ff300000, 0x00000000ff300000, 0x00000000ff400000|  0%| F|  |TAMS 0x00000000ff300000, 0x00000000ff300000| Untracked 
|  52|0x00000000ff400000, 0x00000000ff400000, 0x00000000ff500000|  0%| F|  |TAMS 0x00000000ff400000, 0x00000000ff400000| Untracked 
|  53|0x00000000ff500000, 0x00000000ff500000, 0x00000000ff600000|  0%| F|  |TAMS 0x00000000ff500000, 0x00000000ff500000| Untracked 
|  54|0x00000000ff600000, 0x00000000ff600000, 0x00000000ff700000|  0%| F|  |TAMS 0x00000000ff600000, 0x00000000ff600000| Untracked 
|  55|0x00000000ff700000, 0x00000000ff700000, 0x00000000ff800000|  0%| F|  |TAMS 0x00000000ff700000, 0x00000000ff700000| Untracked 
|  56|0x00000000ff800000, 0x00000000ff800000, 0x00000000ff900000|  0%| F|  |TAMS 0x00000000ff800000, 0x00000000ff800000| Untracked 
|  57|0x00000000ff900000, 0x00000000ff900000, 0x00000000ffa00000|  0%| F|  |TAMS 0x00000000ff900000, 0x00000000ff900000| Untracked 
|  58|0x00000000ffa00000, 0x00000000ffa81190, 0x00000000ffb00000| 50%| E|  |TAMS 0x00000000ffa00000, 0x00000000ffa00000| Complete 
|  59|0x00000000ffb00000, 0x00000000ffc00000, 0x00000000ffc00000|100%| E|CS|TAMS 0x00000000ffb00000, 0x00000000ffb00000| Complete 
|  60|0x00000000ffc00000, 0x00000000ffd00000, 0x00000000ffd00000|100%| E|CS|TAMS 0x00000000ffc00000, 0x00000000ffc00000| Complete 
|  61|0x00000000ffd00000, 0x00000000ffe00000, 0x00000000ffe00000|100%| E|CS|TAMS 0x00000000ffd00000, 0x00000000ffd00000| Complete 
|  62|0x00000000ffe00000, 0x00000000fff00000, 0x00000000fff00000|100%| E|CS|TAMS 0x00000000ffe00000, 0x00000000ffe00000| Complete 
|  63|0x00000000fff00000, 0x0000000100000000, 0x0000000100000000|100%| E|CS|TAMS 0x00000000fff00000, 0x00000000fff00000| Complete 

Card table byte_map: [0x0000028d69590000,0x0000028d695b0000] _byte_map_base: 0x0000028d68db0000

Marking Bits (Prev, Next): (CMBitMap*) 0x0000028d69788c58, (CMBitMap*) 0x0000028d69788c90
 Prev Bits: [0x0000028d695d0000, 0x0000028d696d0000)
 Next Bits: [0x0000028d7fe50000, 0x0000028d7ff50000)

Polling page: 0x0000028d67900000

Metaspace:

Usage:
  Non-class:     15.36 MB capacity,    15.18 MB ( 99%) used,   152.51 KB ( <1%) free+waste,    26.50 KB ( <1%) overhead. 
      Class:      2.05 MB capacity,     1.92 MB ( 93%) used,   125.79 KB (  6%) free+waste,    13.38 KB ( <1%) overhead. 
       Both:     17.41 MB capacity,    17.10 MB ( 98%) used,   278.30 KB (  2%) free+waste,    39.88 KB ( <1%) overhead. 

Virtual space:
  Non-class space:       16.00 MB reserved,      15.50 MB ( 97%) committed 
      Class space:        1.00 GB reserved,       2.12 MB ( <1%) committed 
             Both:        1.02 GB reserved,      17.62 MB (  2%) committed 

Chunk freelists:
   Non-Class:  2.12 KB
       Class:  1.25 KB
        Both:  3.38 KB

CodeHeap 'non-profiled nmethods': size=120064Kb used=613Kb max_used=613Kb free=119450Kb
 bounds [0x0000028d78910000, 0x0000028d78b80000, 0x0000028d7fe50000]
CodeHeap 'profiled nmethods': size=120000Kb used=3673Kb max_used=3673Kb free=116326Kb
 bounds [0x0000028d713e0000, 0x0000028d71780000, 0x0000028d78910000]
CodeHeap 'non-nmethods': size=5696Kb used=1122Kb max_used=1133Kb free=4574Kb
 bounds [0x0000028d70e50000, 0x0000028d710c0000, 0x0000028d713e0000]
 total_blobs=2282 nmethods=1837 adapters=356
 compilation: enabled
              stopped_count=0, restarted_count=0
 full_count=0

Compilation events (10 events):
Event: 248.640 Thread 0x0000028d02f58800 nmethod 1833 0x0000028d789a8990 code [0x0000028d789a8b20, 0x0000028d789a8bd8]
Event: 248.679 Thread 0x0000028d02f58800 1835       3       sun.nio.cs.StreamEncoder::implWrite (137 bytes)
Event: 248.680 Thread 0x0000028d02f58800 nmethod 1835 0x0000028d71774910 code [0x0000028d71774b40, 0x0000028d71775368]
Event: 248.692 Thread 0x0000028d02def000 1836       4       org.gradle.internal.logging.text.AbstractLineChoppingStyledTextOutput$StateContext::isCurrentCharEquals (70 bytes)
Event: 248.694 Thread 0x0000028d02def000 nmethod 1836 0x0000028d789a8e90 code [0x0000028d789a9020, 0x0000028d789a9148]
Event: 248.708 Thread 0x0000028d02def000 1837       4       org.gradle.internal.logging.text.AbstractLineChoppingStyledTextOutput$StateContext::hasChar (25 bytes)
Event: 248.709 Thread 0x0000028d02def000 nmethod 1837 0x0000028d789a9310 code [0x0000028d789a9480, 0x0000028d789a9518]
Event: 248.710 Thread 0x0000028d02f58800 1839       3       sun.nio.cs.StreamEncoder::writeBytes (132 bytes)
Event: 248.710 Thread 0x0000028d02def000 1838       4       org.gradle.internal.logging.text.AbstractLineChoppingStyledTextOutput$1::execute (9 bytes)
Event: 248.711 Thread 0x0000028d02f58800 nmethod 1839 0x0000028d71775610 code [0x0000028d71775880, 0x0000028d71776278]

GC Heap History (4 events):
Event: 2.159 GC heap before
{Heap before GC invocations=0 (full 0):
 garbage-first heap   total 65536K, used 16384K [0x00000000fc000000, 0x0000000100000000)
  region size 1024K, 14 young (14336K), 0 survivors (0K)
 Metaspace       used 7579K, capacity 7765K, committed 7936K, reserved 1056768K
  class space    used 676K, capacity 756K, committed 768K, reserved 1048576K
}
Event: 2.185 GC heap after
{Heap after GC invocations=1 (full 0):
 garbage-first heap   total 65536K, used 3397K [0x00000000fc000000, 0x0000000100000000)
  region size 1024K, 2 young (2048K), 2 survivors (2048K)
 Metaspace       used 7579K, capacity 7765K, committed 7936K, reserved 1056768K
  class space    used 676K, capacity 756K, committed 768K, reserved 1048576K
}
Event: 13.598 GC heap before
{Heap before GC invocations=1 (full 0):
 garbage-first heap   total 65536K, used 43333K [0x00000000fc000000, 0x0000000100000000)
  region size 1024K, 38 young (38912K), 2 survivors (2048K)
 Metaspace       used 16130K, capacity 16442K, committed 16640K, reserved 1064960K
  class space    used 1830K, capacity 1957K, committed 2048K, reserved 1048576K
}
Event: 13.681 GC heap after
{Heap after GC invocations=2 (full 0):
 garbage-first heap   total 65536K, used 11371K [0x00000000fc000000, 0x0000000100000000)
  region size 1024K, 5 young (5120K), 5 survivors (5120K)
 Metaspace       used 16130K, capacity 16442K, committed 16640K, reserved 1064960K
  class space    used 1830K, capacity 1957K, committed 2048K, reserved 1048576K
}

Deoptimization events (10 events):
Event: 2.962 Thread 0x0000028d6976e000 Uncommon trap: reason=class_check action=maybe_recompile pc=0x0000028d7892cbfc method=java.util.regex.Matcher.match(II)Z @ 121 c2
Event: 2.971 Thread 0x0000028d6976e000 Uncommon trap: reason=unstable_if action=reinterpret pc=0x0000028d7894c524 method=java.util.HashMap.hash(Ljava/lang/Object;)I @ 1 c2
Event: 3.298 Thread 0x0000028d6976e000 Uncommon trap: reason=unstable_if action=reinterpret pc=0x0000028d78930bfc method=java.io.WinNTFileSystem.resolve(Ljava/lang/String;Ljava/lang/String;)Ljava/lang/String; @ 70 c2
Event: 3.605 Thread 0x0000028d6976e000 Uncommon trap: reason=unstable_if action=reinterpret pc=0x0000028d789619b8 method=java.util.concurrent.ConcurrentHashMap.addCount(JI)V @ 171 c2
Event: 4.125 Thread 0x0000028d6976e000 Uncommon trap: reason=unstable_if action=reinterpret pc=0x0000028d78965554 method=java.util.HashMap.getNode(ILjava/lang/Object;)Ljava/util/HashMap$Node; @ 129 c2
Event: 6.596 Thread 0x0000028d0433d000 Uncommon trap: reason=unstable_if action=reinterpret pc=0x0000028d78941c74 method=java.lang.AbstractStringBuilder.putStringAt(ILjava/lang/String;)V @ 8 c2
Event: 6.596 Thread 0x0000028d0433d000 Uncommon trap: reason=unstable_if action=reinterpret pc=0x0000028d7894ed4c method=java.lang.AbstractStringBuilder.putStringAt(ILjava/lang/String;)V @ 8 c2
Event: 6.596 Thread 0x0000028d0433d000 Uncommon trap: reason=unstable_if action=reinterpret pc=0x0000028d789423ec method=java.lang.String.getBytes([BIB)V @ 5 c2
Event: 6.597 Thread 0x0000028d0433d000 Uncommon trap: reason=unstable_if action=reinterpret pc=0x0000028d7898f398 method=java.lang.AbstractStringBuilder.isLatin1()Z @ 10 c2
Event: 13.581 Thread 0x0000028d0433d000 Uncommon trap: reason=unstable_if action=reinterpret pc=0x0000028d7891d57c method=java.lang.String.codePointAt(I)I @ 4 c2

Classes redefined (0 events):
No events

Internal exceptions (10 events):
Event: 3.929 Thread 0x0000028d6976e000 Exception <a 'java/lang/NoSuchMethodError'{0x00000000fe8bcec0}: java.lang.invoke.DirectMethodHandle$Holder.invokeStaticInit(Ljava/lang/Object;Ljava/lang/Object;Ljava/lang/Object;)Ljava/lang/Object;> (0x00000000fe8bcec0) thrown at [./open/src/hotspot/share
Event: 4.186 Thread 0x0000028d6976e000 Exception <a 'java/lang/NoSuchMethodError'{0x00000000fe3798e0}: java.lang.invoke.DirectMethodHandle$Holder.invokeStaticInit(Ljava/lang/Object;IIII)Ljava/lang/Object;> (0x00000000fe3798e0) thrown at [./open/src/hotspot/share/interpreter/linkResolver.cpp, l
Event: 4.938 Thread 0x0000028d6976e000 Exception <a 'java/lang/NoSuchMethodError'{0x00000000fe399960}: java.lang.invoke.DirectMethodHandle$Holder.invokeStaticInit(Ljava/lang/Object;Ljava/lang/Object;IIII)Ljava/lang/Object;> (0x00000000fe399960) thrown at [./open/src/hotspot/share/interpreter/l
Event: 6.550 Thread 0x0000028d0433d000 Exception <a 'java/lang/NoSuchMethodError'{0x00000000fdb98500}: java.lang.invoke.DirectMethodHandle$Holder.invokeStatic(Ljava/lang/Object;J)V> (0x00000000fdb98500) thrown at [./open/src/hotspot/share/interpreter/linkResolver.cpp, line 772]
Event: 6.551 Thread 0x0000028d0433d000 Exception <a 'java/lang/NoSuchMethodError'{0x00000000fdb9d460}: java.lang.invoke.DirectMethodHandle$Holder.invokeStatic(Ljava/lang/Object;J)Ljava/lang/Object;> (0x00000000fdb9d460) thrown at [./open/src/hotspot/share/interpreter/linkResolver.cpp, line 772
Event: 6.555 Thread 0x0000028d0433d000 Exception <a 'java/lang/NoSuchMethodError'{0x00000000fdbab4f8}: java.lang.invoke.DirectMethodHandle$Holder.invokeStaticInit(Ljava/lang/Object;Ljava/lang/Object;JLjava/lang/Object;)Ljava/lang/Object;> (0x00000000fdbab4f8) thrown at [./open/src/hotspot/shar
Event: 6.556 Thread 0x0000028d0433d000 Exception <a 'java/lang/NoSuchMethodError'{0x00000000fdbb13e0}: java.lang.invoke.DirectMethodHandle$Holder.invokeStatic(Ljava/lang/Object;Ljava/lang/Object;J)Ljava/lang/Object;> (0x00000000fdbb13e0) thrown at [./open/src/hotspot/share/interpreter/linkReso
Event: 6.560 Thread 0x0000028d0433d000 Exception <a 'java/lang/NoSuchMethodError'{0x00000000fdbb76b0}: java.lang.invoke.Invokers$Holder.linkToTargetMethod(Ljava/lang/Object;JLjava/lang/Object;)Ljava/lang/Object;> (0x00000000fdbb76b0) thrown at [./open/src/hotspot/share/interpreter/linkResolver
Event: 248.588 Thread 0x0000028d6976e000 Exception <a 'java/io/IOException'{0x00000000ffb9beb8}> (0x00000000ffb9beb8) thrown at [./open/src/hotspot/share/prims/jni.cpp, line 611]
Event: 248.672 Thread 0x0000028d6976e000 Exception <a 'java/lang/NoSuchMethodError'{0x00000000ffbca4b8}: java.lang.invoke.DirectMethodHandle$Holder.invokeVirtual(Ljava/lang/Object;Ljava/lang/Object;)I> (0x00000000ffbca4b8) thrown at [./open/src/hotspot/share/interpreter/linkResolver.cpp, line 77

Events (10 events):
Event: 170.376 loading class org/gradle/internal/serialize/ExceptionReplacingObjectInputStream$1
Event: 170.376 loading class org/gradle/internal/serialize/ExceptionReplacingObjectInputStream$1 done
Event: 248.596 loading class org/slf4j/helpers/MessageFormatter
Event: 248.596 loading class org/slf4j/helpers/MessageFormatter done
Event: 248.623 loading class org/slf4j/helpers/FormattingTuple
Event: 248.623 loading class org/slf4j/helpers/FormattingTuple done
Event: 248.632 loading class org/gradle/util/internal/LimitedDescription
Event: 248.632 loading class org/gradle/util/internal/LimitedDescription done
Event: 248.699 loading class org/gradle/internal/logging/ConsoleRenderer
Event: 248.699 loading class org/gradle/internal/logging/ConsoleRenderer done


Dynamic libraries:
0x00007ff774d50000 - 0x00007ff774d60000 	C:\Program Files\Java\jdk-11\bin\java.exe
0x00007ffc339d0000 - 0x00007ffc33bc8000 	C:\Windows\SYSTEM32\ntdll.dll
0x00007ffc33420000 - 0x00007ffc334df000 	C:\Windows\System32\KERNEL32.DLL
0x00007ffc31680000 - 0x00007ffc3195a000 	C:\Windows\System32\KERNELBASE.dll
0x00007ffc31420000 - 0x00007ffc31520000 	C:\Windows\System32\ucrtbase.dll
0x00007ffc29e50000 - 0x00007ffc29e68000 	C:\Program Files\Java\jdk-11\bin\jli.dll
0x00007ffc331a0000 - 0x00007ffc3324e000 	C:\Windows\System32\ADVAPI32.dll
0x00007ffc33590000 - 0x00007ffc3362e000 	C:\Windows\System32\msvcrt.dll
0x00007ffc33100000 - 0x00007ffc3319c000 	C:\Windows\System32\sechost.dll
0x00007ffc32f80000 - 0x00007ffc330a6000 	C:\Windows\System32\RPCRT4.dll
0x00007ffc33280000 - 0x00007ffc3341d000 	C:\Windows\System32\USER32.dll
0x00007ffc310e0000 - 0x00007ffc31102000 	C:\Windows\System32\win32u.dll
0x00007ffc330d0000 - 0x00007ffc330fb000 	C:\Windows\System32\GDI32.dll
0x00007ffc312c0000 - 0x00007ffc313d0000 	C:\Windows\System32\gdi32full.dll
0x00007ffc31990000 - 0x00007ffc31a2d000 	C:\Windows\System32\msvcp_win.dll
0x00007ffc251f0000 - 0x00007ffc2520b000 	C:\Program Files\Java\jdk-11\bin\VCRUNTIME140.dll
0x00007ffc1f010000 - 0x00007ffc1f2aa000 	C:\Windows\WinSxS\amd64_microsoft.windows.common-controls_6595b64144ccf1df_6.0.19041.1110_none_60b5254171f9507e\COMCTL32.dll
0x00007ffc28980000 - 0x00007ffc2898a000 	C:\Windows\SYSTEM32\VERSION.dll
0x00007ffc33250000 - 0x00007ffc33280000 	C:\Windows\System32\IMM32.DLL
0x00007ffc2bbb0000 - 0x00007ffc2bbbc000 	C:\Program Files\Java\jdk-11\bin\vcruntime140_1.dll
0x00007ffc24150000 - 0x00007ffc241de000 	C:\Program Files\Java\jdk-11\bin\msvcp140.dll
0x00007ffb97a40000 - 0x00007ffb985a8000 	C:\Program Files\Java\jdk-11\bin\server\jvm.dll
0x00007ffc31bf0000 - 0x00007ffc31bf8000 	C:\Windows\System32\PSAPI.DLL
0x00007ffc2bbd0000 - 0x00007ffc2bbd9000 	C:\Windows\SYSTEM32\WSOCK32.dll
0x00007ffc32c90000 - 0x00007ffc32cfb000 	C:\Windows\System32\WS2_32.dll
0x00007ffc28950000 - 0x00007ffc28977000 	C:\Windows\SYSTEM32\WINMM.dll
0x00007ffc2ef60000 - 0x00007ffc2ef72000 	C:\Windows\SYSTEM32\kernel.appcore.dll
0x00007ffc2bb70000 - 0x00007ffc2bb80000 	C:\Program Files\Java\jdk-11\bin\verify.dll
0x00007ffc27ff0000 - 0x00007ffc281d4000 	C:\Windows\SYSTEM32\DBGHELP.DLL
0x00007ffc1f6f0000 - 0x00007ffc1f724000 	C:\Windows\SYSTEM32\dbgcore.DLL
0x00007ffc31230000 - 0x00007ffc312b2000 	C:\Windows\System32\bcryptPrimitives.dll
0x00007ffc251c0000 - 0x00007ffc251e8000 	C:\Program Files\Java\jdk-11\bin\java.dll
0x00007ffc29e40000 - 0x00007ffc29e4a000 	C:\Program Files\Java\jdk-11\bin\jimage.dll
0x00007ffc249a0000 - 0x00007ffc249b7000 	C:\Program Files\Java\jdk-11\bin\zip.dll
0x00007ffc31cc0000 - 0x00007ffc32404000 	C:\Windows\System32\SHELL32.dll
0x00007ffc2f160000 - 0x00007ffc2f8f3000 	C:\Windows\SYSTEM32\windows.storage.dll
0x00007ffc33630000 - 0x00007ffc33984000 	C:\Windows\System32\combase.dll
0x00007ffc30980000 - 0x00007ffc309ae000 	C:\Windows\SYSTEM32\Wldp.dll
0x00007ffc32a30000 - 0x00007ffc32add000 	C:\Windows\System32\SHCORE.dll
0x00007ffc31c60000 - 0x00007ffc31cb5000 	C:\Windows\System32\shlwapi.dll
0x00007ffc31020000 - 0x00007ffc3103f000 	C:\Windows\SYSTEM32\profapi.dll
0x00007ffc24980000 - 0x00007ffc24999000 	C:\Program Files\Java\jdk-11\bin\net.dll
0x00007ffc25d40000 - 0x00007ffc25e4a000 	C:\Windows\SYSTEM32\WINHTTP.dll
0x00007ffc30760000 - 0x00007ffc307ca000 	C:\Windows\system32\mswsock.dll
0x00007ffc24960000 - 0x00007ffc24972000 	C:\Program Files\Java\jdk-11\bin\nio.dll
0x00007ffc29ef0000 - 0x00007ffc29f17000 	C:\Users\User\.gradle\native\e1d6ef7f7dcc3fd88c89a11ec53ec762bb8ba0a96d01ffa2cd45eb1d1d8dd5c5\windows-amd64\native-platform.dll
0x00007ffc2cf90000 - 0x00007ffc2cf9a000 	C:\Users\User\.gradle\native\jansi\1.18\windows64\jansi.dll
0x00007ffc29a10000 - 0x00007ffc29a19000 	C:\Program Files\Java\jdk-11\bin\management.dll
0x00007ffc25730000 - 0x00007ffc2573b000 	C:\Program Files\Java\jdk-11\bin\management_ext.dll
0x00007ffc309c0000 - 0x00007ffc309d8000 	C:\Windows\SYSTEM32\CRYPTSP.dll
0x00007ffc300a0000 - 0x00007ffc300d4000 	C:\Windows\system32\rsaenh.dll
0x00007ffc31960000 - 0x00007ffc31987000 	C:\Windows\System32\bcrypt.dll
0x00007ffc30fe0000 - 0x00007ffc3100e000 	C:\Windows\SYSTEM32\USERENV.dll
0x00007ffc308f0000 - 0x00007ffc308fc000 	C:\Windows\SYSTEM32\CRYPTBASE.dll
0x00007ffc30470000 - 0x00007ffc304ac000 	C:\Windows\SYSTEM32\IPHLPAPI.DLL
0x00007ffc32af0000 - 0x00007ffc32af8000 	C:\Windows\System32\NSI.dll
0x00007ffc27fd0000 - 0x00007ffc27fe7000 	C:\Windows\SYSTEM32\dhcpcsvc6.DLL
0x00007ffc2aa20000 - 0x00007ffc2aa3d000 	C:\Windows\SYSTEM32\dhcpcsvc.DLL
0x00007ffc304b0000 - 0x00007ffc3057b000 	C:\Windows\SYSTEM32\DNSAPI.dll

dbghelp: loaded successfully - version: 4.0.5 - missing functions: none
symbol engine: initialized successfully - sym options: 0x614 - pdb path: .;C:\Program Files\Java\jdk-11\bin;C:\Windows\SYSTEM32;C:\Windows\WinSxS\amd64_microsoft.windows.common-controls_6595b64144ccf1df_6.0.19041.1110_none_60b5254171f9507e;C:\Program Files\Java\jdk-11\bin\server;C:\Users\User\.gradle\native\e1d6ef7f7dcc3fd88c89a11ec53ec762bb8ba0a96d01ffa2cd45eb1d1d8dd5c5\windows-amd64;C:\Users\User\.gradle\native\jansi\1.18\windows64

VM Arguments:
jvm_args: -Xmx64m -Xms64m -Dorg.gradle.appname=gradlew 
java_command: org.gradle.wrapper.GradleWrapperMain app:installDebug -PreactNativeDevServerPort=8081
java_class_path (initial): C:\Users\User\ProjectMobileDevelopment\android\\gradle\wrapper\gradle-wrapper.jar
Launcher Type: SUN_STANDARD

[Global flags]
     intx CICompilerCount                          = 3                                         {product} {ergonomic}
     uint ConcGCThreads                            = 1                                         {product} {ergonomic}
     uint G1ConcRefinementThreads                  = 4                                         {product} {ergonomic}
   size_t G1HeapRegionSize                         = 1048576                                   {product} {ergonomic}
    uintx GCDrainStackTargetSize                   = 64                                        {product} {ergonomic}
   size_t InitialHeapSize                          = 67108864                                  {product} {command line}
   size_t MarkStackSize                            = 4194304                                   {product} {ergonomic}
   size_t MaxHeapSize                              = 67108864                                  {product} {command line}
   size_t MaxNewSize                               = 39845888                                  {product} {ergonomic}
   size_t MinHeapDeltaBytes                        = 1048576                                   {product} {ergonomic}
    uintx NonNMethodCodeHeapSize                   = 5830732                                {pd product} {ergonomic}
    uintx NonProfiledCodeHeapSize                  = 122913754                              {pd product} {ergonomic}
    uintx ProfiledCodeHeapSize                     = 122913754                              {pd product} {ergonomic}
    uintx ReservedCodeCacheSize                    = 251658240                              {pd product} {ergonomic}
     bool SegmentedCodeCache                       = true                                      {product} {ergonomic}
     bool UseCompressedClassPointers               = true                                 {lp64_product} {ergonomic}
     bool UseCompressedOops                        = true                                 {lp64_product} {ergonomic}
     bool UseG1GC                                  = true                                      {product} {ergonomic}
     bool UseLargePagesIndividualAllocation        = false                                  {pd product} {ergonomic}

Logging:
Log output configuration:
 #0: stdout all=warning uptime,level,tags
 #1: stderr all=off uptime,level,tags

Environment Variables:
CLASSPATH=C:\Users\User\ProjectMobileDevelopment\android\\gradle\wrapper\gradle-wrapper.jar
PATH=C:\Users\User\ProjectMobileDevelopment\android\node_modules\.bin;C:\Users\User\ProjectMobileDevelopment\node_modules\.bin;C:\Users\User\node_modules\.bin;C:\Users\node_modules\.bin;C:\node_modules\.bin;C:\Program Files\nodejs;C:\Users\User\AppData\Roaming\npm;C:\Users\User\ProjectMobileDevelopment\node_modules\.bin;C:\Users\User\node_modules\.bin;C:\Users\node_modules\.bin;C:\node_modules\.bin;C:\Program Files\nodejs\node_modules\npm\node_modules\@npmcli\run-script\lib\node-gyp-bin;C:\Program Files\Common Files\Oracle\Java\javapath;C:\Windows\system32;C:\Windows;C:\Windows\System32\Wbem;C:\Windows\System32\WindowsPowerShell\v1.0\;C:\Windows\System32\OpenSSH\;C:\Program Files\Microsoft SQL Server\150\Tools\Binn\;C:\Program Files\Git\cmd;C:\Program Files\nodejs\;C:\Users\User\AppData\Local\Android\Sdk\platform-tools;C:\Users\User\AppData\Local\Microsoft\WindowsApps;C:\Users\User\AppData\Local\Programs\Microsoft VS Code\bin;C:\Users\User\AppData\Roaming\npm;C:\Users\User\AppData\Local\Android\Sdk\platform-tools;
USERNAME=User
OS=Windows_NT
PROCESSOR_IDENTIFIER=AMD64 Family 23 Model 24 Stepping 1, AuthenticAMD



---------------  S Y S T E M  ---------------

OS: Windows 10 , 64 bit Build 19041 (10.0.19041.2788)
Hyper-V role detected

CPU:total 4 (initial active 4) (4 cores per cpu, 2 threads per core) family 23 model 24 stepping 1 microcode 0x0, cmov, cx8, fxsr, mmx, sse, sse2, sse3, ssse3, sse4.1, sse4.2, popcnt, avx, avx2, aes, clmul, mmxext, 3dnowpref, lzcnt, sse4a, ht, tsc, tscinvbit, tscinv, bmi1, bmi2, adx, s

Memory: 4k page, system-wide physical 3460M (501M free)
TotalPageFile size 14212M (AvailPageFile size 808M)
current process WorkingSet (physical memory assigned to process): 25M, peak: 100M
current process commit charge ("private bytes"): 155M, peak: 158M

vm_info: Java HotSpot(TM) 64-Bit Server VM (11.0.18+9-LTS-195) for windows-amd64 JRE (11.0.18+9-LTS-195), built on Dec  6 2022 15:50:58 by "mach5one" with MS VC++ 17.1 (VS2022)

END.
