#
# There is insufficient memory for the Java Runtime Environment to continue.
# Native memory allocation (mmap) failed to map 190840832 bytes for Failed to commit area from 0x0000000095000000 to 0x00000000a0600000 of length 190840832.
# Possible reasons:
#   The system is out of physical RAM or swap space
#   The process is running with CompressedOops enabled, and the Java Heap may be blocking the growth of the native heap
# Possible solutions:
#   Reduce memory load on the system
#   Increase physical memory or swap space
#   Check if swap backing store is full
#   Decrease Java heap size (-Xmx/-Xms)
#   Decrease number of Java threads
#   Decrease Java thread stack sizes (-Xss)
#   Set larger code cache with -XX:ReservedCodeCacheSize=
#   JVM is running with Unscaled Compressed Oops mode in which the Java heap is
#     placed in the first 4GB address space. The Java Heap base address is the
#     maximum limit for the native heap growth. Please use -XX:HeapBaseMinAddress
#     to set the Java Heap base and to place the Java Heap above 4GB virtual address.
# This output file may be truncated or incomplete.
#
#  Out of Memory Error (./open/src/hotspot/os/windows/os_windows.cpp:3292), pid=15840, tid=16152
#
# JRE version: Java(TM) SE Runtime Environment 18.9 (11.0.18+9) (build 11.0.18+9-LTS-195)
# Java VM: Java HotSpot(TM) 64-Bit Server VM 18.9 (11.0.18+9-LTS-195, mixed mode, tiered, compressed oops, g1 gc, windows-amd64)
# No core dump will be written. Minidumps are not enabled by default on client versions of Windows
#

---------------  S U M M A R Y ------------

Command Line: -XX:MaxMetaspaceSize=512m --add-opens=java.base/java.util=ALL-UNNAMED --add-opens=java.base/java.lang=ALL-UNNAMED --add-opens=java.base/java.lang.invoke=ALL-UNNAMED --add-opens=java.base/java.util=ALL-UNNAMED --add-opens=java.prefs/java.util.prefs=ALL-UNNAMED --add-opens=java.prefs/java.util.prefs=ALL-UNNAMED --add-opens=java.base/java.nio.charset=ALL-UNNAMED --add-opens=java.base/java.net=ALL-UNNAMED --add-opens=java.base/java.util.concurrent.atomic=ALL-UNNAMED -Xmx2048m -Dfile.encoding=windows-1252 -Duser.country=US -Duser.language=en -Duser.variant org.gradle.launcher.daemon.bootstrap.GradleDaemon 7.5.1

Host: AMD Ryzen 3 3250U with Radeon Graphics         , 4 cores, 3G,  Windows 10 , 64 bit Build 19041 (10.0.19041.2788)
Time: Wed Apr 26 13:55:01 2023 Malay Peninsula Standard Time elapsed time: 356.399575 seconds (0d 0h 5m 56s)

---------------  T H R E A D  ---------------

Current thread (0x00000206fc933800):  VMThread "VM Thread" [stack: 0x000000949af00000,0x000000949b000000] [id=16152]

Stack: [0x000000949af00000,0x000000949b000000]
[error occurred during error reporting (printing stack bounds), id 0xc0000005, EXCEPTION_ACCESS_VIOLATION (0xc0000005) at pc=0x00000206e60c0f2d]

Native frames: (J=compiled Java code, j=interpreted, Vv=VM code, C=native code)
V  [jvm.dll+0x65d8aa]
V  [jvm.dll+0x79fc1f]
V  [jvm.dll+0x7a12e9]
V  [jvm.dll+0x7a18e5]
V  [jvm.dll+0x7a189b]
V  [jvm.dll+0x65cdb3]
V  [jvm.dll+0x65d4a8]
C  [ntdll.dll+0xa23df]
C  [ntdll.dll+0x514a4]
C  [ntdll.dll+0xa0f0e]
C  0x00000206e60c0f2d

VM_Operation (0x00000094a1cfe6f0): G1CollectForAllocation, mode: safepoint, requested by thread 0x0000020687c79000


---------------  P R O C E S S  ---------------

Threads class SMR info:
_java_thread_list=0x0000020685f39b80, length=116, elements={
0x00000206de9e1800, 0x00000206fc939800, 0x00000206fc93a800, 0x00000206fc954800,
0x00000206fc956800, 0x00000206fc99c800, 0x00000206fc9a1000, 0x00000206fc9a2000,
0x00000206fcb08800, 0x00000206fcc0f800, 0x00000206fde37800, 0x00000206fefb1000,
0x00000206fdd88000, 0x00000206fdf21000, 0x00000206fdbfb800, 0x00000206fdd41000,
0x00000206fda61800, 0x00000206fe30a800, 0x00000206fdd41800, 0x00000206fda63000,
0x00000206fda67800, 0x00000206fda66800, 0x00000206fda69000, 0x00000206fda68000,
0x00000206fda65800, 0x00000206fda69800, 0x00000206fda64000, 0x00000206fda65000,
0x00000206fed33800, 0x00000206fed34000, 0x00000206fed2e800, 0x00000206fed30000,
0x00000206fed32800, 0x00000206fed2f800, 0x00000206fed36000, 0x00000206fed36800,
0x00000206fed31000, 0x00000206fed38800, 0x00000206fed39000, 0x00000206fed3d000,
0x00000206fed37800, 0x00000206fed3b800, 0x00000206fed3c800, 0x00000206fed3a000,
0x00000206fed3a800, 0x0000020682df2000, 0x0000020682df0800, 0x0000020682dec800,
0x0000020682df1000, 0x0000020682dee800, 0x0000020682ded000, 0x0000020682def800,
0x0000020682df3000, 0x0000020682df3800, 0x0000020682dee000, 0x0000020682df7800,
0x0000020682dfa000, 0x0000020682df6000, 0x0000020682df4800, 0x0000020682df8800,
0x0000020682dfb000, 0x0000020682df9800, 0x0000020682df5000, 0x0000020682df7000,
0x00000206ff1b3800, 0x00000206ff1b1000, 0x00000206ff1af000, 0x00000206ff1b3000,
0x00000206ff1b2000, 0x00000206ff1b0800, 0x00000206ff1ae000, 0x00000206ff1b4800,
0x00000206ff1af800, 0x00000206ff1bc000, 0x00000206ff1ba000, 0x00000206ff1b8000,
0x00000206ff1b9800, 0x00000206ff1bb000, 0x00000206ff1bc800, 0x00000206ff1b7000,
0x00000206ff1b8800, 0x0000020681320000, 0x000002068131d000, 0x000002068131c000,
0x000002068131b800, 0x0000020681321000, 0x000002068131d800, 0x0000020681322800,
0x0000020681324800, 0x0000020681322000, 0x0000020681323800, 0x000002068131e800,
0x0000020681326800, 0x0000020681325000, 0x000002068131f800, 0x0000020681327800,
0x0000020681326000, 0x0000020681328800, 0x0000020681329000, 0x00000206ff1b6000,
0x0000020687c71000, 0x0000020687c74800, 0x0000020687c72800, 0x0000020687c70000,
0x0000020687c76000, 0x0000020687c75000, 0x0000020687c77000, 0x0000020687c7b800,
0x0000020687c7c800, 0x0000020687c7a000, 0x0000020687c78800, 0x0000020687c7f000,
0x0000020687c77800, 0x0000020687c79000, 0x0000020687c73800, 0x0000020687c7d800
}

Java Threads: ( => current thread )
  0x00000206de9e1800 JavaThread "main" [_thread_blocked, id=7152, stack(0x000000949a900000,0x000000949aa00000)]
  0x00000206fc939800 JavaThread "Reference Handler" daemon [_thread_blocked, id=9792, stack(0x000000949b000000,0x000000949b100000)]
  0x00000206fc93a800 JavaThread "Finalizer" daemon [_thread_blocked, id=3432, stack(0x000000949b100000,0x000000949b200000)]
  0x00000206fc954800 JavaThread "Signal Dispatcher" daemon [_thread_blocked, id=10052, stack(0x000000949b200000,0x000000949b300000)]
  0x00000206fc956800 JavaThread "Attach Listener" daemon [_thread_blocked, id=9776, stack(0x000000949b300000,0x000000949b400000)]
  0x00000206fc99c800 JavaThread "Service Thread" daemon [_thread_blocked, id=8544, stack(0x000000949b400000,0x000000949b500000)]
  0x00000206fc9a1000 JavaThread "C2 CompilerThread0" daemon [_thread_blocked, id=15040, stack(0x000000949b500000,0x000000949b600000)]
  0x00000206fc9a2000 JavaThread "C1 CompilerThread0" daemon [_thread_blocked, id=5480, stack(0x000000949b600000,0x000000949b700000)]
  0x00000206fcb08800 JavaThread "Sweeper thread" daemon [_thread_blocked, id=8468, stack(0x000000949b700000,0x000000949b800000)]
  0x00000206fcc0f800 JavaThread "Common-Cleaner" daemon [_thread_blocked, id=4288, stack(0x000000949b800000,0x000000949b900000)]
  0x00000206fde37800 JavaThread "Daemon health stats" [_thread_blocked, id=6792, stack(0x000000949bb00000,0x000000949bc00000)]
  0x00000206fefb1000 JavaThread "Incoming local TCP Connector on port 53839" [_thread_in_native, id=8088, stack(0x000000949bc00000,0x000000949bd00000)]
  0x00000206fdd88000 JavaThread "Daemon periodic checks" [_thread_blocked, id=15668, stack(0x000000949bd00000,0x000000949be00000)]
  0x00000206fdf21000 JavaThread "Daemon" [_thread_blocked, id=1856, stack(0x000000949be00000,0x000000949bf00000)]
  0x00000206fdbfb800 JavaThread "Handler for socket connection from /127.0.0.1:53839 to /127.0.0.1:53840" [_thread_in_native, id=3388, stack(0x000000949bf00000,0x000000949c000000)]
  0x00000206fdd41000 JavaThread "Cancel handler" [_thread_blocked, id=14220, stack(0x000000949c000000,0x000000949c100000)]
  0x00000206fda61800 JavaThread "Daemon worker" [_thread_blocked, id=11256, stack(0x000000949c100000,0x000000949c200000)]
  0x00000206fe30a800 JavaThread "Asynchronous log dispatcher for DefaultDaemonConnection: socket connection from /127.0.0.1:53839 to /127.0.0.1:53840" [_thread_blocked, id=19212, stack(0x000000949c200000,0x000000949c300000)]
  0x00000206fdd41800 JavaThread "Stdin handler" [_thread_blocked, id=9104, stack(0x000000949c300000,0x000000949c400000)]
  0x00000206fda63000 JavaThread "Daemon client event forwarder" [_thread_blocked, id=2324, stack(0x000000949c400000,0x000000949c500000)]
  0x00000206fda67800 JavaThread "Cache worker for journal cache (C:\Users\User\.gradle\caches\journal-1)" [_thread_blocked, id=5532, stack(0x000000949c700000,0x000000949c800000)]
  0x00000206fda66800 JavaThread "File lock request listener" [_thread_in_native, id=11636, stack(0x000000949c800000,0x000000949c900000)]
  0x00000206fda69000 JavaThread "Cache worker for file hash cache (C:\Users\User\.gradle\caches\7.5.1\fileHashes)" [_thread_blocked, id=13784, stack(0x000000949c900000,0x000000949ca00000)]
  0x00000206fda68000 JavaThread "File watcher server" daemon [_thread_blocked, id=7564, stack(0x000000949ca00000,0x000000949cb00000)]
  0x00000206fda65800 JavaThread "File watcher consumer" daemon [_thread_blocked, id=15940, stack(0x000000949cb00000,0x000000949cc00000)]
  0x00000206fda69800 JavaThread "Cache worker for checksums cache (C:\Users\User\ProjectMobileDevelopment\android\.gradle\7.5.1\checksums)" [_thread_blocked, id=12788, stack(0x000000949cc00000,0x000000949cd00000)]
  0x00000206fda64000 JavaThread "Cache worker for cache directory md-rule (C:\Users\User\.gradle\caches\7.5.1\md-rule)" [_thread_blocked, id=6716, stack(0x000000949cd00000,0x000000949ce00000)]
  0x00000206fda65000 JavaThread "Cache worker for file content cache (C:\Users\User\.gradle\caches\7.5.1\fileContent)" [_thread_blocked, id=10496, stack(0x000000949ce00000,0x000000949cf00000)]
  0x00000206fed33800 JavaThread "Cache worker for file hash cache (C:\Users\User\ProjectMobileDevelopment\android\.gradle\7.5.1\fileHashes)" [_thread_blocked, id=5260, stack(0x000000949cf00000,0x000000949d000000)]
  0x00000206fed34000 JavaThread "Cache worker for cache directory md-supplier (C:\Users\User\.gradle\caches\7.5.1\md-supplier)" [_thread_blocked, id=6324, stack(0x000000949d000000,0x000000949d100000)]
  0x00000206fed2e800 JavaThread "Cache worker for execution history cache (C:\Users\User\.gradle\caches\7.5.1\executionHistory)" [_thread_blocked, id=19076, stack(0x000000949d100000,0x000000949d200000)]
  0x00000206fed30000 JavaThread "jar transforms" [_thread_blocked, id=9560, stack(0x000000949d200000,0x000000949d300000)]
  0x00000206fed32800 JavaThread "jar transforms Thread 2" [_thread_blocked, id=12384, stack(0x000000949d300000,0x000000949d400000)]
  0x00000206fed2f800 JavaThread "jar transforms Thread 3" [_thread_blocked, id=13468, stack(0x000000949d400000,0x000000949d500000)]
  0x00000206fed36000 JavaThread "jar transforms Thread 4" [_thread_blocked, id=4300, stack(0x000000949d500000,0x000000949d600000)]
  0x00000206fed36800 JavaThread "Cache worker for kotlin-dsl (C:\Users\User\.gradle\caches\7.5.1\kotlin-dsl)" [_thread_blocked, id=2940, stack(0x000000949d800000,0x000000949d900000)]
  0x00000206fed31000 JavaThread "Cache worker for dependencies-accessors (C:\Users\User\ProjectMobileDevelopment\android\.gradle\7.5.1\dependencies-accessors)" [_thread_blocked, id=9656, stack(0x000000949d900000,0x000000949da00000)]
  0x00000206fed38800 JavaThread "Cache worker for Build Output Cleanup Cache (C:\Users\User\ProjectMobileDevelopment\node_modules\react-native-gradle-plugin\.gradle\buildOutputCleanup)" [_thread_blocked, id=20080, stack(0x000000949da00000,0x000000949db00000)]
  0x00000206fed39000 JavaThread "Unconstrained build operations" [_thread_blocked, id=19452, stack(0x000000949db00000,0x000000949dc00000)]
  0x00000206fed3d000 JavaThread "Unconstrained build operations Thread 2" [_thread_blocked, id=17800, stack(0x000000949dc00000,0x000000949dd00000)]
  0x00000206fed37800 JavaThread "Unconstrained build operations Thread 3" [_thread_blocked, id=20192, stack(0x000000949dd00000,0x000000949de00000)]
  0x00000206fed3b800 JavaThread "Unconstrained build operations Thread 4" [_thread_blocked, id=20240, stack(0x000000949de00000,0x000000949df00000)]
  0x00000206fed3c800 JavaThread "Unconstrained build operations Thread 5" [_thread_blocked, id=14544, stack(0x000000949df00000,0x000000949e000000)]
  0x00000206fed3a000 JavaThread "Unconstrained build operations Thread 6" [_thread_blocked, id=10524, stack(0x000000949e000000,0x000000949e100000)]
  0x00000206fed3a800 JavaThread "Unconstrained build operations Thread 7" [_thread_blocked, id=20084, stack(0x000000949e100000,0x000000949e200000)]
  0x0000020682df2000 JavaThread "Unconstrained build operations Thread 8" [_thread_blocked, id=10928, stack(0x000000949e200000,0x000000949e300000)]
  0x0000020682df0800 JavaThread "Unconstrained build operations Thread 9" [_thread_blocked, id=18800, stack(0x000000949e300000,0x000000949e400000)]
  0x0000020682dec800 JavaThread "Unconstrained build operations Thread 10" [_thread_blocked, id=11656, stack(0x000000949e400000,0x000000949e500000)]
  0x0000020682df1000 JavaThread "Unconstrained build operations Thread 11" [_thread_blocked, id=10544, stack(0x000000949e500000,0x000000949e600000)]
  0x0000020682dee800 JavaThread "Unconstrained build operations Thread 12" [_thread_blocked, id=19108, stack(0x000000949e600000,0x000000949e700000)]
  0x0000020682ded000 JavaThread "Unconstrained build operations Thread 13" [_thread_blocked, id=19144, stack(0x000000949e700000,0x000000949e800000)]
  0x0000020682def800 JavaThread "Unconstrained build operations Thread 14" [_thread_blocked, id=9600, stack(0x000000949e800000,0x000000949e900000)]
  0x0000020682df3000 JavaThread "Unconstrained build operations Thread 15" [_thread_blocked, id=12448, stack(0x000000949e900000,0x000000949ea00000)]
  0x0000020682df3800 JavaThread "Unconstrained build operations Thread 16" [_thread_blocked, id=9252, stack(0x000000949ea00000,0x000000949eb00000)]
  0x0000020682dee000 JavaThread "Unconstrained build operations Thread 17" [_thread_blocked, id=12480, stack(0x000000949eb00000,0x000000949ec00000)]
  0x0000020682df7800 JavaThread "Unconstrained build operations Thread 18" [_thread_blocked, id=19040, stack(0x000000949ec00000,0x000000949ed00000)]
  0x0000020682dfa000 JavaThread "Unconstrained build operations Thread 19" [_thread_blocked, id=19060, stack(0x000000949ed00000,0x000000949ee00000)]
  0x0000020682df6000 JavaThread "Unconstrained build operations Thread 20" [_thread_blocked, id=6040, stack(0x000000949ee00000,0x000000949ef00000)]
  0x0000020682df4800 JavaThread "Unconstrained build operations Thread 21" [_thread_blocked, id=15728, stack(0x000000949ef00000,0x000000949f000000)]
  0x0000020682df8800 JavaThread "Unconstrained build operations Thread 22" [_thread_blocked, id=15328, stack(0x000000949f000000,0x000000949f100000)]
  0x0000020682dfb000 JavaThread "Unconstrained build operations Thread 23" [_thread_blocked, id=11344, stack(0x000000949f100000,0x000000949f200000)]
  0x0000020682df9800 JavaThread "Unconstrained build operations Thread 24" [_thread_blocked, id=10560, stack(0x000000949f200000,0x000000949f300000)]
  0x0000020682df5000 JavaThread "Unconstrained build operations Thread 25" [_thread_blocked, id=1904, stack(0x000000949f300000,0x000000949f400000)]
  0x0000020682df7000 JavaThread "Unconstrained build operations Thread 26" [_thread_blocked, id=19300, stack(0x000000949f400000,0x000000949f500000)]
  0x00000206ff1b3800 JavaThread "Unconstrained build operations Thread 27" [_thread_blocked, id=18888, stack(0x000000949f500000,0x000000949f600000)]
  0x00000206ff1b1000 JavaThread "Unconstrained build operations Thread 28" [_thread_blocked, id=18616, stack(0x000000949f600000,0x000000949f700000)]
  0x00000206ff1af000 JavaThread "Unconstrained build operations Thread 29" [_thread_blocked, id=6872, stack(0x000000949f700000,0x000000949f800000)]
  0x00000206ff1b3000 JavaThread "Unconstrained build operations Thread 30" [_thread_blocked, id=12132, stack(0x000000949f800000,0x000000949f900000)]
  0x00000206ff1b2000 JavaThread "Unconstrained build operations Thread 31" [_thread_blocked, id=10588, stack(0x000000949f900000,0x000000949fa00000)]
  0x00000206ff1b0800 JavaThread "Unconstrained build operations Thread 32" [_thread_blocked, id=11140, stack(0x000000949fa00000,0x000000949fb00000)]
  0x00000206ff1ae000 JavaThread "Unconstrained build operations Thread 33" [_thread_blocked, id=15732, stack(0x000000949fb00000,0x000000949fc00000)]
  0x00000206ff1b4800 JavaThread "build event listener" [_thread_blocked, id=8224, stack(0x000000949fc00000,0x000000949fd00000)]
  0x00000206ff1af800 JavaThread "Memory manager" [_thread_blocked, id=12044, stack(0x000000949fd00000,0x000000949fe00000)]
  0x00000206ff1bc000 JavaThread "Cache worker for Build Output Cleanup Cache (C:\Users\User\ProjectMobileDevelopment\android\.gradle\buildOutputCleanup)" [_thread_blocked, id=18736, stack(0x000000949fe00000,0x000000949ff00000)]
  0x00000206ff1ba000 JavaThread "Execution worker" [_thread_blocked, id=19288, stack(0x00000094a0000000,0x00000094a0100000)]
  0x00000206ff1b8000 JavaThread "Execution worker Thread 2" [_thread_blocked, id=19116, stack(0x00000094a0100000,0x00000094a0200000)]
  0x00000206ff1b9800 JavaThread "Execution worker Thread 3" [_thread_blocked, id=19304, stack(0x00000094a0200000,0x00000094a0300000)]
  0x00000206ff1bb000 JavaThread "Cache worker for execution history cache (C:\Users\User\ProjectMobileDevelopment\node_modules\react-native-gradle-plugin\.gradle\7.5.1\executionHistory)" [_thread_blocked, id=7440, stack(0x00000094a0300000,0x00000094a0400000)]
  0x00000206ff1bc800 JavaThread "Unconstrained build operations Thread 34" [_thread_blocked, id=18668, stack(0x00000094a0400000,0x00000094a0500000)]
  0x00000206ff1b7000 JavaThread "Unconstrained build operations Thread 35" [_thread_blocked, id=11180, stack(0x00000094a0500000,0x00000094a0600000)]
  0x00000206ff1b8800 JavaThread "Unconstrained build operations Thread 36" [_thread_blocked, id=14420, stack(0x00000094a0600000,0x00000094a0700000)]
  0x0000020681320000 JavaThread "Unconstrained build operations Thread 37" [_thread_blocked, id=11500, stack(0x00000094a0700000,0x00000094a0800000)]
  0x000002068131d000 JavaThread "Unconstrained build operations Thread 38" [_thread_blocked, id=15812, stack(0x00000094a0800000,0x00000094a0900000)]
  0x000002068131c000 JavaThread "Unconstrained build operations Thread 39" [_thread_blocked, id=3540, stack(0x00000094a0900000,0x00000094a0a00000)]
  0x000002068131b800 JavaThread "Unconstrained build operations Thread 40" [_thread_blocked, id=6108, stack(0x00000094a0a00000,0x00000094a0b00000)]
  0x0000020681321000 JavaThread "RMI Scheduler(0)" daemon [_thread_blocked, id=3060, stack(0x000000949a600000,0x000000949a700000)]
  0x000002068131d800 JavaThread "RMI GC Daemon" daemon [_thread_blocked, id=4020, stack(0x000000949a800000,0x000000949a900000)]
  0x0000020681322800 JavaThread "RMI TCP Accept-0" daemon [_thread_in_native, id=12948, stack(0x00000094a0b00000,0x00000094a0c00000)]
  0x0000020681324800 JavaThread "RMI Reaper" [_thread_blocked, id=6744, stack(0x00000094a0c00000,0x00000094a0d00000)]
  0x0000020681322000 JavaThread "File lock release action executor" [_thread_blocked, id=13692, stack(0x00000094a0e00000,0x00000094a0f00000)]
  0x0000020681323800 JavaThread "pool-3-thread-1" [_thread_blocked, id=16612, stack(0x000000949a700000,0x000000949a800000)]
  0x000002068131e800 JavaThread "build event listener" [_thread_blocked, id=18224, stack(0x000000949d600000,0x000000949d700000)]
  0x0000020681326800 JavaThread "included builds Thread 2" [_thread_blocked, id=18048, stack(0x000000949ff00000,0x00000094a0000000)]
  0x0000020681325000 JavaThread "Cache worker for execution history cache (C:\Users\User\ProjectMobileDevelopment\android\.gradle\7.5.1\executionHistory)" [_thread_blocked, id=6932, stack(0x00000094a0d00000,0x00000094a0e00000)]
  0x000002068131f800 JavaThread "WorkerExecutor Queue" [_thread_blocked, id=6952, stack(0x000000949d700000,0x000000949d800000)]
  0x0000020681327800 JavaThread "pool-4-thread-1" [_thread_blocked, id=20384, stack(0x00000094a0f00000,0x00000094a1000000)]
  0x0000020681326000 JavaThread "stderr" [_thread_in_native, id=17944, stack(0x00000094a1000000,0x00000094a1100000)]
  0x0000020681328800 JavaThread "stdout" [_thread_in_native, id=18912, stack(0x00000094a1100000,0x00000094a1200000)]
  0x0000020681329000 JavaThread "WorkerExecutor Queue Thread 2" [_thread_in_native, id=17868, stack(0x00000094a1200000,0x00000094a1300000)]
  0x00000206ff1b6000 JavaThread "WorkerExecutor Queue Thread 3" [_thread_in_native, id=16392, stack(0x00000094a1400000,0x00000094a1500000)]
  0x0000020687c71000 JavaThread "Cache worker for Java compile cache (C:\Users\User\.gradle\caches\7.5.1\javaCompile)" [_thread_blocked, id=16408, stack(0x00000094a1600000,0x00000094a1700000)]
  0x0000020687c74800 JavaThread "RMI RenewClean-[127.0.0.1:17713,org.jetbrains.kotlin.daemon.common.LoopbackNetworkInterface$ClientLoopbackSocketFactory@3058739]" daemon [_thread_blocked, id=10156, stack(0x00000094a1300000,0x00000094a1400000)]
  0x0000020687c72800 JavaThread "RMI RenewClean-[127.0.0.1:17965,org.jetbrains.kotlin.daemon.common.LoopbackNetworkInterface$ClientLoopbackSocketFactory@5d8fecb4]" daemon [_thread_blocked, id=7480, stack(0x00000094a1700000,0x00000094a1800000)]
  0x0000020687c70000 JavaThread "RMI RenewClean-[127.0.0.1:17207,org.jetbrains.kotlin.daemon.common.LoopbackNetworkInterface$ClientLoopbackSocketFactory@1ce138fa]" daemon [_thread_blocked, id=1464, stack(0x00000094a1500000,0x00000094a1600000)]
  0x0000020687c76000 JavaThread "RMI TCP Accept-0" daemon [_thread_in_native, id=10136, stack(0x00000094a1800000,0x00000094a1900000)]
  0x0000020687c75000 JavaThread "RMI RenewClean-[127.0.0.1:17499,org.jetbrains.kotlin.daemon.common.LoopbackNetworkInterface$ClientLoopbackSocketFactory@7a730eab]" daemon [_thread_blocked, id=20400, stack(0x00000094a1a00000,0x00000094a1b00000)]
  0x0000020687c77000 JavaThread "RMI TCP Accept-0" daemon [_thread_in_native, id=12304, stack(0x00000094a1b00000,0x00000094a1c00000)]
  0x0000020687c7b800 JavaThread "Build operations" [_thread_blocked, id=10416, stack(0x00000094a1d00000,0x00000094a1e00000)]
  0x0000020687c7c800 JavaThread "Build operations Thread 2" [_thread_blocked, id=16316, stack(0x00000094a1e00000,0x00000094a1f00000)]
  0x0000020687c7a000 JavaThread "Build operations Thread 3" [_thread_blocked, id=9784, stack(0x00000094a1f00000,0x00000094a2000000)]
  0x0000020687c78800 JavaThread "Build operations Thread 4" [_thread_blocked, id=16300, stack(0x00000094a2000000,0x00000094a2100000)]
  0x0000020687c7f000 JavaThread "WorkerExecutor Queue Thread 5" [_thread_blocked, id=13160, stack(0x00000094a2200000,0x00000094a2300000)]
  0x0000020687c77800 JavaThread "ForkJoinPool-1-worker-3" daemon [_thread_blocked, id=18796, stack(0x00000094a1900000,0x00000094a1a00000)]
  0x0000020687c79000 JavaThread "ForkJoinPool-1-worker-5" daemon [_thread_blocked, id=3992, stack(0x00000094a1c00000,0x00000094a1d00000)]
  0x0000020687c73800 JavaThread "ForkJoinPool-1-worker-7" daemon [_thread_blocked, id=8600, stack(0x00000094a2300000,0x00000094a2400000)]
  0x0000020687c7d800 JavaThread "ForkJoinPool-1-worker-1" daemon [_thread_blocked, id=5688, stack(0x00000094a2400000,0x00000094a2500000)]

Other Threads:
=>0x00000206fc933800 VMThread "VM Thread" [stack: 0x000000949af00000,0x000000949b000000] [id=16152]
  0x00000206fcc8a800 WatcherThread [stack: 0x000000949b900000,0x000000949ba00000] [id=14768]
  0x00000206de9f8000 GCTaskThread "GC Thread#0" [stack: 0x000000949aa00000,0x000000949ab00000] [id=15756]
  0x00000206fce6d000 GCTaskThread "GC Thread#1" [stack: 0x000000949ba00000,0x000000949bb00000] [id=2476]
  0x00000206fdd42800 GCTaskThread "GC Thread#2" [stack: 0x000000949c500000,0x000000949c600000] [id=10172]
  0x00000206fdaaf000 GCTaskThread "GC Thread#3" [stack: 0x000000949c600000,0x000000949c700000] [id=2032]
  0x00000206dea28800 ConcurrentGCThread "G1 Main Marker" [stack: 0x000000949ab00000,0x000000949ac00000] [id=15800]
  0x00000206dea29800 ConcurrentGCThread "G1 Conc#0" [stack: 0x000000949ac00000,0x000000949ad00000] [id=12428]
  0x00000206dea6e800 ConcurrentGCThread "G1 Refine#0" [stack: 0x000000949ad00000,0x000000949ae00000] [id=8180]
  0x00000206dea70000 ConcurrentGCThread "G1 Young RemSet Sampling" [stack: 0x000000949ae00000,0x000000949af00000] [id=14264]

Threads with active compile tasks:
C2 CompilerThread0   356474 23111       4       com.android.tools.r8.graph.K2::g (97 bytes)
C1 CompilerThread0   356474 23125   !   3       com.android.tools.r8.internal.ao::a (934 bytes)

VM state:at safepoint (normal execution)

VM Mutex/Monitor currently owned by a thread:  ([mutex/lock_event])
[0x00000206de9dc1c0] Threads_lock - owner thread: 0x00000206fc933800
[0x00000206de9dc400] Heap_lock - owner thread: 0x0000020687c79000

Heap address: 0x0000000080000000, size: 2048 MB, Compressed Oops mode: 32-bit
Narrow klass base: 0x0000000000000000, Narrow klass shift: 3
Compressed class space size: 528482304 Address: 0x0000000100000000

Heap:
 garbage-first heap   total 530432K, used 281383K [0x0000000080000000, 0x0000000100000000)
  region size 1024K, 3 young (3072K), 3 survivors (3072K)
 Metaspace       used 141009K, capacity 145122K, committed 145280K, reserved 643072K
  class space    used 18210K, capacity 19834K, committed 19840K, reserved 516096K
Heap Regions: E=young(eden), S=young(survivor), O=old, HS=humongous(starts), HC=humongous(continues), CS=collection set, F=free, A=archive, TAMS=top-at-mark-start (previous, next)
|   0|0x0000000080000000, 0x0000000080100000, 0x0000000080100000|100%|HS|  |TAMS 0x0000000080100000, 0x0000000080000000| Complete 
|   1|0x0000000080100000, 0x0000000080200000, 0x0000000080200000|100%|HC|  |TAMS 0x0000000080200000, 0x0000000080100000| Complete 
|   2|0x0000000080200000, 0x0000000080300000, 0x0000000080300000|100%|HC|  |TAMS 0x0000000080300000, 0x0000000080200000| Complete 
|   3|0x0000000080300000, 0x0000000080400000, 0x0000000080400000|100%| O|  |TAMS 0x0000000080400000, 0x0000000080300000| Updating 
|   4|0x0000000080400000, 0x0000000080500000, 0x0000000080500000|100%| O|  |TAMS 0x0000000080500000, 0x0000000080400000| Updating 
|   5|0x0000000080500000, 0x0000000080600000, 0x0000000080600000|100%| O|  |TAMS 0x0000000080600000, 0x0000000080500000| Updating 
|   6|0x0000000080600000, 0x0000000080700000, 0x0000000080700000|100%| O|  |TAMS 0x0000000080700000, 0x0000000080600000| Updating 
|   7|0x0000000080700000, 0x0000000080800000, 0x0000000080800000|100%| O|  |TAMS 0x0000000080800000, 0x0000000080700000| Updating 
|   8|0x0000000080800000, 0x0000000080900000, 0x0000000080900000|100%| O|  |TAMS 0x0000000080900000, 0x0000000080800000| Updating 
|   9|0x0000000080900000, 0x0000000080a00000, 0x0000000080a00000|100%| O|  |TAMS 0x0000000080a00000, 0x0000000080900000| Updating 
|  10|0x0000000080a00000, 0x0000000080b00000, 0x0000000080b00000|100%| O|  |TAMS 0x0000000080b00000, 0x0000000080a00000| Updating 
|  11|0x0000000080b00000, 0x0000000080c00000, 0x0000000080c00000|100%| O|  |TAMS 0x0000000080c00000, 0x0000000080b00000| Updating 
|  12|0x0000000080c00000, 0x0000000080d00000, 0x0000000080d00000|100%| O|  |TAMS 0x0000000080d00000, 0x0000000080c00000| Updating 
|  13|0x0000000080d00000, 0x0000000080e00000, 0x0000000080e00000|100%| O|  |TAMS 0x0000000080e00000, 0x0000000080d00000| Updating 
|  14|0x0000000080e00000, 0x0000000080f00000, 0x0000000080f00000|100%| O|  |TAMS 0x0000000080f00000, 0x0000000080e00000| Updating 
|  15|0x0000000080f00000, 0x0000000081000000, 0x0000000081000000|100%| O|  |TAMS 0x0000000081000000, 0x0000000080f00000| Updating 
|  16|0x0000000081000000, 0x0000000081100000, 0x0000000081100000|100%| O|  |TAMS 0x0000000081100000, 0x0000000081000000| Updating 
|  17|0x0000000081100000, 0x0000000081200000, 0x0000000081200000|100%| O|  |TAMS 0x0000000081200000, 0x0000000081100000| Updating 
|  18|0x0000000081200000, 0x0000000081300000, 0x0000000081300000|100%| O|  |TAMS 0x0000000081300000, 0x0000000081200000| Updating 
|  19|0x0000000081300000, 0x0000000081400000, 0x0000000081400000|100%| O|  |TAMS 0x0000000081400000, 0x0000000081300000| Updating 
|  20|0x0000000081400000, 0x0000000081500000, 0x0000000081500000|100%| O|  |TAMS 0x0000000081500000, 0x0000000081400000| Updating 
|  21|0x0000000081500000, 0x0000000081600000, 0x0000000081600000|100%| O|  |TAMS 0x0000000081600000, 0x0000000081500000| Updating 
|  22|0x0000000081600000, 0x0000000081700000, 0x0000000081700000|100%| O|  |TAMS 0x0000000081700000, 0x0000000081600000| Updating 
|  23|0x0000000081700000, 0x0000000081800000, 0x0000000081800000|100%| O|  |TAMS 0x0000000081800000, 0x0000000081700000| Updating 
|  24|0x0000000081800000, 0x0000000081900000, 0x0000000081900000|100%| O|  |TAMS 0x0000000081900000, 0x0000000081800000| Updating 
|  25|0x0000000081900000, 0x0000000081a00000, 0x0000000081a00000|100%| O|  |TAMS 0x0000000081a00000, 0x0000000081900000| Updating 
|  26|0x0000000081a00000, 0x0000000081b00000, 0x0000000081b00000|100%| O|  |TAMS 0x0000000081b00000, 0x0000000081a00000| Updating 
|  27|0x0000000081b00000, 0x0000000081c00000, 0x0000000081c00000|100%| O|  |TAMS 0x0000000081c00000, 0x0000000081b00000| Updating 
|  28|0x0000000081c00000, 0x0000000081d00000, 0x0000000081d00000|100%| O|  |TAMS 0x0000000081d00000, 0x0000000081c00000| Updating 
|  29|0x0000000081d00000, 0x0000000081e00000, 0x0000000081e00000|100%| O|  |TAMS 0x0000000081e00000, 0x0000000081d00000| Updating 
|  30|0x0000000081e00000, 0x0000000081f00000, 0x0000000081f00000|100%| O|  |TAMS 0x0000000081f00000, 0x0000000081e00000| Updating 
|  31|0x0000000081f00000, 0x0000000082000000, 0x0000000082000000|100%| O|  |TAMS 0x0000000082000000, 0x0000000081f00000| Updating 
|  32|0x0000000082000000, 0x0000000082100000, 0x0000000082100000|100%| O|  |TAMS 0x0000000082100000, 0x0000000082000000| Updating 
|  33|0x0000000082100000, 0x0000000082200000, 0x0000000082200000|100%|HS|  |TAMS 0x0000000082200000, 0x0000000082100000| Complete 
|  34|0x0000000082200000, 0x0000000082300000, 0x0000000082300000|100%|HS|  |TAMS 0x0000000082300000, 0x0000000082200000| Complete 
|  35|0x0000000082300000, 0x0000000082400000, 0x0000000082400000|100%|HC|  |TAMS 0x0000000082400000, 0x0000000082300000| Complete 
|  36|0x0000000082400000, 0x0000000082500000, 0x0000000082500000|100%|HC|  |TAMS 0x0000000082500000, 0x0000000082400000| Complete 
|  37|0x0000000082500000, 0x0000000082600000, 0x0000000082600000|100%| O|  |TAMS 0x0000000082600000, 0x0000000082500000| Updating 
|  38|0x0000000082600000, 0x0000000082700000, 0x0000000082700000|100%| O|  |TAMS 0x0000000082700000, 0x0000000082600000| Updating 
|  39|0x0000000082700000, 0x0000000082800000, 0x0000000082800000|100%| O|  |TAMS 0x0000000082800000, 0x0000000082700000| Updating 
|  40|0x0000000082800000, 0x0000000082900000, 0x0000000082900000|100%| O|  |TAMS 0x0000000082900000, 0x0000000082800000| Updating 
|  41|0x0000000082900000, 0x0000000082a00000, 0x0000000082a00000|100%| O|  |TAMS 0x0000000082a00000, 0x0000000082900000| Updating 
|  42|0x0000000082a00000, 0x0000000082b00000, 0x0000000082b00000|100%| O|  |TAMS 0x0000000082b00000, 0x0000000082a00000| Updating 
|  43|0x0000000082b00000, 0x0000000082c00000, 0x0000000082c00000|100%| O|  |TAMS 0x0000000082c00000, 0x0000000082b00000| Updating 
|  44|0x0000000082c00000, 0x0000000082d00000, 0x0000000082d00000|100%| O|  |TAMS 0x0000000082d00000, 0x0000000082c00000| Updating 
|  45|0x0000000082d00000, 0x0000000082e00000, 0x0000000082e00000|100%| O|  |TAMS 0x0000000082e00000, 0x0000000082d00000| Updating 
|  46|0x0000000082e00000, 0x0000000082f00000, 0x0000000082f00000|100%| O|  |TAMS 0x0000000082f00000, 0x0000000082e00000| Updating 
|  47|0x0000000082f00000, 0x0000000083000000, 0x0000000083000000|100%| O|  |TAMS 0x0000000083000000, 0x0000000082f00000| Updating 
|  48|0x0000000083000000, 0x0000000083100000, 0x0000000083100000|100%| O|  |TAMS 0x0000000083100000, 0x0000000083000000| Updating 
|  49|0x0000000083100000, 0x0000000083200000, 0x0000000083200000|100%| O|  |TAMS 0x0000000083200000, 0x0000000083100000| Updating 
|  50|0x0000000083200000, 0x0000000083300000, 0x0000000083300000|100%| O|  |TAMS 0x0000000083300000, 0x0000000083200000| Updating 
|  51|0x0000000083300000, 0x0000000083400000, 0x0000000083400000|100%| O|  |TAMS 0x0000000083400000, 0x0000000083300000| Updating 
|  52|0x0000000083400000, 0x0000000083500000, 0x0000000083500000|100%| O|  |TAMS 0x0000000083500000, 0x0000000083400000| Updating 
|  53|0x0000000083500000, 0x0000000083600000, 0x0000000083600000|100%|HS|  |TAMS 0x0000000083600000, 0x0000000083500000| Complete 
|  54|0x0000000083600000, 0x0000000083700000, 0x0000000083700000|100%| O|  |TAMS 0x0000000083700000, 0x0000000083600000| Updating 
|  55|0x0000000083700000, 0x0000000083800000, 0x0000000083800000|100%|HS|  |TAMS 0x0000000083800000, 0x0000000083700000| Complete 
|  56|0x0000000083800000, 0x0000000083900000, 0x0000000083900000|100%| O|  |TAMS 0x0000000083900000, 0x0000000083800000| Updating 
|  57|0x0000000083900000, 0x0000000083a00000, 0x0000000083a00000|100%| O|  |TAMS 0x0000000083a00000, 0x0000000083900000| Updating 
|  58|0x0000000083a00000, 0x0000000083b00000, 0x0000000083b00000|100%| O|  |TAMS 0x0000000083b00000, 0x0000000083a00000| Updating 
|  59|0x0000000083b00000, 0x0000000083c00000, 0x0000000083c00000|100%| O|  |TAMS 0x0000000083c00000, 0x0000000083b00000| Updating 
|  60|0x0000000083c00000, 0x0000000083d00000, 0x0000000083d00000|100%| O|  |TAMS 0x0000000083d00000, 0x0000000083c00000| Updating 
|  61|0x0000000083d00000, 0x0000000083e00000, 0x0000000083e00000|100%| O|  |TAMS 0x0000000083e00000, 0x0000000083d00000| Updating 
|  62|0x0000000083e00000, 0x0000000083f00000, 0x0000000083f00000|100%|HS|  |TAMS 0x0000000083f00000, 0x0000000083e00000| Complete 
|  63|0x0000000083f00000, 0x0000000084000000, 0x0000000084000000|100%|HC|  |TAMS 0x0000000084000000, 0x0000000083f00000| Complete 
|  64|0x0000000084000000, 0x0000000084100000, 0x0000000084100000|100%| O|  |TAMS 0x0000000084100000, 0x0000000084000000| Updating 
|  65|0x0000000084100000, 0x0000000084200000, 0x0000000084200000|100%| O|  |TAMS 0x0000000084200000, 0x0000000084100000| Updating 
|  66|0x0000000084200000, 0x0000000084300000, 0x0000000084300000|100%| O|  |TAMS 0x0000000084300000, 0x0000000084200000| Updating 
|  67|0x0000000084300000, 0x0000000084400000, 0x0000000084400000|100%| O|  |TAMS 0x0000000084400000, 0x0000000084300000| Updating 
|  68|0x0000000084400000, 0x0000000084500000, 0x0000000084500000|100%| O|  |TAMS 0x0000000084500000, 0x0000000084400000| Updating 
|  69|0x0000000084500000, 0x0000000084600000, 0x0000000084600000|100%| O|  |TAMS 0x0000000084600000, 0x0000000084500000| Updating 
|  70|0x0000000084600000, 0x0000000084700000, 0x0000000084700000|100%| O|  |TAMS 0x0000000084700000, 0x0000000084600000| Updating 
|  71|0x0000000084700000, 0x0000000084800000, 0x0000000084800000|100%| O|  |TAMS 0x0000000084800000, 0x0000000084700000| Updating 
|  72|0x0000000084800000, 0x0000000084900000, 0x0000000084900000|100%| O|  |TAMS 0x0000000084900000, 0x0000000084800000| Updating 
|  73|0x0000000084900000, 0x0000000084a00000, 0x0000000084a00000|100%| O|  |TAMS 0x0000000084a00000, 0x0000000084900000| Updating 
|  74|0x0000000084a00000, 0x0000000084b00000, 0x0000000084b00000|100%| O|  |TAMS 0x0000000084b00000, 0x0000000084a00000| Updating 
|  75|0x0000000084b00000, 0x0000000084c00000, 0x0000000084c00000|100%| O|  |TAMS 0x0000000084c00000, 0x0000000084b00000| Updating 
|  76|0x0000000084c00000, 0x0000000084d00000, 0x0000000084d00000|100%| O|  |TAMS 0x0000000084d00000, 0x0000000084c00000| Updating 
|  77|0x0000000084d00000, 0x0000000084e00000, 0x0000000084e00000|100%| O|  |TAMS 0x0000000084e00000, 0x0000000084d00000| Updating 
|  78|0x0000000084e00000, 0x0000000084f00000, 0x0000000084f00000|100%| O|  |TAMS 0x0000000084f00000, 0x0000000084e00000| Updating 
|  79|0x0000000084f00000, 0x0000000085000000, 0x0000000085000000|100%| O|  |TAMS 0x0000000085000000, 0x0000000084f00000| Updating 
|  80|0x0000000085000000, 0x0000000085100000, 0x0000000085100000|100%| O|  |TAMS 0x0000000085100000, 0x0000000085000000| Updating 
|  81|0x0000000085100000, 0x0000000085200000, 0x0000000085200000|100%| O|  |TAMS 0x0000000085200000, 0x0000000085100000| Updating 
|  82|0x0000000085200000, 0x0000000085300000, 0x0000000085300000|100%| O|  |TAMS 0x0000000085300000, 0x0000000085200000| Updating 
|  83|0x0000000085300000, 0x0000000085400000, 0x0000000085400000|100%|HS|  |TAMS 0x0000000085400000, 0x0000000085300000| Complete 
|  84|0x0000000085400000, 0x0000000085500000, 0x0000000085500000|100%|HS|  |TAMS 0x0000000085500000, 0x0000000085400000| Complete 
|  85|0x0000000085500000, 0x0000000085600000, 0x0000000085600000|100%|HC|  |TAMS 0x0000000085600000, 0x0000000085500000| Complete 
|  86|0x0000000085600000, 0x0000000085700000, 0x0000000085700000|100%|HC|  |TAMS 0x0000000085700000, 0x0000000085600000| Complete 
|  87|0x0000000085700000, 0x0000000085800000, 0x0000000085800000|100%| O|  |TAMS 0x0000000085800000, 0x0000000085700000| Updating 
|  88|0x0000000085800000, 0x0000000085900000, 0x0000000085900000|100%| O|  |TAMS 0x0000000085900000, 0x0000000085800000| Updating 
|  89|0x0000000085900000, 0x0000000085a00000, 0x0000000085a00000|100%| O|  |TAMS 0x0000000085a00000, 0x0000000085900000| Updating 
|  90|0x0000000085a00000, 0x0000000085b00000, 0x0000000085b00000|100%| O|  |TAMS 0x0000000085b00000, 0x0000000085a00000| Updating 
|  91|0x0000000085b00000, 0x0000000085c00000, 0x0000000085c00000|100%| O|  |TAMS 0x0000000085c00000, 0x0000000085b00000| Updating 
|  92|0x0000000085c00000, 0x0000000085d00000, 0x0000000085d00000|100%| O|  |TAMS 0x0000000085d00000, 0x0000000085c00000| Updating 
|  93|0x0000000085d00000, 0x0000000085e00000, 0x0000000085e00000|100%|HS|  |TAMS 0x0000000085e00000, 0x0000000085d00000| Complete 
|  94|0x0000000085e00000, 0x0000000085f00000, 0x0000000085f00000|100%|HS|  |TAMS 0x0000000085f00000, 0x0000000085e00000| Complete 
|  95|0x0000000085f00000, 0x0000000086000000, 0x0000000086000000|100%|HS|  |TAMS 0x0000000086000000, 0x0000000085f00000| Complete 
|  96|0x0000000086000000, 0x0000000086100000, 0x0000000086100000|100%|HC|  |TAMS 0x0000000086100000, 0x0000000086000000| Complete 
|  97|0x0000000086100000, 0x0000000086200000, 0x0000000086200000|100%|HC|  |TAMS 0x0000000086200000, 0x0000000086100000| Complete 
|  98|0x0000000086200000, 0x0000000086300000, 0x0000000086300000|100%| O|  |TAMS 0x0000000086300000, 0x0000000086200000| Updating 
|  99|0x0000000086300000, 0x0000000086400000, 0x0000000086400000|100%| O|  |TAMS 0x0000000086400000, 0x0000000086300000| Updating 
| 100|0x0000000086400000, 0x0000000086500000, 0x0000000086500000|100%| O|  |TAMS 0x0000000086500000, 0x0000000086400000| Updating 
| 101|0x0000000086500000, 0x0000000086600000, 0x0000000086600000|100%| O|  |TAMS 0x0000000086600000, 0x0000000086500000| Updating 
| 102|0x0000000086600000, 0x0000000086700000, 0x0000000086700000|100%| O|  |TAMS 0x0000000086700000, 0x0000000086600000| Updating 
| 103|0x0000000086700000, 0x0000000086800000, 0x0000000086800000|100%| O|  |TAMS 0x0000000086800000, 0x0000000086700000| Updating 
| 104|0x0000000086800000, 0x0000000086900000, 0x0000000086900000|100%| O|  |TAMS 0x0000000086900000, 0x0000000086800000| Updating 
| 105|0x0000000086900000, 0x0000000086a00000, 0x0000000086a00000|100%| O|  |TAMS 0x0000000086a00000, 0x0000000086900000| Updating 
| 106|0x0000000086a00000, 0x0000000086b00000, 0x0000000086b00000|100%| O|  |TAMS 0x0000000086b00000, 0x0000000086a00000| Updating 
| 107|0x0000000086b00000, 0x0000000086c00000, 0x0000000086c00000|100%| O|  |TAMS 0x0000000086c00000, 0x0000000086b00000| Updating 
| 108|0x0000000086c00000, 0x0000000086d00000, 0x0000000086d00000|100%| O|  |TAMS 0x0000000086d00000, 0x0000000086c00000| Updating 
| 109|0x0000000086d00000, 0x0000000086e00000, 0x0000000086e00000|100%| O|  |TAMS 0x0000000086e00000, 0x0000000086d00000| Updating 
| 110|0x0000000086e00000, 0x0000000086f00000, 0x0000000086f00000|100%| O|  |TAMS 0x0000000086f00000, 0x0000000086e00000| Updating 
| 111|0x0000000086f00000, 0x0000000087000000, 0x0000000087000000|100%| O|  |TAMS 0x0000000087000000, 0x0000000086f00000| Updating 
| 112|0x0000000087000000, 0x0000000087100000, 0x0000000087100000|100%| O|  |TAMS 0x0000000087100000, 0x0000000087000000| Updating 
| 113|0x0000000087100000, 0x0000000087200000, 0x0000000087200000|100%| O|  |TAMS 0x0000000087200000, 0x0000000087100000| Updating 
| 114|0x0000000087200000, 0x0000000087300000, 0x0000000087300000|100%| O|  |TAMS 0x0000000087300000, 0x0000000087200000| Updating 
| 115|0x0000000087300000, 0x0000000087400000, 0x0000000087400000|100%| O|  |TAMS 0x0000000087400000, 0x0000000087300000| Updating 
| 116|0x0000000087400000, 0x0000000087500000, 0x0000000087500000|100%| O|  |TAMS 0x0000000087500000, 0x0000000087400000| Updating 
| 117|0x0000000087500000, 0x0000000087600000, 0x0000000087600000|100%| O|  |TAMS 0x0000000087600000, 0x0000000087500000| Updating 
| 118|0x0000000087600000, 0x0000000087700000, 0x0000000087700000|100%| O|  |TAMS 0x0000000087700000, 0x0000000087600000| Updating 
| 119|0x0000000087700000, 0x0000000087800000, 0x0000000087800000|100%| O|  |TAMS 0x0000000087800000, 0x0000000087700000| Updating 
| 120|0x0000000087800000, 0x0000000087900000, 0x0000000087900000|100%| O|  |TAMS 0x0000000087900000, 0x0000000087800000| Updating 
| 121|0x0000000087900000, 0x0000000087a00000, 0x0000000087a00000|100%| O|  |TAMS 0x0000000087a00000, 0x0000000087900000| Updating 
| 122|0x0000000087a00000, 0x0000000087b00000, 0x0000000087b00000|100%| O|  |TAMS 0x0000000087b00000, 0x0000000087a00000| Updating 
| 123|0x0000000087b00000, 0x0000000087c00000, 0x0000000087c00000|100%| O|  |TAMS 0x0000000087c00000, 0x0000000087b00000| Updating 
| 124|0x0000000087c00000, 0x0000000087d00000, 0x0000000087d00000|100%| O|  |TAMS 0x0000000087d00000, 0x0000000087c00000| Updating 
| 125|0x0000000087d00000, 0x0000000087e00000, 0x0000000087e00000|100%| O|  |TAMS 0x0000000087e00000, 0x0000000087d00000| Updating 
| 126|0x0000000087e00000, 0x0000000087f00000, 0x0000000087f00000|100%| O|  |TAMS 0x0000000087f00000, 0x0000000087e00000| Updating 
| 127|0x0000000087f00000, 0x0000000088000000, 0x0000000088000000|100%| O|  |TAMS 0x0000000088000000, 0x0000000087f00000| Updating 
| 128|0x0000000088000000, 0x0000000088100000, 0x0000000088100000|100%| O|  |TAMS 0x0000000088100000, 0x0000000088000000| Updating 
| 129|0x0000000088100000, 0x0000000088200000, 0x0000000088200000|100%| O|  |TAMS 0x0000000088200000, 0x0000000088100000| Updating 
| 130|0x0000000088200000, 0x0000000088300000, 0x0000000088300000|100%| O|  |TAMS 0x0000000088300000, 0x0000000088200000| Updating 
| 131|0x0000000088300000, 0x0000000088400000, 0x0000000088400000|100%| O|  |TAMS 0x0000000088400000, 0x0000000088300000| Updating 
| 132|0x0000000088400000, 0x0000000088500000, 0x0000000088500000|100%| O|  |TAMS 0x0000000088500000, 0x0000000088400000| Updating 
| 133|0x0000000088500000, 0x0000000088600000, 0x0000000088600000|100%| O|  |TAMS 0x0000000088600000, 0x0000000088500000| Updating 
| 134|0x0000000088600000, 0x0000000088700000, 0x0000000088700000|100%| O|  |TAMS 0x0000000088700000, 0x0000000088600000| Updating 
| 135|0x0000000088700000, 0x0000000088800000, 0x0000000088800000|100%| O|  |TAMS 0x0000000088800000, 0x0000000088700000| Updating 
| 136|0x0000000088800000, 0x0000000088900000, 0x0000000088900000|100%|HS|  |TAMS 0x0000000088900000, 0x0000000088800000| Complete 
| 137|0x0000000088900000, 0x0000000088a00000, 0x0000000088a00000|100%|HC|  |TAMS 0x0000000088a00000, 0x0000000088900000| Complete 
| 138|0x0000000088a00000, 0x0000000088b00000, 0x0000000088b00000|100%| O|  |TAMS 0x0000000088b00000, 0x0000000088a00000| Updating 
| 139|0x0000000088b00000, 0x0000000088c00000, 0x0000000088c00000|100%| O|  |TAMS 0x0000000088c00000, 0x0000000088b00000| Updating 
| 140|0x0000000088c00000, 0x0000000088d00000, 0x0000000088d00000|100%| O|  |TAMS 0x0000000088d00000, 0x0000000088c00000| Updating 
| 141|0x0000000088d00000, 0x0000000088e00000, 0x0000000088e00000|100%| O|  |TAMS 0x0000000088e00000, 0x0000000088d00000| Updating 
| 142|0x0000000088e00000, 0x0000000088f00000, 0x0000000088f00000|100%|HS|  |TAMS 0x0000000088f00000, 0x0000000088e00000| Complete 
| 143|0x0000000088f00000, 0x0000000089000000, 0x0000000089000000|100%| O|  |TAMS 0x0000000089000000, 0x0000000088f00000| Updating 
| 144|0x0000000089000000, 0x0000000089100000, 0x0000000089100000|100%|HS|  |TAMS 0x0000000089100000, 0x0000000089000000| Complete 
| 145|0x0000000089100000, 0x0000000089200000, 0x0000000089200000|100%| O|  |TAMS 0x0000000089200000, 0x0000000089100000| Updating 
| 146|0x0000000089200000, 0x0000000089300000, 0x0000000089300000|100%| O|  |TAMS 0x0000000089300000, 0x0000000089200000| Updating 
| 147|0x0000000089300000, 0x0000000089400000, 0x0000000089400000|100%| O|  |TAMS 0x0000000089400000, 0x0000000089300000| Updating 
| 148|0x0000000089400000, 0x0000000089500000, 0x0000000089500000|100%| O|  |TAMS 0x0000000089500000, 0x0000000089400000| Updating 
| 149|0x0000000089500000, 0x0000000089600000, 0x0000000089600000|100%|HS|  |TAMS 0x0000000089600000, 0x0000000089500000| Complete 
| 150|0x0000000089600000, 0x0000000089700000, 0x0000000089700000|100%| O|  |TAMS 0x0000000089700000, 0x0000000089600000| Updating 
| 151|0x0000000089700000, 0x0000000089800000, 0x0000000089800000|100%| O|  |TAMS 0x0000000089800000, 0x0000000089700000| Updating 
| 152|0x0000000089800000, 0x0000000089900000, 0x0000000089900000|100%| O|  |TAMS 0x0000000089900000, 0x0000000089800000| Updating 
| 153|0x0000000089900000, 0x0000000089a00000, 0x0000000089a00000|100%| O|  |TAMS 0x0000000089a00000, 0x0000000089900000| Updating 
| 154|0x0000000089a00000, 0x0000000089b00000, 0x0000000089b00000|100%| O|  |TAMS 0x0000000089b00000, 0x0000000089a00000| Updating 
| 155|0x0000000089b00000, 0x0000000089c00000, 0x0000000089c00000|100%| O|  |TAMS 0x0000000089c00000, 0x0000000089b00000| Updating 
| 156|0x0000000089c00000, 0x0000000089d00000, 0x0000000089d00000|100%| O|  |TAMS 0x0000000089d00000, 0x0000000089c00000| Updating 
| 157|0x0000000089d00000, 0x0000000089e00000, 0x0000000089e00000|100%| O|  |TAMS 0x0000000089e00000, 0x0000000089d00000| Updating 
| 158|0x0000000089e00000, 0x0000000089f00000, 0x0000000089f00000|100%| O|  |TAMS 0x0000000089f00000, 0x0000000089e00000| Updating 
| 159|0x0000000089f00000, 0x000000008a000000, 0x000000008a000000|100%|HS|  |TAMS 0x000000008a000000, 0x0000000089f00000| Complete 
| 160|0x000000008a000000, 0x000000008a100000, 0x000000008a100000|100%|HC|  |TAMS 0x000000008a100000, 0x000000008a000000| Complete 
| 161|0x000000008a100000, 0x000000008a200000, 0x000000008a200000|100%| O|  |TAMS 0x000000008a200000, 0x000000008a100000| Updating 
| 162|0x000000008a200000, 0x000000008a300000, 0x000000008a300000|100%|HS|  |TAMS 0x000000008a300000, 0x000000008a200000| Complete 
| 163|0x000000008a300000, 0x000000008a400000, 0x000000008a400000|100%| O|  |TAMS 0x000000008a400000, 0x000000008a300000| Updating 
| 164|0x000000008a400000, 0x000000008a500000, 0x000000008a500000|100%|HS|  |TAMS 0x000000008a500000, 0x000000008a400000| Complete 
| 165|0x000000008a500000, 0x000000008a600000, 0x000000008a600000|100%| O|  |TAMS 0x000000008a600000, 0x000000008a500000| Updating 
| 166|0x000000008a600000, 0x000000008a700000, 0x000000008a700000|100%| O|  |TAMS 0x000000008a700000, 0x000000008a600000| Updating 
| 167|0x000000008a700000, 0x000000008a800000, 0x000000008a800000|100%| O|  |TAMS 0x000000008a800000, 0x000000008a700000| Updating 
| 168|0x000000008a800000, 0x000000008a900000, 0x000000008a900000|100%|HS|  |TAMS 0x000000008a900000, 0x000000008a800000| Complete 
| 169|0x000000008a900000, 0x000000008aa00000, 0x000000008aa00000|100%|HC|  |TAMS 0x000000008aa00000, 0x000000008a900000| Complete 
| 170|0x000000008aa00000, 0x000000008ab00000, 0x000000008ab00000|100%|HC|  |TAMS 0x000000008ab00000, 0x000000008aa00000| Complete 
| 171|0x000000008ab00000, 0x000000008ac00000, 0x000000008ac00000|100%| O|  |TAMS 0x000000008ac00000, 0x000000008ab00000| Updating 
| 172|0x000000008ac00000, 0x000000008ad00000, 0x000000008ad00000|100%| O|  |TAMS 0x000000008ad00000, 0x000000008ac00000| Updating 
| 173|0x000000008ad00000, 0x000000008ae00000, 0x000000008ae00000|100%| O|  |TAMS 0x000000008ae00000, 0x000000008ad00000| Updating 
| 174|0x000000008ae00000, 0x000000008af00000, 0x000000008af00000|100%|HS|  |TAMS 0x000000008af00000, 0x000000008ae00000| Complete 
| 175|0x000000008af00000, 0x000000008b000000, 0x000000008b000000|100%|HS|  |TAMS 0x000000008b000000, 0x000000008af00000| Complete 
| 176|0x000000008b000000, 0x000000008b100000, 0x000000008b100000|100%|HS|  |TAMS 0x000000008b100000, 0x000000008b000000| Complete 
| 177|0x000000008b100000, 0x000000008b200000, 0x000000008b200000|100%|HC|  |TAMS 0x000000008b200000, 0x000000008b100000| Complete 
| 178|0x000000008b200000, 0x000000008b300000, 0x000000008b300000|100%| O|  |TAMS 0x000000008b300000, 0x000000008b200000| Updating 
| 179|0x000000008b300000, 0x000000008b400000, 0x000000008b400000|100%| O|  |TAMS 0x000000008b400000, 0x000000008b300000| Updating 
| 180|0x000000008b400000, 0x000000008b500000, 0x000000008b500000|100%| O|  |TAMS 0x000000008b500000, 0x000000008b400000| Updating 
| 181|0x000000008b500000, 0x000000008b600000, 0x000000008b600000|100%| O|  |TAMS 0x000000008b600000, 0x000000008b500000| Updating 
| 182|0x000000008b600000, 0x000000008b700000, 0x000000008b700000|100%| O|  |TAMS 0x000000008b700000, 0x000000008b600000| Updating 
| 183|0x000000008b700000, 0x000000008b800000, 0x000000008b800000|100%| O|  |TAMS 0x000000008b800000, 0x000000008b700000| Updating 
| 184|0x000000008b800000, 0x000000008b900000, 0x000000008b900000|100%| O|  |TAMS 0x000000008b900000, 0x000000008b800000| Updating 
| 185|0x000000008b900000, 0x000000008ba00000, 0x000000008ba00000|100%| O|  |TAMS 0x000000008ba00000, 0x000000008b900000| Updating 
| 186|0x000000008ba00000, 0x000000008bb00000, 0x000000008bb00000|100%| O|  |TAMS 0x000000008bb00000, 0x000000008ba00000| Updating 
| 187|0x000000008bb00000, 0x000000008bc00000, 0x000000008bc00000|100%| O|  |TAMS 0x000000008bc00000, 0x000000008bb00000| Updating 
| 188|0x000000008bc00000, 0x000000008bd00000, 0x000000008bd00000|100%| O|  |TAMS 0x000000008bd00000, 0x000000008bc00000| Updating 
| 189|0x000000008bd00000, 0x000000008be00000, 0x000000008be00000|100%| O|  |TAMS 0x000000008be00000, 0x000000008bd00000| Updating 
| 190|0x000000008be00000, 0x000000008bf00000, 0x000000008bf00000|100%|HS|  |TAMS 0x000000008bf00000, 0x000000008be00000| Complete 
| 191|0x000000008bf00000, 0x000000008c000000, 0x000000008c000000|100%| O|  |TAMS 0x000000008c000000, 0x000000008bf00000| Updating 
| 192|0x000000008c000000, 0x000000008c100000, 0x000000008c100000|100%| O|  |TAMS 0x000000008c100000, 0x000000008c000000| Updating 
| 193|0x000000008c100000, 0x000000008c200000, 0x000000008c200000|100%| O|  |TAMS 0x000000008c200000, 0x000000008c100000| Updating 
| 194|0x000000008c200000, 0x000000008c300000, 0x000000008c300000|100%| O|  |TAMS 0x000000008c300000, 0x000000008c200000| Updating 
| 195|0x000000008c300000, 0x000000008c400000, 0x000000008c400000|100%|HS|  |TAMS 0x000000008c400000, 0x000000008c300000| Complete 
| 196|0x000000008c400000, 0x000000008c500000, 0x000000008c500000|100%| O|  |TAMS 0x000000008c500000, 0x000000008c400000| Updating 
| 197|0x000000008c500000, 0x000000008c600000, 0x000000008c600000|100%| O|  |TAMS 0x000000008c600000, 0x000000008c500000| Updating 
| 198|0x000000008c600000, 0x000000008c700000, 0x000000008c700000|100%| O|  |TAMS 0x000000008c700000, 0x000000008c600000| Updating 
| 199|0x000000008c700000, 0x000000008c800000, 0x000000008c800000|100%| O|  |TAMS 0x000000008c800000, 0x000000008c700000| Updating 
| 200|0x000000008c800000, 0x000000008c900000, 0x000000008c900000|100%| O|  |TAMS 0x000000008c900000, 0x000000008c800000| Updating 
| 201|0x000000008c900000, 0x000000008ca00000, 0x000000008ca00000|100%|HS|  |TAMS 0x000000008ca00000, 0x000000008c900000| Complete 
| 202|0x000000008ca00000, 0x000000008cb00000, 0x000000008cb00000|100%| O|  |TAMS 0x000000008cb00000, 0x000000008ca00000| Updating 
| 203|0x000000008cb00000, 0x000000008cc00000, 0x000000008cc00000|100%| O|  |TAMS 0x000000008cc00000, 0x000000008cb00000| Updating 
| 204|0x000000008cc00000, 0x000000008cd00000, 0x000000008cd00000|100%| O|  |TAMS 0x000000008cd00000, 0x000000008cc00000| Updating 
| 205|0x000000008cd00000, 0x000000008ce00000, 0x000000008ce00000|100%| O|  |TAMS 0x000000008ce00000, 0x000000008cd00000| Updating 
| 206|0x000000008ce00000, 0x000000008cf00000, 0x000000008cf00000|100%| O|  |TAMS 0x000000008cf00000, 0x000000008ce00000| Updating 
| 207|0x000000008cf00000, 0x000000008d000000, 0x000000008d000000|100%| O|  |TAMS 0x000000008d000000, 0x000000008cf00000| Updating 
| 208|0x000000008d000000, 0x000000008d100000, 0x000000008d100000|100%| O|  |TAMS 0x000000008d100000, 0x000000008d000000| Updating 
| 209|0x000000008d100000, 0x000000008d200000, 0x000000008d200000|100%| O|  |TAMS 0x000000008d200000, 0x000000008d100000| Updating 
| 210|0x000000008d200000, 0x000000008d300000, 0x000000008d300000|100%| O|  |TAMS 0x000000008d300000, 0x000000008d200000| Updating 
| 211|0x000000008d300000, 0x000000008d400000, 0x000000008d400000|100%|HS|  |TAMS 0x000000008d400000, 0x000000008d300000| Complete 
| 212|0x000000008d400000, 0x000000008d500000, 0x000000008d500000|100%|HC|  |TAMS 0x000000008d500000, 0x000000008d400000| Complete 
| 213|0x000000008d500000, 0x000000008d600000, 0x000000008d600000|100%|HC|  |TAMS 0x000000008d600000, 0x000000008d500000| Complete 
| 214|0x000000008d600000, 0x000000008d700000, 0x000000008d700000|100%| O|  |TAMS 0x000000008d700000, 0x000000008d600000| Updating 
| 215|0x000000008d700000, 0x000000008d800000, 0x000000008d800000|100%| O|  |TAMS 0x000000008d800000, 0x000000008d700000| Updating 
| 216|0x000000008d800000, 0x000000008d900000, 0x000000008d900000|100%| O|  |TAMS 0x000000008d900000, 0x000000008d800000| Updating 
| 217|0x000000008d900000, 0x000000008da00000, 0x000000008da00000|100%| O|  |TAMS 0x000000008da00000, 0x000000008d900000| Updating 
| 218|0x000000008da00000, 0x000000008db00000, 0x000000008db00000|100%| O|  |TAMS 0x000000008db00000, 0x000000008da00000| Updating 
| 219|0x000000008db00000, 0x000000008dc00000, 0x000000008dc00000|100%| O|  |TAMS 0x000000008dc00000, 0x000000008db00000| Updating 
| 220|0x000000008dc00000, 0x000000008dd00000, 0x000000008dd00000|100%| O|  |TAMS 0x000000008dd00000, 0x000000008dc00000| Updating 
| 221|0x000000008dd00000, 0x000000008de00000, 0x000000008de00000|100%| O|  |TAMS 0x000000008de00000, 0x000000008dd00000| Updating 
| 222|0x000000008de00000, 0x000000008df00000, 0x000000008df00000|100%| O|  |TAMS 0x000000008df00000, 0x000000008de00000| Updating 
| 223|0x000000008df00000, 0x000000008e000000, 0x000000008e000000|100%| O|  |TAMS 0x000000008e000000, 0x000000008df00000| Updating 
| 224|0x000000008e000000, 0x000000008e100000, 0x000000008e100000|100%| O|  |TAMS 0x000000008e100000, 0x000000008e000000| Updating 
| 225|0x000000008e100000, 0x000000008e200000, 0x000000008e200000|100%| O|  |TAMS 0x000000008e200000, 0x000000008e100000| Updating 
| 226|0x000000008e200000, 0x000000008e300000, 0x000000008e300000|100%| O|  |TAMS 0x000000008e300000, 0x000000008e200000| Updating 
| 227|0x000000008e300000, 0x000000008e400000, 0x000000008e400000|100%| O|  |TAMS 0x000000008e400000, 0x000000008e300000| Updating 
| 228|0x000000008e400000, 0x000000008e500000, 0x000000008e500000|100%| O|  |TAMS 0x000000008e500000, 0x000000008e400000| Updating 
| 229|0x000000008e500000, 0x000000008e600000, 0x000000008e600000|100%| O|  |TAMS 0x000000008e600000, 0x000000008e500000| Updating 
| 230|0x000000008e600000, 0x000000008e700000, 0x000000008e700000|100%| O|  |TAMS 0x000000008e700000, 0x000000008e600000| Updating 
| 231|0x000000008e700000, 0x000000008e800000, 0x000000008e800000|100%| O|  |TAMS 0x000000008e800000, 0x000000008e700000| Updating 
| 232|0x000000008e800000, 0x000000008e900000, 0x000000008e900000|100%| O|  |TAMS 0x000000008e900000, 0x000000008e800000| Updating 
| 233|0x000000008e900000, 0x000000008ea00000, 0x000000008ea00000|100%| O|  |TAMS 0x000000008ea00000, 0x000000008e900000| Updating 
| 234|0x000000008ea00000, 0x000000008eb00000, 0x000000008eb00000|100%| O|  |TAMS 0x000000008eb00000, 0x000000008ea00000| Updating 
| 235|0x000000008eb00000, 0x000000008ec00000, 0x000000008ec00000|100%| O|  |TAMS 0x000000008ec00000, 0x000000008eb00000| Updating 
| 236|0x000000008ec00000, 0x000000008ed00000, 0x000000008ed00000|100%| O|  |TAMS 0x000000008ed00000, 0x000000008ec00000| Updating 
| 237|0x000000008ed00000, 0x000000008ee00000, 0x000000008ee00000|100%| O|  |TAMS 0x000000008ee00000, 0x000000008ed00000| Updating 
| 238|0x000000008ee00000, 0x000000008ef00000, 0x000000008ef00000|100%| O|  |TAMS 0x000000008ef00000, 0x000000008ee00000| Updating 
| 239|0x000000008ef00000, 0x000000008f000000, 0x000000008f000000|100%| O|  |TAMS 0x000000008f000000, 0x000000008ef00000| Updating 
| 240|0x000000008f000000, 0x000000008f100000, 0x000000008f100000|100%| O|  |TAMS 0x000000008f100000, 0x000000008f000000| Updating 
| 241|0x000000008f100000, 0x000000008f200000, 0x000000008f200000|100%| O|  |TAMS 0x000000008f200000, 0x000000008f100000| Updating 
| 242|0x000000008f200000, 0x000000008f300000, 0x000000008f300000|100%| O|  |TAMS 0x000000008f300000, 0x000000008f200000| Updating 
| 243|0x000000008f300000, 0x000000008f400000, 0x000000008f400000|100%| O|  |TAMS 0x000000008f400000, 0x000000008f300000| Updating 
| 244|0x000000008f400000, 0x000000008f500000, 0x000000008f500000|100%| O|  |TAMS 0x000000008f500000, 0x000000008f400000| Updating 
| 245|0x000000008f500000, 0x000000008f600000, 0x000000008f600000|100%| O|  |TAMS 0x000000008f600000, 0x000000008f500000| Updating 
| 246|0x000000008f600000, 0x000000008f700000, 0x000000008f700000|100%| O|  |TAMS 0x000000008f700000, 0x000000008f600000| Updating 
| 247|0x000000008f700000, 0x000000008f800000, 0x000000008f800000|100%| O|  |TAMS 0x000000008f800000, 0x000000008f700000| Updating 
| 248|0x000000008f800000, 0x000000008f900000, 0x000000008f900000|100%| O|  |TAMS 0x000000008f900000, 0x000000008f800000| Updating 
| 249|0x000000008f900000, 0x000000008fa00000, 0x000000008fa00000|100%| O|  |TAMS 0x000000008fa00000, 0x000000008f900000| Updating 
| 250|0x000000008fa00000, 0x000000008fb00000, 0x000000008fb00000|100%| O|  |TAMS 0x000000008fb00000, 0x000000008fa00000| Updating 
| 251|0x000000008fb00000, 0x000000008fc00000, 0x000000008fc00000|100%| O|  |TAMS 0x000000008fc00000, 0x000000008fb00000| Updating 
| 252|0x000000008fc00000, 0x000000008fd00000, 0x000000008fd00000|100%| O|  |TAMS 0x000000008fd00000, 0x000000008fc00000| Updating 
| 253|0x000000008fd00000, 0x000000008fe00000, 0x000000008fe00000|100%| O|  |TAMS 0x000000008fe00000, 0x000000008fd00000| Updating 
| 254|0x000000008fe00000, 0x000000008ff00000, 0x000000008ff00000|100%| O|  |TAMS 0x000000008ff00000, 0x000000008fe00000| Updating 
| 255|0x000000008ff00000, 0x0000000090000000, 0x0000000090000000|100%| O|  |TAMS 0x0000000090000000, 0x000000008ff00000| Updating 
| 256|0x0000000090000000, 0x0000000090100000, 0x0000000090100000|100%| O|  |TAMS 0x0000000090100000, 0x0000000090000000| Updating 
| 257|0x0000000090100000, 0x0000000090200000, 0x0000000090200000|100%| O|  |TAMS 0x0000000090200000, 0x0000000090100000| Updating 
| 258|0x0000000090200000, 0x0000000090300000, 0x0000000090300000|100%| O|  |TAMS 0x0000000090300000, 0x0000000090200000| Updating 
| 259|0x0000000090300000, 0x0000000090400000, 0x0000000090400000|100%| O|  |TAMS 0x0000000090400000, 0x0000000090300000| Updating 
| 260|0x0000000090400000, 0x0000000090500000, 0x0000000090500000|100%| O|  |TAMS 0x0000000090500000, 0x0000000090400000| Updating 
| 261|0x0000000090500000, 0x0000000090600000, 0x0000000090600000|100%| O|  |TAMS 0x0000000090600000, 0x0000000090500000| Updating 
| 262|0x0000000090600000, 0x0000000090700000, 0x0000000090700000|100%| O|  |TAMS 0x0000000090700000, 0x0000000090600000| Updating 
| 263|0x0000000090700000, 0x0000000090800000, 0x0000000090800000|100%| O|  |TAMS 0x0000000090800000, 0x0000000090700000| Updating 
| 264|0x0000000090800000, 0x0000000090900000, 0x0000000090900000|100%| O|  |TAMS 0x0000000090900000, 0x0000000090800000| Updating 
| 265|0x0000000090900000, 0x0000000090a00000, 0x0000000090a00000|100%| O|  |TAMS 0x0000000090a00000, 0x0000000090900000| Updating 
| 266|0x0000000090a00000, 0x0000000090b00000, 0x0000000090b00000|100%| O|  |TAMS 0x0000000090b00000, 0x0000000090a00000| Updating 
| 267|0x0000000090b00000, 0x0000000090c00000, 0x0000000090c00000|100%| O|  |TAMS 0x0000000090c00000, 0x0000000090b00000| Updating 
| 268|0x0000000090c00000, 0x0000000090d00000, 0x0000000090d00000|100%| O|  |TAMS 0x0000000090cfa600, 0x0000000090c00000| Updating 
| 269|0x0000000090d00000, 0x0000000090e00000, 0x0000000090e00000|100%| O|  |TAMS 0x0000000090d00000, 0x0000000090d00000| Untracked 
| 270|0x0000000090e00000, 0x0000000090f00000, 0x0000000090f00000|100%| O|  |TAMS 0x0000000090e00000, 0x0000000090e00000| Untracked 
| 271|0x0000000090f00000, 0x0000000090ff4800, 0x0000000091000000| 95%| O|  |TAMS 0x0000000090f00000, 0x0000000090f00000| Untracked 
| 272|0x0000000091000000, 0x0000000091000000, 0x0000000091100000|  0%| F|  |TAMS 0x0000000091000000, 0x0000000091000000| Untracked 
| 273|0x0000000091100000, 0x0000000091100000, 0x0000000091200000|  0%| F|  |TAMS 0x0000000091100000, 0x0000000091100000| Untracked 
| 274|0x0000000091200000, 0x0000000091200000, 0x0000000091300000|  0%| F|  |TAMS 0x0000000091200000, 0x0000000091200000| Untracked 
| 275|0x0000000091300000, 0x0000000091300000, 0x0000000091400000|  0%| F|  |TAMS 0x0000000091300000, 0x0000000091300000| Untracked 
| 276|0x0000000091400000, 0x0000000091400000, 0x0000000091500000|  0%| F|  |TAMS 0x0000000091400000, 0x0000000091400000| Untracked 
| 277|0x0000000091500000, 0x0000000091500000, 0x0000000091600000|  0%| F|  |TAMS 0x0000000091500000, 0x0000000091500000| Untracked 
| 278|0x0000000091600000, 0x0000000091600000, 0x0000000091700000|  0%| F|  |TAMS 0x0000000091600000, 0x0000000091600000| Untracked 
| 279|0x0000000091700000, 0x0000000091700000, 0x0000000091800000|  0%| F|  |TAMS 0x0000000091700000, 0x0000000091700000| Untracked 
| 280|0x0000000091800000, 0x0000000091800000, 0x0000000091900000|  0%| F|  |TAMS 0x0000000091800000, 0x0000000091800000| Untracked 
| 281|0x0000000091900000, 0x0000000091900000, 0x0000000091a00000|  0%| F|  |TAMS 0x0000000091900000, 0x0000000091900000| Untracked 
| 282|0x0000000091a00000, 0x0000000091a00000, 0x0000000091b00000|  0%| F|  |TAMS 0x0000000091a00000, 0x0000000091a00000| Untracked 
| 283|0x0000000091b00000, 0x0000000091b00000, 0x0000000091c00000|  0%| F|  |TAMS 0x0000000091b00000, 0x0000000091b00000| Untracked 
| 284|0x0000000091c00000, 0x0000000091c00000, 0x0000000091d00000|  0%| F|  |TAMS 0x0000000091c00000, 0x0000000091c00000| Untracked 
| 285|0x0000000091d00000, 0x0000000091d00000, 0x0000000091e00000|  0%| F|  |TAMS 0x0000000091d00000, 0x0000000091d00000| Untracked 
| 286|0x0000000091e00000, 0x0000000091e00000, 0x0000000091f00000|  0%| F|  |TAMS 0x0000000091e00000, 0x0000000091e00000| Untracked 
| 287|0x0000000091f00000, 0x0000000091f00000, 0x0000000092000000|  0%| F|  |TAMS 0x0000000091f00000, 0x0000000091f00000| Untracked 
| 288|0x0000000092000000, 0x0000000092000000, 0x0000000092100000|  0%| F|  |TAMS 0x0000000092000000, 0x0000000092000000| Untracked 
| 289|0x0000000092100000, 0x0000000092100000, 0x0000000092200000|  0%| F|  |TAMS 0x0000000092100000, 0x0000000092100000| Untracked 
| 290|0x0000000092200000, 0x0000000092200000, 0x0000000092300000|  0%| F|  |TAMS 0x0000000092200000, 0x0000000092200000| Untracked 
| 291|0x0000000092300000, 0x0000000092300000, 0x0000000092400000|  0%| F|  |TAMS 0x0000000092300000, 0x0000000092300000| Untracked 
| 292|0x0000000092400000, 0x0000000092400000, 0x0000000092500000|  0%| F|  |TAMS 0x0000000092400000, 0x0000000092400000| Untracked 
| 293|0x0000000092500000, 0x0000000092500000, 0x0000000092600000|  0%| F|  |TAMS 0x0000000092500000, 0x0000000092500000| Untracked 
| 294|0x0000000092600000, 0x0000000092600000, 0x0000000092700000|  0%| F|  |TAMS 0x0000000092600000, 0x0000000092600000| Untracked 
| 295|0x0000000092700000, 0x0000000092700000, 0x0000000092800000|  0%| F|  |TAMS 0x0000000092700000, 0x0000000092700000| Untracked 
| 296|0x0000000092800000, 0x0000000092800000, 0x0000000092900000|  0%| F|  |TAMS 0x0000000092800000, 0x0000000092800000| Untracked 
| 297|0x0000000092900000, 0x0000000092900000, 0x0000000092a00000|  0%| F|  |TAMS 0x0000000092900000, 0x0000000092900000| Untracked 
| 298|0x0000000092a00000, 0x0000000092a00000, 0x0000000092b00000|  0%| F|  |TAMS 0x0000000092a00000, 0x0000000092a00000| Untracked 
| 299|0x0000000092b00000, 0x0000000092b00000, 0x0000000092c00000|  0%| F|  |TAMS 0x0000000092b00000, 0x0000000092b00000| Untracked 
| 300|0x0000000092c00000, 0x0000000092c00000, 0x0000000092d00000|  0%| F|  |TAMS 0x0000000092c00000, 0x0000000092c00000| Untracked 
| 301|0x0000000092d00000, 0x0000000092d00000, 0x0000000092e00000|  0%| F|  |TAMS 0x0000000092d00000, 0x0000000092d00000| Untracked 
| 302|0x0000000092e00000, 0x0000000092e00000, 0x0000000092f00000|  0%| F|  |TAMS 0x0000000092e00000, 0x0000000092e00000| Untracked 
| 303|0x0000000092f00000, 0x0000000092f00000, 0x0000000093000000|  0%| F|  |TAMS 0x0000000092f00000, 0x0000000092f00000| Untracked 
| 304|0x0000000093000000, 0x0000000093000000, 0x0000000093100000|  0%| F|  |TAMS 0x0000000093000000, 0x0000000093000000| Untracked 
| 305|0x0000000093100000, 0x0000000093100000, 0x0000000093200000|  0%| F|  |TAMS 0x0000000093100000, 0x0000000093100000| Untracked 
| 306|0x0000000093200000, 0x0000000093200000, 0x0000000093300000|  0%| F|  |TAMS 0x0000000093200000, 0x0000000093200000| Untracked 
| 307|0x0000000093300000, 0x0000000093300000, 0x0000000093400000|  0%| F|  |TAMS 0x0000000093300000, 0x0000000093300000| Untracked 
| 308|0x0000000093400000, 0x0000000093400000, 0x0000000093500000|  0%| F|  |TAMS 0x0000000093400000, 0x0000000093400000| Untracked 
| 309|0x0000000093500000, 0x0000000093500000, 0x0000000093600000|  0%| F|  |TAMS 0x0000000093500000, 0x0000000093500000| Untracked 
| 310|0x0000000093600000, 0x0000000093600000, 0x0000000093700000|  0%| F|  |TAMS 0x0000000093600000, 0x0000000093600000| Untracked 
| 311|0x0000000093700000, 0x0000000093700000, 0x0000000093800000|  0%| F|  |TAMS 0x0000000093700000, 0x0000000093700000| Untracked 
| 312|0x0000000093800000, 0x0000000093800000, 0x0000000093900000|  0%| F|  |TAMS 0x0000000093800000, 0x0000000093800000| Untracked 
| 313|0x0000000093900000, 0x0000000093900000, 0x0000000093a00000|  0%| F|  |TAMS 0x0000000093900000, 0x0000000093900000| Untracked 
| 314|0x0000000093a00000, 0x0000000093a00000, 0x0000000093b00000|  0%| F|  |TAMS 0x0000000093a00000, 0x0000000093a00000| Untracked 
| 315|0x0000000093b00000, 0x0000000093b00000, 0x0000000093c00000|  0%| F|  |TAMS 0x0000000093b00000, 0x0000000093b00000| Untracked 
| 316|0x0000000093c00000, 0x0000000093cd55d0, 0x0000000093d00000| 83%| S|CS|TAMS 0x0000000093c00000, 0x0000000093c00000| Complete 
| 317|0x0000000093d00000, 0x0000000093d00000, 0x0000000093e00000|  0%| F|  |TAMS 0x0000000093d00000, 0x0000000093d00000| Untracked 
| 318|0x0000000093e00000, 0x0000000093f00000, 0x0000000093f00000|100%| S|CS|TAMS 0x0000000093e00000, 0x0000000093e00000| Complete 
| 319|0x0000000093f00000, 0x0000000094000000, 0x0000000094000000|100%| S|CS|TAMS 0x0000000093f00000, 0x0000000093f00000| Complete 
| 320|0x0000000094000000, 0x0000000094000000, 0x0000000094100000|  0%| F|  |TAMS 0x0000000094000000, 0x0000000094000000| Untracked 
| 321|0x0000000094100000, 0x0000000094100000, 0x0000000094200000|  0%| F|  |TAMS 0x0000000094100000, 0x0000000094100000| Untracked 
| 322|0x0000000094200000, 0x0000000094200000, 0x0000000094300000|  0%| F|  |TAMS 0x0000000094200000, 0x0000000094200000| Untracked 
| 323|0x0000000094300000, 0x0000000094300000, 0x0000000094400000|  0%| F|  |TAMS 0x0000000094300000, 0x0000000094300000| Untracked 
| 324|0x0000000094400000, 0x0000000094400000, 0x0000000094500000|  0%| F|  |TAMS 0x0000000094400000, 0x0000000094400000| Untracked 
| 325|0x0000000094500000, 0x0000000094500000, 0x0000000094600000|  0%| F|  |TAMS 0x0000000094500000, 0x0000000094500000| Untracked 
| 326|0x0000000094600000, 0x0000000094600000, 0x0000000094700000|  0%| F|  |TAMS 0x0000000094600000, 0x0000000094600000| Untracked 
| 327|0x0000000094700000, 0x0000000094700000, 0x0000000094800000|  0%| F|  |TAMS 0x0000000094700000, 0x0000000094700000| Untracked 
| 328|0x0000000094800000, 0x0000000094800000, 0x0000000094900000|  0%| F|  |TAMS 0x0000000094800000, 0x0000000094800000| Untracked 
| 329|0x0000000094900000, 0x0000000094900000, 0x0000000094a00000|  0%| F|  |TAMS 0x0000000094900000, 0x0000000094900000| Untracked 
| 330|0x0000000094a00000, 0x0000000094a00000, 0x0000000094b00000|  0%| F|  |TAMS 0x0000000094a00000, 0x0000000094a00000| Untracked 
| 331|0x0000000094b00000, 0x0000000094b00000, 0x0000000094c00000|  0%| F|  |TAMS 0x0000000094b00000, 0x0000000094b00000| Untracked 
| 332|0x0000000094c00000, 0x0000000094c00000, 0x0000000094d00000|  0%| F|  |TAMS 0x0000000094c00000, 0x0000000094c00000| Untracked 
| 333|0x0000000094d00000, 0x0000000094d00000, 0x0000000094e00000|  0%| F|  |TAMS 0x0000000094d00000, 0x0000000094d00000| Untracked 
| 334|0x0000000094e00000, 0x0000000094e00000, 0x0000000094f00000|  0%| F|  |TAMS 0x0000000094e00000, 0x0000000094e00000| Untracked 
| 335|0x0000000094f00000, 0x0000000094f00000, 0x0000000095000000|  0%| F|  |TAMS 0x0000000094f00000, 0x0000000094f00000| Untracked 

Card table byte_map: [0x00000206f54c0000,0x00000206f58c0000] _byte_map_base: 0x00000206f50c0000

Marking Bits (Prev, Next): (CMBitMap*) 0x00000206dea1f740, (CMBitMap*) 0x00000206dea1f708
 Prev Bits: [0x00000206f7cc0000, 0x00000206f9cc0000)
 Next Bits: [0x00000206f5cc0000, 0x00000206f7cc0000)

Polling page: 0x00000206dcb60000

Metaspace:

Usage:
  Non-class:    122.35 MB capacity,   119.92 MB ( 98%) used,     1.99 MB (  2%) free+waste,   452.38 KB ( <1%) overhead. 
      Class:     19.37 MB capacity,    17.78 MB ( 92%) used,     1.38 MB (  7%) free+waste,   208.56 KB (  1%) overhead. 
       Both:    141.72 MB capacity,   137.70 MB ( 97%) used,     3.37 MB (  2%) free+waste,   660.94 KB ( <1%) overhead. 

Virtual space:
  Non-class space:      124.00 MB reserved,     122.50 MB ( 99%) committed 
      Class space:      504.00 MB reserved,      19.38 MB (  4%) committed 
             Both:      628.00 MB reserved,     141.88 MB ( 23%) committed 

Chunk freelists:
   Non-Class:  3.00 KB
       Class:  768 bytes
        Both:  3.75 KB

CodeHeap 'non-profiled nmethods': size=120064Kb used=14435Kb max_used=14435Kb free=105628Kb
 bounds [0x00000206edb80000, 0x00000206ee9f0000, 0x00000206f50c0000]
CodeHeap 'profiled nmethods': size=120000Kb used=45805Kb max_used=46500Kb free=74194Kb
 bounds [0x00000206e6650000, 0x00000206e9440000, 0x00000206edb80000]
CodeHeap 'non-nmethods': size=5696Kb used=2387Kb max_used=2449Kb free=3308Kb
 bounds [0x00000206e60c0000, 0x00000206e6330000, 0x00000206e6650000]
 total_blobs=20740 nmethods=19719 adapters=930
 compilation: enabled
              stopped_count=0, restarted_count=0
 full_count=0

Compilation events (10 events):
Event: 356.192 Thread 0x00000206fc9a2000 nmethod 23107 0x00000206e83d5290 code [0x00000206e83d5440, 0x00000206e83d5758]
Event: 356.192 Thread 0x00000206fc9a2000 23117       1       com.android.tools.r8.internal.v8::D (2 bytes)
Event: 356.192 Thread 0x00000206fc9a2000 nmethod 23117 0x00000206ee30c510 code [0x00000206ee30c6a0, 0x00000206ee30c758]
Event: 356.200 Thread 0x00000206fc9a2000 23123 % !   3       com.android.tools.r8.internal.ao::a @ 148 (934 bytes)
Event: 356.214 Thread 0x00000206fc9a2000 nmethod 23123% 0x00000206e8911090 code [0x00000206e8911ca0, 0x00000206e89199c8]
Event: 356.216 Thread 0x00000206fc9a1000 nmethod 23079 0x00000206ee41ba90 code [0x00000206ee41bcc0, 0x00000206ee41cb80]
Event: 356.216 Thread 0x00000206fc9a1000 23124       4       com.android.tools.r8.graph.a1::a (44 bytes)
Event: 356.217 Thread 0x00000206fc9a2000 23125   !   3       com.android.tools.r8.internal.ao::a (934 bytes)
Event: 356.219 Thread 0x00000206fc9a1000 nmethod 23124 0x00000206ee331e90 code [0x00000206ee332020, 0x00000206ee332178]
Event: 356.219 Thread 0x00000206fc9a1000 23111       4       com.android.tools.r8.graph.K2::g (97 bytes)

GC Heap History (10 events):
Event: 345.246 GC heap after
{Heap after GC invocations=298 (full 0):
 garbage-first heap   total 286720K, used 252786K [0x0000000080000000, 0x0000000100000000)
  region size 1024K, 2 young (2048K), 2 survivors (2048K)
 Metaspace       used 140233K, capacity 144376K, committed 144512K, reserved 641024K
  class space    used 18145K, capacity 19763K, committed 19840K, reserved 516096K
}
Event: 345.950 GC heap before
{Heap before GC invocations=298 (full 0):
 garbage-first heap   total 286720K, used 265074K [0x0000000080000000, 0x0000000100000000)
  region size 1024K, 14 young (14336K), 2 survivors (2048K)
 Metaspace       used 140283K, capacity 144385K, committed 144512K, reserved 641024K
  class space    used 18149K, capacity 19766K, committed 19840K, reserved 516096K
}
Event: 346.080 GC heap after
{Heap after GC invocations=299 (full 0):
 garbage-first heap   total 344064K, used 259372K [0x0000000080000000, 0x0000000100000000)
  region size 1024K, 2 young (2048K), 2 survivors (2048K)
 Metaspace       used 140283K, capacity 144385K, committed 144512K, reserved 641024K
  class space    used 18149K, capacity 19766K, committed 19840K, reserved 516096K
}
Event: 347.080 GC heap before
{Heap before GC invocations=299 (full 0):
 garbage-first heap   total 344064K, used 277804K [0x0000000080000000, 0x0000000100000000)
  region size 1024K, 20 young (20480K), 2 survivors (2048K)
 Metaspace       used 140375K, capacity 144476K, committed 144768K, reserved 641024K
  class space    used 18162K, capacity 19775K, committed 19840K, reserved 516096K
}
Event: 347.104 GC heap after
{Heap after GC invocations=300 (full 0):
 garbage-first heap   total 344064K, used 268885K [0x0000000080000000, 0x0000000100000000)
  region size 1024K, 3 young (3072K), 3 survivors (3072K)
 Metaspace       used 140375K, capacity 144476K, committed 144768K, reserved 641024K
  class space    used 18162K, capacity 19775K, committed 19840K, reserved 516096K
}
Event: 351.476 GC heap before
{Heap before GC invocations=301 (full 0):
 garbage-first heap   total 344064K, used 285269K [0x0000000080000000, 0x0000000100000000)
  region size 1024K, 19 young (19456K), 3 survivors (3072K)
 Metaspace       used 140578K, capacity 144759K, committed 145024K, reserved 643072K
  class space    used 18170K, capacity 19783K, committed 19840K, reserved 516096K
}
Event: 351.526 GC heap after
{Heap after GC invocations=302 (full 0):
 garbage-first heap   total 344064K, used 274799K [0x0000000080000000, 0x0000000100000000)
  region size 1024K, 3 young (3072K), 3 survivors (3072K)
 Metaspace       used 140578K, capacity 144759K, committed 145024K, reserved 643072K
  class space    used 18170K, capacity 19783K, committed 19840K, reserved 516096K
}
Event: 353.155 GC heap before
{Heap before GC invocations=302 (full 0):
 garbage-first heap   total 344064K, used 289135K [0x0000000080000000, 0x0000000100000000)
  region size 1024K, 17 young (17408K), 3 survivors (3072K)
 Metaspace       used 140610K, capacity 144763K, committed 145024K, reserved 643072K
  class space    used 18171K, capacity 19784K, committed 19840K, reserved 516096K
}
Event: 353.215 GC heap after
{Heap after GC invocations=303 (full 0):
 garbage-first heap   total 344064K, used 278505K [0x0000000080000000, 0x0000000100000000)
  region size 1024K, 3 young (3072K), 3 survivors (3072K)
 Metaspace       used 140610K, capacity 144763K, committed 145024K, reserved 643072K
  class space    used 18171K, capacity 19784K, committed 19840K, reserved 516096K
}
Event: 356.338 GC heap before
{Heap before GC invocations=303 (full 0):
 garbage-first heap   total 344064K, used 292841K [0x0000000080000000, 0x0000000100000000)
  region size 1024K, 17 young (17408K), 3 survivors (3072K)
 Metaspace       used 141009K, capacity 145122K, committed 145280K, reserved 643072K
  class space    used 18210K, capacity 19834K, committed 19840K, reserved 516096K
}

Deoptimization events (10 events):
Event: 355.169 Thread 0x000002068131f800 Uncommon trap: reason=class_check action=maybe_recompile pc=0x00000206edbb77a0 method=java.security.MessageDigest$Delegate.clone()Ljava/lang/Object; @ 4 c2
Event: 355.175 Thread 0x000002068131f800 Uncommon trap: reason=class_check action=maybe_recompile pc=0x00000206edbb77a0 method=java.security.MessageDigest$Delegate.clone()Ljava/lang/Object; @ 4 c2
Event: 355.492 Thread 0x0000020681326800 Uncommon trap: reason=bimorphic_or_optimized_type_check action=maybe_recompile pc=0x00000206edfbd08c method=java.util.stream.StreamOpFlag.fromCharacteristics(Ljava/util/Spliterator;)I @ 14 c2
Event: 355.598 Thread 0x0000020687c7d800 Uncommon trap: reason=unstable_if action=reinterpret pc=0x00000206ee25ccbc method=java.util.concurrent.ForkJoinPool.scan(Ljava/util/concurrent/ForkJoinPool$WorkQueue;I)Z @ 192 c2
Event: 355.610 Thread 0x0000020687c7d800 Uncommon trap: reason=class_check action=maybe_recompile pc=0x00000206ee25a044 method=com.android.tools.r8.internal.ao.a(Lcom/android/tools/r8/graph/n0;)Z @ 11 c2
Event: 355.610 Thread 0x0000020687c7d800 Uncommon trap: reason=class_check action=maybe_recompile pc=0x00000206ee25a044 method=com.android.tools.r8.internal.ao.a(Lcom/android/tools/r8/graph/n0;)Z @ 11 c2
Event: 355.610 Thread 0x0000020687c7d800 Uncommon trap: reason=class_check action=maybe_recompile pc=0x00000206ee25a044 method=com.android.tools.r8.internal.ao.a(Lcom/android/tools/r8/graph/n0;)Z @ 11 c2
Event: 355.610 Thread 0x0000020687c7d800 Uncommon trap: reason=class_check action=maybe_recompile pc=0x00000206ee25a044 method=com.android.tools.r8.internal.ao.a(Lcom/android/tools/r8/graph/n0;)Z @ 11 c2
Event: 355.882 Thread 0x0000020681326800 Uncommon trap: reason=unstable_if action=reinterpret pc=0x00000206ee3da484 method=com.android.tools.r8.graph.L2.f()Lcom/android/tools/r8/graph/n0; @ 7 c2
Event: 355.904 Thread 0x0000020681326800 Uncommon trap: reason=bimorphic_or_optimized_type_check action=maybe_recompile pc=0x00000206edfbd08c method=java.util.stream.StreamOpFlag.fromCharacteristics(Ljava/util/Spliterator;)I @ 14 c2

Classes redefined (0 events):
No events

Internal exceptions (10 events):
Event: 314.881 Thread 0x0000020681326800 Exception <a 'java/lang/NoSuchMethodError'{0x000000008cc17748}: java.lang.invoke.DirectMethodHandle$Holder.invokeStaticInit(Ljava/lang/Object;Ljava/lang/Object;Ljava/lang/Object;Ljava/lang/Object;Ljava/lang/Object;Ljava/lang/Object;Ljava/lang/Object;Ljava
Event: 316.767 Thread 0x0000020681326800 Exception <a 'java/lang/IncompatibleClassChangeError'{0x000000008cbf3d30}: Found class java.lang.Object, but interface was expected> (0x000000008cbf3d30) thrown at [./open/src/hotspot/share/interpreter/linkResolver.cpp, line 838]
Event: 322.531 Thread 0x0000020681326800 Exception <a 'java/lang/NoSuchMethodError'{0x000000008c6ad078}: java.lang.invoke.DirectMethodHandle$Holder.invokeStatic(Ljava/lang/Object;Ljava/lang/Object;Ljava/lang/Object;I)V> (0x000000008c6ad078) thrown at [./open/src/hotspot/share/interpreter/linkRes
Event: 322.534 Thread 0x0000020681326800 Exception <a 'java/lang/IncompatibleClassChangeError'{0x000000008c6b7888}: Found class java.lang.Object, but interface was expected> (0x000000008c6b7888) thrown at [./open/src/hotspot/share/interpreter/linkResolver.cpp, line 838]
Event: 329.118 Thread 0x0000020681326800 Exception <a 'java/lang/NoSuchMethodError'{0x000000008c92b9b8}: java.lang.invoke.DirectMethodHandle$Holder.invokeStatic(Ljava/lang/Object;ILjava/lang/Object;Ljava/lang/Object;)Ljava/lang/Object;> (0x000000008c92b9b8) thrown at [./open/src/hotspot/share/in
Event: 330.199 Thread 0x000002068131f800 Exception <a 'sun/nio/fs/WindowsException'{0x000000008c8fd9d8}> (0x000000008c8fd9d8) thrown at [./open/src/hotspot/share/prims/jni.cpp, line 611]
Event: 335.721 Thread 0x0000020681326800 Exception <a 'java/lang/IncompatibleClassChangeError'{0x000000008d1adaf0}: Found class java.lang.Object, but interface was expected> (0x000000008d1adaf0) thrown at [./open/src/hotspot/share/interpreter/linkResolver.cpp, line 838]
Event: 335.723 Thread 0x0000020681326800 Exception <a 'java/lang/IncompatibleClassChangeError'{0x000000008cec4a68}: Found class java.lang.Object, but interface was expected> (0x000000008cec4a68) thrown at [./open/src/hotspot/share/interpreter/linkResolver.cpp, line 838]
Event: 337.520 Thread 0x0000020681326800 Exception <a 'java/lang/NoSuchMethodError'{0x000000008cda9ac0}: java.lang.invoke.DirectMethodHandle$Holder.invokeSpecial(Ljava/lang/Object;Ljava/lang/Object;ILjava/lang/Object;)V> (0x000000008cda9ac0) thrown at [./open/src/hotspot/share/interpreter/linkRe
Event: 339.956 Thread 0x0000020681326800 Exception <a 'java/lang/NoSuchMethodError'{0x000000008d27b7e8}: java.lang.invoke.DirectMethodHandle$Holder.invokeStatic(Ljava/lang/Object;Ljava/lang/Object;)J> (0x000000008d27b7e8) thrown at [./open/src/hotspot/share/interpreter/linkResolver.cpp, line 772

Events (10 events):
Event: 355.915 loading class com/android/tools/r8/internal/j7 done
Event: 355.915 loading class com/android/tools/r8/internal/r7
Event: 355.915 loading class com/android/tools/r8/internal/r7 done
Event: 355.917 Executing VM operation: RevokeBias
Event: 355.925 Executing VM operation: RevokeBias done
Event: 355.930 loading class com/android/tools/r8/internal/vR
Event: 355.930 loading class com/android/tools/r8/internal/vR done
Event: 355.948 Executing VM operation: CGC_Operation
Event: 356.156 Executing VM operation: CGC_Operation done
Event: 356.222 Executing VM operation: G1CollectForAllocation


Dynamic libraries:
0x00007ff7caa40000 - 0x00007ff7caa50000 	C:\Program Files\Java\jdk-11\bin\java.exe
0x00007ffc339d0000 - 0x00007ffc33bc8000 	C:\Windows\SYSTEM32\ntdll.dll
0x00007ffc33420000 - 0x00007ffc334df000 	C:\Windows\System32\KERNEL32.DLL
0x00007ffc31680000 - 0x00007ffc3195a000 	C:\Windows\System32\KERNELBASE.dll
0x00007ffc31420000 - 0x00007ffc31520000 	C:\Windows\System32\ucrtbase.dll
0x00007ffc24f90000 - 0x00007ffc24fa8000 	C:\Program Files\Java\jdk-11\bin\jli.dll
0x00007ffc331a0000 - 0x00007ffc3324e000 	C:\Windows\System32\ADVAPI32.dll
0x00007ffc33590000 - 0x00007ffc3362e000 	C:\Windows\System32\msvcrt.dll
0x00007ffc33100000 - 0x00007ffc3319c000 	C:\Windows\System32\sechost.dll
0x00007ffc32f80000 - 0x00007ffc330a6000 	C:\Windows\System32\RPCRT4.dll
0x00007ffc33280000 - 0x00007ffc3341d000 	C:\Windows\System32\USER32.dll
0x00007ffc310e0000 - 0x00007ffc31102000 	C:\Windows\System32\win32u.dll
0x00007ffc330d0000 - 0x00007ffc330fb000 	C:\Windows\System32\GDI32.dll
0x00007ffc312c0000 - 0x00007ffc313d0000 	C:\Windows\System32\gdi32full.dll
0x00007ffc31990000 - 0x00007ffc31a2d000 	C:\Windows\System32\msvcp_win.dll
0x00007ffc1f010000 - 0x00007ffc1f2aa000 	C:\Windows\WinSxS\amd64_microsoft.windows.common-controls_6595b64144ccf1df_6.0.19041.1110_none_60b5254171f9507e\COMCTL32.dll
0x00007ffc28980000 - 0x00007ffc2898a000 	C:\Windows\SYSTEM32\VERSION.dll
0x00007ffc0ff10000 - 0x00007ffc0ff2b000 	C:\Program Files\Java\jdk-11\bin\VCRUNTIME140.dll
0x00007ffc33250000 - 0x00007ffc33280000 	C:\Windows\System32\IMM32.DLL
0x00007ffc1dba0000 - 0x00007ffc1dbac000 	C:\Program Files\Java\jdk-11\bin\vcruntime140_1.dll
0x00007ffc04630000 - 0x00007ffc046be000 	C:\Program Files\Java\jdk-11\bin\msvcp140.dll
0x00007ffbdad10000 - 0x00007ffbdb878000 	C:\Program Files\Java\jdk-11\bin\server\jvm.dll
0x00007ffc31bf0000 - 0x00007ffc31bf8000 	C:\Windows\System32\PSAPI.DLL
0x00007ffc2bb10000 - 0x00007ffc2bb19000 	C:\Windows\SYSTEM32\WSOCK32.dll
0x00007ffc32c90000 - 0x00007ffc32cfb000 	C:\Windows\System32\WS2_32.dll
0x00007ffc28950000 - 0x00007ffc28977000 	C:\Windows\SYSTEM32\WINMM.dll
0x00007ffc2ef60000 - 0x00007ffc2ef72000 	C:\Windows\SYSTEM32\kernel.appcore.dll
0x00007ffc1dac0000 - 0x00007ffc1dad0000 	C:\Program Files\Java\jdk-11\bin\verify.dll
0x00007ffc27ff0000 - 0x00007ffc281d4000 	C:\Windows\SYSTEM32\DBGHELP.DLL
0x00007ffc1f6f0000 - 0x00007ffc1f724000 	C:\Windows\SYSTEM32\dbgcore.DLL
0x00007ffc31230000 - 0x00007ffc312b2000 	C:\Windows\System32\bcryptPrimitives.dll
0x00007ffc0fee0000 - 0x00007ffc0ff08000 	C:\Program Files\Java\jdk-11\bin\java.dll
0x00007ffc18c00000 - 0x00007ffc18c0a000 	C:\Program Files\Java\jdk-11\bin\jimage.dll
0x00007ffc04610000 - 0x00007ffc04627000 	C:\Program Files\Java\jdk-11\bin\zip.dll
0x00007ffc31cc0000 - 0x00007ffc32404000 	C:\Windows\System32\SHELL32.dll
0x00007ffc2f160000 - 0x00007ffc2f8f3000 	C:\Windows\SYSTEM32\windows.storage.dll
0x00007ffc33630000 - 0x00007ffc33984000 	C:\Windows\System32\combase.dll
0x00007ffc30980000 - 0x00007ffc309ae000 	C:\Windows\SYSTEM32\Wldp.dll
0x00007ffc32a30000 - 0x00007ffc32add000 	C:\Windows\System32\SHCORE.dll
0x00007ffc31c60000 - 0x00007ffc31cb5000 	C:\Windows\System32\shlwapi.dll
0x00007ffc31020000 - 0x00007ffc3103f000 	C:\Windows\SYSTEM32\profapi.dll
0x00007ffc04020000 - 0x00007ffc04039000 	C:\Program Files\Java\jdk-11\bin\net.dll
0x00007ffc25d40000 - 0x00007ffc25e4a000 	C:\Windows\SYSTEM32\WINHTTP.dll
0x00007ffc30760000 - 0x00007ffc307ca000 	C:\Windows\system32\mswsock.dll
0x00007ffc03f70000 - 0x00007ffc03f82000 	C:\Program Files\Java\jdk-11\bin\nio.dll
0x00007ffc03f40000 - 0x00007ffc03f67000 	C:\Users\User\.gradle\native\e1d6ef7f7dcc3fd88c89a11ec53ec762bb8ba0a96d01ffa2cd45eb1d1d8dd5c5\windows-amd64\native-platform.dll
0x00007ffbfcf00000 - 0x00007ffbfd044000 	C:\Users\User\.gradle\native\0d407fdbe67a94daf76414ababcb853783967236a71b16ec16e742cd7a986fd3\windows-amd64\native-platform-file-events.dll
0x00007ffc180b0000 - 0x00007ffc180b9000 	C:\Program Files\Java\jdk-11\bin\management.dll
0x00007ffc16250000 - 0x00007ffc1625b000 	C:\Program Files\Java\jdk-11\bin\management_ext.dll
0x00007ffc309c0000 - 0x00007ffc309d8000 	C:\Windows\SYSTEM32\CRYPTSP.dll
0x00007ffc300a0000 - 0x00007ffc300d4000 	C:\Windows\system32\rsaenh.dll
0x00007ffc31960000 - 0x00007ffc31987000 	C:\Windows\System32\bcrypt.dll
0x00007ffc30fe0000 - 0x00007ffc3100e000 	C:\Windows\SYSTEM32\USERENV.dll
0x00007ffc308f0000 - 0x00007ffc308fc000 	C:\Windows\SYSTEM32\CRYPTBASE.dll
0x00007ffc30470000 - 0x00007ffc304ac000 	C:\Windows\SYSTEM32\IPHLPAPI.DLL
0x00007ffc32af0000 - 0x00007ffc32af8000 	C:\Windows\System32\NSI.dll
0x00007ffc27fd0000 - 0x00007ffc27fe7000 	C:\Windows\SYSTEM32\dhcpcsvc6.DLL
0x00007ffc2aa20000 - 0x00007ffc2aa3d000 	C:\Windows\SYSTEM32\dhcpcsvc.DLL
0x00007ffc304b0000 - 0x00007ffc3057b000 	C:\Windows\SYSTEM32\DNSAPI.dll
0x00007ffc2b870000 - 0x00007ffc2b877000 	C:\Program Files\Java\jdk-11\bin\rmi.dll
0x00007ffc0ca30000 - 0x00007ffc0ca4e000 	C:\Users\User\AppData\Local\Temp\native-platform4323328738026730169dir\native-platform.dll
0x00007ffc07e20000 - 0x00007ffc07e3e000 	C:\Users\User\AppData\Local\Temp\native-platform8108396948103469249dir\native-platform.dll

dbghelp: loaded successfully - version: 4.0.5 - missing functions: none
symbol engine: initialized successfully - sym options: 0x614 - pdb path: .;C:\Program Files\Java\jdk-11\bin;C:\Windows\SYSTEM32;C:\Windows\WinSxS\amd64_microsoft.windows.common-controls_6595b64144ccf1df_6.0.19041.1110_none_60b5254171f9507e;C:\Program Files\Java\jdk-11\bin\server;C:\Users\User\.gradle\native\e1d6ef7f7dcc3fd88c89a11ec53ec762bb8ba0a96d01ffa2cd45eb1d1d8dd5c5\windows-amd64;C:\Users\User\.gradle\native\0d407fdbe67a94daf76414ababcb853783967236a71b16ec16e742cd7a986fd3\windows-amd64;C:\Users\User\AppData\Local\Temp\native-platform4323328738026730169dir;C:\Users\User\AppData\Local\Temp\native-platform8108396948103469249dir

VM Arguments:
jvm_args: -XX:MaxMetaspaceSize=512m --add-opens=java.base/java.util=ALL-UNNAMED --add-opens=java.base/java.lang=ALL-UNNAMED --add-opens=java.base/java.lang.invoke=ALL-UNNAMED --add-opens=java.base/java.util=ALL-UNNAMED --add-opens=java.prefs/java.util.prefs=ALL-UNNAMED --add-opens=java.prefs/java.util.prefs=ALL-UNNAMED --add-opens=java.base/java.nio.charset=ALL-UNNAMED --add-opens=java.base/java.net=ALL-UNNAMED --add-opens=java.base/java.util.concurrent.atomic=ALL-UNNAMED -Xmx2048m -Dfile.encoding=windows-1252 -Duser.country=US -Duser.language=en -Duser.variant 
java_command: org.gradle.launcher.daemon.bootstrap.GradleDaemon 7.5.1
java_class_path (initial): C:\Users\User\.gradle\wrapper\dists\gradle-7.5.1-all\1ehga6e77gqps5uk2kc5kf1vc\gradle-7.5.1\lib\gradle-launcher-7.5.1.jar
Launcher Type: SUN_STANDARD

[Global flags]
     intx CICompilerCount                          = 3                                         {product} {ergonomic}
   size_t CompressedClassSpaceSize                 = 528482304                                 {product} {ergonomic}
     uint ConcGCThreads                            = 1                                         {product} {ergonomic}
     uint G1ConcRefinementThreads                  = 4                                         {product} {ergonomic}
   size_t G1HeapRegionSize                         = 1048576                                   {product} {ergonomic}
    uintx GCDrainStackTargetSize                   = 64                                        {product} {ergonomic}
   size_t InitialHeapSize                          = 58720256                                  {product} {ergonomic}
   size_t MarkStackSize                            = 4194304                                   {product} {ergonomic}
   size_t MaxHeapSize                              = 2147483648                                {product} {command line}
   size_t MaxMetaspaceSize                         = 536870912                                 {product} {command line}
   size_t MaxNewSize                               = 1287651328                                {product} {ergonomic}
   size_t MinHeapDeltaBytes                        = 1048576                                   {product} {ergonomic}
    uintx NonNMethodCodeHeapSize                   = 5830732                                {pd product} {ergonomic}
    uintx NonProfiledCodeHeapSize                  = 122913754                              {pd product} {ergonomic}
    uintx ProfiledCodeHeapSize                     = 122913754                              {pd product} {ergonomic}
    uintx ReservedCodeCacheSize                    = 251658240                              {pd product} {ergonomic}
     bool SegmentedCodeCache                       = true                                      {product} {ergonomic}
     bool UseCompressedClassPointers               = true                                 {lp64_product} {ergonomic}
     bool UseCompressedOops                        = true                                 {lp64_product} {ergonomic}
     bool UseG1GC                                  = true                                      {product} {ergonomic}
     bool UseLargePagesIndividualAllocation        = false                                  {pd product} {ergonomic}

Logging:
Log output configuration:
 #0: stdout all=warning uptime,level,tags
 #1: stderr all=off uptime,level,tags

Environment Variables:
CLASSPATH=C:\Users\User\ProjectMobileDevelopment\android\\gradle\wrapper\gradle-wrapper.jar
PATH=C:\Users\User\ProjectMobileDevelopment\android\node_modules\.bin;C:\Users\User\ProjectMobileDevelopment\node_modules\.bin;C:\Users\User\node_modules\.bin;C:\Users\node_modules\.bin;C:\node_modules\.bin;C:\Program Files\nodejs;C:\Users\User\ProjectMobileDevelopment\node_modules\.bin;C:\Users\User\ProjectMobileDevelopment\node_modules\.bin;C:\Users\User\node_modules\.bin;C:\Users\node_modules\.bin;C:\node_modules\.bin;C:\Program Files\nodejs\node_modules\npm\node_modules\@npmcli\run-script\lib\node-gyp-bin;C:\Program Files\Common Files\Oracle\Java\javapath;C:\Windows\system32;C:\Windows;C:\Windows\System32\Wbem;C:\Windows\System32\WindowsPowerShell\v1.0\;C:\Windows\System32\OpenSSH\;C:\Program Files\Microsoft SQL Server\150\Tools\Binn\;C:\Program Files\Git\cmd;C:\Program Files\nodejs\;C:\Users\User\AppData\Local\Android\Sdk\platform-tools;C:\Users\User\AppData\Local\Microsoft\WindowsApps;C:\Users\User\AppData\Local\Programs\Microsoft VS Code\bin;C:\Users\User\AppData\Roaming\npm;C:\Users\User\AppData\Local\Android\Sdk\platform-tools;
USERNAME=User
OS=Windows_NT
PROCESSOR_IDENTIFIER=AMD64 Family 23 Model 24 Stepping 1, AuthenticAMD



---------------  S Y S T E M  ---------------

OS: Windows 10 , 64 bit Build 19041 (10.0.19041.2788)
Hyper-V role detected

CPU:total 4 (initial active 4) (4 cores per cpu, 2 threads per core) family 23 model 24 stepping 1 microcode 0x0, cmov, cx8, fxsr, mmx, sse, sse2, sse3, ssse3, sse4.1, sse4.2, popcnt, avx, avx2, aes, clmul, mmxext, 3dnowpref, lzcnt, sse4a, ht, tsc, tscinvbit, tscinv, bmi1, bmi2, adx, s

Memory: 4k page, system-wide physical 3460M (179M free)
TotalPageFile size 14211M (AvailPageFile size 77M)
current process WorkingSet (physical memory assigned to process): 455M, peak: 508M
current process commit charge ("private bytes"): 758M, peak: 940M

vm_info: Java HotSpot(TM) 64-Bit Server VM (11.0.18+9-LTS-195) for windows-amd64 JRE (11.0.18+9-LTS-195), built on Dec  6 2022 15:50:58 by "mach5one" with MS VC++ 17.1 (VS2022)

END.
