#
# There is insufficient memory for the Java Runtime Environment to continue.
# Native memory allocation (malloc) failed to allocate 32744 bytes for ChunkPool::allocate
# Possible reasons:
#   The system is out of physical RAM or swap space
#   The process is running with CompressedOops enabled, and the Java Heap may be blocking the growth of the native heap
# Possible solutions:
#   Reduce memory load on the system
#   Increase physical memory or swap space
#   Check if swap backing store is full
#   Decrease Java heap size (-Xmx/-Xms)
#   Decrease number of Java threads
#   Decrease Java thread stack sizes (-Xss)
#   Set larger code cache with -XX:ReservedCodeCacheSize=
#   JVM is running with Unscaled Compressed Oops mode in which the Java heap is
#     placed in the first 4GB address space. The Java Heap base address is the
#     maximum limit for the native heap growth. Please use -XX:HeapBaseMinAddress
#     to set the Java Heap base and to place the Java Heap above 4GB virtual address.
# This output file may be truncated or incomplete.
#
#  Out of Memory Error (./open/src/hotspot/share/memory/arena.cpp:81), pid=12232, tid=17328
#
# JRE version: Java(TM) SE Runtime Environment 18.9 (11.0.18+9) (build 11.0.18+9-LTS-195)
# Java VM: Java HotSpot(TM) 64-Bit Server VM 18.9 (11.0.18+9-LTS-195, mixed mode, tiered, compressed oops, g1 gc, windows-amd64)
# No core dump will be written. Minidumps are not enabled by default on client versions of Windows
#

---------------  S U M M A R Y ------------

Command Line: -XX:MaxMetaspaceSize=512m --add-opens=java.base/java.util=ALL-UNNAMED --add-opens=java.base/java.lang=ALL-UNNAMED --add-opens=java.base/java.lang.invoke=ALL-UNNAMED --add-opens=java.base/java.util=ALL-UNNAMED --add-opens=java.prefs/java.util.prefs=ALL-UNNAMED --add-opens=java.prefs/java.util.prefs=ALL-UNNAMED --add-opens=java.base/java.nio.charset=ALL-UNNAMED --add-opens=java.base/java.net=ALL-UNNAMED --add-opens=java.base/java.util.concurrent.atomic=ALL-UNNAMED -Xmx2048m -Dfile.encoding=windows-1252 -Duser.country=US -Duser.language=en -Duser.variant org.gradle.launcher.daemon.bootstrap.GradleDaemon 7.5.1

Host: AMD Ryzen 3 3250U with Radeon Graphics         , 4 cores, 3G,  Windows 10 , 64 bit Build 19041 (10.0.19041.2788)
Time: Mon May  1 00:09:37 2023 Malay Peninsula Standard Time elapsed time: 245.151790 seconds (0d 0h 4m 5s)

---------------  T H R E A D  ---------------

Current thread (0x0000026b77035800):  JavaThread "C2 CompilerThread0" daemon [_thread_in_native, id=17328, stack(0x000000c35db00000,0x000000c35dc00000)]


Current CompileTask:
C2: 245152 23723 %     4       com.android.tools.r8.ir.regalloc.b::c @ 2214 (4031 bytes)

Stack: [0x000000c35db00000,0x000000c35dc00000]
Native frames: (J=compiled Java code, j=interpreted, Vv=VM code, C=native code)
V  [jvm.dll+0x65d8aa]
V  [jvm.dll+0x79fc1f]
V  [jvm.dll+0x7a12e9]
V  [jvm.dll+0x7a1983]
V  [jvm.dll+0x2585b5]
V  [jvm.dll+0xb2abf]
V  [jvm.dll+0xb2e0c]
V  [jvm.dll+0xb2964]
V  [jvm.dll+0x63d13f]
V  [jvm.dll+0x68dcfa]
V  [jvm.dll+0x1a24e0]
V  [jvm.dll+0x2114fd]
V  [jvm.dll+0x210378]
V  [jvm.dll+0x18c641]
V  [jvm.dll+0x220609]
V  [jvm.dll+0x21e92c]
V  [jvm.dll+0x763f61]
V  [jvm.dll+0x75c924]
V  [jvm.dll+0x65c755]
C  [ucrtbase.dll+0x21bb2]
C  [KERNEL32.DLL+0x17604]
C  [ntdll.dll+0x526a1]


---------------  P R O C E S S  ---------------

Threads class SMR info:
_java_thread_list=0x0000026b782be9e0, length=106, elements={
0x0000026b5906e000, 0x0000026b76fca000, 0x0000026b76fd3800, 0x0000026b76fe8800,
0x0000026b76fea800, 0x0000026b77030800, 0x0000026b77035800, 0x0000026b7703a000,
0x0000026b7703b800, 0x0000026b772a2800, 0x0000026b78fc6800, 0x0000026b78fed000,
0x0000026b780fd800, 0x0000026b77e03800, 0x0000026b788f7000, 0x0000026b78ccd000,
0x0000026b78c02800, 0x0000026b78727800, 0x0000026b77454800, 0x0000026b77455800,
0x0000026b77452000, 0x0000026b77459000, 0x0000026b77458000, 0x0000026b77456800,
0x0000026b77454000, 0x0000026b77457000, 0x0000026b77453000, 0x0000026b774bc800,
0x0000026b774ba800, 0x0000026b774c1000, 0x0000026b774bb000, 0x0000026b774bd800,
0x0000026b774be800, 0x0000026b774c1800, 0x0000026b774bc000, 0x0000026b774c6800,
0x0000026b774c7800, 0x0000026b774c5000, 0x0000026b774c5800, 0x0000026b774c8000,
0x0000026b774c4000, 0x0000026b774c2800, 0x0000026b774c9000, 0x0000026b774c3800,
0x0000026b7d603800, 0x0000026b7d600000, 0x0000026b7d606000, 0x0000026b7d605000,
0x0000026b7d604800, 0x0000026b7d606800, 0x0000026b7d601000, 0x0000026b7d602000,
0x0000026b7d607800, 0x0000026b7d608800, 0x0000026b7d602800, 0x0000026b7d60c800,
0x0000026b7d60a000, 0x0000026b7d60f000, 0x0000026b7d60e000, 0x0000026b7d60b800,
0x0000026b7d60d000, 0x0000026b7d60b000, 0x0000026b7d609000, 0x0000026b7d638000,
0x0000026b7d63b800, 0x0000026b7d63c800, 0x0000026b7d63e800, 0x0000026b7d63a800,
0x0000026b7d63a000, 0x0000026b7d639000, 0x0000026b7d63f800, 0x0000026b7d641000,
0x0000026b7d640800, 0x0000026b7d642000, 0x0000026b7d643000, 0x0000026b7d63d000,
0x0000026b7d644800, 0x0000026b7d646000, 0x0000026b7d647000, 0x0000026b7d645800,
0x0000026b7d643800, 0x0000026b00089000, 0x0000026b0008b000, 0x0000026b0008b800,
0x0000026b0008c800, 0x0000026b0008d800, 0x0000026b00088800, 0x0000026b0008f800,
0x0000026b0008a000, 0x0000026b00095800, 0x0000026b00094000, 0x0000026b0008f000,
0x0000026b00090800, 0x0000026b0008e000, 0x0000026b00096000, 0x0000026b7baea800,
0x0000026b7bae9800, 0x0000026b7baee000, 0x0000026b7baee800, 0x0000026b7baeb800,
0x0000026b7baf2800, 0x0000026b7baf0800, 0x0000026b7baf1000, 0x0000026b7baf2000,
0x0000026b7baed000, 0x0000026b7baf3800
}

Java Threads: ( => current thread )
  0x0000026b5906e000 JavaThread "main" [_thread_blocked, id=19604, stack(0x000000c35cf00000,0x000000c35d000000)]
  0x0000026b76fca000 JavaThread "Reference Handler" daemon [_thread_blocked, id=240, stack(0x000000c35d600000,0x000000c35d700000)]
  0x0000026b76fd3800 JavaThread "Finalizer" daemon [_thread_blocked, id=8432, stack(0x000000c35d700000,0x000000c35d800000)]
  0x0000026b76fe8800 JavaThread "Signal Dispatcher" daemon [_thread_blocked, id=16036, stack(0x000000c35d800000,0x000000c35d900000)]
  0x0000026b76fea800 JavaThread "Attach Listener" daemon [_thread_blocked, id=10304, stack(0x000000c35d900000,0x000000c35da00000)]
  0x0000026b77030800 JavaThread "Service Thread" daemon [_thread_blocked, id=6680, stack(0x000000c35da00000,0x000000c35db00000)]
=>0x0000026b77035800 JavaThread "C2 CompilerThread0" daemon [_thread_in_native, id=17328, stack(0x000000c35db00000,0x000000c35dc00000)]
  0x0000026b7703a000 JavaThread "C1 CompilerThread0" daemon [_thread_blocked, id=13412, stack(0x000000c35dc00000,0x000000c35dd00000)]
  0x0000026b7703b800 JavaThread "Sweeper thread" daemon [_thread_blocked, id=4208, stack(0x000000c35dd00000,0x000000c35de00000)]
  0x0000026b772a2800 JavaThread "Common-Cleaner" daemon [_thread_blocked, id=12956, stack(0x000000c35de00000,0x000000c35df00000)]
  0x0000026b78fc6800 JavaThread "Daemon health stats" [_thread_blocked, id=14652, stack(0x000000c35e100000,0x000000c35e200000)]
  0x0000026b78fed000 JavaThread "Incoming local TCP Connector on port 60355" [_thread_in_native, id=7716, stack(0x000000c35e200000,0x000000c35e300000)]
  0x0000026b780fd800 JavaThread "Daemon periodic checks" [_thread_blocked, id=10988, stack(0x000000c35e300000,0x000000c35e400000)]
  0x0000026b77e03800 JavaThread "Daemon" [_thread_blocked, id=5576, stack(0x000000c35e400000,0x000000c35e500000)]
  0x0000026b788f7000 JavaThread "Handler for socket connection from /127.0.0.1:60355 to /127.0.0.1:60356" [_thread_in_native, id=1224, stack(0x000000c35e500000,0x000000c35e600000)]
  0x0000026b78ccd000 JavaThread "Cancel handler" [_thread_blocked, id=5976, stack(0x000000c35e600000,0x000000c35e700000)]
  0x0000026b78c02800 JavaThread "Daemon worker" [_thread_blocked, id=8236, stack(0x000000c35e700000,0x000000c35e800000)]
  0x0000026b78727800 JavaThread "Asynchronous log dispatcher for DefaultDaemonConnection: socket connection from /127.0.0.1:60355 to /127.0.0.1:60356" [_thread_blocked, id=6720, stack(0x000000c35e800000,0x000000c35e900000)]
  0x0000026b77454800 JavaThread "Stdin handler" [_thread_blocked, id=13592, stack(0x000000c35e900000,0x000000c35ea00000)]
  0x0000026b77455800 JavaThread "Daemon client event forwarder" [_thread_blocked, id=10232, stack(0x000000c35ea00000,0x000000c35eb00000)]
  0x0000026b77452000 JavaThread "Cache worker for journal cache (C:\Users\User\.gradle\caches\journal-1)" [_thread_blocked, id=12612, stack(0x000000c35ed00000,0x000000c35ee00000)]
  0x0000026b77459000 JavaThread "File lock request listener" [_thread_in_native, id=16744, stack(0x000000c35ee00000,0x000000c35ef00000)]
  0x0000026b77458000 JavaThread "Cache worker for file hash cache (C:\Users\User\.gradle\caches\7.5.1\fileHashes)" [_thread_blocked, id=3496, stack(0x000000c35ef00000,0x000000c35f000000)]
  0x0000026b77456800 JavaThread "File watcher server" daemon [_thread_in_native, id=2056, stack(0x000000c35f000000,0x000000c35f100000)]
  0x0000026b77454000 JavaThread "File watcher consumer" daemon [_thread_in_vm, id=380, stack(0x000000c35f100000,0x000000c35f200000)]
  0x0000026b77457000 JavaThread "Cache worker for checksums cache (C:\Users\User\ProjectMobileDevelopment\android\.gradle\7.5.1\checksums)" [_thread_blocked, id=6868, stack(0x000000c35f200000,0x000000c35f300000)]
  0x0000026b77453000 JavaThread "Cache worker for cache directory md-rule (C:\Users\User\.gradle\caches\7.5.1\md-rule)" [_thread_blocked, id=14252, stack(0x000000c35f300000,0x000000c35f400000)]
  0x0000026b774bc800 JavaThread "Cache worker for file content cache (C:\Users\User\.gradle\caches\7.5.1\fileContent)" [_thread_blocked, id=9084, stack(0x000000c35f400000,0x000000c35f500000)]
  0x0000026b774ba800 JavaThread "Cache worker for file hash cache (C:\Users\User\ProjectMobileDevelopment\android\.gradle\7.5.1\fileHashes)" [_thread_blocked, id=12004, stack(0x000000c35f500000,0x000000c35f600000)]
  0x0000026b774c1000 JavaThread "Cache worker for cache directory md-supplier (C:\Users\User\.gradle\caches\7.5.1\md-supplier)" [_thread_blocked, id=16216, stack(0x000000c35f600000,0x000000c35f700000)]
  0x0000026b774bb000 JavaThread "Cache worker for execution history cache (C:\Users\User\.gradle\caches\7.5.1\executionHistory)" [_thread_blocked, id=14700, stack(0x000000c35f700000,0x000000c35f800000)]
  0x0000026b774bd800 JavaThread "jar transforms" [_thread_blocked, id=16424, stack(0x000000c35f800000,0x000000c35f900000)]
  0x0000026b774be800 JavaThread "jar transforms Thread 2" [_thread_blocked, id=10800, stack(0x000000c35f900000,0x000000c35fa00000)]
  0x0000026b774c1800 JavaThread "jar transforms Thread 3" [_thread_blocked, id=17276, stack(0x000000c35fa00000,0x000000c35fb00000)]
  0x0000026b774bc000 JavaThread "jar transforms Thread 4" [_thread_blocked, id=13184, stack(0x000000c35fb00000,0x000000c35fc00000)]
  0x0000026b774c6800 JavaThread "Cache worker for kotlin-dsl (C:\Users\User\.gradle\caches\7.5.1\kotlin-dsl)" [_thread_blocked, id=16196, stack(0x000000c35cc00000,0x000000c35cd00000)]
  0x0000026b774c7800 JavaThread "Cache worker for dependencies-accessors (C:\Users\User\ProjectMobileDevelopment\android\.gradle\7.5.1\dependencies-accessors)" [_thread_blocked, id=16128, stack(0x000000c35fe00000,0x000000c35ff00000)]
  0x0000026b774c5000 JavaThread "Cache worker for Build Output Cleanup Cache (C:\Users\User\ProjectMobileDevelopment\node_modules\react-native-gradle-plugin\.gradle\buildOutputCleanup)" [_thread_blocked, id=13416, stack(0x000000c35ff00000,0x000000c360000000)]
  0x0000026b774c5800 JavaThread "Unconstrained build operations" [_thread_blocked, id=10272, stack(0x000000c360000000,0x000000c360100000)]
  0x0000026b774c8000 JavaThread "Unconstrained build operations Thread 2" [_thread_blocked, id=912, stack(0x000000c360100000,0x000000c360200000)]
  0x0000026b774c4000 JavaThread "Unconstrained build operations Thread 3" [_thread_blocked, id=9672, stack(0x000000c360200000,0x000000c360300000)]
  0x0000026b774c2800 JavaThread "Unconstrained build operations Thread 4" [_thread_blocked, id=17280, stack(0x000000c360300000,0x000000c360400000)]
  0x0000026b774c9000 JavaThread "Unconstrained build operations Thread 5" [_thread_blocked, id=12116, stack(0x000000c360400000,0x000000c360500000)]
  0x0000026b774c3800 JavaThread "Unconstrained build operations Thread 6" [_thread_blocked, id=15244, stack(0x000000c360500000,0x000000c360600000)]
  0x0000026b7d603800 JavaThread "Unconstrained build operations Thread 7" [_thread_blocked, id=13880, stack(0x000000c360600000,0x000000c360700000)]
  0x0000026b7d600000 JavaThread "Unconstrained build operations Thread 8" [_thread_blocked, id=17296, stack(0x000000c360700000,0x000000c360800000)]
  0x0000026b7d606000 JavaThread "Unconstrained build operations Thread 9" [_thread_blocked, id=14948, stack(0x000000c360800000,0x000000c360900000)]
  0x0000026b7d605000 JavaThread "Unconstrained build operations Thread 10" [_thread_blocked, id=10036, stack(0x000000c360900000,0x000000c360a00000)]
  0x0000026b7d604800 JavaThread "Unconstrained build operations Thread 11" [_thread_blocked, id=10704, stack(0x000000c360a00000,0x000000c360b00000)]
  0x0000026b7d606800 JavaThread "Unconstrained build operations Thread 12" [_thread_blocked, id=11324, stack(0x000000c360b00000,0x000000c360c00000)]
  0x0000026b7d601000 JavaThread "Unconstrained build operations Thread 13" [_thread_blocked, id=7972, stack(0x000000c360c00000,0x000000c360d00000)]
  0x0000026b7d602000 JavaThread "Unconstrained build operations Thread 14" [_thread_blocked, id=18412, stack(0x000000c360d00000,0x000000c360e00000)]
  0x0000026b7d607800 JavaThread "Unconstrained build operations Thread 15" [_thread_blocked, id=9340, stack(0x000000c360e00000,0x000000c360f00000)]
  0x0000026b7d608800 JavaThread "Unconstrained build operations Thread 16" [_thread_blocked, id=19764, stack(0x000000c360f00000,0x000000c361000000)]
  0x0000026b7d602800 JavaThread "Unconstrained build operations Thread 17" [_thread_blocked, id=13408, stack(0x000000c361000000,0x000000c361100000)]
  0x0000026b7d60c800 JavaThread "Unconstrained build operations Thread 18" [_thread_blocked, id=7340, stack(0x000000c361100000,0x000000c361200000)]
  0x0000026b7d60a000 JavaThread "Unconstrained build operations Thread 19" [_thread_blocked, id=18776, stack(0x000000c361200000,0x000000c361300000)]
  0x0000026b7d60f000 JavaThread "Unconstrained build operations Thread 20" [_thread_blocked, id=7160, stack(0x000000c361300000,0x000000c361400000)]
  0x0000026b7d60e000 JavaThread "Unconstrained build operations Thread 21" [_thread_blocked, id=10512, stack(0x000000c361400000,0x000000c361500000)]
  0x0000026b7d60b800 JavaThread "Unconstrained build operations Thread 22" [_thread_blocked, id=6208, stack(0x000000c361500000,0x000000c361600000)]
  0x0000026b7d60d000 JavaThread "Unconstrained build operations Thread 23" [_thread_blocked, id=11564, stack(0x000000c361600000,0x000000c361700000)]
  0x0000026b7d60b000 JavaThread "Unconstrained build operations Thread 24" [_thread_blocked, id=18804, stack(0x000000c361700000,0x000000c361800000)]
  0x0000026b7d609000 JavaThread "Unconstrained build operations Thread 25" [_thread_blocked, id=4444, stack(0x000000c361800000,0x000000c361900000)]
  0x0000026b7d638000 JavaThread "Unconstrained build operations Thread 26" [_thread_blocked, id=1004, stack(0x000000c361900000,0x000000c361a00000)]
  0x0000026b7d63b800 JavaThread "Unconstrained build operations Thread 27" [_thread_blocked, id=132, stack(0x000000c361a00000,0x000000c361b00000)]
  0x0000026b7d63c800 JavaThread "Unconstrained build operations Thread 28" [_thread_blocked, id=3044, stack(0x000000c361b00000,0x000000c361c00000)]
  0x0000026b7d63e800 JavaThread "Unconstrained build operations Thread 29" [_thread_blocked, id=4860, stack(0x000000c361c00000,0x000000c361d00000)]
  0x0000026b7d63a800 JavaThread "Unconstrained build operations Thread 30" [_thread_blocked, id=16100, stack(0x000000c361d00000,0x000000c361e00000)]
  0x0000026b7d63a000 JavaThread "Unconstrained build operations Thread 31" [_thread_blocked, id=12388, stack(0x000000c361e00000,0x000000c361f00000)]
  0x0000026b7d639000 JavaThread "Unconstrained build operations Thread 32" [_thread_blocked, id=1756, stack(0x000000c361f00000,0x000000c362000000)]
  0x0000026b7d63f800 JavaThread "Unconstrained build operations Thread 33" [_thread_blocked, id=18772, stack(0x000000c362000000,0x000000c362100000)]
  0x0000026b7d641000 JavaThread "build event listener" [_thread_blocked, id=6320, stack(0x000000c362100000,0x000000c362200000)]
  0x0000026b7d640800 JavaThread "Memory manager" [_thread_blocked, id=20212, stack(0x000000c362200000,0x000000c362300000)]
  0x0000026b7d642000 JavaThread "Cache worker for Build Output Cleanup Cache (C:\Users\User\ProjectMobileDevelopment\android\.gradle\buildOutputCleanup)" [_thread_blocked, id=19772, stack(0x000000c362300000,0x000000c362400000)]
  0x0000026b7d643000 JavaThread "included builds" [_thread_blocked, id=15232, stack(0x000000c362400000,0x000000c362500000)]
  0x0000026b7d63d000 JavaThread "Execution worker" [_thread_blocked, id=4368, stack(0x000000c362500000,0x000000c362600000)]
  0x0000026b7d644800 JavaThread "Execution worker Thread 2" [_thread_blocked, id=3932, stack(0x000000c362600000,0x000000c362700000)]
  0x0000026b7d646000 JavaThread "Execution worker Thread 3" [_thread_in_Java, id=9764, stack(0x000000c362700000,0x000000c362800000)]
  0x0000026b7d647000 JavaThread "Cache worker for execution history cache (C:\Users\User\ProjectMobileDevelopment\node_modules\react-native-gradle-plugin\.gradle\7.5.1\executionHistory)" [_thread_blocked, id=14244, stack(0x000000c362800000,0x000000c362900000)]
  0x0000026b7d645800 JavaThread "Unconstrained build operations Thread 34" [_thread_blocked, id=15008, stack(0x000000c362900000,0x000000c362a00000)]
  0x0000026b7d643800 JavaThread "Unconstrained build operations Thread 35" [_thread_blocked, id=13900, stack(0x000000c362a00000,0x000000c362b00000)]
  0x0000026b00089000 JavaThread "Unconstrained build operations Thread 36" [_thread_blocked, id=4848, stack(0x000000c362b00000,0x000000c362c00000)]
  0x0000026b0008b000 JavaThread "Unconstrained build operations Thread 37" [_thread_blocked, id=8196, stack(0x000000c362c00000,0x000000c362d00000)]
  0x0000026b0008b800 JavaThread "Unconstrained build operations Thread 38" [_thread_blocked, id=12272, stack(0x000000c362d00000,0x000000c362e00000)]
  0x0000026b0008c800 JavaThread "Unconstrained build operations Thread 39" [_thread_blocked, id=15776, stack(0x000000c362e00000,0x000000c362f00000)]
  0x0000026b0008d800 JavaThread "Unconstrained build operations Thread 40" [_thread_blocked, id=12856, stack(0x000000c362f00000,0x000000c363000000)]
  0x0000026b00088800 JavaThread "RMI Scheduler(0)" daemon [_thread_blocked, id=10632, stack(0x000000c363100000,0x000000c363200000)]
  0x0000026b0008f800 JavaThread "RMI GC Daemon" daemon [_thread_blocked, id=6100, stack(0x000000c363300000,0x000000c363400000)]
  0x0000026b0008a000 JavaThread "RMI TCP Accept-0" daemon [_thread_in_native, id=12372, stack(0x000000c363400000,0x000000c363500000)]
  0x0000026b00095800 JavaThread "RMI Reaper" [_thread_blocked, id=18260, stack(0x000000c363500000,0x000000c363600000)]
  0x0000026b00094000 JavaThread "pool-3-thread-1" [_thread_blocked, id=10544, stack(0x000000c35cd00000,0x000000c35ce00000)]
  0x0000026b0008f000 JavaThread "build event listener" [_thread_blocked, id=9600, stack(0x000000c35ce00000,0x000000c35cf00000)]
  0x0000026b00090800 JavaThread "Cache worker for execution history cache (C:\Users\User\ProjectMobileDevelopment\android\.gradle\7.5.1\executionHistory)" [_thread_blocked, id=15868, stack(0x000000c35fc00000,0x000000c35fd00000)]
  0x0000026b0008e000 JavaThread "WorkerExecutor Queue Thread 3" [_thread_in_native, id=20280, stack(0x000000c363200000,0x000000c363300000)]
  0x0000026b00096000 JavaThread "WorkerExecutor Queue Thread 5" [_thread_in_native, id=19004, stack(0x000000c363900000,0x000000c363a00000)]
  0x0000026b7baea800 JavaThread "Cache worker for Java compile cache (C:\Users\User\.gradle\caches\7.5.1\javaCompile)" [_thread_blocked, id=13288, stack(0x000000c363a00000,0x000000c363b00000)]
  0x0000026b7bae9800 JavaThread "RMI RenewClean-[127.0.0.1:17576,org.jetbrains.kotlin.daemon.common.LoopbackNetworkInterface$ClientLoopbackSocketFactory@2fbd506d]" daemon [_thread_blocked, id=5320, stack(0x000000c35fd00000,0x000000c35fe00000)]
  0x0000026b7baee000 JavaThread "RMI TCP Accept-0" daemon [_thread_in_native, id=9872, stack(0x000000c363c00000,0x000000c363d00000)]
  0x0000026b7baee800 JavaThread "RMI RenewClean-[127.0.0.1:17315,org.jetbrains.kotlin.daemon.common.LoopbackNetworkInterface$ClientLoopbackSocketFactory@665c9fb2]" daemon [_thread_blocked, id=3432, stack(0x000000c363b00000,0x000000c363c00000)]
  0x0000026b7baeb800 JavaThread "RMI TCP Accept-0" daemon [_thread_in_native, id=18056, stack(0x000000c363d00000,0x000000c363e00000)]
  0x0000026b7baf2800 JavaThread "Build operations" [_thread_blocked, id=19100, stack(0x000000c363700000,0x000000c363800000)]
  0x0000026b7baf0800 JavaThread "Build operations Thread 2" [_thread_blocked, id=19804, stack(0x000000c363f00000,0x000000c364000000)]
  0x0000026b7baf1000 JavaThread "Build operations Thread 3" [_thread_blocked, id=17820, stack(0x000000c364000000,0x000000c364100000)]
  0x0000026b7baf2000 JavaThread "Build operations Thread 4" [_thread_blocked, id=2768, stack(0x000000c364100000,0x000000c364200000)]
  0x0000026b7baed000 JavaThread "WorkerExecutor Queue Thread 6" [_thread_blocked, id=12452, stack(0x000000c364200000,0x000000c364300000)]
  0x0000026b7baf3800 JavaThread "WorkerExecutor Queue Thread 7" [_thread_blocked, id=8872, stack(0x000000c363000000,0x000000c363100000)]

Other Threads:
  0x0000026b76fc4800 VMThread "VM Thread" [stack: 0x000000c35d500000,0x000000c35d600000] [id=6816]
  0x0000026b772c1800 WatcherThread [stack: 0x000000c35df00000,0x000000c35e000000] [id=6532]
  0x0000026b59085800 GCTaskThread "GC Thread#0" [stack: 0x000000c35d000000,0x000000c35d100000] [id=7328]
  0x0000026b7787a800 GCTaskThread "GC Thread#1" [stack: 0x000000c35e000000,0x000000c35e100000] [id=16964]
  0x0000026b77479800 GCTaskThread "GC Thread#2" [stack: 0x000000c35eb00000,0x000000c35ec00000] [id=1096]
  0x0000026b77eb7000 GCTaskThread "GC Thread#3" [stack: 0x000000c35ec00000,0x000000c35ed00000] [id=8076]
  0x0000026b590b5800 ConcurrentGCThread "G1 Main Marker" [stack: 0x000000c35d100000,0x000000c35d200000] [id=14076]
  0x0000026b590b7000 ConcurrentGCThread "G1 Conc#0" [stack: 0x000000c35d200000,0x000000c35d300000] [id=6896]
  0x0000026b590fe000 ConcurrentGCThread "G1 Refine#0" [stack: 0x000000c35d300000,0x000000c35d400000] [id=9388]
  0x0000026b590ff000 ConcurrentGCThread "G1 Young RemSet Sampling" [stack: 0x000000c35d400000,0x000000c35d500000] [id=18884]

Threads with active compile tasks:
C2 CompilerThread0   245268 23723 %     4       com.android.tools.r8.ir.regalloc.b::c @ 2214 (4031 bytes)

VM state:not at safepoint (normal execution)

VM Mutex/Monitor currently owned by a thread: None

Heap address: 0x0000000080000000, size: 2048 MB, Compressed Oops mode: 32-bit
Narrow klass base: 0x0000000000000000, Narrow klass shift: 3
Compressed class space size: 528482304 Address: 0x0000000100000000

Heap:
 garbage-first heap   total 272384K, used 198810K [0x0000000080000000, 0x0000000100000000)
  region size 1024K, 12 young (12288K), 4 survivors (4096K)
 Metaspace       used 145305K, capacity 149642K, committed 149760K, reserved 647168K
  class space    used 18529K, capacity 20174K, committed 20224K, reserved 516096K
Heap Regions: E=young(eden), S=young(survivor), O=old, HS=humongous(starts), HC=humongous(continues), CS=collection set, F=free, A=archive, TAMS=top-at-mark-start (previous, next)
|   0|0x0000000080000000, 0x0000000080100000, 0x0000000080100000|100%|HS|  |TAMS 0x0000000080100000, 0x0000000080000000| Complete 
|   1|0x0000000080100000, 0x0000000080200000, 0x0000000080200000|100%|HC|  |TAMS 0x0000000080200000, 0x0000000080100000| Complete 
|   2|0x0000000080200000, 0x0000000080300000, 0x0000000080300000|100%|HC|  |TAMS 0x0000000080300000, 0x0000000080200000| Complete 
|   3|0x0000000080300000, 0x0000000080400000, 0x0000000080400000|100%| O|  |TAMS 0x0000000080400000, 0x0000000080300000| Untracked 
|   4|0x0000000080400000, 0x0000000080500000, 0x0000000080500000|100%| O|  |TAMS 0x0000000080500000, 0x0000000080400000| Untracked 
|   5|0x0000000080500000, 0x0000000080600000, 0x0000000080600000|100%| O|  |TAMS 0x0000000080600000, 0x0000000080500000| Untracked 
|   6|0x0000000080600000, 0x0000000080700000, 0x0000000080700000|100%| O|  |TAMS 0x0000000080700000, 0x0000000080600000| Untracked 
|   7|0x0000000080700000, 0x0000000080800000, 0x0000000080800000|100%| O|  |TAMS 0x0000000080800000, 0x0000000080700000| Untracked 
|   8|0x0000000080800000, 0x0000000080900000, 0x0000000080900000|100%| O|  |TAMS 0x0000000080900000, 0x0000000080800000| Untracked 
|   9|0x0000000080900000, 0x0000000080a00000, 0x0000000080a00000|100%| O|  |TAMS 0x0000000080a00000, 0x0000000080900000| Untracked 
|  10|0x0000000080a00000, 0x0000000080b00000, 0x0000000080b00000|100%| O|  |TAMS 0x0000000080b00000, 0x0000000080a00000| Untracked 
|  11|0x0000000080b00000, 0x0000000080c00000, 0x0000000080c00000|100%| O|  |TAMS 0x0000000080c00000, 0x0000000080b00000| Untracked 
|  12|0x0000000080c00000, 0x0000000080d00000, 0x0000000080d00000|100%| O|  |TAMS 0x0000000080d00000, 0x0000000080c00000| Untracked 
|  13|0x0000000080d00000, 0x0000000080e00000, 0x0000000080e00000|100%| O|  |TAMS 0x0000000080e00000, 0x0000000080d00000| Untracked 
|  14|0x0000000080e00000, 0x0000000080f00000, 0x0000000080f00000|100%| O|  |TAMS 0x0000000080f00000, 0x0000000080e00000| Untracked 
|  15|0x0000000080f00000, 0x0000000081000000, 0x0000000081000000|100%| O|  |TAMS 0x0000000081000000, 0x0000000080f00000| Untracked 
|  16|0x0000000081000000, 0x0000000081100000, 0x0000000081100000|100%| O|  |TAMS 0x0000000081100000, 0x0000000081000000| Untracked 
|  17|0x0000000081100000, 0x0000000081200000, 0x0000000081200000|100%| O|  |TAMS 0x0000000081200000, 0x0000000081100000| Untracked 
|  18|0x0000000081200000, 0x0000000081300000, 0x0000000081300000|100%| O|  |TAMS 0x0000000081300000, 0x0000000081200000| Untracked 
|  19|0x0000000081300000, 0x0000000081400000, 0x0000000081400000|100%| O|  |TAMS 0x0000000081400000, 0x0000000081300000| Untracked 
|  20|0x0000000081400000, 0x0000000081500000, 0x0000000081500000|100%| O|  |TAMS 0x0000000081500000, 0x0000000081400000| Untracked 
|  21|0x0000000081500000, 0x0000000081600000, 0x0000000081600000|100%| O|  |TAMS 0x0000000081600000, 0x0000000081500000| Untracked 
|  22|0x0000000081600000, 0x0000000081700000, 0x0000000081700000|100%| O|  |TAMS 0x0000000081700000, 0x0000000081600000| Untracked 
|  23|0x0000000081700000, 0x0000000081800000, 0x0000000081800000|100%| O|  |TAMS 0x0000000081800000, 0x0000000081700000| Untracked 
|  24|0x0000000081800000, 0x0000000081900000, 0x0000000081900000|100%| O|  |TAMS 0x0000000081900000, 0x0000000081800000| Untracked 
|  25|0x0000000081900000, 0x0000000081a00000, 0x0000000081a00000|100%| O|  |TAMS 0x0000000081a00000, 0x0000000081900000| Untracked 
|  26|0x0000000081a00000, 0x0000000081b00000, 0x0000000081b00000|100%| O|  |TAMS 0x0000000081b00000, 0x0000000081a00000| Untracked 
|  27|0x0000000081b00000, 0x0000000081c00000, 0x0000000081c00000|100%| O|  |TAMS 0x0000000081c00000, 0x0000000081b00000| Untracked 
|  28|0x0000000081c00000, 0x0000000081d00000, 0x0000000081d00000|100%| O|  |TAMS 0x0000000081d00000, 0x0000000081c00000| Untracked 
|  29|0x0000000081d00000, 0x0000000081e00000, 0x0000000081e00000|100%| O|  |TAMS 0x0000000081e00000, 0x0000000081d00000| Untracked 
|  30|0x0000000081e00000, 0x0000000081f00000, 0x0000000081f00000|100%| O|  |TAMS 0x0000000081f00000, 0x0000000081e00000| Untracked 
|  31|0x0000000081f00000, 0x0000000082000000, 0x0000000082000000|100%| O|  |TAMS 0x0000000082000000, 0x0000000081f00000| Untracked 
|  32|0x0000000082000000, 0x0000000082100000, 0x0000000082100000|100%|HS|  |TAMS 0x0000000082100000, 0x0000000082000000| Complete 
|  33|0x0000000082100000, 0x0000000082200000, 0x0000000082200000|100%|HS|  |TAMS 0x0000000082200000, 0x0000000082100000| Complete 
|  34|0x0000000082200000, 0x0000000082300000, 0x0000000082300000|100%|HC|  |TAMS 0x0000000082300000, 0x0000000082200000| Complete 
|  35|0x0000000082300000, 0x0000000082400000, 0x0000000082400000|100%|HC|  |TAMS 0x0000000082400000, 0x0000000082300000| Complete 
|  36|0x0000000082400000, 0x0000000082500000, 0x0000000082500000|100%| O|  |TAMS 0x0000000082500000, 0x0000000082400000| Untracked 
|  37|0x0000000082500000, 0x0000000082600000, 0x0000000082600000|100%| O|  |TAMS 0x0000000082600000, 0x0000000082500000| Untracked 
|  38|0x0000000082600000, 0x0000000082700000, 0x0000000082700000|100%| O|  |TAMS 0x0000000082700000, 0x0000000082600000| Untracked 
|  39|0x0000000082700000, 0x0000000082800000, 0x0000000082800000|100%| O|  |TAMS 0x0000000082800000, 0x0000000082700000| Untracked 
|  40|0x0000000082800000, 0x0000000082900000, 0x0000000082900000|100%| O|  |TAMS 0x0000000082900000, 0x0000000082800000| Untracked 
|  41|0x0000000082900000, 0x0000000082a00000, 0x0000000082a00000|100%| O|  |TAMS 0x0000000082a00000, 0x0000000082900000| Untracked 
|  42|0x0000000082a00000, 0x0000000082b00000, 0x0000000082b00000|100%| O|  |TAMS 0x0000000082b00000, 0x0000000082a00000| Untracked 
|  43|0x0000000082b00000, 0x0000000082c00000, 0x0000000082c00000|100%| O|  |TAMS 0x0000000082c00000, 0x0000000082b00000| Untracked 
|  44|0x0000000082c00000, 0x0000000082d00000, 0x0000000082d00000|100%| O|  |TAMS 0x0000000082d00000, 0x0000000082c00000| Untracked 
|  45|0x0000000082d00000, 0x0000000082e00000, 0x0000000082e00000|100%| O|  |TAMS 0x0000000082e00000, 0x0000000082d00000| Untracked 
|  46|0x0000000082e00000, 0x0000000082f00000, 0x0000000082f00000|100%| O|  |TAMS 0x0000000082f00000, 0x0000000082e00000| Untracked 
|  47|0x0000000082f00000, 0x0000000083000000, 0x0000000083000000|100%| O|  |TAMS 0x0000000083000000, 0x0000000082f00000| Untracked 
|  48|0x0000000083000000, 0x0000000083100000, 0x0000000083100000|100%| O|  |TAMS 0x0000000083100000, 0x0000000083000000| Untracked 
|  49|0x0000000083100000, 0x0000000083200000, 0x0000000083200000|100%| O|  |TAMS 0x0000000083200000, 0x0000000083100000| Untracked 
|  50|0x0000000083200000, 0x0000000083300000, 0x0000000083300000|100%| O|  |TAMS 0x0000000083300000, 0x0000000083200000| Untracked 
|  51|0x0000000083300000, 0x0000000083400000, 0x0000000083400000|100%| O|  |TAMS 0x0000000083400000, 0x0000000083300000| Untracked 
|  52|0x0000000083400000, 0x0000000083500000, 0x0000000083500000|100%| O|  |TAMS 0x0000000083500000, 0x0000000083400000| Untracked 
|  53|0x0000000083500000, 0x0000000083600000, 0x0000000083600000|100%| O|  |TAMS 0x0000000083600000, 0x0000000083500000| Untracked 
|  54|0x0000000083600000, 0x0000000083700000, 0x0000000083700000|100%|HS|  |TAMS 0x0000000083700000, 0x0000000083600000| Complete 
|  55|0x0000000083700000, 0x0000000083800000, 0x0000000083800000|100%|HS|  |TAMS 0x0000000083800000, 0x0000000083700000| Complete 
|  56|0x0000000083800000, 0x0000000083900000, 0x0000000083900000|100%| O|  |TAMS 0x0000000083900000, 0x0000000083800000| Untracked 
|  57|0x0000000083900000, 0x0000000083a00000, 0x0000000083a00000|100%| O|  |TAMS 0x0000000083a00000, 0x0000000083900000| Untracked 
|  58|0x0000000083a00000, 0x0000000083b00000, 0x0000000083b00000|100%| O|  |TAMS 0x0000000083b00000, 0x0000000083a00000| Untracked 
|  59|0x0000000083b00000, 0x0000000083c00000, 0x0000000083c00000|100%| O|  |TAMS 0x0000000083c00000, 0x0000000083b00000| Untracked 
|  60|0x0000000083c00000, 0x0000000083d00000, 0x0000000083d00000|100%|HS|  |TAMS 0x0000000083d00000, 0x0000000083c00000| Complete 
|  61|0x0000000083d00000, 0x0000000083e00000, 0x0000000083e00000|100%|HC|  |TAMS 0x0000000083e00000, 0x0000000083d00000| Complete 
|  62|0x0000000083e00000, 0x0000000083f00000, 0x0000000083f00000|100%| O|  |TAMS 0x0000000083f00000, 0x0000000083e00000| Untracked 
|  63|0x0000000083f00000, 0x0000000084000000, 0x0000000084000000|100%| O|  |TAMS 0x0000000084000000, 0x0000000083f00000| Untracked 
|  64|0x0000000084000000, 0x0000000084100000, 0x0000000084100000|100%| O|  |TAMS 0x0000000084100000, 0x0000000084000000| Untracked 
|  65|0x0000000084100000, 0x0000000084200000, 0x0000000084200000|100%| O|  |TAMS 0x0000000084200000, 0x0000000084100000| Untracked 
|  66|0x0000000084200000, 0x0000000084300000, 0x0000000084300000|100%| O|  |TAMS 0x0000000084300000, 0x0000000084200000| Untracked 
|  67|0x0000000084300000, 0x0000000084400000, 0x0000000084400000|100%| O|  |TAMS 0x0000000084400000, 0x0000000084300000| Untracked 
|  68|0x0000000084400000, 0x0000000084500000, 0x0000000084500000|100%| O|  |TAMS 0x0000000084500000, 0x0000000084400000| Untracked 
|  69|0x0000000084500000, 0x0000000084600000, 0x0000000084600000|100%| O|  |TAMS 0x0000000084600000, 0x0000000084500000| Untracked 
|  70|0x0000000084600000, 0x0000000084700000, 0x0000000084700000|100%| O|  |TAMS 0x0000000084700000, 0x0000000084600000| Untracked 
|  71|0x0000000084700000, 0x0000000084800000, 0x0000000084800000|100%| O|  |TAMS 0x0000000084800000, 0x0000000084700000| Untracked 
|  72|0x0000000084800000, 0x0000000084900000, 0x0000000084900000|100%| O|  |TAMS 0x0000000084900000, 0x0000000084800000| Untracked 
|  73|0x0000000084900000, 0x0000000084a00000, 0x0000000084a00000|100%| O|  |TAMS 0x0000000084a00000, 0x0000000084900000| Untracked 
|  74|0x0000000084a00000, 0x0000000084b00000, 0x0000000084b00000|100%| O|  |TAMS 0x0000000084b00000, 0x0000000084a00000| Untracked 
|  75|0x0000000084b00000, 0x0000000084c00000, 0x0000000084c00000|100%| O|  |TAMS 0x0000000084c00000, 0x0000000084b00000| Untracked 
|  76|0x0000000084c00000, 0x0000000084d00000, 0x0000000084d00000|100%| O|  |TAMS 0x0000000084d00000, 0x0000000084c00000| Untracked 
|  77|0x0000000084d00000, 0x0000000084e00000, 0x0000000084e00000|100%| O|  |TAMS 0x0000000084e00000, 0x0000000084d00000| Untracked 
|  78|0x0000000084e00000, 0x0000000084f00000, 0x0000000084f00000|100%| O|  |TAMS 0x0000000084f00000, 0x0000000084e00000| Untracked 
|  79|0x0000000084f00000, 0x0000000085000000, 0x0000000085000000|100%| O|  |TAMS 0x0000000085000000, 0x0000000084f00000| Untracked 
|  80|0x0000000085000000, 0x0000000085100000, 0x0000000085100000|100%| O|  |TAMS 0x0000000085100000, 0x0000000085000000| Untracked 
|  81|0x0000000085100000, 0x0000000085200000, 0x0000000085200000|100%|HS|  |TAMS 0x0000000085200000, 0x0000000085100000| Complete 
|  82|0x0000000085200000, 0x0000000085300000, 0x0000000085300000|100%|HS|  |TAMS 0x0000000085300000, 0x0000000085200000| Complete 
|  83|0x0000000085300000, 0x0000000085400000, 0x0000000085400000|100%|HC|  |TAMS 0x0000000085400000, 0x0000000085300000| Complete 
|  84|0x0000000085400000, 0x0000000085500000, 0x0000000085500000|100%|HC|  |TAMS 0x0000000085500000, 0x0000000085400000| Complete 
|  85|0x0000000085500000, 0x0000000085600000, 0x0000000085600000|100%| O|  |TAMS 0x0000000085600000, 0x0000000085500000| Untracked 
|  86|0x0000000085600000, 0x0000000085700000, 0x0000000085700000|100%| O|  |TAMS 0x0000000085700000, 0x0000000085600000| Untracked 
|  87|0x0000000085700000, 0x0000000085800000, 0x0000000085800000|100%| O|  |TAMS 0x0000000085800000, 0x0000000085700000| Untracked 
|  88|0x0000000085800000, 0x0000000085900000, 0x0000000085900000|100%| O|  |TAMS 0x0000000085900000, 0x0000000085800000| Untracked 
|  89|0x0000000085900000, 0x0000000085a00000, 0x0000000085a00000|100%| O|  |TAMS 0x0000000085a00000, 0x0000000085900000| Untracked 
|  90|0x0000000085a00000, 0x0000000085b00000, 0x0000000085b00000|100%| O|  |TAMS 0x0000000085b00000, 0x0000000085a00000| Untracked 
|  91|0x0000000085b00000, 0x0000000085c00000, 0x0000000085c00000|100%| O|  |TAMS 0x0000000085c00000, 0x0000000085b00000| Untracked 
|  92|0x0000000085c00000, 0x0000000085d00000, 0x0000000085d00000|100%|HS|  |TAMS 0x0000000085d00000, 0x0000000085c00000| Complete 
|  93|0x0000000085d00000, 0x0000000085e00000, 0x0000000085e00000|100%|HS|  |TAMS 0x0000000085e00000, 0x0000000085d00000| Complete 
|  94|0x0000000085e00000, 0x0000000085f00000, 0x0000000085f00000|100%|HS|  |TAMS 0x0000000085f00000, 0x0000000085e00000| Complete 
|  95|0x0000000085f00000, 0x0000000086000000, 0x0000000086000000|100%|HC|  |TAMS 0x0000000086000000, 0x0000000085f00000| Complete 
|  96|0x0000000086000000, 0x0000000086100000, 0x0000000086100000|100%|HC|  |TAMS 0x0000000086100000, 0x0000000086000000| Complete 
|  97|0x0000000086100000, 0x0000000086200000, 0x0000000086200000|100%| O|  |TAMS 0x0000000086200000, 0x0000000086100000| Untracked 
|  98|0x0000000086200000, 0x0000000086300000, 0x0000000086300000|100%| O|  |TAMS 0x0000000086300000, 0x0000000086200000| Untracked 
|  99|0x0000000086300000, 0x0000000086400000, 0x0000000086400000|100%| O|  |TAMS 0x0000000086400000, 0x0000000086300000| Untracked 
| 100|0x0000000086400000, 0x0000000086500000, 0x0000000086500000|100%| O|  |TAMS 0x0000000086500000, 0x0000000086400000| Untracked 
| 101|0x0000000086500000, 0x0000000086600000, 0x0000000086600000|100%| O|  |TAMS 0x0000000086600000, 0x0000000086500000| Untracked 
| 102|0x0000000086600000, 0x0000000086700000, 0x0000000086700000|100%| O|  |TAMS 0x0000000086700000, 0x0000000086600000| Untracked 
| 103|0x0000000086700000, 0x0000000086800000, 0x0000000086800000|100%| O|  |TAMS 0x0000000086800000, 0x0000000086700000| Untracked 
| 104|0x0000000086800000, 0x0000000086900000, 0x0000000086900000|100%| O|  |TAMS 0x0000000086900000, 0x0000000086800000| Untracked 
| 105|0x0000000086900000, 0x0000000086a00000, 0x0000000086a00000|100%| O|  |TAMS 0x0000000086a00000, 0x0000000086900000| Untracked 
| 106|0x0000000086a00000, 0x0000000086b00000, 0x0000000086b00000|100%| O|  |TAMS 0x0000000086b00000, 0x0000000086a00000| Untracked 
| 107|0x0000000086b00000, 0x0000000086c00000, 0x0000000086c00000|100%| O|  |TAMS 0x0000000086c00000, 0x0000000086b00000| Untracked 
| 108|0x0000000086c00000, 0x0000000086d00000, 0x0000000086d00000|100%| O|  |TAMS 0x0000000086d00000, 0x0000000086c00000| Untracked 
| 109|0x0000000086d00000, 0x0000000086e00000, 0x0000000086e00000|100%| O|  |TAMS 0x0000000086e00000, 0x0000000086d00000| Untracked 
| 110|0x0000000086e00000, 0x0000000086f00000, 0x0000000086f00000|100%| O|  |TAMS 0x0000000086f00000, 0x0000000086e00000| Untracked 
| 111|0x0000000086f00000, 0x0000000087000000, 0x0000000087000000|100%| O|  |TAMS 0x0000000087000000, 0x0000000086f00000| Untracked 
| 112|0x0000000087000000, 0x0000000087100000, 0x0000000087100000|100%| O|  |TAMS 0x0000000087100000, 0x0000000087000000| Untracked 
| 113|0x0000000087100000, 0x0000000087200000, 0x0000000087200000|100%| O|  |TAMS 0x0000000087200000, 0x0000000087100000| Untracked 
| 114|0x0000000087200000, 0x0000000087300000, 0x0000000087300000|100%| O|  |TAMS 0x0000000087300000, 0x0000000087200000| Untracked 
| 115|0x0000000087300000, 0x0000000087400000, 0x0000000087400000|100%| O|  |TAMS 0x0000000087400000, 0x0000000087300000| Untracked 
| 116|0x0000000087400000, 0x0000000087500000, 0x0000000087500000|100%| O|  |TAMS 0x0000000087500000, 0x0000000087400000| Untracked 
| 117|0x0000000087500000, 0x0000000087600000, 0x0000000087600000|100%| O|  |TAMS 0x0000000087600000, 0x0000000087500000| Untracked 
| 118|0x0000000087600000, 0x0000000087700000, 0x0000000087700000|100%| O|  |TAMS 0x0000000087700000, 0x0000000087600000| Untracked 
| 119|0x0000000087700000, 0x0000000087800000, 0x0000000087800000|100%| O|  |TAMS 0x0000000087800000, 0x0000000087700000| Untracked 
| 120|0x0000000087800000, 0x0000000087900000, 0x0000000087900000|100%| O|  |TAMS 0x0000000087900000, 0x0000000087800000| Untracked 
| 121|0x0000000087900000, 0x0000000087a00000, 0x0000000087a00000|100%| O|  |TAMS 0x0000000087a00000, 0x0000000087900000| Untracked 
| 122|0x0000000087a00000, 0x0000000087b00000, 0x0000000087b00000|100%| O|  |TAMS 0x0000000087b00000, 0x0000000087a00000| Untracked 
| 123|0x0000000087b00000, 0x0000000087c00000, 0x0000000087c00000|100%| O|  |TAMS 0x0000000087c00000, 0x0000000087b00000| Untracked 
| 124|0x0000000087c00000, 0x0000000087d00000, 0x0000000087d00000|100%| O|  |TAMS 0x0000000087d00000, 0x0000000087c00000| Untracked 
| 125|0x0000000087d00000, 0x0000000087e00000, 0x0000000087e00000|100%| O|  |TAMS 0x0000000087e00000, 0x0000000087d00000| Untracked 
| 126|0x0000000087e00000, 0x0000000087f00000, 0x0000000087f00000|100%| O|  |TAMS 0x0000000087f00000, 0x0000000087e00000| Untracked 
| 127|0x0000000087f00000, 0x0000000088000000, 0x0000000088000000|100%| O|  |TAMS 0x0000000088000000, 0x0000000087f00000| Untracked 
| 128|0x0000000088000000, 0x0000000088100000, 0x0000000088100000|100%| O|  |TAMS 0x0000000088100000, 0x0000000088000000| Untracked 
| 129|0x0000000088100000, 0x0000000088200000, 0x0000000088200000|100%| O|  |TAMS 0x0000000088200000, 0x0000000088100000| Untracked 
| 130|0x0000000088200000, 0x0000000088300000, 0x0000000088300000|100%| O|  |TAMS 0x0000000088300000, 0x0000000088200000| Untracked 
| 131|0x0000000088300000, 0x0000000088400000, 0x0000000088400000|100%| O|  |TAMS 0x0000000088400000, 0x0000000088300000| Untracked 
| 132|0x0000000088400000, 0x0000000088500000, 0x0000000088500000|100%| O|  |TAMS 0x0000000088500000, 0x0000000088400000| Untracked 
| 133|0x0000000088500000, 0x0000000088600000, 0x0000000088600000|100%| O|  |TAMS 0x0000000088600000, 0x0000000088500000| Untracked 
| 134|0x0000000088600000, 0x0000000088700000, 0x0000000088700000|100%| O|  |TAMS 0x0000000088700000, 0x0000000088600000| Untracked 
| 135|0x0000000088700000, 0x0000000088800000, 0x0000000088800000|100%| O|  |TAMS 0x0000000088800000, 0x0000000088700000| Untracked 
| 136|0x0000000088800000, 0x0000000088900000, 0x0000000088900000|100%| O|  |TAMS 0x0000000088900000, 0x0000000088800000| Untracked 
| 137|0x0000000088900000, 0x0000000088a00000, 0x0000000088a00000|100%| O|  |TAMS 0x0000000088a00000, 0x0000000088900000| Untracked 
| 138|0x0000000088a00000, 0x0000000088b00000, 0x0000000088b00000|100%| O|  |TAMS 0x0000000088b00000, 0x0000000088a00000| Untracked 
| 139|0x0000000088b00000, 0x0000000088c00000, 0x0000000088c00000|100%| O|  |TAMS 0x0000000088c00000, 0x0000000088b00000| Untracked 
| 140|0x0000000088c00000, 0x0000000088d00000, 0x0000000088d00000|100%| O|  |TAMS 0x0000000088d00000, 0x0000000088c00000| Untracked 
| 141|0x0000000088d00000, 0x0000000088e00000, 0x0000000088e00000|100%| O|  |TAMS 0x0000000088e00000, 0x0000000088d00000| Untracked 
| 142|0x0000000088e00000, 0x0000000088f00000, 0x0000000088f00000|100%| O|  |TAMS 0x0000000088f00000, 0x0000000088e00000| Untracked 
| 143|0x0000000088f00000, 0x0000000089000000, 0x0000000089000000|100%| O|  |TAMS 0x0000000089000000, 0x0000000088f00000| Untracked 
| 144|0x0000000089000000, 0x0000000089100000, 0x0000000089100000|100%| O|  |TAMS 0x0000000089100000, 0x0000000089000000| Untracked 
| 145|0x0000000089100000, 0x0000000089200000, 0x0000000089200000|100%| O|  |TAMS 0x0000000089200000, 0x0000000089100000| Untracked 
| 146|0x0000000089200000, 0x0000000089300000, 0x0000000089300000|100%| O|  |TAMS 0x0000000089300000, 0x0000000089200000| Untracked 
| 147|0x0000000089300000, 0x0000000089400000, 0x0000000089400000|100%| O|  |TAMS 0x0000000089400000, 0x0000000089300000| Untracked 
| 148|0x0000000089400000, 0x0000000089500000, 0x0000000089500000|100%| O|  |TAMS 0x0000000089500000, 0x0000000089400000| Untracked 
| 149|0x0000000089500000, 0x0000000089600000, 0x0000000089600000|100%| O|  |TAMS 0x0000000089600000, 0x0000000089500000| Untracked 
| 150|0x0000000089600000, 0x0000000089700000, 0x0000000089700000|100%| O|  |TAMS 0x0000000089700000, 0x0000000089600000| Untracked 
| 151|0x0000000089700000, 0x0000000089800000, 0x0000000089800000|100%| O|  |TAMS 0x0000000089700000, 0x0000000089700000| Untracked 
| 152|0x0000000089800000, 0x0000000089900000, 0x0000000089900000|100%| O|  |TAMS 0x0000000089900000, 0x0000000089800000| Untracked 
| 153|0x0000000089900000, 0x0000000089a00000, 0x0000000089a00000|100%| O|  |TAMS 0x0000000089a00000, 0x0000000089900000| Untracked 
| 154|0x0000000089a00000, 0x0000000089b00000, 0x0000000089b00000|100%| O|  |TAMS 0x0000000089a00000, 0x0000000089a00000| Untracked 
| 155|0x0000000089b00000, 0x0000000089c00000, 0x0000000089c00000|100%| O|  |TAMS 0x0000000089b00000, 0x0000000089b00000| Untracked 
| 156|0x0000000089c00000, 0x0000000089d00000, 0x0000000089d00000|100%| O|  |TAMS 0x0000000089d00000, 0x0000000089c00000| Untracked 
| 157|0x0000000089d00000, 0x0000000089e00000, 0x0000000089e00000|100%| O|  |TAMS 0x0000000089e00000, 0x0000000089d00000| Untracked 
| 158|0x0000000089e00000, 0x0000000089f00000, 0x0000000089f00000|100%| O|  |TAMS 0x0000000089f00000, 0x0000000089e00000| Untracked 
| 159|0x0000000089f00000, 0x000000008a000000, 0x000000008a000000|100%| O|  |TAMS 0x000000008a000000, 0x0000000089f00000| Untracked 
| 160|0x000000008a000000, 0x000000008a100000, 0x000000008a100000|100%| O|  |TAMS 0x000000008a100000, 0x000000008a000000| Untracked 
| 161|0x000000008a100000, 0x000000008a200000, 0x000000008a200000|100%| O|  |TAMS 0x000000008a200000, 0x000000008a100000| Untracked 
| 162|0x000000008a200000, 0x000000008a300000, 0x000000008a300000|100%| O|  |TAMS 0x000000008a300000, 0x000000008a200000| Untracked 
| 163|0x000000008a300000, 0x000000008a400000, 0x000000008a400000|100%| O|  |TAMS 0x000000008a300000, 0x000000008a300000| Untracked 
| 164|0x000000008a400000, 0x000000008a500000, 0x000000008a500000|100%| O|  |TAMS 0x000000008a400000, 0x000000008a400000| Untracked 
| 165|0x000000008a500000, 0x000000008a600000, 0x000000008a600000|100%| O|  |TAMS 0x000000008a600000, 0x000000008a500000| Untracked 
| 166|0x000000008a600000, 0x000000008a600000, 0x000000008a700000|  0%| F|  |TAMS 0x000000008a600000, 0x000000008a600000| Untracked 
| 167|0x000000008a700000, 0x000000008a800000, 0x000000008a800000|100%| O|  |TAMS 0x000000008a700000, 0x000000008a700000| Untracked 
| 168|0x000000008a800000, 0x000000008a900000, 0x000000008a900000|100%| O|  |TAMS 0x000000008a800000, 0x000000008a800000| Untracked 
| 169|0x000000008a900000, 0x000000008a973c00, 0x000000008aa00000| 45%| O|  |TAMS 0x000000008a900000, 0x000000008a900000| Untracked 
| 170|0x000000008aa00000, 0x000000008aa00000, 0x000000008ab00000|  0%| F|  |TAMS 0x000000008aa00000, 0x000000008aa00000| Untracked 
| 171|0x000000008ab00000, 0x000000008ab00000, 0x000000008ac00000|  0%| F|  |TAMS 0x000000008ab00000, 0x000000008ab00000| Untracked 
| 172|0x000000008ac00000, 0x000000008ad00000, 0x000000008ad00000|100%|HS|  |TAMS 0x000000008ad00000, 0x000000008ac00000| Complete 
| 173|0x000000008ad00000, 0x000000008ae00000, 0x000000008ae00000|100%|HC|  |TAMS 0x000000008ae00000, 0x000000008ad00000| Complete 
| 174|0x000000008ae00000, 0x000000008ae00000, 0x000000008af00000|  0%| F|  |TAMS 0x000000008ae00000, 0x000000008ae00000| Untracked 
| 175|0x000000008af00000, 0x000000008af00000, 0x000000008b000000|  0%| F|  |TAMS 0x000000008af00000, 0x000000008af00000| Untracked 
| 176|0x000000008b000000, 0x000000008b000000, 0x000000008b100000|  0%| F|  |TAMS 0x000000008b000000, 0x000000008b000000| Untracked 
| 177|0x000000008b100000, 0x000000008b100000, 0x000000008b200000|  0%| F|  |TAMS 0x000000008b100000, 0x000000008b100000| Untracked 
| 178|0x000000008b200000, 0x000000008b200000, 0x000000008b300000|  0%| F|  |TAMS 0x000000008b200000, 0x000000008b200000| Untracked 
| 179|0x000000008b300000, 0x000000008b300000, 0x000000008b400000|  0%| F|  |TAMS 0x000000008b300000, 0x000000008b300000| Untracked 
| 180|0x000000008b400000, 0x000000008b500000, 0x000000008b500000|100%| O|  |TAMS 0x000000008b500000, 0x000000008b400000| Untracked 
| 181|0x000000008b500000, 0x000000008b600000, 0x000000008b600000|100%| O|  |TAMS 0x000000008b600000, 0x000000008b500000| Untracked 
| 182|0x000000008b600000, 0x000000008b700000, 0x000000008b700000|100%| O|  |TAMS 0x000000008b700000, 0x000000008b600000| Untracked 
| 183|0x000000008b700000, 0x000000008b800000, 0x000000008b800000|100%| O|  |TAMS 0x000000008b800000, 0x000000008b700000| Untracked 
| 184|0x000000008b800000, 0x000000008b900000, 0x000000008b900000|100%| O|  |TAMS 0x000000008b900000, 0x000000008b800000| Untracked 
| 185|0x000000008b900000, 0x000000008ba00000, 0x000000008ba00000|100%| O|  |TAMS 0x000000008ba00000, 0x000000008b900000| Untracked 
| 186|0x000000008ba00000, 0x000000008bb00000, 0x000000008bb00000|100%| O|  |TAMS 0x000000008bb00000, 0x000000008ba00000| Untracked 
| 187|0x000000008bb00000, 0x000000008bc00000, 0x000000008bc00000|100%| O|  |TAMS 0x000000008bc00000, 0x000000008bb00000| Untracked 
| 188|0x000000008bc00000, 0x000000008bd00000, 0x000000008bd00000|100%| O|  |TAMS 0x000000008bd00000, 0x000000008bc00000| Untracked 
| 189|0x000000008bd00000, 0x000000008be00000, 0x000000008be00000|100%| O|  |TAMS 0x000000008be00000, 0x000000008bd00000| Untracked 
| 190|0x000000008be00000, 0x000000008bf00000, 0x000000008bf00000|100%| O|  |TAMS 0x000000008bf00000, 0x000000008be00000| Untracked 
| 191|0x000000008bf00000, 0x000000008c000000, 0x000000008c000000|100%| O|  |TAMS 0x000000008c000000, 0x000000008bf00000| Untracked 
| 192|0x000000008c000000, 0x000000008c100000, 0x000000008c100000|100%| O|  |TAMS 0x000000008c054a00, 0x000000008c000000| Untracked 
| 193|0x000000008c100000, 0x000000008c100000, 0x000000008c200000|  0%| F|  |TAMS 0x000000008c100000, 0x000000008c100000| Untracked 
| 194|0x000000008c200000, 0x000000008c200000, 0x000000008c300000|  0%| F|  |TAMS 0x000000008c200000, 0x000000008c200000| Untracked 
| 195|0x000000008c300000, 0x000000008c300000, 0x000000008c400000|  0%| F|  |TAMS 0x000000008c300000, 0x000000008c300000| Untracked 
| 196|0x000000008c400000, 0x000000008c400000, 0x000000008c500000|  0%| F|  |TAMS 0x000000008c400000, 0x000000008c400000| Untracked 
| 197|0x000000008c500000, 0x000000008c500000, 0x000000008c600000|  0%| F|  |TAMS 0x000000008c500000, 0x000000008c500000| Untracked 
| 198|0x000000008c600000, 0x000000008c600000, 0x000000008c700000|  0%| F|  |TAMS 0x000000008c600000, 0x000000008c600000| Untracked 
| 199|0x000000008c700000, 0x000000008c700000, 0x000000008c800000|  0%| F|  |TAMS 0x000000008c700000, 0x000000008c700000| Untracked 
| 200|0x000000008c800000, 0x000000008c800000, 0x000000008c900000|  0%| F|  |TAMS 0x000000008c800000, 0x000000008c800000| Untracked 
| 201|0x000000008c900000, 0x000000008c900000, 0x000000008ca00000|  0%| F|  |TAMS 0x000000008c900000, 0x000000008c900000| Untracked 
| 202|0x000000008ca00000, 0x000000008ca00000, 0x000000008cb00000|  0%| F|  |TAMS 0x000000008ca00000, 0x000000008ca00000| Untracked 
| 203|0x000000008cb00000, 0x000000008cb00000, 0x000000008cc00000|  0%| F|  |TAMS 0x000000008cb00000, 0x000000008cb00000| Untracked 
| 204|0x000000008cc00000, 0x000000008cc00000, 0x000000008cd00000|  0%| F|  |TAMS 0x000000008cc00000, 0x000000008cc00000| Untracked 
| 205|0x000000008cd00000, 0x000000008cd00000, 0x000000008ce00000|  0%| F|  |TAMS 0x000000008cd00000, 0x000000008cd00000| Untracked 
| 206|0x000000008ce00000, 0x000000008ce00000, 0x000000008cf00000|  0%| F|  |TAMS 0x000000008ce00000, 0x000000008ce00000| Untracked 
| 207|0x000000008cf00000, 0x000000008cf00000, 0x000000008d000000|  0%| F|  |TAMS 0x000000008cf00000, 0x000000008cf00000| Untracked 
| 208|0x000000008d000000, 0x000000008d000000, 0x000000008d100000|  0%| F|  |TAMS 0x000000008d000000, 0x000000008d000000| Untracked 
| 209|0x000000008d100000, 0x000000008d100000, 0x000000008d200000|  0%| F|  |TAMS 0x000000008d100000, 0x000000008d100000| Untracked 
| 210|0x000000008d200000, 0x000000008d200000, 0x000000008d300000|  0%| F|  |TAMS 0x000000008d200000, 0x000000008d200000| Untracked 
| 211|0x000000008d300000, 0x000000008d300000, 0x000000008d400000|  0%| F|  |TAMS 0x000000008d300000, 0x000000008d300000| Untracked 
| 212|0x000000008d400000, 0x000000008d400000, 0x000000008d500000|  0%| F|  |TAMS 0x000000008d400000, 0x000000008d400000| Untracked 
| 213|0x000000008d500000, 0x000000008d500000, 0x000000008d600000|  0%| F|  |TAMS 0x000000008d500000, 0x000000008d500000| Untracked 
| 214|0x000000008d600000, 0x000000008d600000, 0x000000008d700000|  0%| F|  |TAMS 0x000000008d600000, 0x000000008d600000| Untracked 
| 215|0x000000008d700000, 0x000000008d700000, 0x000000008d800000|  0%| F|  |TAMS 0x000000008d700000, 0x000000008d700000| Untracked 
| 216|0x000000008d800000, 0x000000008d800000, 0x000000008d900000|  0%| F|  |TAMS 0x000000008d800000, 0x000000008d800000| Untracked 
| 217|0x000000008d900000, 0x000000008d900000, 0x000000008da00000|  0%| F|  |TAMS 0x000000008d900000, 0x000000008d900000| Untracked 
| 218|0x000000008da00000, 0x000000008dab2fb0, 0x000000008db00000| 69%| S|CS|TAMS 0x000000008da00000, 0x000000008da00000| Complete 
| 219|0x000000008db00000, 0x000000008db00000, 0x000000008dc00000|  0%| F|  |TAMS 0x000000008db00000, 0x000000008db00000| Untracked 
| 220|0x000000008dc00000, 0x000000008dc00000, 0x000000008dd00000|  0%| F|  |TAMS 0x000000008dc00000, 0x000000008dc00000| Untracked 
| 221|0x000000008dd00000, 0x000000008de00000, 0x000000008de00000|100%| S|CS|TAMS 0x000000008dd00000, 0x000000008dd00000| Complete 
| 222|0x000000008de00000, 0x000000008df00000, 0x000000008df00000|100%| S|CS|TAMS 0x000000008de00000, 0x000000008de00000| Complete 
| 223|0x000000008df00000, 0x000000008df00000, 0x000000008e000000|  0%| F|  |TAMS 0x000000008df00000, 0x000000008df00000| Untracked 
| 224|0x000000008e000000, 0x000000008e100000, 0x000000008e100000|100%| S|CS|TAMS 0x000000008e000000, 0x000000008e000000| Complete 
| 225|0x000000008e100000, 0x000000008e100000, 0x000000008e200000|  0%| F|  |TAMS 0x000000008e100000, 0x000000008e100000| Untracked 
| 226|0x000000008e200000, 0x000000008e200000, 0x000000008e300000|  0%| F|  |TAMS 0x000000008e200000, 0x000000008e200000| Untracked 
| 227|0x000000008e300000, 0x000000008e300000, 0x000000008e400000|  0%| F|  |TAMS 0x000000008e300000, 0x000000008e300000| Untracked 
| 228|0x000000008e400000, 0x000000008e400000, 0x000000008e500000|  0%| F|  |TAMS 0x000000008e400000, 0x000000008e400000| Untracked 
| 229|0x000000008e500000, 0x000000008e500000, 0x000000008e600000|  0%| F|  |TAMS 0x000000008e500000, 0x000000008e500000| Untracked 
| 230|0x000000008e600000, 0x000000008e600000, 0x000000008e700000|  0%| F|  |TAMS 0x000000008e600000, 0x000000008e600000| Untracked 
| 231|0x000000008e700000, 0x000000008e700000, 0x000000008e800000|  0%| F|  |TAMS 0x000000008e700000, 0x000000008e700000| Untracked 
| 232|0x000000008e800000, 0x000000008e800000, 0x000000008e900000|  0%| F|  |TAMS 0x000000008e800000, 0x000000008e800000| Untracked 
| 233|0x000000008e900000, 0x000000008e900000, 0x000000008ea00000|  0%| F|  |TAMS 0x000000008e900000, 0x000000008e900000| Untracked 
| 234|0x000000008ea00000, 0x000000008ea00000, 0x000000008eb00000|  0%| F|  |TAMS 0x000000008ea00000, 0x000000008ea00000| Untracked 
| 235|0x000000008eb00000, 0x000000008eb00000, 0x000000008ec00000|  0%| F|  |TAMS 0x000000008eb00000, 0x000000008eb00000| Untracked 
| 236|0x000000008ec00000, 0x000000008ec00000, 0x000000008ed00000|  0%| F|  |TAMS 0x000000008ec00000, 0x000000008ec00000| Untracked 
| 237|0x000000008ed00000, 0x000000008ed00000, 0x000000008ee00000|  0%| F|  |TAMS 0x000000008ed00000, 0x000000008ed00000| Untracked 
| 238|0x000000008ee00000, 0x000000008ee00000, 0x000000008ef00000|  0%| F|  |TAMS 0x000000008ee00000, 0x000000008ee00000| Untracked 
| 239|0x000000008ef00000, 0x000000008ef00000, 0x000000008f000000|  0%| F|  |TAMS 0x000000008ef00000, 0x000000008ef00000| Untracked 
| 240|0x000000008f000000, 0x000000008f000000, 0x000000008f100000|  0%| F|  |TAMS 0x000000008f000000, 0x000000008f000000| Untracked 
| 241|0x000000008f100000, 0x000000008f100000, 0x000000008f200000|  0%| F|  |TAMS 0x000000008f100000, 0x000000008f100000| Untracked 
| 242|0x000000008f200000, 0x000000008f200000, 0x000000008f300000|  0%| F|  |TAMS 0x000000008f200000, 0x000000008f200000| Untracked 
| 243|0x000000008f300000, 0x000000008f300000, 0x000000008f400000|  0%| F|  |TAMS 0x000000008f300000, 0x000000008f300000| Untracked 
| 244|0x000000008f400000, 0x000000008f400000, 0x000000008f500000|  0%| F|  |TAMS 0x000000008f400000, 0x000000008f400000| Untracked 
| 245|0x000000008f500000, 0x000000008f500000, 0x000000008f600000|  0%| F|  |TAMS 0x000000008f500000, 0x000000008f500000| Untracked 
| 246|0x000000008f600000, 0x000000008f600000, 0x000000008f700000|  0%| F|  |TAMS 0x000000008f600000, 0x000000008f600000| Untracked 
| 247|0x000000008f700000, 0x000000008f700000, 0x000000008f800000|  0%| F|  |TAMS 0x000000008f700000, 0x000000008f700000| Untracked 
| 248|0x000000008f800000, 0x000000008f800000, 0x000000008f900000|  0%| F|  |TAMS 0x000000008f800000, 0x000000008f800000| Untracked 
| 249|0x000000008f900000, 0x000000008f900000, 0x000000008fa00000|  0%| F|  |TAMS 0x000000008f900000, 0x000000008f900000| Untracked 
| 250|0x000000008fa00000, 0x000000008fa00000, 0x000000008fb00000|  0%| F|  |TAMS 0x000000008fa00000, 0x000000008fa00000| Untracked 
| 251|0x000000008fb00000, 0x000000008fb00000, 0x000000008fc00000|  0%| F|  |TAMS 0x000000008fb00000, 0x000000008fb00000| Untracked 
| 252|0x000000008fc00000, 0x000000008fc00000, 0x000000008fd00000|  0%| F|  |TAMS 0x000000008fc00000, 0x000000008fc00000| Untracked 
| 253|0x000000008fd00000, 0x000000008fd00000, 0x000000008fe00000|  0%| F|  |TAMS 0x000000008fd00000, 0x000000008fd00000| Untracked 
| 254|0x000000008fe00000, 0x000000008fe00000, 0x000000008ff00000|  0%| F|  |TAMS 0x000000008fe00000, 0x000000008fe00000| Untracked 
| 255|0x000000008ff00000, 0x000000008ff00000, 0x0000000090000000|  0%| F|  |TAMS 0x000000008ff00000, 0x000000008ff00000| Untracked 
| 256|0x0000000090000000, 0x0000000090000000, 0x0000000090100000|  0%| F|  |TAMS 0x0000000090000000, 0x0000000090000000| Untracked 
| 257|0x0000000090100000, 0x0000000090100000, 0x0000000090200000|  0%| F|  |TAMS 0x0000000090100000, 0x0000000090100000| Untracked 
| 258|0x0000000090200000, 0x0000000090282ff8, 0x0000000090300000| 51%| E|  |TAMS 0x0000000090200000, 0x0000000090200000| Complete 
| 259|0x0000000090300000, 0x0000000090400000, 0x0000000090400000|100%| E|CS|TAMS 0x0000000090300000, 0x0000000090300000| Complete 
| 260|0x0000000090400000, 0x0000000090500000, 0x0000000090500000|100%| E|CS|TAMS 0x0000000090400000, 0x0000000090400000| Complete 
| 261|0x0000000090500000, 0x0000000090600000, 0x0000000090600000|100%| E|CS|TAMS 0x0000000090500000, 0x0000000090500000| Complete 
| 262|0x0000000090600000, 0x0000000090700000, 0x0000000090700000|100%| E|CS|TAMS 0x0000000090600000, 0x0000000090600000| Complete 
| 263|0x0000000090700000, 0x0000000090800000, 0x0000000090800000|100%| E|CS|TAMS 0x0000000090700000, 0x0000000090700000| Complete 
| 264|0x0000000090800000, 0x0000000090900000, 0x0000000090900000|100%| E|CS|TAMS 0x0000000090800000, 0x0000000090800000| Complete 
| 265|0x0000000090900000, 0x0000000090a00000, 0x0000000090a00000|100%| E|CS|TAMS 0x0000000090900000, 0x0000000090900000| Complete 

Card table byte_map: [0x0000026b6fb50000,0x0000026b6ff50000] _byte_map_base: 0x0000026b6f750000

Marking Bits (Prev, Next): (CMBitMap*) 0x0000026b590acda0, (CMBitMap*) 0x0000026b590acd68
 Prev Bits: [0x0000026b72350000, 0x0000026b74350000)
 Next Bits: [0x0000026b70350000, 0x0000026b72350000)

Polling page: 0x0000026b57080000

Metaspace:

Usage:
  Non-class:    126.43 MB capacity,   123.80 MB ( 98%) used,     2.18 MB (  2%) free+waste,   464.25 KB ( <1%) overhead. 
      Class:     19.70 MB capacity,    18.10 MB ( 92%) used,     1.40 MB (  7%) free+waste,   212.31 KB (  1%) overhead. 
       Both:    146.13 MB capacity,   141.90 MB ( 97%) used,     3.57 MB (  2%) free+waste,   676.56 KB ( <1%) overhead. 

Virtual space:
  Non-class space:      128.00 MB reserved,     126.50 MB ( 99%) committed 
      Class space:      504.00 MB reserved,      19.75 MB (  4%) committed 
             Both:      632.00 MB reserved,     146.25 MB ( 23%) committed 

Chunk freelists:
   Non-Class:  512 bytes
       Class:  0 bytes
        Both:  512 bytes

CodeHeap 'non-profiled nmethods': size=120064Kb used=13192Kb max_used=13192Kb free=106871Kb
 bounds [0x0000026b68210000, 0x0000026b68f00000, 0x0000026b6f750000]
CodeHeap 'profiled nmethods': size=120000Kb used=49544Kb max_used=49544Kb free=70455Kb
 bounds [0x0000026b60ce0000, 0x0000026b63d60000, 0x0000026b68210000]
CodeHeap 'non-nmethods': size=5696Kb used=2389Kb max_used=2435Kb free=3306Kb
 bounds [0x0000026b60750000, 0x0000026b609c0000, 0x0000026b60ce0000]
 total_blobs=22187 nmethods=21159 adapters=937
 compilation: enabled
              stopped_count=0, restarted_count=0
 full_count=0

Compilation events (10 events):
Event: 244.638 Thread 0x0000026b7703a000 23824       2       com.android.tools.r8.internal.HM::c (124 bytes)
Event: 244.639 Thread 0x0000026b7703a000 nmethod 23824 0x0000026b63d59e90 code [0x0000026b63d5a080, 0x0000026b63d5a468]
Event: 244.641 Thread 0x0000026b7703a000 23826       2       com.android.tools.r8.internal.a20::<init> (7 bytes)
Event: 244.641 Thread 0x0000026b7703a000 nmethod 23826 0x0000026b63d5a690 code [0x0000026b63d5a820, 0x0000026b63d5a928]
Event: 244.653 Thread 0x0000026b7703a000 23827       2       com.android.tools.r8.internal.yR::<init> (86 bytes)
Event: 244.654 Thread 0x0000026b7703a000 nmethod 23827 0x0000026b63d5aa10 code [0x0000026b63d5ac00, 0x0000026b63d5b428]
Event: 244.808 Thread 0x0000026b7703a000 23829       2       com.android.tools.r8.internal.K::a (38 bytes)
Event: 244.809 Thread 0x0000026b7703a000 nmethod 23829 0x0000026b63d5b790 code [0x0000026b63d5b960, 0x0000026b63d5bbf8]
Event: 245.041 Thread 0x0000026b7703a000 23831       2       com.android.tools.r8.internal.w20::e0 (25 bytes)
Event: 245.041 Thread 0x0000026b7703a000 nmethod 23831 0x0000026b63d5bd90 code [0x0000026b63d5bf40, 0x0000026b63d5c0c8]

GC Heap History (10 events):
Event: 232.785 GC heap before
{Heap before GC invocations=193 (full 0):
 garbage-first heap   total 272384K, used 228470K [0x0000000080000000, 0x0000000100000000)
  region size 1024K, 40 young (40960K), 1 survivors (1024K)
 Metaspace       used 144268K, capacity 148494K, committed 148608K, reserved 645120K
  class space    used 18403K, capacity 20035K, committed 20096K, reserved 516096K
}
Event: 232.792 GC heap after
{Heap after GC invocations=194 (full 0):
 garbage-first heap   total 272384K, used 189686K [0x0000000080000000, 0x0000000100000000)
  region size 1024K, 2 young (2048K), 2 survivors (2048K)
 Metaspace       used 144268K, capacity 148494K, committed 148608K, reserved 645120K
  class space    used 18403K, capacity 20035K, committed 20096K, reserved 516096K
}
Event: 236.077 GC heap before
{Heap before GC invocations=194 (full 0):
 garbage-first heap   total 272384K, used 229622K [0x0000000080000000, 0x0000000100000000)
  region size 1024K, 41 young (41984K), 2 survivors (2048K)
 Metaspace       used 144868K, capacity 149138K, committed 149248K, reserved 645120K
  class space    used 18485K, capacity 20119K, committed 20224K, reserved 516096K
}
Event: 236.093 GC heap after
{Heap after GC invocations=195 (full 0):
 garbage-first heap   total 272384K, used 189735K [0x0000000080000000, 0x0000000100000000)
  region size 1024K, 2 young (2048K), 2 survivors (2048K)
 Metaspace       used 144868K, capacity 149138K, committed 149248K, reserved 645120K
  class space    used 18485K, capacity 20119K, committed 20224K, reserved 516096K
}
Event: 237.713 GC heap before
{Heap before GC invocations=195 (full 0):
 garbage-first heap   total 272384K, used 230695K [0x0000000080000000, 0x0000000100000000)
  region size 1024K, 42 young (43008K), 2 survivors (2048K)
 Metaspace       used 145077K, capacity 149376K, committed 149504K, reserved 647168K
  class space    used 18510K, capacity 20151K, committed 20224K, reserved 516096K
}
Event: 237.719 GC heap after
{Heap after GC invocations=196 (full 0):
 garbage-first heap   total 272384K, used 190880K [0x0000000080000000, 0x0000000100000000)
  region size 1024K, 3 young (3072K), 3 survivors (3072K)
 Metaspace       used 145077K, capacity 149376K, committed 149504K, reserved 647168K
  class space    used 18510K, capacity 20151K, committed 20224K, reserved 516096K
}
Event: 239.690 GC heap before
{Heap before GC invocations=196 (full 0):
 garbage-first heap   total 272384K, used 232864K [0x0000000080000000, 0x0000000100000000)
  region size 1024K, 44 young (45056K), 3 survivors (3072K)
 Metaspace       used 145123K, capacity 149401K, committed 149504K, reserved 647168K
  class space    used 18515K, capacity 20159K, committed 20224K, reserved 516096K
}
Event: 239.698 GC heap after
{Heap after GC invocations=197 (full 0):
 garbage-first heap   total 272384K, used 190713K [0x0000000080000000, 0x0000000100000000)
  region size 1024K, 3 young (3072K), 3 survivors (3072K)
 Metaspace       used 145123K, capacity 149401K, committed 149504K, reserved 647168K
  class space    used 18515K, capacity 20159K, committed 20224K, reserved 516096K
}
Event: 244.612 GC heap before
{Heap before GC invocations=197 (full 0):
 garbage-first heap   total 272384K, used 232697K [0x0000000080000000, 0x0000000100000000)
  region size 1024K, 44 young (45056K), 3 survivors (3072K)
 Metaspace       used 145292K, capacity 149575K, committed 149760K, reserved 647168K
  class space    used 18529K, capacity 20174K, committed 20224K, reserved 516096K
}
Event: 244.622 GC heap after
{Heap after GC invocations=198 (full 0):
 garbage-first heap   total 272384K, used 191642K [0x0000000080000000, 0x0000000100000000)
  region size 1024K, 4 young (4096K), 4 survivors (4096K)
 Metaspace       used 145292K, capacity 149575K, committed 149760K, reserved 647168K
  class space    used 18529K, capacity 20174K, committed 20224K, reserved 516096K
}

Deoptimization events (10 events):
Event: 239.257 Thread 0x0000026b7d646000 Uncommon trap: reason=loop_limit_check action=maybe_recompile pc=0x0000026b68ebffdc method=com.android.tools.r8.internal.H.putAll(Ljava/util/Map;)V @ 31 c2
Event: 239.723 Thread 0x0000026b7d646000 Uncommon trap: reason=class_check action=maybe_recompile pc=0x0000026b68eb6ba0 method=com.android.tools.r8.ir.regalloc.b.a(ILcom/android/tools/r8/ir/regalloc/c;Lcom/android/tools/r8/ir/regalloc/d;Lcom/android/tools/r8/ir/regalloc/e;Z)I @ 39 c2
Event: 239.725 Thread 0x0000026b7d646000 Uncommon trap: reason=class_check action=maybe_recompile pc=0x0000026b68eb6ba0 method=com.android.tools.r8.ir.regalloc.b.a(ILcom/android/tools/r8/ir/regalloc/c;Lcom/android/tools/r8/ir/regalloc/d;Lcom/android/tools/r8/ir/regalloc/e;Z)I @ 39 c2
Event: 239.725 Thread 0x0000026b7d646000 Uncommon trap: reason=class_check action=maybe_recompile pc=0x0000026b68eb6ba0 method=com.android.tools.r8.ir.regalloc.b.a(ILcom/android/tools/r8/ir/regalloc/c;Lcom/android/tools/r8/ir/regalloc/d;Lcom/android/tools/r8/ir/regalloc/e;Z)I @ 39 c2
Event: 239.725 Thread 0x0000026b7d646000 Uncommon trap: reason=class_check action=maybe_recompile pc=0x0000026b68eb6ba0 method=com.android.tools.r8.ir.regalloc.b.a(ILcom/android/tools/r8/ir/regalloc/c;Lcom/android/tools/r8/ir/regalloc/d;Lcom/android/tools/r8/ir/regalloc/e;Z)I @ 39 c2
Event: 240.108 Thread 0x0000026b7d646000 Uncommon trap: reason=unstable_if action=reinterpret pc=0x0000026b68e8c0e4 method=com.android.tools.r8.internal.B8.a(Lcom/android/tools/r8/internal/Pn;IZ)V @ 693 c2
Event: 240.124 Thread 0x0000026b7d646000 Uncommon trap: reason=bimorphic_or_optimized_type_check action=maybe_recompile pc=0x0000026b68ebb390 method=com.android.tools.r8.code.w1.p()I @ 1 c2
Event: 240.130 Thread 0x0000026b7d646000 Uncommon trap: reason=bimorphic_or_optimized_type_check action=maybe_recompile pc=0x0000026b68ebb390 method=com.android.tools.r8.code.w1.p()I @ 1 c2
Event: 242.518 Thread 0x0000026b7d646000 Uncommon trap: reason=predicate action=maybe_recompile pc=0x0000026b68eee2e0 method=com.android.tools.r8.internal.GM.a(Lcom/android/tools/r8/internal/Pn;Ljava/util/Set;)Z @ 331 c2
Event: 244.086 Thread 0x0000026b7d646000 Uncommon trap: reason=unstable_if action=reinterpret pc=0x0000026b68e195b8 method=com.android.tools.r8.internal.sp.a(Ljava/lang/Object;)Lcom/android/tools/r8/internal/tp; @ 221 c2

Classes redefined (0 events):
No events

Internal exceptions (10 events):
Event: 203.690 Thread 0x0000026b7d646000 Exception <a 'java/lang/IncompatibleClassChangeError'{0x000000009058d000}: Found class java.lang.Object, but interface was expected> (0x000000009058d000) thrown at [./open/src/hotspot/share/interpreter/linkResolver.cpp, line 838]
Event: 207.074 Thread 0x0000026b7d646000 Exception <a 'java/lang/NoSuchMethodError'{0x000000008fc751a0}: java.lang.invoke.DirectMethodHandle$Holder.invokeStatic(Ljava/lang/Object;Ljava/lang/Object;Ljava/lang/Object;I)V> (0x000000008fc751a0) thrown at [./open/src/hotspot/share/interpreter/linkRes
Event: 207.076 Thread 0x0000026b7d646000 Exception <a 'java/lang/IncompatibleClassChangeError'{0x000000008fc7ef10}: Found class java.lang.Object, but interface was expected> (0x000000008fc7ef10) thrown at [./open/src/hotspot/share/interpreter/linkResolver.cpp, line 838]
Event: 210.418 Thread 0x0000026b7d646000 Exception <a 'java/lang/NoSuchMethodError'{0x000000008f13c840}: java.lang.invoke.DirectMethodHandle$Holder.invokeStatic(Ljava/lang/Object;ILjava/lang/Object;Ljava/lang/Object;)Ljava/lang/Object;> (0x000000008f13c840) thrown at [./open/src/hotspot/share/in
Event: 218.175 Thread 0x0000026b7d646000 Exception <a 'java/lang/IncompatibleClassChangeError'{0x0000000090235200}: Found class java.lang.Object, but interface was expected> (0x0000000090235200) thrown at [./open/src/hotspot/share/interpreter/linkResolver.cpp, line 838]
Event: 218.180 Thread 0x0000026b7d646000 Exception <a 'java/lang/IncompatibleClassChangeError'{0x000000009023e100}: Found class java.lang.Object, but interface was expected> (0x000000009023e100) thrown at [./open/src/hotspot/share/interpreter/linkResolver.cpp, line 838]
Event: 219.393 Thread 0x0000026b7d646000 Exception <a 'java/lang/NoSuchMethodError'{0x000000008ff22458}: java.lang.invoke.DirectMethodHandle$Holder.invokeSpecial(Ljava/lang/Object;Ljava/lang/Object;ILjava/lang/Object;)V> (0x000000008ff22458) thrown at [./open/src/hotspot/share/interpreter/linkRe
Event: 221.461 Thread 0x0000026b7d646000 Exception <a 'java/lang/NoSuchMethodError'{0x000000008fb8c260}: java.lang.invoke.DirectMethodHandle$Holder.invokeStatic(Ljava/lang/Object;Ljava/lang/Object;)J> (0x000000008fb8c260) thrown at [./open/src/hotspot/share/interpreter/linkResolver.cpp, line 772
Event: 233.114 Thread 0x0000026b7d646000 Exception <a 'java/lang/NoSuchMethodError'{0x000000008ff65b28}: java.lang.invoke.DirectMethodHandle$Holder.invokeInterface(Ljava/lang/Object;Ljava/lang/Object;I)Ljava/lang/Object;> (0x000000008ff65b28) thrown at [./open/src/hotspot/share/interpreter/linkR
Event: 233.743 Thread 0x0000026b7d646000 Exception <a 'java/lang/NoSuchMethodError'{0x000000008faad010}: java.lang.invoke.DirectMethodHandle$Holder.invokeInterface(Ljava/lang/Object;Ljava/lang/Object;I)I> (0x000000008faad010) thrown at [./open/src/hotspot/share/interpreter/linkResolver.cpp, line

Events (10 events):
Event: 241.795 loading class com/android/tools/r8/internal/fT
Event: 241.795 loading class com/android/tools/r8/internal/fT done
Event: 242.518 Thread 0x0000026b7d646000 Uncommon trap: trap_request=0xffffff7e fr.pc=0x0000026b68eee2e0 relative=0x00000000000046e0
Event: 242.518 Thread 0x0000026b7d646000 DEOPT PACKING pc=0x0000026b68eee2e0 sp=0x000000c3627f9460
Event: 242.518 Thread 0x0000026b7d646000 DEOPT UNPACKING pc=0x0000026b6077662f sp=0x000000c3627f94a8 mode 2
Event: 244.086 Thread 0x0000026b7d646000 Uncommon trap: trap_request=0xffffff4d fr.pc=0x0000026b68e195b8 relative=0x0000000000001d78
Event: 244.086 Thread 0x0000026b7d646000 DEOPT PACKING pc=0x0000026b68e195b8 sp=0x000000c3627f9020
Event: 244.086 Thread 0x0000026b7d646000 DEOPT UNPACKING pc=0x0000026b6077662f sp=0x000000c3627f8ef0 mode 2
Event: 244.612 Executing VM operation: G1CollectForAllocation
Event: 244.622 Executing VM operation: G1CollectForAllocation done


Dynamic libraries:
0x00007ff6817d0000 - 0x00007ff6817e0000 	C:\Program Files\Java\jdk-11\bin\java.exe
0x00007ffc339d0000 - 0x00007ffc33bc8000 	C:\Windows\SYSTEM32\ntdll.dll
0x00007ffc33420000 - 0x00007ffc334df000 	C:\Windows\System32\KERNEL32.DLL
0x00007ffc31680000 - 0x00007ffc3195a000 	C:\Windows\System32\KERNELBASE.dll
0x00007ffc31420000 - 0x00007ffc31520000 	C:\Windows\System32\ucrtbase.dll
0x00007ffc24810000 - 0x00007ffc2482b000 	C:\Program Files\Java\jdk-11\bin\VCRUNTIME140.dll
0x00007ffc254e0000 - 0x00007ffc254f8000 	C:\Program Files\Java\jdk-11\bin\jli.dll
0x00007ffc331a0000 - 0x00007ffc3324e000 	C:\Windows\System32\ADVAPI32.dll
0x00007ffc33590000 - 0x00007ffc3362e000 	C:\Windows\System32\msvcrt.dll
0x00007ffc33100000 - 0x00007ffc3319c000 	C:\Windows\System32\sechost.dll
0x00007ffc32f80000 - 0x00007ffc330a6000 	C:\Windows\System32\RPCRT4.dll
0x00007ffc33280000 - 0x00007ffc3341d000 	C:\Windows\System32\USER32.dll
0x00007ffc310e0000 - 0x00007ffc31102000 	C:\Windows\System32\win32u.dll
0x00007ffc330d0000 - 0x00007ffc330fb000 	C:\Windows\System32\GDI32.dll
0x00007ffc312c0000 - 0x00007ffc313d0000 	C:\Windows\System32\gdi32full.dll
0x00007ffc31990000 - 0x00007ffc31a2d000 	C:\Windows\System32\msvcp_win.dll
0x00007ffc1f010000 - 0x00007ffc1f2aa000 	C:\Windows\WinSxS\amd64_microsoft.windows.common-controls_6595b64144ccf1df_6.0.19041.1110_none_60b5254171f9507e\COMCTL32.dll
0x00007ffc28980000 - 0x00007ffc2898a000 	C:\Windows\SYSTEM32\VERSION.dll
0x00007ffc33250000 - 0x00007ffc33280000 	C:\Windows\System32\IMM32.DLL
0x00007ffc29d10000 - 0x00007ffc29d1c000 	C:\Program Files\Java\jdk-11\bin\vcruntime140_1.dll
0x00007ffc07890000 - 0x00007ffc0791e000 	C:\Program Files\Java\jdk-11\bin\msvcp140.dll
0x00007ffbd21b0000 - 0x00007ffbd2d18000 	C:\Program Files\Java\jdk-11\bin\server\jvm.dll
0x00007ffc31bf0000 - 0x00007ffc31bf8000 	C:\Windows\System32\PSAPI.DLL
0x00007ffc2bb90000 - 0x00007ffc2bb99000 	C:\Windows\SYSTEM32\WSOCK32.dll
0x00007ffc28950000 - 0x00007ffc28977000 	C:\Windows\SYSTEM32\WINMM.dll
0x00007ffc32c90000 - 0x00007ffc32cfb000 	C:\Windows\System32\WS2_32.dll
0x00007ffc2ef60000 - 0x00007ffc2ef72000 	C:\Windows\SYSTEM32\kernel.appcore.dll
0x00007ffc29b70000 - 0x00007ffc29b80000 	C:\Program Files\Java\jdk-11\bin\verify.dll
0x00007ffc27ff0000 - 0x00007ffc281d4000 	C:\Windows\SYSTEM32\DBGHELP.DLL
0x00007ffc1f6f0000 - 0x00007ffc1f724000 	C:\Windows\SYSTEM32\dbgcore.DLL
0x00007ffc31230000 - 0x00007ffc312b2000 	C:\Windows\System32\bcryptPrimitives.dll
0x00007ffc16660000 - 0x00007ffc16688000 	C:\Program Files\Java\jdk-11\bin\java.dll
0x00007ffc24800000 - 0x00007ffc2480a000 	C:\Program Files\Java\jdk-11\bin\jimage.dll
0x00007ffc193e0000 - 0x00007ffc193f7000 	C:\Program Files\Java\jdk-11\bin\zip.dll
0x00007ffc31cc0000 - 0x00007ffc32404000 	C:\Windows\System32\SHELL32.dll
0x00007ffc2f160000 - 0x00007ffc2f8f3000 	C:\Windows\SYSTEM32\windows.storage.dll
0x00007ffc33630000 - 0x00007ffc33984000 	C:\Windows\System32\combase.dll
0x00007ffc30980000 - 0x00007ffc309ae000 	C:\Windows\SYSTEM32\Wldp.dll
0x00007ffc32a30000 - 0x00007ffc32add000 	C:\Windows\System32\SHCORE.dll
0x00007ffc31c60000 - 0x00007ffc31cb5000 	C:\Windows\System32\shlwapi.dll
0x00007ffc31020000 - 0x00007ffc3103f000 	C:\Windows\SYSTEM32\profapi.dll
0x00007ffc17a70000 - 0x00007ffc17a89000 	C:\Program Files\Java\jdk-11\bin\net.dll
0x00007ffc25d40000 - 0x00007ffc25e4a000 	C:\Windows\SYSTEM32\WINHTTP.dll
0x00007ffc30760000 - 0x00007ffc307ca000 	C:\Windows\system32\mswsock.dll
0x00007ffc17870000 - 0x00007ffc17882000 	C:\Program Files\Java\jdk-11\bin\nio.dll
0x00007ffc142f0000 - 0x00007ffc14317000 	C:\Users\User\.gradle\native\e1d6ef7f7dcc3fd88c89a11ec53ec762bb8ba0a96d01ffa2cd45eb1d1d8dd5c5\windows-amd64\native-platform.dll
0x00007ffc028b0000 - 0x00007ffc029f4000 	C:\Users\User\.gradle\native\0d407fdbe67a94daf76414ababcb853783967236a71b16ec16e742cd7a986fd3\windows-amd64\native-platform-file-events.dll
0x00007ffc1eed0000 - 0x00007ffc1eed9000 	C:\Program Files\Java\jdk-11\bin\management.dll
0x00007ffc1ee10000 - 0x00007ffc1ee1b000 	C:\Program Files\Java\jdk-11\bin\management_ext.dll
0x00007ffc309c0000 - 0x00007ffc309d8000 	C:\Windows\SYSTEM32\CRYPTSP.dll
0x00007ffc300a0000 - 0x00007ffc300d4000 	C:\Windows\system32\rsaenh.dll
0x00007ffc31960000 - 0x00007ffc31987000 	C:\Windows\System32\bcrypt.dll
0x00007ffc30fe0000 - 0x00007ffc3100e000 	C:\Windows\SYSTEM32\USERENV.dll
0x00007ffc308f0000 - 0x00007ffc308fc000 	C:\Windows\SYSTEM32\CRYPTBASE.dll
0x00007ffc30470000 - 0x00007ffc304ac000 	C:\Windows\SYSTEM32\IPHLPAPI.DLL
0x00007ffc32af0000 - 0x00007ffc32af8000 	C:\Windows\System32\NSI.dll
0x00007ffc27fd0000 - 0x00007ffc27fe7000 	C:\Windows\SYSTEM32\dhcpcsvc6.DLL
0x00007ffc2aa20000 - 0x00007ffc2aa3d000 	C:\Windows\SYSTEM32\dhcpcsvc.DLL
0x00007ffc304b0000 - 0x00007ffc3057b000 	C:\Windows\SYSTEM32\DNSAPI.dll
0x00007ffc2cf60000 - 0x00007ffc2cf67000 	C:\Program Files\Java\jdk-11\bin\rmi.dll
0x00007ffc301e0000 - 0x00007ffc30213000 	C:\Windows\SYSTEM32\ntmarta.dll
0x00007ffc2b6c0000 - 0x00007ffc2b6d8000 	C:\ProgramData\Microsoft\Windows Defender\Platform\4.18.2303.8-0\MpDetoursCopyAccelerator.dll
0x00007ffc29e00000 - 0x00007ffc29e1e000 	C:\Users\User\AppData\Local\Temp\native-platform11946484648690274762dir\native-platform.dll
0x00007ffc29810000 - 0x00007ffc2982e000 	C:\Users\User\AppData\Local\Temp\native-platform18118039555998934951dir\native-platform.dll

dbghelp: loaded successfully - version: 4.0.5 - missing functions: none
symbol engine: initialized successfully - sym options: 0x614 - pdb path: .;C:\Program Files\Java\jdk-11\bin;C:\Windows\SYSTEM32;C:\Windows\WinSxS\amd64_microsoft.windows.common-controls_6595b64144ccf1df_6.0.19041.1110_none_60b5254171f9507e;C:\Program Files\Java\jdk-11\bin\server;C:\Users\User\.gradle\native\e1d6ef7f7dcc3fd88c89a11ec53ec762bb8ba0a96d01ffa2cd45eb1d1d8dd5c5\windows-amd64;C:\Users\User\.gradle\native\0d407fdbe67a94daf76414ababcb853783967236a71b16ec16e742cd7a986fd3\windows-amd64;C:\ProgramData\Microsoft\Windows Defender\Platform\4.18.2303.8-0;C:\Users\User\AppData\Local\Temp\native-platform11946484648690274762dir;C:\Users\User\AppData\Local\Temp\native-platform18118039555998934951dir

VM Arguments:
jvm_args: -XX:MaxMetaspaceSize=512m --add-opens=java.base/java.util=ALL-UNNAMED --add-opens=java.base/java.lang=ALL-UNNAMED --add-opens=java.base/java.lang.invoke=ALL-UNNAMED --add-opens=java.base/java.util=ALL-UNNAMED --add-opens=java.prefs/java.util.prefs=ALL-UNNAMED --add-opens=java.prefs/java.util.prefs=ALL-UNNAMED --add-opens=java.base/java.nio.charset=ALL-UNNAMED --add-opens=java.base/java.net=ALL-UNNAMED --add-opens=java.base/java.util.concurrent.atomic=ALL-UNNAMED -Xmx2048m -Dfile.encoding=windows-1252 -Duser.country=US -Duser.language=en -Duser.variant 
java_command: org.gradle.launcher.daemon.bootstrap.GradleDaemon 7.5.1
java_class_path (initial): C:\Users\User\.gradle\wrapper\dists\gradle-7.5.1-all\1ehga6e77gqps5uk2kc5kf1vc\gradle-7.5.1\lib\gradle-launcher-7.5.1.jar
Launcher Type: SUN_STANDARD

[Global flags]
     intx CICompilerCount                          = 3                                         {product} {ergonomic}
   size_t CompressedClassSpaceSize                 = 528482304                                 {product} {ergonomic}
     uint ConcGCThreads                            = 1                                         {product} {ergonomic}
     uint G1ConcRefinementThreads                  = 4                                         {product} {ergonomic}
   size_t G1HeapRegionSize                         = 1048576                                   {product} {ergonomic}
    uintx GCDrainStackTargetSize                   = 64                                        {product} {ergonomic}
   size_t InitialHeapSize                          = 58720256                                  {product} {ergonomic}
   size_t MarkStackSize                            = 4194304                                   {product} {ergonomic}
   size_t MaxHeapSize                              = 2147483648                                {product} {command line}
   size_t MaxMetaspaceSize                         = 536870912                                 {product} {command line}
   size_t MaxNewSize                               = 1287651328                                {product} {ergonomic}
   size_t MinHeapDeltaBytes                        = 1048576                                   {product} {ergonomic}
    uintx NonNMethodCodeHeapSize                   = 5830732                                {pd product} {ergonomic}
    uintx NonProfiledCodeHeapSize                  = 122913754                              {pd product} {ergonomic}
    uintx ProfiledCodeHeapSize                     = 122913754                              {pd product} {ergonomic}
    uintx ReservedCodeCacheSize                    = 251658240                              {pd product} {ergonomic}
     bool SegmentedCodeCache                       = true                                      {product} {ergonomic}
     bool UseCompressedClassPointers               = true                                 {lp64_product} {ergonomic}
     bool UseCompressedOops                        = true                                 {lp64_product} {ergonomic}
     bool UseG1GC                                  = true                                      {product} {ergonomic}
     bool UseLargePagesIndividualAllocation        = false                                  {pd product} {ergonomic}

Logging:
Log output configuration:
 #0: stdout all=warning uptime,level,tags
 #1: stderr all=off uptime,level,tags

Environment Variables:
CLASSPATH=C:\Users\User\ProjectMobileDevelopment\android\\gradle\wrapper\gradle-wrapper.jar
PATH=C:\Users\User\ProjectMobileDevelopment\android\node_modules\.bin;C:\Users\User\ProjectMobileDevelopment\node_modules\.bin;C:\Users\User\node_modules\.bin;C:\Users\node_modules\.bin;C:\node_modules\.bin;C:\Program Files\nodejs;C:\Users\User\ProjectMobileDevelopment\node_modules\.bin;C:\Users\User\ProjectMobileDevelopment\node_modules\.bin;C:\Users\User\node_modules\.bin;C:\Users\node_modules\.bin;C:\node_modules\.bin;C:\Program Files\nodejs\node_modules\npm\node_modules\@npmcli\run-script\lib\node-gyp-bin;C:\Program Files\Common Files\Oracle\Java\javapath;C:\Windows\system32;C:\Windows;C:\Windows\System32\Wbem;C:\Windows\System32\WindowsPowerShell\v1.0\;C:\Windows\System32\OpenSSH\;C:\Program Files\Microsoft SQL Server\150\Tools\Binn\;C:\Program Files\Git\cmd;C:\Program Files\nodejs\;C:\Users\User\AppData\Local\Android\Sdk\platform-tools;C:\Users\User\AppData\Local\Microsoft\WindowsApps;C:\Users\User\AppData\Local\Programs\Microsoft VS Code\bin;C:\Users\User\AppData\Roaming\npm;C:\Users\User\AppData\Local\Android\Sdk\platform-tools;
USERNAME=User
OS=Windows_NT
PROCESSOR_IDENTIFIER=AMD64 Family 23 Model 24 Stepping 1, AuthenticAMD



---------------  S Y S T E M  ---------------

OS: Windows 10 , 64 bit Build 19041 (10.0.19041.2788)
Hyper-V role detected

CPU:total 4 (initial active 4) (4 cores per cpu, 2 threads per core) family 23 model 24 stepping 1 microcode 0x0, cmov, cx8, fxsr, mmx, sse, sse2, sse3, ssse3, sse4.1, sse4.2, popcnt, avx, avx2, aes, clmul, mmxext, 3dnowpref, lzcnt, sse4a, ht, tsc, tscinvbit, tscinv, bmi1, bmi2, adx, s

Memory: 4k page, system-wide physical 3460M (107M free)
TotalPageFile size 14211M (AvailPageFile size 3M)
current process WorkingSet (physical memory assigned to process): 182M, peak: 454M
current process commit charge ("private bytes"): 701M, peak: 701M

vm_info: Java HotSpot(TM) 64-Bit Server VM (11.0.18+9-LTS-195) for windows-amd64 JRE (11.0.18+9-LTS-195), built on Dec  6 2022 15:50:58 by "mach5one" with MS VC++ 17.1 (VS2022)

END.
