# There is insufficient memory for the Java Runtime Environment to continue.
# Native memory allocation (malloc) failed to allocate 32744 bytes for ChunkPool::allocate
# Possible reasons:
#   The system is out of physical RAM or swap space
#   The process is running with CompressedOops enabled, and the Java Heap may be blocking the growth of the native heap
# Possible solutions:
#   Reduce memory load on the system
#   Increase physical memory or swap space
#   Check if swap backing store is full
#   Decrease Java heap size (-Xmx/-Xms)
#   Decrease number of Java threads
#

#

---------------  S U M M A R Y ------------

Command Line: -Xmx64m -Xms64m -Dorg.gradle.appname=gradlew org.gradle.wrapper.GradleWrapperMain app:installDebug -PreactNativeDevServerPort=8081

Host: AMD Ryzen 3 3250U with Radeon Graphics         , 4 cores, 3G,  Windows 10 , 64 bit Build 19041 (10.0.19041.2788)
Time: Tue Apr 25 00:29:56 2023 Malay Peninsula Standard Time elapsed time: 150.336431 seconds (0d 0h 2m 30s)

---------------  T H R E A D  ---------------

Current thread (0x00000288aa100000):  JavaThread "C2 CompilerThread0" daemon [_thread_in_native, id=6764, stack(0x000000ca62100000,0x000000ca62200000)]


Current CompileTask:
C2: 150336 1617       4       org.gradle.internal.logging.console.DefaultRedrawableLabel::redraw (163 bytes)

Stack: [0x000000ca62100000,0x000000ca62200000]
Native frames: (J=compiled Java code, j=interpreted, Vv=VM code, C=native code)
V  [jvm.dll+0x65d8aa]
V  [jvm.dll+0x79fc1f]
V  [jvm.dll+0x7a12e9]
V  [jvm.dll+0x7a1983]
V  [jvm.dll+0x2585b5]
V  [jvm.dll+0xb2abf]
V  [jvm.dll+0xb2e0c]
V  [jvm.dll+0x2c9c94]
V  [jvm.dll+0x56d7dc]
V  [jvm.dll+0x21a251]
V  [jvm.dll+0x213a35]
V  [jvm.dll+0x210264]
V  [jvm.dll+0x18c641]
V  [jvm.dll+0x220609]
V  [jvm.dll+0x21e92c]
V  [jvm.dll+0x763f61]
V  [jvm.dll+0x75c924]
V  [jvm.dll+0x65c755]
C  [ucrtbase.dll+0x21bb2]
C  [KERNEL32.DLL+0x17604]
C  [ntdll.dll+0x526a1]


---------------  P R O C E S S  ---------------

Threads class SMR info:
_java_thread_list=0x00000288aa29fe80, length=13, elements={
0x000002888ea9a000, 0x00000288aa07c800, 0x00000288aa0a6800, 0x00000288aa0f9800,
0x00000288aa0fb800, 0x00000288aa0fd000, 0x00000288aa100000, 0x00000288aa268800,
0x00000288aa14d000, 0x00000288aa36b000, 0x00000288aaf85800, 0x00000288ab116800,
0x00000288ab2a6800
}

Java Threads: ( => current thread )
  0x000002888ea9a000 JavaThread "main" [_thread_in_native, id=4908, stack(0x000000ca61500000,0x000000ca61600000)]
  0x00000288aa07c800 JavaThread "Reference Handler" daemon [_thread_blocked, id=6600, stack(0x000000ca61c00000,0x000000ca61d00000)]
  0x00000288aa0a6800 JavaThread "Finalizer" daemon [_thread_blocked, id=4992, stack(0x000000ca61d00000,0x000000ca61e00000)]
  0x00000288aa0f9800 JavaThread "Signal Dispatcher" daemon [_thread_blocked, id=6340, stack(0x000000ca61e00000,0x000000ca61f00000)]
  0x00000288aa0fb800 JavaThread "Attach Listener" daemon [_thread_blocked, id=14880, stack(0x000000ca61f00000,0x000000ca62000000)]
  0x00000288aa0fd000 JavaThread "Service Thread" daemon [_thread_blocked, id=2588, stack(0x000000ca62000000,0x000000ca62100000)]
=>0x00000288aa100000 JavaThread "C2 CompilerThread0" daemon [_thread_in_native, id=6764, stack(0x000000ca62100000,0x000000ca62200000)]
  0x00000288aa268800 JavaThread "C1 CompilerThread0" daemon [_thread_blocked, id=14248, stack(0x000000ca62200000,0x000000ca62300000)]
  0x00000288aa14d000 JavaThread "Sweeper thread" daemon [_thread_blocked, id=4816, stack(0x000000ca62300000,0x000000ca62400000)]
  0x00000288aa36b000 JavaThread "Common-Cleaner" daemon [_thread_blocked, id=13600, stack(0x000000ca62500000,0x000000ca62600000)]
  0x00000288aaf85800 JavaThread "pool-1-thread-1" [_thread_in_native, id=8936, stack(0x000000ca62700000,0x000000ca62800000)]
  0x00000288ab116800 JavaThread "DisconnectableInputStream source reader" daemon [_thread_in_native, id=5584, stack(0x000000ca62900000,0x000000ca62a00000)]
  0x00000288ab2a6800 JavaThread "Forward input" [_thread_blocked, id=9344, stack(0x000000ca62a00000,0x000000ca62b00000)]

Other Threads:
  0x00000288aa078000 VMThread "VM Thread" [stack: 0x000000ca61b00000,0x000000ca61c00000] [id=2652]
  0x00000288aa368000 WatcherThread [stack: 0x000000ca62400000,0x000000ca62500000] [id=13176]
  0x0000028890b34800 GCTaskThread "GC Thread#0" [stack: 0x000000ca61600000,0x000000ca61700000] [id=9480]
  0x00000288aaa10000 GCTaskThread "GC Thread#1" [stack: 0x000000ca62600000,0x000000ca62700000] [id=12440]
  0x0000028890b3b000 ConcurrentGCThread "G1 Main Marker" [stack: 0x000000ca61700000,0x000000ca61800000] [id=3448]
  0x0000028890b3c800 ConcurrentGCThread "G1 Conc#0" [stack: 0x000000ca61800000,0x000000ca61900000] [id=2816]
  0x0000028890b90000 ConcurrentGCThread "G1 Refine#0" [stack: 0x000000ca61900000,0x000000ca61a00000] [id=10560]
  0x0000028890b91800 ConcurrentGCThread "G1 Young RemSet Sampling" [stack: 0x000000ca61a00000,0x000000ca61b00000] [id=6924]

Threads with active compile tasks:
C2 CompilerThread0   150417 1617       4       org.gradle.internal.logging.console.DefaultRedrawableLabel::redraw (163 bytes)

VM state:not at safepoint (normal execution)

VM Mutex/Monitor currently owned by a thread: None

Heap address: 0x00000000fc000000, size: 64 MB, Compressed Oops mode: 32-bit
Narrow klass base: 0x0000000000000000, Narrow klass shift: 3
Compressed class space size: 1073741824 Address: 0x0000000100000000

Heap:
 garbage-first heap   total 65536K, used 31100K [0x00000000fc000000, 0x0000000100000000)
  region size 1024K, 24 young (24576K), 2 survivors (2048K)
 Metaspace       used 15883K, capacity 16139K, committed 16384K, reserved 1062912K
  class space    used 1821K, capacity 1941K, committed 2048K, reserved 1048576K
Heap Regions: E=young(eden), S=young(survivor), O=old, HS=humongous(starts), HC=humongous(continues), CS=collection set, F=free, A=archive, TAMS=top-at-mark-start (previous, next)
|   0|0x00000000fc000000, 0x00000000fc100000, 0x00000000fc100000|100%|HS|  |TAMS 0x00000000fc000000, 0x00000000fc000000| Complete 
|   1|0x00000000fc100000, 0x00000000fc200000, 0x00000000fc200000|100%|HC|  |TAMS 0x00000000fc100000, 0x00000000fc100000| Complete 
|   2|0x00000000fc200000, 0x00000000fc300000, 0x00000000fc300000|100%|HC|  |TAMS 0x00000000fc200000, 0x00000000fc200000| Complete 
|   3|0x00000000fc300000, 0x00000000fc400000, 0x00000000fc400000|100%| O|  |TAMS 0x00000000fc300000, 0x00000000fc300000| Untracked 
|   4|0x00000000fc400000, 0x00000000fc500000, 0x00000000fc500000|100%| O|  |TAMS 0x00000000fc400000, 0x00000000fc400000| Untracked 
|   5|0x00000000fc500000, 0x00000000fc600000, 0x00000000fc600000|100%| O|  |TAMS 0x00000000fc500000, 0x00000000fc500000| Untracked 
|   6|0x00000000fc600000, 0x00000000fc700000, 0x00000000fc700000|100%| O|  |TAMS 0x00000000fc600000, 0x00000000fc600000| Untracked 
|   7|0x00000000fc700000, 0x00000000fc75f200, 0x00000000fc800000| 37%| O|  |TAMS 0x00000000fc700000, 0x00000000fc700000| Untracked 
|   8|0x00000000fc800000, 0x00000000fc800000, 0x00000000fc900000|  0%| F|  |TAMS 0x00000000fc800000, 0x00000000fc800000| Untracked 
|   9|0x00000000fc900000, 0x00000000fc900000, 0x00000000fca00000|  0%| F|  |TAMS 0x00000000fc900000, 0x00000000fc900000| Untracked 
|  10|0x00000000fca00000, 0x00000000fca00000, 0x00000000fcb00000|  0%| F|  |TAMS 0x00000000fca00000, 0x00000000fca00000| Untracked 
|  11|0x00000000fcb00000, 0x00000000fcb00000, 0x00000000fcc00000|  0%| F|  |TAMS 0x00000000fcb00000, 0x00000000fcb00000| Untracked 
|  12|0x00000000fcc00000, 0x00000000fcc00000, 0x00000000fcd00000|  0%| F|  |TAMS 0x00000000fcc00000, 0x00000000fcc00000| Untracked 
|  13|0x00000000fcd00000, 0x00000000fcd00000, 0x00000000fce00000|  0%| F|  |TAMS 0x00000000fcd00000, 0x00000000fcd00000| Untracked 
|  14|0x00000000fce00000, 0x00000000fce00000, 0x00000000fcf00000|  0%| F|  |TAMS 0x00000000fce00000, 0x00000000fce00000| Untracked 
|  15|0x00000000fcf00000, 0x00000000fcf00000, 0x00000000fd000000|  0%| F|  |TAMS 0x00000000fcf00000, 0x00000000fcf00000| Untracked 
|  16|0x00000000fd000000, 0x00000000fd000000, 0x00000000fd100000|  0%| F|  |TAMS 0x00000000fd000000, 0x00000000fd000000| Untracked 
|  17|0x00000000fd100000, 0x00000000fd100000, 0x00000000fd200000|  0%| F|  |TAMS 0x00000000fd100000, 0x00000000fd100000| Untracked 
|  18|0x00000000fd200000, 0x00000000fd200000, 0x00000000fd300000|  0%| F|  |TAMS 0x00000000fd200000, 0x00000000fd200000| Untracked 
|  19|0x00000000fd300000, 0x00000000fd300000, 0x00000000fd400000|  0%| F|  |TAMS 0x00000000fd300000, 0x00000000fd300000| Untracked 
|  20|0x00000000fd400000, 0x00000000fd400000, 0x00000000fd500000|  0%| F|  |TAMS 0x00000000fd400000, 0x00000000fd400000| Untracked 
|  21|0x00000000fd500000, 0x00000000fd500000, 0x00000000fd600000|  0%| F|  |TAMS 0x00000000fd500000, 0x00000000fd500000| Untracked 
|  22|0x00000000fd600000, 0x00000000fd600000, 0x00000000fd700000|  0%| F|  |TAMS 0x00000000fd600000, 0x00000000fd600000| Untracked 
|  23|0x00000000fd700000, 0x00000000fd700000, 0x00000000fd800000|  0%| F|  |TAMS 0x00000000fd700000, 0x00000000fd700000| Untracked 
|  24|0x00000000fd800000, 0x00000000fd800000, 0x00000000fd900000|  0%| F|  |TAMS 0x00000000fd800000, 0x00000000fd800000| Untracked 
|  25|0x00000000fd900000, 0x00000000fd900000, 0x00000000fda00000|  0%| F|  |TAMS 0x00000000fd900000, 0x00000000fd900000| Untracked 
|  26|0x00000000fda00000, 0x00000000fda00000, 0x00000000fdb00000|  0%| F|  |TAMS 0x00000000fda00000, 0x00000000fda00000| Untracked 
|  27|0x00000000fdb00000, 0x00000000fdb00000, 0x00000000fdc00000|  0%| F|  |TAMS 0x00000000fdb00000, 0x00000000fdb00000| Untracked 
|  28|0x00000000fdc00000, 0x00000000fdc00000, 0x00000000fdd00000|  0%| F|  |TAMS 0x00000000fdc00000, 0x00000000fdc00000| Untracked 
|  29|0x00000000fdd00000, 0x00000000fdd00000, 0x00000000fde00000|  0%| F|  |TAMS 0x00000000fdd00000, 0x00000000fdd00000| Untracked 
|  30|0x00000000fde00000, 0x00000000fde00000, 0x00000000fdf00000|  0%| F|  |TAMS 0x00000000fde00000, 0x00000000fde00000| Untracked 
|  31|0x00000000fdf00000, 0x00000000fdf00000, 0x00000000fe000000|  0%| F|  |TAMS 0x00000000fdf00000, 0x00000000fdf00000| Untracked 
|  32|0x00000000fe000000, 0x00000000fe000000, 0x00000000fe100000|  0%| F|  |TAMS 0x00000000fe000000, 0x00000000fe000000| Untracked 
|  33|0x00000000fe100000, 0x00000000fe100000, 0x00000000fe200000|  0%| F|  |TAMS 0x00000000fe100000, 0x00000000fe100000| Untracked 
|  34|0x00000000fe200000, 0x00000000fe200000, 0x00000000fe300000|  0%| F|  |TAMS 0x00000000fe200000, 0x00000000fe200000| Untracked 
|  35|0x00000000fe300000, 0x00000000fe300000, 0x00000000fe400000|  0%| F|  |TAMS 0x00000000fe300000, 0x00000000fe300000| Untracked 
|  36|0x00000000fe400000, 0x00000000fe400000, 0x00000000fe500000|  0%| F|  |TAMS 0x00000000fe400000, 0x00000000fe400000| Untracked 
|  37|0x00000000fe500000, 0x00000000fe500000, 0x00000000fe600000|  0%| F|  |TAMS 0x00000000fe500000, 0x00000000fe500000| Untracked 
|  38|0x00000000fe600000, 0x00000000fe600000, 0x00000000fe700000|  0%| F|  |TAMS 0x00000000fe600000, 0x00000000fe600000| Untracked 
|  39|0x00000000fe700000, 0x00000000fe700000, 0x00000000fe800000|  0%| F|  |TAMS 0x00000000fe700000, 0x00000000fe700000| Untracked 
|  40|0x00000000fe800000, 0x00000000fe838d40, 0x00000000fe900000| 22%| E|  |TAMS 0x00000000fe800000, 0x00000000fe800000| Complete 
|  41|0x00000000fe900000, 0x00000000fea00000, 0x00000000fea00000|100%| E|CS|TAMS 0x00000000fe900000, 0x00000000fe900000| Complete 
|  42|0x00000000fea00000, 0x00000000feb00000, 0x00000000feb00000|100%| E|CS|TAMS 0x00000000fea00000, 0x00000000fea00000| Complete 
|  43|0x00000000feb00000, 0x00000000fec00000, 0x00000000fec00000|100%| E|CS|TAMS 0x00000000feb00000, 0x00000000feb00000| Complete 
|  44|0x00000000fec00000, 0x00000000fed00000, 0x00000000fed00000|100%| E|CS|TAMS 0x00000000fec00000, 0x00000000fec00000| Complete 
|  45|0x00000000fed00000, 0x00000000fee00000, 0x00000000fee00000|100%| E|CS|TAMS 0x00000000fed00000, 0x00000000fed00000| Complete 
|  46|0x00000000fee00000, 0x00000000fef00000, 0x00000000fef00000|100%| E|CS|TAMS 0x00000000fee00000, 0x00000000fee00000| Complete 
|  47|0x00000000fef00000, 0x00000000ff000000, 0x00000000ff000000|100%| E|CS|TAMS 0x00000000fef00000, 0x00000000fef00000| Complete 
|  48|0x00000000ff000000, 0x00000000ff100000, 0x00000000ff100000|100%| E|CS|TAMS 0x00000000ff000000, 0x00000000ff000000| Complete 
|  49|0x00000000ff100000, 0x00000000ff200000, 0x00000000ff200000|100%| E|CS|TAMS 0x00000000ff100000, 0x00000000ff100000| Complete 
|  50|0x00000000ff200000, 0x00000000ff300000, 0x00000000ff300000|100%| S|CS|TAMS 0x00000000ff200000, 0x00000000ff200000| Complete 
|  51|0x00000000ff300000, 0x00000000ff400000, 0x00000000ff400000|100%| S|CS|TAMS 0x00000000ff300000, 0x00000000ff300000| Complete 
|  52|0x00000000ff400000, 0x00000000ff500000, 0x00000000ff500000|100%| E|CS|TAMS 0x00000000ff400000, 0x00000000ff400000| Complete 
|  53|0x00000000ff500000, 0x00000000ff600000, 0x00000000ff600000|100%| E|CS|TAMS 0x00000000ff500000, 0x00000000ff500000| Complete 
|  54|0x00000000ff600000, 0x00000000ff700000, 0x00000000ff700000|100%| E|CS|TAMS 0x00000000ff600000, 0x00000000ff600000| Complete 
|  55|0x00000000ff700000, 0x00000000ff800000, 0x00000000ff800000|100%| E|CS|TAMS 0x00000000ff700000, 0x00000000ff700000| Complete 
|  56|0x00000000ff800000, 0x00000000ff900000, 0x00000000ff900000|100%| E|CS|TAMS 0x00000000ff800000, 0x00000000ff800000| Complete 
|  57|0x00000000ff900000, 0x00000000ffa00000, 0x00000000ffa00000|100%| E|CS|TAMS 0x00000000ff900000, 0x00000000ff900000| Complete 
|  58|0x00000000ffa00000, 0x00000000ffb00000, 0x00000000ffb00000|100%| E|CS|TAMS 0x00000000ffa00000, 0x00000000ffa00000| Complete 
|  59|0x00000000ffb00000, 0x00000000ffc00000, 0x00000000ffc00000|100%| E|CS|TAMS 0x00000000ffb00000, 0x00000000ffb00000| Complete 
|  60|0x00000000ffc00000, 0x00000000ffd00000, 0x00000000ffd00000|100%| E|CS|TAMS 0x00000000ffc00000, 0x00000000ffc00000| Complete 
|  61|0x00000000ffd00000, 0x00000000ffe00000, 0x00000000ffe00000|100%| E|CS|TAMS 0x00000000ffd00000, 0x00000000ffd00000| Complete 
|  62|0x00000000ffe00000, 0x00000000fff00000, 0x00000000fff00000|100%| E|CS|TAMS 0x00000000ffe00000, 0x00000000ffe00000| Complete 
|  63|0x00000000fff00000, 0x0000000100000000, 0x0000000100000000|100%| E|CS|TAMS 0x00000000fff00000, 0x00000000fff00000| Complete 

Card table byte_map: [0x000002888eb30000,0x000002888eb50000] _byte_map_base: 0x000002888e350000

Marking Bits (Prev, Next): (CMBitMap*) 0x0000028890b39f08, (CMBitMap*) 0x0000028890b39f40
 Prev Bits: [0x0000028890940000, 0x0000028890a40000)
 Next Bits: [0x00000288a7200000, 0x00000288a7300000)

Polling page: 0x000002888eae0000

Metaspace:

Usage:
  Non-class:     13.87 MB capacity,    13.73 MB (>99%) used,   114.50 KB ( <1%) free+waste,    21.88 KB ( <1%) overhead. 
      Class:      1.90 MB capacity,     1.78 MB ( 94%) used,   107.89 KB (  6%) free+waste,    11.12 KB ( <1%) overhead. 
       Both:     15.76 MB capacity,    15.51 MB ( 98%) used,   222.39 KB (  1%) free+waste,    33.00 KB ( <1%) overhead. 

Virtual space:
  Non-class space:       14.00 MB reserved,      14.00 MB (100%) committed 
      Class space:        1.00 GB reserved,       2.00 MB ( <1%) committed 
             Both:        1.01 GB reserved,      16.00 MB (  2%) committed 

Chunk freelists:
   Non-Class:  1.25 KB
       Class:  1.38 KB
        Both:  2.62 KB

CodeHeap 'non-profiled nmethods': size=120064Kb used=521Kb max_used=521Kb free=119543Kb
 bounds [0x000002889fcc0000, 0x000002889ff30000, 0x00000288a7200000]
CodeHeap 'profiled nmethods': size=120000Kb used=3127Kb max_used=3127Kb free=116872Kb
 bounds [0x0000028898790000, 0x0000028898aa0000, 0x000002889fcc0000]
CodeHeap 'non-nmethods': size=5696Kb used=1107Kb max_used=1120Kb free=4589Kb
 bounds [0x0000028898200000, 0x0000028898470000, 0x0000028898790000]
 total_blobs=2044 nmethods=1615 adapters=341
 compilation: enabled
              stopped_count=0, restarted_count=0
 full_count=0

Compilation events (10 events):
Event: 139.114 Thread 0x00000288aa100000 nmethod 1612 0x000002889fd41490 code [0x000002889fd41620, 0x000002889fd41a18]
Event: 144.311 Thread 0x00000288aa268800 1613       3       org.gradle.internal.logging.console.DefaultRedrawableLabel::redrawText (102 bytes)
Event: 144.313 Thread 0x00000288aa268800 nmethod 1613 0x0000028898a9c110 code [0x0000028898a9c400, 0x0000028898a9d588]
Event: 150.127 Thread 0x00000288aa100000 1614       4       java.util.concurrent.ThreadPoolExecutor::beforeExecute (1 bytes)
Event: 150.127 Thread 0x00000288aa100000 nmethod 1614 0x000002889fd41b90 code [0x000002889fd41d00, 0x000002889fd41d58]
Event: 150.141 Thread 0x00000288aa100000 1615       4       java.util.concurrent.ThreadPoolExecutor::afterExecute (1 bytes)
Event: 150.141 Thread 0x00000288aa100000 nmethod 1615 0x000002889fd41e10 code [0x000002889fd41f80, 0x000002889fd41fd8]
Event: 150.203 Thread 0x00000288aa100000 1616       4       java.util.ArrayList::iterator (9 bytes)
Event: 150.210 Thread 0x00000288aa100000 nmethod 1616 0x000002889fd42090 code [0x000002889fd42220, 0x000002889fd42318]
Event: 150.265 Thread 0x00000288aa100000 1617       4       org.gradle.internal.logging.console.DefaultRedrawableLabel::redraw (163 bytes)

GC Heap History (4 events):
Event: 1.607 GC heap before
{Heap before GC invocations=0 (full 0):
 garbage-first heap   total 65536K, used 16384K [0x00000000fc000000, 0x0000000100000000)
  region size 1024K, 14 young (14336K), 0 survivors (0K)
 Metaspace       used 7578K, capacity 7765K, committed 7936K, reserved 1056768K
  class space    used 676K, capacity 756K, committed 768K, reserved 1048576K
}
Event: 1.617 GC heap after
{Heap after GC invocations=1 (full 0):
 garbage-first heap   total 65536K, used 3397K [0x00000000fc000000, 0x0000000100000000)
  region size 1024K, 2 young (2048K), 2 survivors (2048K)
 Metaspace       used 7578K, capacity 7765K, committed 7936K, reserved 1056768K
  class space    used 676K, capacity 756K, committed 768K, reserved 1048576K
}
Event: 2.599 GC heap before
{Heap before GC invocations=1 (full 0):
 garbage-first heap   total 65536K, used 18757K [0x00000000fc000000, 0x0000000100000000)
  region size 1024K, 14 young (14336K), 2 survivors (2048K)
 Metaspace       used 10460K, capacity 10666K, committed 11008K, reserved 1058816K
  class space    used 1098K, capacity 1174K, committed 1280K, reserved 1048576K
}
Event: 2.605 GC heap after
{Heap after GC invocations=2 (full 0):
 garbage-first heap   total 65536K, used 9596K [0x00000000fc000000, 0x0000000100000000)
  region size 1024K, 2 young (2048K), 2 survivors (2048K)
 Metaspace       used 10460K, capacity 10666K, committed 11008K, reserved 1058816K
  class space    used 1098K, capacity 1174K, committed 1280K, reserved 1048576K
}

Deoptimization events (10 events):
Event: 2.352 Thread 0x000002888ea9a000 Uncommon trap: reason=class_check action=maybe_recompile pc=0x000002889fcdd6fc method=java.util.regex.Matcher.match(II)Z @ 121 c2
Event: 2.352 Thread 0x000002888ea9a000 Uncommon trap: reason=class_check action=maybe_recompile pc=0x000002889fcdd6fc method=java.util.regex.Matcher.match(II)Z @ 121 c2
Event: 2.353 Thread 0x000002888ea9a000 Uncommon trap: reason=class_check action=maybe_recompile pc=0x000002889fcdd6fc method=java.util.regex.Matcher.match(II)Z @ 121 c2
Event: 2.354 Thread 0x000002888ea9a000 Uncommon trap: reason=class_check action=maybe_recompile pc=0x000002889fcdd6fc method=java.util.regex.Matcher.match(II)Z @ 121 c2
Event: 2.372 Thread 0x000002888ea9a000 Uncommon trap: reason=unstable_if action=reinterpret pc=0x000002889fcfe024 method=java.util.HashMap.hash(Ljava/lang/Object;)I @ 1 c2
Event: 2.637 Thread 0x000002888ea9a000 Uncommon trap: reason=unstable_if action=reinterpret pc=0x000002889fce117c method=java.io.WinNTFileSystem.resolve(Ljava/lang/String;Ljava/lang/String;)Ljava/lang/String; @ 70 c2
Event: 2.913 Thread 0x000002888ea9a000 Uncommon trap: reason=unstable_if action=reinterpret pc=0x000002889fd168c0 method=java.util.concurrent.ConcurrentHashMap.putVal(Ljava/lang/Object;Ljava/lang/Object;Z)Ljava/lang/Object; @ 112 c2
Event: 3.391 Thread 0x000002888ea9a000 Uncommon trap: reason=unstable_if action=reinterpret pc=0x000002889fd19f54 method=java.util.HashMap.getNode(ILjava/lang/Object;)Ljava/util/HashMap$Node; @ 129 c2
Event: 5.206 Thread 0x000002888ea9a000 Uncommon trap: reason=unstable_if action=reinterpret pc=0x000002889fcf3a08 method=java.lang.AbstractStringBuilder.append(Ljava/lang/String;)Ljava/lang/AbstractStringBuilder; @ 1 c2
Event: 5.207 Thread 0x000002888ea9a000 Uncommon trap: reason=unstable_if action=reinterpret pc=0x000002889fd00cdc method=java.lang.AbstractStringBuilder.append(Ljava/lang/String;)Ljava/lang/AbstractStringBuilder; @ 1 c2

Classes redefined (0 events):
No events

Internal exceptions (10 events):
Event: 2.448 Thread 0x000002888ea9a000 Exception <a 'java/lang/NoClassDefFoundError'{0x00000000ff6c4138}: org/slf4j/impl/StaticMarkerBinder> (0x00000000ff6c4138) thrown at [./open/src/hotspot/share/classfile/systemDictionary.cpp, line 215]
Event: 2.488 Thread 0x000002888ea9a000 Exception <a 'java/lang/NoSuchMethodError'{0x00000000ff5c2018}: java.lang.invoke.DirectMethodHandle$Holder.invokeVirtual(Ljava/lang/Object;Ljava/lang/Object;Ljava/lang/Object;Ljava/lang/Object;Ljava/lang/Object;Ljava/lang/Object;Ljava/lang/Object;)Ljava/l
Event: 2.491 Thread 0x000002888ea9a000 Exception <a 'java/lang/NoSuchMethodError'{0x00000000ff5d5a28}: java.lang.invoke.Invokers$Holder.invoker(Ljava/lang/Object;Ljava/lang/Object;Ljava/lang/Object;)Ljava/lang/Object;> (0x00000000ff5d5a28) thrown at [./open/src/hotspot/share/interpreter/linkRe
Event: 2.498 Thread 0x000002888ea9a000 Exception <a 'java/lang/NoSuchMethodError'{0x00000000ff5e66a0}: java.lang.invoke.DelegatingMethodHandle$Holder.delegate(Ljava/lang/Object;Ljava/lang/Object;ILjava/lang/Object;)V> (0x00000000ff5e66a0) thrown at [./open/src/hotspot/share/interpreter/linkRes
Event: 3.051 Thread 0x000002888ea9a000 Exception <a 'java/lang/NoSuchMethodError'{0x00000000ff863eb8}: java.lang.invoke.DirectMethodHandle$Holder.invokeInterface(Ljava/lang/Object;Ljava/lang/Object;Ljava/lang/Object;)Ljava/lang/Object;> (0x00000000ff863eb8) thrown at [./open/src/hotspot/share/
Event: 3.181 Thread 0x000002888ea9a000 Exception <a 'java/lang/NoSuchMethodError'{0x00000000ff6d0230}: java.lang.invoke.DirectMethodHandle$Holder.invokeStaticInit(Ljava/lang/Object;Ljava/lang/Object;Ljava/lang/Object;)Ljava/lang/Object;> (0x00000000ff6d0230) thrown at [./open/src/hotspot/share
Event: 3.432 Thread 0x000002888ea9a000 Exception <a 'java/lang/NoSuchMethodError'{0x00000000fef8f130}: java.lang.invoke.DirectMethodHandle$Holder.invokeStaticInit(Ljava/lang/Object;IIII)Ljava/lang/Object;> (0x00000000fef8f130) thrown at [./open/src/hotspot/share/interpreter/linkResolver.cpp, l
Event: 4.185 Thread 0x000002888ea9a000 Exception <a 'java/lang/NoSuchMethodError'{0x00000000fefb0718}: java.lang.invoke.DirectMethodHandle$Holder.invokeStaticInit(Ljava/lang/Object;Ljava/lang/Object;IIII)Ljava/lang/Object;> (0x00000000fefb0718) thrown at [./open/src/hotspot/share/interpreter/l
Event: 5.206 Thread 0x000002888ea9a000 Implicit null exception at 0x000002889fcf3474 to 0x000002889fcf39f0
Event: 5.207 Thread 0x000002888ea9a000 Implicit null exception at 0x000002889fd00774 to 0x000002889fd00cc4

Events (10 events):
Event: 80.357 loading class java/io/Bits
Event: 80.359 loading class java/io/Bits done
Event: 80.359 loading class org/gradle/internal/serialize/ExceptionReplacingObjectInputStream$1
Event: 80.359 loading class org/gradle/internal/serialize/ExceptionReplacingObjectInputStream$1 done
Event: 82.020 loading class org/gradle/internal/logging/text/AbstractLineChoppingStyledTextOutput$StateContext
Event: 82.020 loading class org/gradle/internal/logging/text/AbstractLineChoppingStyledTextOutput$StateContext done
Event: 82.220 loading class org/gradle/internal/logging/console/DefaultTextArea$2
Event: 82.220 loading class org/gradle/internal/logging/console/DefaultTextArea$2 done
Event: 82.227 loading class org/gradle/internal/logging/console/DefaultTextArea$2$1
Event: 82.227 loading class org/gradle/internal/logging/console/DefaultTextArea$2$1 done


Dynamic libraries:
0x00007ff774d50000 - 0x00007ff774d60000 	C:\Program Files\Java\jdk-11\bin\java.exe
0x00007ffc339d0000 - 0x00007ffc33bc8000 	C:\Windows\SYSTEM32\ntdll.dll
0x00007ffc33420000 - 0x00007ffc334df000 	C:\Windows\System32\KERNEL32.DLL
0x00007ffc31680000 - 0x00007ffc3195a000 	C:\Windows\System32\KERNELBASE.dll
0x00007ffc31420000 - 0x00007ffc31520000 	C:\Windows\System32\ucrtbase.dll
0x00007ffc29e50000 - 0x00007ffc29e68000 	C:\Program Files\Java\jdk-11\bin\jli.dll
0x00007ffc331a0000 - 0x00007ffc3324e000 	C:\Windows\System32\ADVAPI32.dll
0x00007ffc33590000 - 0x00007ffc3362e000 	C:\Windows\System32\msvcrt.dll
0x00007ffc33100000 - 0x00007ffc3319c000 	C:\Windows\System32\sechost.dll
0x00007ffc32f80000 - 0x00007ffc330a6000 	C:\Windows\System32\RPCRT4.dll
0x00007ffc33280000 - 0x00007ffc3341d000 	C:\Windows\System32\USER32.dll
0x00007ffc310e0000 - 0x00007ffc31102000 	C:\Windows\System32\win32u.dll
0x00007ffc251f0000 - 0x00007ffc2520b000 	C:\Program Files\Java\jdk-11\bin\VCRUNTIME140.dll
0x00007ffc330d0000 - 0x00007ffc330fb000 	C:\Windows\System32\GDI32.dll
0x00007ffc312c0000 - 0x00007ffc313d0000 	C:\Windows\System32\gdi32full.dll
0x00007ffc31990000 - 0x00007ffc31a2d000 	C:\Windows\System32\msvcp_win.dll
0x00007ffc1f010000 - 0x00007ffc1f2aa000 	C:\Windows\WinSxS\amd64_microsoft.windows.common-controls_6595b64144ccf1df_6.0.19041.1110_none_60b5254171f9507e\COMCTL32.dll
0x00007ffc28980000 - 0x00007ffc2898a000 	C:\Windows\SYSTEM32\VERSION.dll
0x00007ffc33250000 - 0x00007ffc33280000 	C:\Windows\System32\IMM32.DLL
0x00007ffc2bbb0000 - 0x00007ffc2bbbc000 	C:\Program Files\Java\jdk-11\bin\vcruntime140_1.dll
0x00007ffc24150000 - 0x00007ffc241de000 	C:\Program Files\Java\jdk-11\bin\msvcp140.dll
0x00007ffb97a40000 - 0x00007ffb985a8000 	C:\Program Files\Java\jdk-11\bin\server\jvm.dll
0x00007ffc31bf0000 - 0x00007ffc31bf8000 	C:\Windows\System32\PSAPI.DLL
0x00007ffc2bbd0000 - 0x00007ffc2bbd9000 	C:\Windows\SYSTEM32\WSOCK32.dll
0x00007ffc32c90000 - 0x00007ffc32cfb000 	C:\Windows\System32\WS2_32.dll
0x00007ffc28950000 - 0x00007ffc28977000 	C:\Windows\SYSTEM32\WINMM.dll
0x00007ffc2ef60000 - 0x00007ffc2ef72000 	C:\Windows\SYSTEM32\kernel.appcore.dll
0x00007ffc2bb70000 - 0x00007ffc2bb80000 	C:\Program Files\Java\jdk-11\bin\verify.dll
0x00007ffc27ff0000 - 0x00007ffc281d4000 	C:\Windows\SYSTEM32\DBGHELP.DLL
0x00007ffc1f6f0000 - 0x00007ffc1f724000 	C:\Windows\SYSTEM32\dbgcore.DLL
0x00007ffc31230000 - 0x00007ffc312b2000 	C:\Windows\System32\bcryptPrimitives.dll
0x00007ffc251c0000 - 0x00007ffc251e8000 	C:\Program Files\Java\jdk-11\bin\java.dll
0x00007ffc29e40000 - 0x00007ffc29e4a000 	C:\Program Files\Java\jdk-11\bin\jimage.dll
0x00007ffc249a0000 - 0x00007ffc249b7000 	C:\Program Files\Java\jdk-11\bin\zip.dll
0x00007ffc31cc0000 - 0x00007ffc32404000 	C:\Windows\System32\SHELL32.dll
0x00007ffc2f160000 - 0x00007ffc2f8f3000 	C:\Windows\SYSTEM32\windows.storage.dll
0x00007ffc33630000 - 0x00007ffc33984000 	C:\Windows\System32\combase.dll
0x00007ffc30980000 - 0x00007ffc309ae000 	C:\Windows\SYSTEM32\Wldp.dll
0x00007ffc32a30000 - 0x00007ffc32add000 	C:\Windows\System32\SHCORE.dll
0x00007ffc31c60000 - 0x00007ffc31cb5000 	C:\Windows\System32\shlwapi.dll
0x00007ffc31020000 - 0x00007ffc3103f000 	C:\Windows\SYSTEM32\profapi.dll
0x00007ffc24980000 - 0x00007ffc24999000 	C:\Program Files\Java\jdk-11\bin\net.dll
0x00007ffc25d40000 - 0x00007ffc25e4a000 	C:\Windows\SYSTEM32\WINHTTP.dll
0x00007ffc30760000 - 0x00007ffc307ca000 	C:\Windows\system32\mswsock.dll
0x00007ffc24960000 - 0x00007ffc24972000 	C:\Program Files\Java\jdk-11\bin\nio.dll
0x00007ffc29ef0000 - 0x00007ffc29f17000 	C:\Users\User\.gradle\native\e1d6ef7f7dcc3fd88c89a11ec53ec762bb8ba0a96d01ffa2cd45eb1d1d8dd5c5\windows-amd64\native-platform.dll
0x00007ffc2cf90000 - 0x00007ffc2cf9a000 	C:\Users\User\.gradle\native\jansi\1.18\windows64\jansi.dll
0x00007ffc29a10000 - 0x00007ffc29a19000 	C:\Program Files\Java\jdk-11\bin\management.dll
0x00007ffc25730000 - 0x00007ffc2573b000 	C:\Program Files\Java\jdk-11\bin\management_ext.dll
0x00007ffc309c0000 - 0x00007ffc309d8000 	C:\Windows\SYSTEM32\CRYPTSP.dll
0x00007ffc300a0000 - 0x00007ffc300d4000 	C:\Windows\system32\rsaenh.dll
0x00007ffc31960000 - 0x00007ffc31987000 	C:\Windows\System32\bcrypt.dll
0x00007ffc30fe0000 - 0x00007ffc3100e000 	C:\Windows\SYSTEM32\USERENV.dll
0x00007ffc308f0000 - 0x00007ffc308fc000 	C:\Windows\SYSTEM32\CRYPTBASE.dll
0x00007ffc30470000 - 0x00007ffc304ac000 	C:\Windows\SYSTEM32\IPHLPAPI.DLL
0x00007ffc32af0000 - 0x00007ffc32af8000 	C:\Windows\System32\NSI.dll
0x00007ffc27fd0000 - 0x00007ffc27fe7000 	C:\Windows\SYSTEM32\dhcpcsvc6.DLL
0x00007ffc2aa20000 - 0x00007ffc2aa3d000 	C:\Windows\SYSTEM32\dhcpcsvc.DLL
0x00007ffc304b0000 - 0x00007ffc3057b000 	C:\Windows\SYSTEM32\DNSAPI.dll

dbghelp: loaded successfully - version: 4.0.5 - missing functions: none
symbol engine: initialized successfully - sym options: 0x614 - pdb path: .;C:\Program Files\Java\jdk-11\bin;C:\Windows\SYSTEM32;C:\Windows\WinSxS\amd64_microsoft.windows.common-controls_6595b64144ccf1df_6.0.19041.1110_none_60b5254171f9507e;C:\Program Files\Java\jdk-11\bin\server;C:\Users\User\.gradle\native\e1d6ef7f7dcc3fd88c89a11ec53ec762bb8ba0a96d01ffa2cd45eb1d1d8dd5c5\windows-amd64;C:\Users\User\.gradle\native\jansi\1.18\windows64

VM Arguments:
jvm_args: -Xmx64m -Xms64m -Dorg.gradle.appname=gradlew 
java_command: org.gradle.wrapper.GradleWrapperMain app:installDebug -PreactNativeDevServerPort=8081
java_class_path (initial): C:\Users\User\ProjectMobileDevelopment\android\\gradle\wrapper\gradle-wrapper.jar
Launcher Type: SUN_STANDARD

[Global flags]
     intx CICompilerCount                          = 3                                         {product} {ergonomic}
     uint ConcGCThreads                            = 1                                         {product} {ergonomic}
     uint G1ConcRefinementThreads                  = 4                                         {product} {ergonomic}
   size_t G1HeapRegionSize                         = 1048576                                   {product} {ergonomic}
    uintx GCDrainStackTargetSize                   = 64                                        {product} {ergonomic}
   size_t InitialHeapSize                          = 67108864                                  {product} {command line}
   size_t MarkStackSize                            = 4194304                                   {product} {ergonomic}
   size_t MaxHeapSize                              = 67108864                                  {product} {command line}
   size_t MaxNewSize                               = 39845888                                  {product} {ergonomic}
   size_t MinHeapDeltaBytes                        = 1048576                                   {product} {ergonomic}
    uintx NonNMethodCodeHeapSize                   = 5830732                                {pd product} {ergonomic}
    uintx NonProfiledCodeHeapSize                  = 122913754                              {pd product} {ergonomic}
    uintx ProfiledCodeHeapSize                     = 122913754                              {pd product} {ergonomic}
    uintx ReservedCodeCacheSize                    = 251658240                              {pd product} {ergonomic}
     bool SegmentedCodeCache                       = true                                      {product} {ergonomic}
     bool UseCompressedClassPointers               = true                                 {lp64_product} {ergonomic}
     bool UseCompressedOops                        = true                                 {lp64_product} {ergonomic}
     bool UseG1GC                                  = true                                      {product} {ergonomic}
     bool UseLargePagesIndividualAllocation        = false                                  {pd product} {ergonomic}

Logging:
Log output configuration:
 #0: stdout all=warning uptime,level,tags
 #1: stderr all=off uptime,level,tags

Environment Variables:
CLASSPATH=C:\Users\User\ProjectMobileDevelopment\android\\gradle\wrapper\gradle-wrapper.jar
PATH=C:\Users\User\ProjectMobileDevelopment\android\node_modules\.bin;C:\Users\User\ProjectMobileDevelopment\node_modules\.bin;C:\Users\User\node_modules\.bin;C:\Users\node_modules\.bin;C:\node_modules\.bin;C:\Program Files\nodejs;C:\Users\User\AppData\Roaming\npm;C:\Users\User\ProjectMobileDevelopment\node_modules\.bin;C:\Users\User\node_modules\.bin;C:\Users\node_modules\.bin;C:\node_modules\.bin;C:\Program Files\nodejs\node_modules\npm\node_modules\@npmcli\run-script\lib\node-gyp-bin;C:\Program Files\Common Files\Oracle\Java\javapath;C:\Windows\system32;C:\Windows;C:\Windows\System32\Wbem;C:\Windows\System32\WindowsPowerShell\v1.0\;C:\Windows\System32\OpenSSH\;C:\Program Files\Microsoft SQL Server\150\Tools\Binn\;C:\Program Files\Git\cmd;C:\Program Files\nodejs\;C:\Users\User\AppData\Local\Android\Sdk\platform-tools;C:\Users\User\AppData\Local\Microsoft\WindowsApps;C:\Users\User\AppData\Local\Programs\Microsoft VS Code\bin;C:\Users\User\AppData\Roaming\npm;C:\Users\User\AppData\Local\Android\Sdk\platform-tools;
USERNAME=User
OS=Windows_NT
PROCESSOR_IDENTIFIER=AMD64 Family 23 Model 24 Stepping 1, AuthenticAMD



---------------  S Y S T E M  ---------------

OS: Windows 10 , 64 bit Build 19041 (10.0.19041.2788)
Hyper-V role detected

CPU:total 4 (initial active 4) (4 cores per cpu, 2 threads per core) family 23 model 24 stepping 1 microcode 0x0, cmov, cx8, fxsr, mmx, sse, sse2, sse3, ssse3, sse4.1, sse4.2, popcnt, avx, avx2, aes, clmul, mmxext, 3dnowpref, lzcnt, sse4a, ht, tsc, tscinvbit, tscinv, bmi1, bmi2, adx, s

Memory: 4k page, system-wide physical 3460M (304M free)
TotalPageFile size 14212M (AvailPageFile size 281M)
current process WorkingSet (physical memory assigned to process): 14M, peak: 81M
current process commit charge ("private bytes"): 151M, peak: 154M

vm_info: Java HotSpot(TM) 64-Bit Server VM (11.0.18+9-LTS-195) for windows-amd64 JRE (11.0.18+9-LTS-195), built on Dec  6 2022 15:50:58 by "mach5one" with MS VC++ 17.1 (VS2022)

END.
