#
# There is insufficient memory for the Java Runtime Environment to continue.
# Native memory allocation (malloc) failed to allocate 1045136 bytes for Chunk::new
# Possible reasons:
#   The system is out of physical RAM or swap space
#   The process is running with CompressedOops enabled, and the Java Heap may be blocking the growth of the native heap
# Possible solutions:
#   Reduce memory load on the system
#   Increase physical memory or swap space
#   Check if swap backing store is full
#   Decrease Java heap size (-Xmx/-Xms)
#   Decrease number of Java threads
#   Decrease Java thread stack sizes (-Xss)
#   Set larger code cache with -XX:ReservedCodeCacheSize=
#   JVM is running with Unscaled Compressed Oops mode in which the Java heap is
#     placed in the first 4GB address space. The Java Heap base address is the
#     maximum limit for the native heap growth. Please use -XX:HeapBaseMinAddress
#     to set the Java Heap base and to place the Java Heap above 4GB virtual address.
# This output file may be truncated or incomplete.
#
#  Out of Memory Error (./open/src/hotspot/share/memory/arena.cpp:197), pid=13268, tid=14356
#
# JRE version: Java(TM) SE Runtime Environment 18.9 (11.0.18+9) (build 11.0.18+9-LTS-195)
# Java VM: Java HotSpot(TM) 64-Bit Server VM 18.9 (11.0.18+9-LTS-195, mixed mode, tiered, compressed oops, g1 gc, windows-amd64)
# No core dump will be written. Minidumps are not enabled by default on client versions of Windows
#

---------------  S U M M A R Y ------------

Command Line: -XX:MaxMetaspaceSize=512m --add-opens=java.base/java.util=ALL-UNNAMED --add-opens=java.base/java.lang=ALL-UNNAMED --add-opens=java.base/java.lang.invoke=ALL-UNNAMED --add-opens=java.base/java.util=ALL-UNNAMED --add-opens=java.prefs/java.util.prefs=ALL-UNNAMED --add-opens=java.prefs/java.util.prefs=ALL-UNNAMED --add-opens=java.base/java.nio.charset=ALL-UNNAMED --add-opens=java.base/java.net=ALL-UNNAMED --add-opens=java.base/java.util.concurrent.atomic=ALL-UNNAMED -Xmx2048m -Dfile.encoding=windows-1252 -Duser.country=US -Duser.language=en -Duser.variant org.gradle.launcher.daemon.bootstrap.GradleDaemon 7.5.1

Host: AMD Ryzen 3 3250U with Radeon Graphics         , 4 cores, 3G,  Windows 10 , 64 bit Build 19041 (10.0.19041.2788)
Time: Tue Apr 25 01:18:10 2023 Malay Peninsula Standard Time elapsed time: 1754.857109 seconds (0d 0h 29m 14s)

---------------  T H R E A D  ---------------

Current thread (0x0000019e7fdee000):  JavaThread "C2 CompilerThread0" daemon [_thread_in_native, id=14356, stack(0x0000003767900000,0x0000003767a00000)]


Current CompileTask:
C2:1754857 22955   !   4       com.sun.tools.javac.parser.JavaTokenizer::readToken (2179 bytes)

Stack: [0x0000003767900000,0x0000003767a00000]
Native frames: (J=compiled Java code, j=interpreted, Vv=VM code, C=native code)
V  [jvm.dll+0x65d8aa]
V  [jvm.dll+0x79fc1f]
V  [jvm.dll+0x7a12e9]
V  [jvm.dll+0x7a1983]
V  [jvm.dll+0x2585b5]
V  [jvm.dll+0xb284c]
V  [jvm.dll+0xb2e0c]
V  [jvm.dll+0x2c9c42]
V  [jvm.dll+0x56d7dc]
V  [jvm.dll+0x21a251]
V  [jvm.dll+0x213a35]
V  [jvm.dll+0x210264]
V  [jvm.dll+0x18c641]
V  [jvm.dll+0x220609]
V  [jvm.dll+0x21e92c]
V  [jvm.dll+0x763f61]
V  [jvm.dll+0x75c924]
V  [jvm.dll+0x65c755]
C  [ucrtbase.dll+0x21bb2]
C  [KERNEL32.DLL+0x17604]
C  [ntdll.dll+0x526a1]


---------------  P R O C E S S  ---------------

Threads class SMR info:
_java_thread_list=0x0000019e2349afd0, length=111, elements={
0x0000019e75631800, 0x0000019e7fd86000, 0x0000019e7fd90800, 0x0000019e7fda4000,
0x0000019e7fdea800, 0x0000019e7fdeb000, 0x0000019e7fdee000, 0x0000019e7fdf0000,
0x0000019e13813000, 0x0000019e13927800, 0x0000019e14c1a000, 0x0000019e151ce800,
0x0000019e14c59800, 0x0000019e13b02000, 0x0000019e13b04000, 0x0000019e13b00800,
0x0000019e13aff800, 0x0000019e13b01800, 0x0000019e13b06800, 0x0000019e160c3800,
0x0000019e160c3000, 0x0000019e160c6000, 0x0000019e160c4800, 0x0000019e160c0800,
0x0000019e160c8800, 0x0000019e18615800, 0x0000019e145b6800, 0x0000019e145b9000,
0x0000019e145ba000, 0x0000019e145ba800, 0x0000019e1860f000, 0x0000019e18612000,
0x0000019e18610000, 0x0000019e18613000, 0x0000019e1860d800, 0x0000019e18614000,
0x0000019e1860e000, 0x0000019e18614800, 0x0000019e18610800, 0x0000019e18617000,
0x0000019e18611800, 0x0000019e1861a800, 0x0000019e18618000, 0x0000019e1861c000,
0x0000019e18619000, 0x0000019e18619800, 0x0000019e1861b000, 0x0000019e145b2800,
0x0000019e145b5000, 0x0000019e145b3800, 0x0000019e145b1000, 0x0000019e145b1800,
0x0000019e145b4000, 0x0000019e145bb800, 0x0000019e145b6000, 0x0000019e145bc800,
0x0000019e145b7800, 0x0000019e145bd000, 0x0000019e145be000, 0x0000019e145b8000,
0x0000019e145bf000, 0x0000019e145bf800, 0x0000019e160c5000, 0x0000019e160bf800,
0x0000019e160cc000, 0x0000019e160cc800, 0x0000019e160c9800, 0x0000019e160ca000,
0x0000019e160cb000, 0x0000019e160c7000, 0x0000019e160cd800, 0x0000019e160c7800,
0x0000019e160ce000, 0x0000019e13b04800, 0x0000019e13b05800, 0x0000019e13b03000,
0x0000019e1827e000, 0x0000019e1827d000, 0x0000019e1827f000, 0x0000019e1827b000,
0x0000019e1827b800, 0x0000019e1827c800, 0x0000019e1827f800, 0x0000019e1827a000,
0x0000019e18286000, 0x0000019e18284800, 0x0000019e18280800, 0x0000019e18283000,
0x0000019e18282000, 0x0000019e18281800, 0x0000019e18283800, 0x0000019e18287000,
0x0000019e18288000, 0x0000019e1de53800, 0x0000019e1de54000, 0x0000019e1de55000,
0x0000019e1de4f800, 0x0000019e1de56000, 0x0000019e1de56800, 0x0000019e1de57800,
0x0000019e1de50000, 0x0000019e1de51000, 0x0000019e1de51800, 0x0000019e1de5e000,
0x0000019e1de58800, 0x0000019e1de5b800, 0x0000019e1de59000, 0x0000019e1de5a000,
0x0000019e1de5a800, 0x0000019e1de5c800, 0x0000019e1de5d000
}

Java Threads: ( => current thread )
  0x0000019e75631800 JavaThread "main" [_thread_blocked, id=6904, stack(0x0000003766d00000,0x0000003766e00000)]
  0x0000019e7fd86000 JavaThread "Reference Handler" daemon [_thread_blocked, id=1028, stack(0x0000003767400000,0x0000003767500000)]
  0x0000019e7fd90800 JavaThread "Finalizer" daemon [_thread_blocked, id=7444, stack(0x0000003767500000,0x0000003767600000)]
  0x0000019e7fda4000 JavaThread "Signal Dispatcher" daemon [_thread_blocked, id=11836, stack(0x0000003767600000,0x0000003767700000)]
  0x0000019e7fdea800 JavaThread "Attach Listener" daemon [_thread_blocked, id=2184, stack(0x0000003767700000,0x0000003767800000)]
  0x0000019e7fdeb000 JavaThread "Service Thread" daemon [_thread_blocked, id=7960, stack(0x0000003767800000,0x0000003767900000)]
=>0x0000019e7fdee000 JavaThread "C2 CompilerThread0" daemon [_thread_in_native, id=14356, stack(0x0000003767900000,0x0000003767a00000)]
  0x0000019e7fdf0000 JavaThread "C1 CompilerThread0" daemon [_thread_blocked, id=7108, stack(0x0000003767a00000,0x0000003767b00000)]
  0x0000019e13813000 JavaThread "Sweeper thread" daemon [_thread_blocked, id=1004, stack(0x0000003767b00000,0x0000003767c00000)]
  0x0000019e13927800 JavaThread "Common-Cleaner" daemon [_thread_blocked, id=9048, stack(0x0000003767c00000,0x0000003767d00000)]
  0x0000019e14c1a000 JavaThread "Daemon health stats" [_thread_blocked, id=10328, stack(0x0000003767f00000,0x0000003768000000)]
  0x0000019e151ce800 JavaThread "Incoming local TCP Connector on port 56524" [_thread_in_native, id=976, stack(0x0000003768000000,0x0000003768100000)]
  0x0000019e14c59800 JavaThread "Daemon periodic checks" [_thread_blocked, id=13380, stack(0x0000003768100000,0x0000003768200000)]
  0x0000019e13b02000 JavaThread "Cache worker for journal cache (C:\Users\User\.gradle\caches\journal-1)" [_thread_blocked, id=11244, stack(0x0000003768900000,0x0000003768a00000)]
  0x0000019e13b04000 JavaThread "File lock request listener" [_thread_in_native, id=6100, stack(0x0000003768c00000,0x0000003768d00000)]
  0x0000019e13b00800 JavaThread "Cache worker for file hash cache (C:\Users\User\.gradle\caches\7.5.1\fileHashes)" [_thread_blocked, id=4260, stack(0x0000003768d00000,0x0000003768e00000)]
  0x0000019e13aff800 JavaThread "File watcher server" daemon [_thread_in_native, id=13724, stack(0x0000003768e00000,0x0000003768f00000)]
  0x0000019e13b01800 JavaThread "File watcher consumer" daemon [_thread_blocked, id=6196, stack(0x0000003768f00000,0x0000003769000000)]
  0x0000019e13b06800 JavaThread "Cache worker for file content cache (C:\Users\User\.gradle\caches\7.5.1\fileContent)" [_thread_blocked, id=7416, stack(0x0000003769200000,0x0000003769300000)]
  0x0000019e160c3800 JavaThread "Cache worker for execution history cache (C:\Users\User\.gradle\caches\7.5.1\executionHistory)" [_thread_blocked, id=1672, stack(0x0000003769500000,0x0000003769600000)]
  0x0000019e160c3000 JavaThread "jar transforms" [_thread_blocked, id=12984, stack(0x0000003769600000,0x0000003769700000)]
  0x0000019e160c6000 JavaThread "jar transforms Thread 2" [_thread_blocked, id=12116, stack(0x0000003769700000,0x0000003769800000)]
  0x0000019e160c4800 JavaThread "jar transforms Thread 3" [_thread_blocked, id=12896, stack(0x0000003769800000,0x0000003769900000)]
  0x0000019e160c0800 JavaThread "jar transforms Thread 4" [_thread_blocked, id=12848, stack(0x0000003769900000,0x0000003769a00000)]
  0x0000019e160c8800 JavaThread "Cache worker for kotlin-dsl (C:\Users\User\.gradle\caches\7.5.1\kotlin-dsl)" [_thread_blocked, id=5620, stack(0x0000003769b00000,0x0000003769c00000)]
  0x0000019e18615800 JavaThread "Memory manager" [_thread_blocked, id=688, stack(0x000000376c100000,0x000000376c200000)]
  0x0000019e145b6800 JavaThread "pool-3-thread-1" [_thread_blocked, id=1132, stack(0x0000003766a00000,0x0000003766b00000)]
  0x0000019e145b9000 JavaThread "Monitor" [_thread_in_native, id=4984, stack(0x000000376d000000,0x000000376d100000)]
  0x0000019e145ba000 JavaThread "JdwpProxyConnection" [_thread_in_native, id=11592, stack(0x000000376d100000,0x000000376d200000)]
  0x0000019e145ba800 JavaThread "Device List Monitor" [_thread_in_native, id=13892, stack(0x000000376d200000,0x000000376d300000)]
  0x0000019e1860f000 JavaThread "Daemon Thread 2" [_thread_blocked, id=10300, stack(0x0000003766b00000,0x0000003766c00000)]
  0x0000019e18612000 JavaThread "Handler for socket connection from /127.0.0.1:56524 to /127.0.0.1:57310" [_thread_in_native, id=12100, stack(0x0000003766c00000,0x0000003766d00000)]
  0x0000019e18610000 JavaThread "Cancel handler" [_thread_blocked, id=692, stack(0x0000003768200000,0x0000003768300000)]
  0x0000019e18613000 JavaThread "Daemon worker Thread 2" [_thread_blocked, id=9972, stack(0x0000003768300000,0x0000003768400000)]
  0x0000019e1860d800 JavaThread "Asynchronous log dispatcher for DefaultDaemonConnection: socket connection from /127.0.0.1:56524 to /127.0.0.1:57310" [_thread_blocked, id=14684, stack(0x0000003768400000,0x0000003768500000)]
  0x0000019e18614000 JavaThread "Stdin handler" [_thread_blocked, id=7668, stack(0x0000003768500000,0x0000003768600000)]
  0x0000019e1860e000 JavaThread "Daemon client event forwarder" [_thread_blocked, id=240, stack(0x0000003768600000,0x0000003768700000)]
  0x0000019e18614800 JavaThread "Cache worker for checksums cache (C:\Users\User\ProjectMobileDevelopment\android\.gradle\7.5.1\checksums)" [_thread_blocked, id=9044, stack(0x0000003768700000,0x0000003768800000)]
  0x0000019e18610800 JavaThread "Cache worker for cache directory md-rule (C:\Users\User\.gradle\caches\7.5.1\md-rule)" [_thread_blocked, id=8572, stack(0x0000003768800000,0x0000003768900000)]
  0x0000019e18617000 JavaThread "Cache worker for file hash cache (C:\Users\User\ProjectMobileDevelopment\android\.gradle\7.5.1\fileHashes)" [_thread_blocked, id=13172, stack(0x0000003769000000,0x0000003769100000)]
  0x0000019e18611800 JavaThread "Cache worker for cache directory md-supplier (C:\Users\User\.gradle\caches\7.5.1\md-supplier)" [_thread_blocked, id=5424, stack(0x0000003769100000,0x0000003769200000)]
  0x0000019e1861a800 JavaThread "File lock release action executor Thread 2" [_thread_blocked, id=1956, stack(0x0000003769300000,0x0000003769400000)]
  0x0000019e18618000 JavaThread "Cache worker for dependencies-accessors (C:\Users\User\ProjectMobileDevelopment\android\.gradle\7.5.1\dependencies-accessors)" [_thread_blocked, id=8016, stack(0x0000003769400000,0x0000003769500000)]
  0x0000019e1861c000 JavaThread "Cache worker for Build Output Cleanup Cache (C:\Users\User\ProjectMobileDevelopment\node_modules\react-native-gradle-plugin\.gradle\buildOutputCleanup)" [_thread_blocked, id=7056, stack(0x0000003769a00000,0x0000003769b00000)]
  0x0000019e18619000 JavaThread "Unconstrained build operations" [_thread_blocked, id=13660, stack(0x0000003769c00000,0x0000003769d00000)]
  0x0000019e18619800 JavaThread "Unconstrained build operations Thread 2" [_thread_blocked, id=8436, stack(0x0000003769d00000,0x0000003769e00000)]
  0x0000019e1861b000 JavaThread "Unconstrained build operations Thread 3" [_thread_blocked, id=12660, stack(0x0000003769e00000,0x0000003769f00000)]
  0x0000019e145b2800 JavaThread "Unconstrained build operations Thread 4" [_thread_blocked, id=10812, stack(0x0000003769f00000,0x000000376a000000)]
  0x0000019e145b5000 JavaThread "Unconstrained build operations Thread 5" [_thread_blocked, id=8224, stack(0x000000376a000000,0x000000376a100000)]
  0x0000019e145b3800 JavaThread "Unconstrained build operations Thread 6" [_thread_blocked, id=1352, stack(0x000000376a100000,0x000000376a200000)]
  0x0000019e145b1000 JavaThread "Unconstrained build operations Thread 7" [_thread_blocked, id=10740, stack(0x000000376a200000,0x000000376a300000)]
  0x0000019e145b1800 JavaThread "Unconstrained build operations Thread 8" [_thread_blocked, id=10012, stack(0x000000376a300000,0x000000376a400000)]
  0x0000019e145b4000 JavaThread "Unconstrained build operations Thread 9" [_thread_blocked, id=2112, stack(0x000000376a400000,0x000000376a500000)]
  0x0000019e145bb800 JavaThread "Unconstrained build operations Thread 10" [_thread_blocked, id=3408, stack(0x000000376a500000,0x000000376a600000)]
  0x0000019e145b6000 JavaThread "Unconstrained build operations Thread 11" [_thread_blocked, id=1976, stack(0x000000376a600000,0x000000376a700000)]
  0x0000019e145bc800 JavaThread "Unconstrained build operations Thread 12" [_thread_blocked, id=11400, stack(0x000000376a700000,0x000000376a800000)]
  0x0000019e145b7800 JavaThread "Unconstrained build operations Thread 13" [_thread_blocked, id=9896, stack(0x000000376a800000,0x000000376a900000)]
  0x0000019e145bd000 JavaThread "Unconstrained build operations Thread 14" [_thread_blocked, id=6828, stack(0x000000376a900000,0x000000376aa00000)]
  0x0000019e145be000 JavaThread "Unconstrained build operations Thread 15" [_thread_blocked, id=8180, stack(0x000000376aa00000,0x000000376ab00000)]
  0x0000019e145b8000 JavaThread "Unconstrained build operations Thread 16" [_thread_blocked, id=8876, stack(0x000000376ab00000,0x000000376ac00000)]
  0x0000019e145bf000 JavaThread "Unconstrained build operations Thread 17" [_thread_blocked, id=8544, stack(0x000000376ac00000,0x000000376ad00000)]
  0x0000019e145bf800 JavaThread "Unconstrained build operations Thread 18" [_thread_blocked, id=9324, stack(0x000000376ad00000,0x000000376ae00000)]
  0x0000019e160c5000 JavaThread "Unconstrained build operations Thread 19" [_thread_blocked, id=2400, stack(0x000000376ae00000,0x000000376af00000)]
  0x0000019e160bf800 JavaThread "Unconstrained build operations Thread 20" [_thread_blocked, id=15236, stack(0x000000376af00000,0x000000376b000000)]
  0x0000019e160cc000 JavaThread "Unconstrained build operations Thread 21" [_thread_blocked, id=9536, stack(0x000000376b000000,0x000000376b100000)]
  0x0000019e160cc800 JavaThread "Unconstrained build operations Thread 22" [_thread_blocked, id=9912, stack(0x000000376b100000,0x000000376b200000)]
  0x0000019e160c9800 JavaThread "Unconstrained build operations Thread 23" [_thread_blocked, id=4920, stack(0x000000376b200000,0x000000376b300000)]
  0x0000019e160ca000 JavaThread "Unconstrained build operations Thread 24" [_thread_blocked, id=11788, stack(0x000000376b300000,0x000000376b400000)]
  0x0000019e160cb000 JavaThread "Unconstrained build operations Thread 25" [_thread_blocked, id=10512, stack(0x000000376b400000,0x000000376b500000)]
  0x0000019e160c7000 JavaThread "Unconstrained build operations Thread 26" [_thread_blocked, id=9748, stack(0x000000376b500000,0x000000376b600000)]
  0x0000019e160cd800 JavaThread "Unconstrained build operations Thread 27" [_thread_blocked, id=6472, stack(0x000000376b600000,0x000000376b700000)]
  0x0000019e160c7800 JavaThread "Unconstrained build operations Thread 28" [_thread_blocked, id=14832, stack(0x000000376b700000,0x000000376b800000)]
  0x0000019e160ce000 JavaThread "Unconstrained build operations Thread 29" [_thread_blocked, id=6204, stack(0x000000376b800000,0x000000376b900000)]
  0x0000019e13b04800 JavaThread "Unconstrained build operations Thread 30" [_thread_blocked, id=13568, stack(0x000000376b900000,0x000000376ba00000)]
  0x0000019e13b05800 JavaThread "Unconstrained build operations Thread 31" [_thread_blocked, id=5508, stack(0x000000376ba00000,0x000000376bb00000)]
  0x0000019e13b03000 JavaThread "Unconstrained build operations Thread 32" [_thread_blocked, id=7052, stack(0x000000376bb00000,0x000000376bc00000)]
  0x0000019e1827e000 JavaThread "Unconstrained build operations Thread 33" [_thread_blocked, id=7004, stack(0x000000376bc00000,0x000000376bd00000)]
  0x0000019e1827d000 JavaThread "build event listener" [_thread_blocked, id=11648, stack(0x000000376bd00000,0x000000376be00000)]
  0x0000019e1827f000 JavaThread "Cache worker for Build Output Cleanup Cache (C:\Users\User\ProjectMobileDevelopment\android\.gradle\buildOutputCleanup)" [_thread_blocked, id=8064, stack(0x000000376be00000,0x000000376bf00000)]
  0x0000019e1827b000 JavaThread "Execution worker" [_thread_blocked, id=11780, stack(0x000000376c000000,0x000000376c100000)]
  0x0000019e1827b800 JavaThread "Execution worker Thread 2" [_thread_in_Java, id=10608, stack(0x000000376c200000,0x000000376c300000)]
  0x0000019e1827c800 JavaThread "Execution worker Thread 3" [_thread_blocked, id=10644, stack(0x000000376c300000,0x000000376c400000)]
  0x0000019e1827f800 JavaThread "Cache worker for execution history cache (C:\Users\User\ProjectMobileDevelopment\node_modules\react-native-gradle-plugin\.gradle\7.5.1\executionHistory)" [_thread_blocked, id=7000, stack(0x000000376c400000,0x000000376c500000)]
  0x0000019e1827a000 JavaThread "Unconstrained build operations Thread 34" [_thread_blocked, id=1316, stack(0x000000376c500000,0x000000376c600000)]
  0x0000019e18286000 JavaThread "Unconstrained build operations Thread 35" [_thread_blocked, id=704, stack(0x000000376c600000,0x000000376c700000)]
  0x0000019e18284800 JavaThread "Unconstrained build operations Thread 36" [_thread_blocked, id=3292, stack(0x000000376c700000,0x000000376c800000)]
  0x0000019e18280800 JavaThread "Unconstrained build operations Thread 37" [_thread_blocked, id=1948, stack(0x000000376c800000,0x000000376c900000)]
  0x0000019e18283000 JavaThread "Unconstrained build operations Thread 38" [_thread_blocked, id=11728, stack(0x000000376c900000,0x000000376ca00000)]
  0x0000019e18282000 JavaThread "Unconstrained build operations Thread 39" [_thread_blocked, id=14120, stack(0x000000376ca00000,0x000000376cb00000)]
  0x0000019e18281800 JavaThread "Unconstrained build operations Thread 40" [_thread_blocked, id=4684, stack(0x000000376cb00000,0x000000376cc00000)]
  0x0000019e18283800 JavaThread "RMI Scheduler(0)" daemon [_thread_blocked, id=11928, stack(0x000000376cc00000,0x000000376cd00000)]
  0x0000019e18287000 JavaThread "RMI GC Daemon" daemon [_thread_blocked, id=2872, stack(0x000000376ce00000,0x000000376cf00000)]
  0x0000019e18288000 JavaThread "RMI TCP Accept-0" daemon [_thread_in_native, id=5080, stack(0x000000376cf00000,0x000000376d000000)]
  0x0000019e1de53800 JavaThread "RMI Reaper" [_thread_blocked, id=5076, stack(0x000000376d300000,0x000000376d400000)]
  0x0000019e1de54000 JavaThread "pool-6-thread-1" [_thread_blocked, id=5600, stack(0x000000376bf00000,0x000000376c000000)]
  0x0000019e1de55000 JavaThread "build event listener" [_thread_blocked, id=8112, stack(0x000000376cd00000,0x000000376ce00000)]
  0x0000019e1de4f800 JavaThread "included builds Thread 2" [_thread_blocked, id=9700, stack(0x000000376d500000,0x000000376d600000)]
  0x0000019e1de56000 JavaThread "Cache worker for execution history cache (C:\Users\User\ProjectMobileDevelopment\android\.gradle\7.5.1\executionHistory)" [_thread_blocked, id=9484, stack(0x000000376d600000,0x000000376d700000)]
  0x0000019e1de56800 JavaThread "WorkerExecutor Queue" [_thread_in_native, id=3988, stack(0x000000376d700000,0x000000376d800000)]
  0x0000019e1de57800 JavaThread "WorkerExecutor Queue Thread 4" [_thread_blocked, id=8020, stack(0x000000376da00000,0x000000376db00000)]
  0x0000019e1de50000 JavaThread "WorkerExecutor Queue Thread 5" [_thread_blocked, id=2528, stack(0x000000376db00000,0x000000376dc00000)]
  0x0000019e1de51000 JavaThread "WorkerExecutor Queue Thread 6" [_thread_blocked, id=13244, stack(0x000000376d800000,0x000000376d900000)]
  0x0000019e1de51800 JavaThread "RMI RenewClean-[127.0.0.1:17520,org.jetbrains.kotlin.daemon.common.LoopbackNetworkInterface$ClientLoopbackSocketFactory@4ad5fb4c]" daemon [_thread_blocked, id=1548, stack(0x000000376d400000,0x000000376d500000)]
  0x0000019e1de5e000 JavaThread "RMI TCP Accept-0" daemon [_thread_in_native, id=13328, stack(0x000000376d900000,0x000000376da00000)]
  0x0000019e1de58800 JavaThread "RMI TCP Connection(idle)" daemon [_thread_blocked, id=11980, stack(0x000000376dc00000,0x000000376dd00000)]
  0x0000019e1de5b800 JavaThread "pool-7-thread-1" [_thread_blocked, id=8556, stack(0x000000376dd00000,0x000000376de00000)]
  0x0000019e1de59000 JavaThread "stderr" [_thread_in_native, id=9908, stack(0x000000376de00000,0x000000376df00000)]
  0x0000019e1de5a000 JavaThread "stdout" [_thread_in_native, id=4012, stack(0x000000376df00000,0x000000376e000000)]
  0x0000019e1de5a800 JavaThread "Cache worker for Java compile cache (C:\Users\User\.gradle\caches\7.5.1\javaCompile)" [_thread_blocked, id=6620, stack(0x000000376e000000,0x000000376e100000)]
  0x0000019e1de5c800 JavaThread "Thread-147" [_thread_in_native, id=13920, stack(0x000000376e100000,0x000000376e200000)]
  0x0000019e1de5d000 JavaThread "Thread-148" [_thread_in_native, id=1376, stack(0x000000376e200000,0x000000376e300000)]

Other Threads:
  0x0000019e7fd7f000 VMThread "VM Thread" [stack: 0x0000003767300000,0x0000003767400000] [id=2856]
  0x0000019e13964800 WatcherThread [stack: 0x0000003767d00000,0x0000003767e00000] [id=6860]
  0x0000019e75647000 GCTaskThread "GC Thread#0" [stack: 0x0000003766e00000,0x0000003766f00000] [id=4224]
  0x0000019e13d32000 GCTaskThread "GC Thread#1" [stack: 0x0000003767e00000,0x0000003767f00000] [id=2256]
  0x0000019e15647800 GCTaskThread "GC Thread#2" [stack: 0x0000003768a00000,0x0000003768b00000] [id=14636]
  0x0000019e13cb2000 GCTaskThread "GC Thread#3" [stack: 0x0000003768b00000,0x0000003768c00000] [id=11916]
  0x0000019e75677800 ConcurrentGCThread "G1 Main Marker" [stack: 0x0000003766f00000,0x0000003767000000] [id=12108]
  0x0000019e75679000 ConcurrentGCThread "G1 Conc#0" [stack: 0x0000003767000000,0x0000003767100000] [id=10704]
  0x0000019e756be000 ConcurrentGCThread "G1 Refine#0" [stack: 0x0000003767100000,0x0000003767200000] [id=12580]
  0x0000019e756bf000 ConcurrentGCThread "G1 Young RemSet Sampling" [stack: 0x0000003767200000,0x0000003767300000] [id=1380]

Threads with active compile tasks:
C2 CompilerThread0  1754951 22955   !   4       com.sun.tools.javac.parser.JavaTokenizer::readToken (2179 bytes)

VM state:not at safepoint (normal execution)

VM Mutex/Monitor currently owned by a thread: None

Heap address: 0x0000000080000000, size: 2048 MB, Compressed Oops mode: 32-bit
Narrow klass base: 0x0000000000000000, Narrow klass shift: 3
Compressed class space size: 528482304 Address: 0x0000000100000000

Heap:
 garbage-first heap   total 278528K, used 190026K [0x0000000080000000, 0x0000000100000000)
  region size 1024K, 8 young (8192K), 4 survivors (4096K)
 Metaspace       used 164163K, capacity 168430K, committed 168704K, reserved 663552K
  class space    used 20799K, capacity 22453K, committed 22528K, reserved 516096K
Heap Regions: E=young(eden), S=young(survivor), O=old, HS=humongous(starts), HC=humongous(continues), CS=collection set, F=free, A=archive, TAMS=top-at-mark-start (previous, next)
|   0|0x0000000080000000, 0x0000000080100000, 0x0000000080100000|100%|HS|  |TAMS 0x0000000080100000, 0x0000000080000000| Complete 
|   1|0x0000000080100000, 0x0000000080200000, 0x0000000080200000|100%|HC|  |TAMS 0x0000000080200000, 0x0000000080100000| Complete 
|   2|0x0000000080200000, 0x0000000080300000, 0x0000000080300000|100%|HC|  |TAMS 0x0000000080300000, 0x0000000080200000| Complete 
|   3|0x0000000080300000, 0x0000000080400000, 0x0000000080400000|100%| O|  |TAMS 0x0000000080400000, 0x0000000080300000| Untracked 
|   4|0x0000000080400000, 0x0000000080500000, 0x0000000080500000|100%| O|  |TAMS 0x0000000080500000, 0x0000000080400000| Untracked 
|   5|0x0000000080500000, 0x0000000080600000, 0x0000000080600000|100%| O|  |TAMS 0x0000000080600000, 0x0000000080500000| Untracked 
|   6|0x0000000080600000, 0x0000000080700000, 0x0000000080700000|100%| O|  |TAMS 0x0000000080700000, 0x0000000080600000| Untracked 
|   7|0x0000000080700000, 0x0000000080800000, 0x0000000080800000|100%| O|  |TAMS 0x0000000080800000, 0x0000000080700000| Untracked 
|   8|0x0000000080800000, 0x0000000080900000, 0x0000000080900000|100%| O|  |TAMS 0x0000000080900000, 0x0000000080800000| Untracked 
|   9|0x0000000080900000, 0x0000000080a00000, 0x0000000080a00000|100%| O|  |TAMS 0x0000000080a00000, 0x0000000080900000| Untracked 
|  10|0x0000000080a00000, 0x0000000080b00000, 0x0000000080b00000|100%| O|  |TAMS 0x0000000080b00000, 0x0000000080a00000| Untracked 
|  11|0x0000000080b00000, 0x0000000080c00000, 0x0000000080c00000|100%| O|  |TAMS 0x0000000080c00000, 0x0000000080b00000| Untracked 
|  12|0x0000000080c00000, 0x0000000080d00000, 0x0000000080d00000|100%| O|  |TAMS 0x0000000080d00000, 0x0000000080c00000| Untracked 
|  13|0x0000000080d00000, 0x0000000080e00000, 0x0000000080e00000|100%| O|  |TAMS 0x0000000080e00000, 0x0000000080d00000| Untracked 
|  14|0x0000000080e00000, 0x0000000080f00000, 0x0000000080f00000|100%| O|  |TAMS 0x0000000080f00000, 0x0000000080e00000| Untracked 
|  15|0x0000000080f00000, 0x0000000081000000, 0x0000000081000000|100%| O|  |TAMS 0x0000000081000000, 0x0000000080f00000| Untracked 
|  16|0x0000000081000000, 0x0000000081100000, 0x0000000081100000|100%| O|  |TAMS 0x0000000081100000, 0x0000000081000000| Untracked 
|  17|0x0000000081100000, 0x0000000081200000, 0x0000000081200000|100%| O|  |TAMS 0x0000000081200000, 0x0000000081100000| Untracked 
|  18|0x0000000081200000, 0x0000000081300000, 0x0000000081300000|100%| O|  |TAMS 0x0000000081300000, 0x0000000081200000| Untracked 
|  19|0x0000000081300000, 0x0000000081400000, 0x0000000081400000|100%| O|  |TAMS 0x0000000081400000, 0x0000000081300000| Untracked 
|  20|0x0000000081400000, 0x0000000081500000, 0x0000000081500000|100%| O|  |TAMS 0x0000000081500000, 0x0000000081400000| Untracked 
|  21|0x0000000081500000, 0x0000000081600000, 0x0000000081600000|100%|HS|  |TAMS 0x0000000081600000, 0x0000000081500000| Complete 
|  22|0x0000000081600000, 0x0000000081700000, 0x0000000081700000|100%| O|  |TAMS 0x0000000081700000, 0x0000000081600000| Untracked 
|  23|0x0000000081700000, 0x0000000081800000, 0x0000000081800000|100%| O|  |TAMS 0x0000000081800000, 0x0000000081700000| Untracked 
|  24|0x0000000081800000, 0x0000000081900000, 0x0000000081900000|100%| O|  |TAMS 0x0000000081900000, 0x0000000081800000| Untracked 
|  25|0x0000000081900000, 0x0000000081a00000, 0x0000000081a00000|100%| O|  |TAMS 0x0000000081a00000, 0x0000000081900000| Untracked 
|  26|0x0000000081a00000, 0x0000000081b00000, 0x0000000081b00000|100%| O|  |TAMS 0x0000000081b00000, 0x0000000081a00000| Untracked 
|  27|0x0000000081b00000, 0x0000000081c00000, 0x0000000081c00000|100%| O|  |TAMS 0x0000000081c00000, 0x0000000081b00000| Untracked 
|  28|0x0000000081c00000, 0x0000000081d00000, 0x0000000081d00000|100%| O|  |TAMS 0x0000000081d00000, 0x0000000081c00000| Untracked 
|  29|0x0000000081d00000, 0x0000000081e00000, 0x0000000081e00000|100%| O|  |TAMS 0x0000000081e00000, 0x0000000081d00000| Untracked 
|  30|0x0000000081e00000, 0x0000000081f00000, 0x0000000081f00000|100%| O|  |TAMS 0x0000000081f00000, 0x0000000081e00000| Untracked 
|  31|0x0000000081f00000, 0x0000000082000000, 0x0000000082000000|100%| O|  |TAMS 0x0000000082000000, 0x0000000081f00000| Untracked 
|  32|0x0000000082000000, 0x0000000082100000, 0x0000000082100000|100%| O|  |TAMS 0x0000000082100000, 0x0000000082000000| Untracked 
|  33|0x0000000082100000, 0x0000000082200000, 0x0000000082200000|100%|HS|  |TAMS 0x0000000082200000, 0x0000000082100000| Complete 
|  34|0x0000000082200000, 0x0000000082300000, 0x0000000082300000|100%|HS|  |TAMS 0x0000000082300000, 0x0000000082200000| Complete 
|  35|0x0000000082300000, 0x0000000082400000, 0x0000000082400000|100%|HC|  |TAMS 0x0000000082400000, 0x0000000082300000| Complete 
|  36|0x0000000082400000, 0x0000000082500000, 0x0000000082500000|100%|HC|  |TAMS 0x0000000082500000, 0x0000000082400000| Complete 
|  37|0x0000000082500000, 0x0000000082600000, 0x0000000082600000|100%| O|  |TAMS 0x0000000082600000, 0x0000000082500000| Untracked 
|  38|0x0000000082600000, 0x0000000082700000, 0x0000000082700000|100%| O|  |TAMS 0x0000000082700000, 0x0000000082600000| Untracked 
|  39|0x0000000082700000, 0x0000000082800000, 0x0000000082800000|100%| O|  |TAMS 0x0000000082800000, 0x0000000082700000| Untracked 
|  40|0x0000000082800000, 0x0000000082900000, 0x0000000082900000|100%| O|  |TAMS 0x0000000082900000, 0x0000000082800000| Untracked 
|  41|0x0000000082900000, 0x0000000082a00000, 0x0000000082a00000|100%| O|  |TAMS 0x0000000082a00000, 0x0000000082900000| Untracked 
|  42|0x0000000082a00000, 0x0000000082b00000, 0x0000000082b00000|100%| O|  |TAMS 0x0000000082b00000, 0x0000000082a00000| Untracked 
|  43|0x0000000082b00000, 0x0000000082c00000, 0x0000000082c00000|100%| O|  |TAMS 0x0000000082c00000, 0x0000000082b00000| Untracked 
|  44|0x0000000082c00000, 0x0000000082d00000, 0x0000000082d00000|100%| O|  |TAMS 0x0000000082d00000, 0x0000000082c00000| Untracked 
|  45|0x0000000082d00000, 0x0000000082e00000, 0x0000000082e00000|100%| O|  |TAMS 0x0000000082e00000, 0x0000000082d00000| Untracked 
|  46|0x0000000082e00000, 0x0000000082f00000, 0x0000000082f00000|100%| O|  |TAMS 0x0000000082f00000, 0x0000000082e00000| Untracked 
|  47|0x0000000082f00000, 0x0000000083000000, 0x0000000083000000|100%| O|  |TAMS 0x0000000083000000, 0x0000000082f00000| Untracked 
|  48|0x0000000083000000, 0x0000000083100000, 0x0000000083100000|100%| O|  |TAMS 0x0000000083100000, 0x0000000083000000| Untracked 
|  49|0x0000000083100000, 0x0000000083200000, 0x0000000083200000|100%|HS|  |TAMS 0x0000000083200000, 0x0000000083100000| Complete 
|  50|0x0000000083200000, 0x0000000083300000, 0x0000000083300000|100%|HS|  |TAMS 0x0000000083300000, 0x0000000083200000| Complete 
|  51|0x0000000083300000, 0x0000000083400000, 0x0000000083400000|100%| O|  |TAMS 0x0000000083400000, 0x0000000083300000| Untracked 
|  52|0x0000000083400000, 0x0000000083500000, 0x0000000083500000|100%|HS|  |TAMS 0x0000000083500000, 0x0000000083400000| Complete 
|  53|0x0000000083500000, 0x0000000083600000, 0x0000000083600000|100%|HC|  |TAMS 0x0000000083600000, 0x0000000083500000| Complete 
|  54|0x0000000083600000, 0x0000000083700000, 0x0000000083700000|100%| O|  |TAMS 0x0000000083700000, 0x0000000083600000| Untracked 
|  55|0x0000000083700000, 0x0000000083800000, 0x0000000083800000|100%| O|  |TAMS 0x0000000083800000, 0x0000000083700000| Untracked 
|  56|0x0000000083800000, 0x0000000083900000, 0x0000000083900000|100%| O|  |TAMS 0x0000000083900000, 0x0000000083800000| Untracked 
|  57|0x0000000083900000, 0x0000000083a00000, 0x0000000083a00000|100%| O|  |TAMS 0x0000000083a00000, 0x0000000083900000| Untracked 
|  58|0x0000000083a00000, 0x0000000083b00000, 0x0000000083b00000|100%| O|  |TAMS 0x0000000083b00000, 0x0000000083a00000| Untracked 
|  59|0x0000000083b00000, 0x0000000083c00000, 0x0000000083c00000|100%| O|  |TAMS 0x0000000083c00000, 0x0000000083b00000| Untracked 
|  60|0x0000000083c00000, 0x0000000083d00000, 0x0000000083d00000|100%| O|  |TAMS 0x0000000083d00000, 0x0000000083c00000| Untracked 
|  61|0x0000000083d00000, 0x0000000083e00000, 0x0000000083e00000|100%| O|  |TAMS 0x0000000083e00000, 0x0000000083d00000| Untracked 
|  62|0x0000000083e00000, 0x0000000083f00000, 0x0000000083f00000|100%| O|  |TAMS 0x0000000083f00000, 0x0000000083e00000| Untracked 
|  63|0x0000000083f00000, 0x0000000084000000, 0x0000000084000000|100%| O|  |TAMS 0x0000000084000000, 0x0000000083f00000| Untracked 
|  64|0x0000000084000000, 0x0000000084100000, 0x0000000084100000|100%| O|  |TAMS 0x0000000084100000, 0x0000000084000000| Untracked 
|  65|0x0000000084100000, 0x0000000084200000, 0x0000000084200000|100%| O|  |TAMS 0x0000000084200000, 0x0000000084100000| Untracked 
|  66|0x0000000084200000, 0x0000000084300000, 0x0000000084300000|100%| O|  |TAMS 0x0000000084300000, 0x0000000084200000| Untracked 
|  67|0x0000000084300000, 0x0000000084400000, 0x0000000084400000|100%| O|  |TAMS 0x0000000084400000, 0x0000000084300000| Untracked 
|  68|0x0000000084400000, 0x0000000084500000, 0x0000000084500000|100%| O|  |TAMS 0x0000000084500000, 0x0000000084400000| Untracked 
|  69|0x0000000084500000, 0x0000000084600000, 0x0000000084600000|100%| O|  |TAMS 0x0000000084600000, 0x0000000084500000| Untracked 
|  70|0x0000000084600000, 0x0000000084700000, 0x0000000084700000|100%| O|  |TAMS 0x0000000084700000, 0x0000000084600000| Untracked 
|  71|0x0000000084700000, 0x0000000084800000, 0x0000000084800000|100%| O|  |TAMS 0x0000000084800000, 0x0000000084700000| Untracked 
|  72|0x0000000084800000, 0x0000000084900000, 0x0000000084900000|100%| O|  |TAMS 0x0000000084900000, 0x0000000084800000| Untracked 
|  73|0x0000000084900000, 0x0000000084a00000, 0x0000000084a00000|100%| O|  |TAMS 0x0000000084a00000, 0x0000000084900000| Untracked 
|  74|0x0000000084a00000, 0x0000000084b00000, 0x0000000084b00000|100%| O|  |TAMS 0x0000000084b00000, 0x0000000084a00000| Untracked 
|  75|0x0000000084b00000, 0x0000000084c00000, 0x0000000084c00000|100%| O|  |TAMS 0x0000000084c00000, 0x0000000084b00000| Untracked 
|  76|0x0000000084c00000, 0x0000000084d00000, 0x0000000084d00000|100%| O|  |TAMS 0x0000000084d00000, 0x0000000084c00000| Untracked 
|  77|0x0000000084d00000, 0x0000000084e00000, 0x0000000084e00000|100%| O|  |TAMS 0x0000000084e00000, 0x0000000084d00000| Untracked 
|  78|0x0000000084e00000, 0x0000000084f00000, 0x0000000084f00000|100%| O|  |TAMS 0x0000000084f00000, 0x0000000084e00000| Untracked 
|  79|0x0000000084f00000, 0x0000000085000000, 0x0000000085000000|100%| O|  |TAMS 0x0000000085000000, 0x0000000084f00000| Untracked 
|  80|0x0000000085000000, 0x0000000085100000, 0x0000000085100000|100%| O|  |TAMS 0x0000000085100000, 0x0000000085000000| Untracked 
|  81|0x0000000085100000, 0x0000000085200000, 0x0000000085200000|100%| O|  |TAMS 0x0000000085200000, 0x0000000085100000| Untracked 
|  82|0x0000000085200000, 0x0000000085300000, 0x0000000085300000|100%| O|  |TAMS 0x0000000085300000, 0x0000000085200000| Untracked 
|  83|0x0000000085300000, 0x0000000085400000, 0x0000000085400000|100%| O|  |TAMS 0x0000000085400000, 0x0000000085300000| Untracked 
|  84|0x0000000085400000, 0x0000000085500000, 0x0000000085500000|100%| O|  |TAMS 0x0000000085500000, 0x0000000085400000| Untracked 
|  85|0x0000000085500000, 0x0000000085600000, 0x0000000085600000|100%| O|  |TAMS 0x0000000085600000, 0x0000000085500000| Untracked 
|  86|0x0000000085600000, 0x0000000085700000, 0x0000000085700000|100%| O|  |TAMS 0x0000000085700000, 0x0000000085600000| Untracked 
|  87|0x0000000085700000, 0x0000000085800000, 0x0000000085800000|100%| O|  |TAMS 0x0000000085800000, 0x0000000085700000| Untracked 
|  88|0x0000000085800000, 0x0000000085900000, 0x0000000085900000|100%| O|  |TAMS 0x0000000085900000, 0x0000000085800000| Untracked 
|  89|0x0000000085900000, 0x0000000085a00000, 0x0000000085a00000|100%| O|  |TAMS 0x0000000085a00000, 0x0000000085900000| Untracked 
|  90|0x0000000085a00000, 0x0000000085b00000, 0x0000000085b00000|100%| O|  |TAMS 0x0000000085b00000, 0x0000000085a00000| Untracked 
|  91|0x0000000085b00000, 0x0000000085c00000, 0x0000000085c00000|100%| O|  |TAMS 0x0000000085c00000, 0x0000000085b00000| Untracked 
|  92|0x0000000085c00000, 0x0000000085d00000, 0x0000000085d00000|100%| O|  |TAMS 0x0000000085d00000, 0x0000000085c00000| Untracked 
|  93|0x0000000085d00000, 0x0000000085e00000, 0x0000000085e00000|100%| O|  |TAMS 0x0000000085e00000, 0x0000000085d00000| Untracked 
|  94|0x0000000085e00000, 0x0000000085f00000, 0x0000000085f00000|100%| O|  |TAMS 0x0000000085f00000, 0x0000000085e00000| Untracked 
|  95|0x0000000085f00000, 0x0000000086000000, 0x0000000086000000|100%| O|  |TAMS 0x0000000086000000, 0x0000000085f00000| Untracked 
|  96|0x0000000086000000, 0x0000000086100000, 0x0000000086100000|100%| O|  |TAMS 0x0000000086100000, 0x0000000086000000| Untracked 
|  97|0x0000000086100000, 0x0000000086200000, 0x0000000086200000|100%| O|  |TAMS 0x0000000086200000, 0x0000000086100000| Untracked 
|  98|0x0000000086200000, 0x0000000086300000, 0x0000000086300000|100%| O|  |TAMS 0x0000000086300000, 0x0000000086200000| Untracked 
|  99|0x0000000086300000, 0x0000000086400000, 0x0000000086400000|100%| O|  |TAMS 0x0000000086400000, 0x0000000086300000| Untracked 
| 100|0x0000000086400000, 0x0000000086500000, 0x0000000086500000|100%| O|  |TAMS 0x0000000086500000, 0x0000000086400000| Untracked 
| 101|0x0000000086500000, 0x0000000086600000, 0x0000000086600000|100%| O|  |TAMS 0x0000000086600000, 0x0000000086500000| Untracked 
| 102|0x0000000086600000, 0x0000000086700000, 0x0000000086700000|100%| O|  |TAMS 0x0000000086700000, 0x0000000086600000| Untracked 
| 103|0x0000000086700000, 0x0000000086800000, 0x0000000086800000|100%| O|  |TAMS 0x0000000086800000, 0x0000000086700000| Untracked 
| 104|0x0000000086800000, 0x0000000086900000, 0x0000000086900000|100%| O|  |TAMS 0x0000000086900000, 0x0000000086800000| Untracked 
| 105|0x0000000086900000, 0x0000000086a00000, 0x0000000086a00000|100%|HS|  |TAMS 0x0000000086a00000, 0x0000000086900000| Complete 
| 106|0x0000000086a00000, 0x0000000086b00000, 0x0000000086b00000|100%| O|  |TAMS 0x0000000086b00000, 0x0000000086a00000| Untracked 
| 107|0x0000000086b00000, 0x0000000086c00000, 0x0000000086c00000|100%| O|  |TAMS 0x0000000086c00000, 0x0000000086b00000| Untracked 
| 108|0x0000000086c00000, 0x0000000086d00000, 0x0000000086d00000|100%| O|  |TAMS 0x0000000086d00000, 0x0000000086c00000| Untracked 
| 109|0x0000000086d00000, 0x0000000086e00000, 0x0000000086e00000|100%| O|  |TAMS 0x0000000086e00000, 0x0000000086d00000| Untracked 
| 110|0x0000000086e00000, 0x0000000086f00000, 0x0000000086f00000|100%| O|  |TAMS 0x0000000086f00000, 0x0000000086e00000| Untracked 
| 111|0x0000000086f00000, 0x0000000087000000, 0x0000000087000000|100%| O|  |TAMS 0x0000000087000000, 0x0000000086f00000| Untracked 
| 112|0x0000000087000000, 0x0000000087000000, 0x0000000087100000|  0%| F|  |TAMS 0x0000000087000000, 0x0000000087000000| Untracked 
| 113|0x0000000087100000, 0x0000000087200000, 0x0000000087200000|100%| O|  |TAMS 0x0000000087200000, 0x0000000087100000| Untracked 
| 114|0x0000000087200000, 0x0000000087300000, 0x0000000087300000|100%|HS|  |TAMS 0x0000000087300000, 0x0000000087200000| Complete 
| 115|0x0000000087300000, 0x0000000087400000, 0x0000000087400000|100%|HC|  |TAMS 0x0000000087400000, 0x0000000087300000| Complete 
| 116|0x0000000087400000, 0x0000000087500000, 0x0000000087500000|100%|HC|  |TAMS 0x0000000087500000, 0x0000000087400000| Complete 
| 117|0x0000000087500000, 0x0000000087600000, 0x0000000087600000|100%| O|  |TAMS 0x0000000087600000, 0x0000000087500000| Untracked 
| 118|0x0000000087600000, 0x0000000087700000, 0x0000000087700000|100%| O|  |TAMS 0x0000000087700000, 0x0000000087600000| Untracked 
| 119|0x0000000087700000, 0x0000000087800000, 0x0000000087800000|100%| O|  |TAMS 0x0000000087800000, 0x0000000087700000| Untracked 
| 120|0x0000000087800000, 0x0000000087900000, 0x0000000087900000|100%| O|  |TAMS 0x0000000087900000, 0x0000000087800000| Untracked 
| 121|0x0000000087900000, 0x0000000087a00000, 0x0000000087a00000|100%| O|  |TAMS 0x0000000087a00000, 0x0000000087900000| Untracked 
| 122|0x0000000087a00000, 0x0000000087b00000, 0x0000000087b00000|100%| O|  |TAMS 0x0000000087b00000, 0x0000000087a00000| Untracked 
| 123|0x0000000087b00000, 0x0000000087c00000, 0x0000000087c00000|100%| O|  |TAMS 0x0000000087c00000, 0x0000000087b00000| Untracked 
| 124|0x0000000087c00000, 0x0000000087d00000, 0x0000000087d00000|100%| O|  |TAMS 0x0000000087d00000, 0x0000000087c00000| Untracked 
| 125|0x0000000087d00000, 0x0000000087e00000, 0x0000000087e00000|100%| O|  |TAMS 0x0000000087e00000, 0x0000000087d00000| Untracked 
| 126|0x0000000087e00000, 0x0000000087f00000, 0x0000000087f00000|100%| O|  |TAMS 0x0000000087f00000, 0x0000000087e00000| Untracked 
| 127|0x0000000087f00000, 0x0000000088000000, 0x0000000088000000|100%| O|  |TAMS 0x0000000088000000, 0x0000000087f00000| Untracked 
| 128|0x0000000088000000, 0x0000000088100000, 0x0000000088100000|100%| O|  |TAMS 0x0000000088100000, 0x0000000088000000| Untracked 
| 129|0x0000000088100000, 0x0000000088200000, 0x0000000088200000|100%| O|  |TAMS 0x0000000088200000, 0x0000000088100000| Untracked 
| 130|0x0000000088200000, 0x0000000088300000, 0x0000000088300000|100%| O|  |TAMS 0x0000000088300000, 0x0000000088200000| Untracked 
| 131|0x0000000088300000, 0x0000000088400000, 0x0000000088400000|100%| O|  |TAMS 0x0000000088400000, 0x0000000088300000| Untracked 
| 132|0x0000000088400000, 0x0000000088500000, 0x0000000088500000|100%| O|  |TAMS 0x0000000088500000, 0x0000000088400000| Untracked 
| 133|0x0000000088500000, 0x0000000088600000, 0x0000000088600000|100%| O|  |TAMS 0x0000000088600000, 0x0000000088500000| Untracked 
| 134|0x0000000088600000, 0x0000000088700000, 0x0000000088700000|100%| O|  |TAMS 0x0000000088700000, 0x0000000088600000| Untracked 
| 135|0x0000000088700000, 0x0000000088700000, 0x0000000088800000|  0%| F|  |TAMS 0x0000000088700000, 0x0000000088700000| Untracked 
| 136|0x0000000088800000, 0x0000000088900000, 0x0000000088900000|100%|HS|  |TAMS 0x0000000088900000, 0x0000000088800000| Complete 
| 137|0x0000000088900000, 0x0000000088a00000, 0x0000000088a00000|100%|HS|  |TAMS 0x0000000088a00000, 0x0000000088900000| Complete 
| 138|0x0000000088a00000, 0x0000000088b00000, 0x0000000088b00000|100%|HC|  |TAMS 0x0000000088b00000, 0x0000000088a00000| Complete 
| 139|0x0000000088b00000, 0x0000000088c00000, 0x0000000088c00000|100%|HC|  |TAMS 0x0000000088c00000, 0x0000000088b00000| Complete 
| 140|0x0000000088c00000, 0x0000000088d00000, 0x0000000088d00000|100%| O|  |TAMS 0x0000000088d00000, 0x0000000088c00000| Untracked 
| 141|0x0000000088d00000, 0x0000000088e00000, 0x0000000088e00000|100%| O|  |TAMS 0x0000000088e00000, 0x0000000088d00000| Untracked 
| 142|0x0000000088e00000, 0x0000000088f00000, 0x0000000088f00000|100%| O|  |TAMS 0x0000000088f00000, 0x0000000088e00000| Untracked 
| 143|0x0000000088f00000, 0x0000000089000000, 0x0000000089000000|100%| O|  |TAMS 0x0000000089000000, 0x0000000088f00000| Untracked 
| 144|0x0000000089000000, 0x0000000089100000, 0x0000000089100000|100%| O|  |TAMS 0x0000000089100000, 0x0000000089000000| Untracked 
| 145|0x0000000089100000, 0x0000000089200000, 0x0000000089200000|100%| O|  |TAMS 0x0000000089200000, 0x0000000089100000| Untracked 
| 146|0x0000000089200000, 0x0000000089300000, 0x0000000089300000|100%| O|  |TAMS 0x0000000089300000, 0x0000000089200000| Untracked 
| 147|0x0000000089300000, 0x0000000089400000, 0x0000000089400000|100%| O|  |TAMS 0x0000000089400000, 0x0000000089300000| Untracked 
| 148|0x0000000089400000, 0x0000000089500000, 0x0000000089500000|100%| O|  |TAMS 0x0000000089500000, 0x0000000089400000| Untracked 
| 149|0x0000000089500000, 0x0000000089600000, 0x0000000089600000|100%| O|  |TAMS 0x0000000089600000, 0x0000000089500000| Untracked 
| 150|0x0000000089600000, 0x0000000089700000, 0x0000000089700000|100%| O|  |TAMS 0x0000000089700000, 0x0000000089600000| Untracked 
| 151|0x0000000089700000, 0x0000000089800000, 0x0000000089800000|100%| O|  |TAMS 0x0000000089800000, 0x0000000089700000| Untracked 
| 152|0x0000000089800000, 0x0000000089900000, 0x0000000089900000|100%| O|  |TAMS 0x0000000089900000, 0x0000000089800000| Untracked 
| 153|0x0000000089900000, 0x0000000089a00000, 0x0000000089a00000|100%| O|  |TAMS 0x0000000089a00000, 0x0000000089900000| Untracked 
| 154|0x0000000089a00000, 0x0000000089b00000, 0x0000000089b00000|100%| O|  |TAMS 0x0000000089b00000, 0x0000000089a00000| Untracked 
| 155|0x0000000089b00000, 0x0000000089c00000, 0x0000000089c00000|100%| O|  |TAMS 0x0000000089c00000, 0x0000000089b00000| Untracked 
| 156|0x0000000089c00000, 0x0000000089d00000, 0x0000000089d00000|100%| O|  |TAMS 0x0000000089d00000, 0x0000000089c00000| Untracked 
| 157|0x0000000089d00000, 0x0000000089e00000, 0x0000000089e00000|100%| O|  |TAMS 0x0000000089e00000, 0x0000000089d00000| Untracked 
| 158|0x0000000089e00000, 0x0000000089f00000, 0x0000000089f00000|100%| O|  |TAMS 0x0000000089f00000, 0x0000000089e00000| Untracked 
| 159|0x0000000089f00000, 0x000000008a000000, 0x000000008a000000|100%| O|  |TAMS 0x000000008a000000, 0x0000000089f00000| Untracked 
| 160|0x000000008a000000, 0x000000008a100000, 0x000000008a100000|100%| O|  |TAMS 0x000000008a100000, 0x000000008a000000| Untracked 
| 161|0x000000008a100000, 0x000000008a200000, 0x000000008a200000|100%| O|  |TAMS 0x000000008a200000, 0x000000008a100000| Untracked 
| 162|0x000000008a200000, 0x000000008a300000, 0x000000008a300000|100%| O|  |TAMS 0x000000008a300000, 0x000000008a200000| Untracked 
| 163|0x000000008a300000, 0x000000008a400000, 0x000000008a400000|100%| O|  |TAMS 0x000000008a400000, 0x000000008a300000| Untracked 
| 164|0x000000008a400000, 0x000000008a400000, 0x000000008a500000|  0%| F|  |TAMS 0x000000008a400000, 0x000000008a400000| Untracked 
| 165|0x000000008a500000, 0x000000008a600000, 0x000000008a600000|100%| O|  |TAMS 0x000000008a600000, 0x000000008a500000| Untracked 
| 166|0x000000008a600000, 0x000000008a700000, 0x000000008a700000|100%| O|  |TAMS 0x000000008a700000, 0x000000008a600000| Untracked 
| 167|0x000000008a700000, 0x000000008a800000, 0x000000008a800000|100%| O|  |TAMS 0x000000008a800000, 0x000000008a700000| Untracked 
| 168|0x000000008a800000, 0x000000008a900000, 0x000000008a900000|100%| O|  |TAMS 0x000000008a900000, 0x000000008a800000| Untracked 
| 169|0x000000008a900000, 0x000000008a900000, 0x000000008aa00000|  0%| F|  |TAMS 0x000000008a900000, 0x000000008a900000| Untracked 
| 170|0x000000008aa00000, 0x000000008ab00000, 0x000000008ab00000|100%| O|  |TAMS 0x000000008ab00000, 0x000000008aa00000| Untracked 
| 171|0x000000008ab00000, 0x000000008ab00000, 0x000000008ac00000|  0%| F|  |TAMS 0x000000008ab00000, 0x000000008ab00000| Untracked 
| 172|0x000000008ac00000, 0x000000008ac00000, 0x000000008ad00000|  0%| F|  |TAMS 0x000000008ac00000, 0x000000008ac00000| Untracked 
| 173|0x000000008ad00000, 0x000000008ad00000, 0x000000008ae00000|  0%| F|  |TAMS 0x000000008ad00000, 0x000000008ad00000| Untracked 
| 174|0x000000008ae00000, 0x000000008ae00000, 0x000000008af00000|  0%| F|  |TAMS 0x000000008ae00000, 0x000000008ae00000| Untracked 
| 175|0x000000008af00000, 0x000000008af00000, 0x000000008b000000|  0%| F|  |TAMS 0x000000008af00000, 0x000000008af00000| Untracked 
| 176|0x000000008b000000, 0x000000008b100000, 0x000000008b100000|100%| O|  |TAMS 0x000000008b100000, 0x000000008b000000| Untracked 
| 177|0x000000008b100000, 0x000000008b200000, 0x000000008b200000|100%| O|  |TAMS 0x000000008b200000, 0x000000008b100000| Untracked 
| 178|0x000000008b200000, 0x000000008b300000, 0x000000008b300000|100%| O|  |TAMS 0x000000008b300000, 0x000000008b200000| Untracked 
| 179|0x000000008b300000, 0x000000008b400000, 0x000000008b400000|100%| O|  |TAMS 0x000000008b400000, 0x000000008b300000| Untracked 
| 180|0x000000008b400000, 0x000000008b500000, 0x000000008b500000|100%| O|  |TAMS 0x000000008b4c0e00, 0x000000008b400000| Untracked 
| 181|0x000000008b500000, 0x000000008b600000, 0x000000008b600000|100%| O|  |TAMS 0x000000008b500000, 0x000000008b500000| Untracked 
| 182|0x000000008b600000, 0x000000008b700000, 0x000000008b700000|100%| O|  |TAMS 0x000000008b600000, 0x000000008b600000| Untracked 
| 183|0x000000008b700000, 0x000000008b800000, 0x000000008b800000|100%| O|  |TAMS 0x000000008b700000, 0x000000008b700000| Untracked 
| 184|0x000000008b800000, 0x000000008b800000, 0x000000008b900000|  0%| F|  |TAMS 0x000000008b800000, 0x000000008b800000| Untracked 
| 185|0x000000008b900000, 0x000000008b900000, 0x000000008ba00000|  0%| F|  |TAMS 0x000000008b900000, 0x000000008b900000| Untracked 
| 186|0x000000008ba00000, 0x000000008bb00000, 0x000000008bb00000|100%| O|  |TAMS 0x000000008ba00000, 0x000000008ba00000| Untracked 
| 187|0x000000008bb00000, 0x000000008bc00000, 0x000000008bc00000|100%| O|  |TAMS 0x000000008bb00000, 0x000000008bb00000| Untracked 
| 188|0x000000008bc00000, 0x000000008bd00000, 0x000000008bd00000|100%| O|  |TAMS 0x000000008bc00000, 0x000000008bc00000| Untracked 
| 189|0x000000008bd00000, 0x000000008be00000, 0x000000008be00000|100%| O|  |TAMS 0x000000008bd00000, 0x000000008bd00000| Untracked 
| 190|0x000000008be00000, 0x000000008bf00000, 0x000000008bf00000|100%| O|  |TAMS 0x000000008be00000, 0x000000008be00000| Untracked 
| 191|0x000000008bf00000, 0x000000008bf4a000, 0x000000008c000000| 28%| O|  |TAMS 0x000000008bf00000, 0x000000008bf00000| Untracked 
| 192|0x000000008c000000, 0x000000008c000000, 0x000000008c100000|  0%| F|  |TAMS 0x000000008c000000, 0x000000008c000000| Untracked 
| 193|0x000000008c100000, 0x000000008c100000, 0x000000008c200000|  0%| F|  |TAMS 0x000000008c100000, 0x000000008c100000| Untracked 
| 194|0x000000008c200000, 0x000000008c200000, 0x000000008c300000|  0%| F|  |TAMS 0x000000008c200000, 0x000000008c200000| Untracked 
| 195|0x000000008c300000, 0x000000008c300000, 0x000000008c400000|  0%| F|  |TAMS 0x000000008c300000, 0x000000008c300000| Untracked 
| 196|0x000000008c400000, 0x000000008c400000, 0x000000008c500000|  0%| F|  |TAMS 0x000000008c400000, 0x000000008c400000| Untracked 
| 197|0x000000008c500000, 0x000000008c500000, 0x000000008c600000|  0%| F|  |TAMS 0x000000008c500000, 0x000000008c500000| Untracked 
| 198|0x000000008c600000, 0x000000008c600000, 0x000000008c700000|  0%| F|  |TAMS 0x000000008c600000, 0x000000008c600000| Untracked 
| 199|0x000000008c700000, 0x000000008c700000, 0x000000008c800000|  0%| F|  |TAMS 0x000000008c700000, 0x000000008c700000| Untracked 
| 200|0x000000008c800000, 0x000000008c800000, 0x000000008c900000|  0%| F|  |TAMS 0x000000008c800000, 0x000000008c800000| Untracked 
| 201|0x000000008c900000, 0x000000008c900000, 0x000000008ca00000|  0%| F|  |TAMS 0x000000008c900000, 0x000000008c900000| Untracked 
| 202|0x000000008ca00000, 0x000000008ca00000, 0x000000008cb00000|  0%| F|  |TAMS 0x000000008ca00000, 0x000000008ca00000| Untracked 
| 203|0x000000008cb00000, 0x000000008cb00000, 0x000000008cc00000|  0%| F|  |TAMS 0x000000008cb00000, 0x000000008cb00000| Untracked 
| 204|0x000000008cc00000, 0x000000008cc00000, 0x000000008cd00000|  0%| F|  |TAMS 0x000000008cc00000, 0x000000008cc00000| Untracked 
| 205|0x000000008cd00000, 0x000000008cd00000, 0x000000008ce00000|  0%| F|  |TAMS 0x000000008cd00000, 0x000000008cd00000| Untracked 
| 206|0x000000008ce00000, 0x000000008ce00000, 0x000000008cf00000|  0%| F|  |TAMS 0x000000008ce00000, 0x000000008ce00000| Untracked 
| 207|0x000000008cf00000, 0x000000008cf00000, 0x000000008d000000|  0%| F|  |TAMS 0x000000008cf00000, 0x000000008cf00000| Untracked 
| 208|0x000000008d000000, 0x000000008d000000, 0x000000008d100000|  0%| F|  |TAMS 0x000000008d000000, 0x000000008d000000| Untracked 
| 209|0x000000008d100000, 0x000000008d100000, 0x000000008d200000|  0%| F|  |TAMS 0x000000008d100000, 0x000000008d100000| Untracked 
| 210|0x000000008d200000, 0x000000008d200000, 0x000000008d300000|  0%| F|  |TAMS 0x000000008d200000, 0x000000008d200000| Untracked 
| 211|0x000000008d300000, 0x000000008d300000, 0x000000008d400000|  0%| F|  |TAMS 0x000000008d300000, 0x000000008d300000| Untracked 
| 212|0x000000008d400000, 0x000000008d400000, 0x000000008d500000|  0%| F|  |TAMS 0x000000008d400000, 0x000000008d400000| Untracked 
| 213|0x000000008d500000, 0x000000008d500000, 0x000000008d600000|  0%| F|  |TAMS 0x000000008d500000, 0x000000008d500000| Untracked 
| 214|0x000000008d600000, 0x000000008d600000, 0x000000008d700000|  0%| F|  |TAMS 0x000000008d600000, 0x000000008d600000| Untracked 
| 215|0x000000008d700000, 0x000000008d700000, 0x000000008d800000|  0%| F|  |TAMS 0x000000008d700000, 0x000000008d700000| Untracked 
| 216|0x000000008d800000, 0x000000008d800000, 0x000000008d900000|  0%| F|  |TAMS 0x000000008d800000, 0x000000008d800000| Untracked 
| 217|0x000000008d900000, 0x000000008d900000, 0x000000008da00000|  0%| F|  |TAMS 0x000000008d900000, 0x000000008d900000| Untracked 
| 218|0x000000008da00000, 0x000000008da00000, 0x000000008db00000|  0%| F|  |TAMS 0x000000008da00000, 0x000000008da00000| Untracked 
| 219|0x000000008db00000, 0x000000008db00000, 0x000000008dc00000|  0%| F|  |TAMS 0x000000008db00000, 0x000000008db00000| Untracked 
| 220|0x000000008dc00000, 0x000000008dc00000, 0x000000008dd00000|  0%| F|  |TAMS 0x000000008dc00000, 0x000000008dc00000| Untracked 
| 221|0x000000008dd00000, 0x000000008dd00000, 0x000000008de00000|  0%| F|  |TAMS 0x000000008dd00000, 0x000000008dd00000| Untracked 
| 222|0x000000008de00000, 0x000000008de00000, 0x000000008df00000|  0%| F|  |TAMS 0x000000008de00000, 0x000000008de00000| Untracked 
| 223|0x000000008df00000, 0x000000008df00000, 0x000000008e000000|  0%| F|  |TAMS 0x000000008df00000, 0x000000008df00000| Untracked 
| 224|0x000000008e000000, 0x000000008e000000, 0x000000008e100000|  0%| F|  |TAMS 0x000000008e000000, 0x000000008e000000| Untracked 
| 225|0x000000008e100000, 0x000000008e100000, 0x000000008e200000|  0%| F|  |TAMS 0x000000008e100000, 0x000000008e100000| Untracked 
| 226|0x000000008e200000, 0x000000008e200000, 0x000000008e300000|  0%| F|  |TAMS 0x000000008e200000, 0x000000008e200000| Untracked 
| 227|0x000000008e300000, 0x000000008e300000, 0x000000008e400000|  0%| F|  |TAMS 0x000000008e300000, 0x000000008e300000| Untracked 
| 228|0x000000008e400000, 0x000000008e448ab0, 0x000000008e500000| 28%| S|CS|TAMS 0x000000008e400000, 0x000000008e400000| Complete 
| 229|0x000000008e500000, 0x000000008e600000, 0x000000008e600000|100%| S|CS|TAMS 0x000000008e500000, 0x000000008e500000| Complete 
| 230|0x000000008e600000, 0x000000008e700000, 0x000000008e700000|100%| S|CS|TAMS 0x000000008e600000, 0x000000008e600000| Complete 
| 231|0x000000008e700000, 0x000000008e800000, 0x000000008e800000|100%| S|CS|TAMS 0x000000008e700000, 0x000000008e700000| Complete 
| 232|0x000000008e800000, 0x000000008e800000, 0x000000008e900000|  0%| F|  |TAMS 0x000000008e800000, 0x000000008e800000| Untracked 
| 233|0x000000008e900000, 0x000000008e900000, 0x000000008ea00000|  0%| F|  |TAMS 0x000000008e900000, 0x000000008e900000| Untracked 
| 234|0x000000008ea00000, 0x000000008ea00000, 0x000000008eb00000|  0%| F|  |TAMS 0x000000008ea00000, 0x000000008ea00000| Untracked 
| 235|0x000000008eb00000, 0x000000008eb00000, 0x000000008ec00000|  0%| F|  |TAMS 0x000000008eb00000, 0x000000008eb00000| Untracked 
| 236|0x000000008ec00000, 0x000000008ec00000, 0x000000008ed00000|  0%| F|  |TAMS 0x000000008ec00000, 0x000000008ec00000| Untracked 
| 237|0x000000008ed00000, 0x000000008ed00000, 0x000000008ee00000|  0%| F|  |TAMS 0x000000008ed00000, 0x000000008ed00000| Untracked 
| 238|0x000000008ee00000, 0x000000008ee00000, 0x000000008ef00000|  0%| F|  |TAMS 0x000000008ee00000, 0x000000008ee00000| Untracked 
| 239|0x000000008ef00000, 0x000000008ef00000, 0x000000008f000000|  0%| F|  |TAMS 0x000000008ef00000, 0x000000008ef00000| Untracked 
| 240|0x000000008f000000, 0x000000008f000000, 0x000000008f100000|  0%| F|  |TAMS 0x000000008f000000, 0x000000008f000000| Untracked 
| 241|0x000000008f100000, 0x000000008f100000, 0x000000008f200000|  0%| F|  |TAMS 0x000000008f100000, 0x000000008f100000| Untracked 
| 242|0x000000008f200000, 0x000000008f200000, 0x000000008f300000|  0%| F|  |TAMS 0x000000008f200000, 0x000000008f200000| Untracked 
| 243|0x000000008f300000, 0x000000008f300000, 0x000000008f400000|  0%| F|  |TAMS 0x000000008f300000, 0x000000008f300000| Untracked 
| 244|0x000000008f400000, 0x000000008f400000, 0x000000008f500000|  0%| F|  |TAMS 0x000000008f400000, 0x000000008f400000| Untracked 
| 245|0x000000008f500000, 0x000000008f500000, 0x000000008f600000|  0%| F|  |TAMS 0x000000008f500000, 0x000000008f500000| Untracked 
| 246|0x000000008f600000, 0x000000008f600000, 0x000000008f700000|  0%| F|  |TAMS 0x000000008f600000, 0x000000008f600000| Untracked 
| 247|0x000000008f700000, 0x000000008f700000, 0x000000008f800000|  0%| F|  |TAMS 0x000000008f700000, 0x000000008f700000| Untracked 
| 248|0x000000008f800000, 0x000000008f800000, 0x000000008f900000|  0%| F|  |TAMS 0x000000008f800000, 0x000000008f800000| Untracked 
| 249|0x000000008f900000, 0x000000008f900000, 0x000000008fa00000|  0%| F|  |TAMS 0x000000008f900000, 0x000000008f900000| Untracked 
| 250|0x000000008fa00000, 0x000000008fa00000, 0x000000008fb00000|  0%| F|  |TAMS 0x000000008fa00000, 0x000000008fa00000| Untracked 
| 251|0x000000008fb00000, 0x000000008fb00000, 0x000000008fc00000|  0%| F|  |TAMS 0x000000008fb00000, 0x000000008fb00000| Untracked 
| 252|0x000000008fc00000, 0x000000008fc00000, 0x000000008fd00000|  0%| F|  |TAMS 0x000000008fc00000, 0x000000008fc00000| Untracked 
| 253|0x000000008fd00000, 0x000000008fd00000, 0x000000008fe00000|  0%| F|  |TAMS 0x000000008fd00000, 0x000000008fd00000| Untracked 
| 254|0x000000008fe00000, 0x000000008fe00000, 0x000000008ff00000|  0%| F|  |TAMS 0x000000008fe00000, 0x000000008fe00000| Untracked 
| 255|0x000000008ff00000, 0x000000008ff00000, 0x0000000090000000|  0%| F|  |TAMS 0x000000008ff00000, 0x000000008ff00000| Untracked 
| 256|0x0000000090000000, 0x0000000090000000, 0x0000000090100000|  0%| F|  |TAMS 0x0000000090000000, 0x0000000090000000| Untracked 
| 257|0x0000000090100000, 0x0000000090100000, 0x0000000090200000|  0%| F|  |TAMS 0x0000000090100000, 0x0000000090100000| Untracked 
| 258|0x0000000090200000, 0x0000000090200000, 0x0000000090300000|  0%| F|  |TAMS 0x0000000090200000, 0x0000000090200000| Untracked 
| 259|0x0000000090300000, 0x0000000090300000, 0x0000000090400000|  0%| F|  |TAMS 0x0000000090300000, 0x0000000090300000| Untracked 
| 260|0x0000000090400000, 0x0000000090400000, 0x0000000090500000|  0%| F|  |TAMS 0x0000000090400000, 0x0000000090400000| Untracked 
| 261|0x0000000090500000, 0x0000000090500000, 0x0000000090600000|  0%| F|  |TAMS 0x0000000090500000, 0x0000000090500000| Untracked 
| 262|0x0000000090600000, 0x0000000090600000, 0x0000000090700000|  0%| F|  |TAMS 0x0000000090600000, 0x0000000090600000| Untracked 
| 263|0x0000000090700000, 0x0000000090700000, 0x0000000090800000|  0%| F|  |TAMS 0x0000000090700000, 0x0000000090700000| Untracked 
| 264|0x0000000090800000, 0x0000000090800000, 0x0000000090900000|  0%| F|  |TAMS 0x0000000090800000, 0x0000000090800000| Untracked 
| 265|0x0000000090900000, 0x0000000090900000, 0x0000000090a00000|  0%| F|  |TAMS 0x0000000090900000, 0x0000000090900000| Untracked 
| 266|0x0000000090a00000, 0x0000000090a00000, 0x0000000090b00000|  0%| F|  |TAMS 0x0000000090a00000, 0x0000000090a00000| Untracked 
| 267|0x0000000090b00000, 0x0000000090b00000, 0x0000000090c00000|  0%| F|  |TAMS 0x0000000090b00000, 0x0000000090b00000| Untracked 
| 268|0x0000000090c00000, 0x0000000090c63570, 0x0000000090d00000| 38%| E|  |TAMS 0x0000000090c00000, 0x0000000090c00000| Complete 
| 269|0x0000000090d00000, 0x0000000090e00000, 0x0000000090e00000|100%| E|CS|TAMS 0x0000000090d00000, 0x0000000090d00000| Complete 
| 270|0x0000000090e00000, 0x0000000090f00000, 0x0000000090f00000|100%| E|CS|TAMS 0x0000000090e00000, 0x0000000090e00000| Complete 
| 271|0x0000000090f00000, 0x0000000091000000, 0x0000000091000000|100%| E|  |TAMS 0x0000000090f00000, 0x0000000090f00000| Complete 

Card table byte_map: [0x0000019e7d110000,0x0000019e7d510000] _byte_map_base: 0x0000019e7cd10000

Marking Bits (Prev, Next): (CMBitMap*) 0x0000019e7566e9a0, (CMBitMap*) 0x0000019e7566e968
 Prev Bits: [0x0000019e0f000000, 0x0000019e11000000)
 Next Bits: [0x0000019e7d910000, 0x0000019e7f910000)

Polling page: 0x0000019e73570000

Metaspace:

Usage:
  Non-class:    142.56 MB capacity,   140.00 MB ( 98%) used,     2.12 MB (  1%) free+waste,   442.38 KB ( <1%) overhead. 
      Class:     21.93 MB capacity,    20.31 MB ( 93%) used,     1.42 MB (  6%) free+waste,   199.06 KB ( <1%) overhead. 
       Both:    164.48 MB capacity,   160.32 MB ( 97%) used,     3.54 MB (  2%) free+waste,   641.44 KB ( <1%) overhead. 

Virtual space:
  Non-class space:      144.00 MB reserved,     142.75 MB (>99%) committed 
      Class space:      504.00 MB reserved,      22.00 MB (  4%) committed 
             Both:      648.00 MB reserved,     164.75 MB ( 25%) committed 

Chunk freelists:
   Non-Class:  896 bytes
       Class:  1.38 KB
        Both:  2.25 KB

CodeHeap 'non-profiled nmethods': size=120064Kb used=14375Kb max_used=14375Kb free=105688Kb
 bounds [0x0000019e07ac0000, 0x0000019e088d0000, 0x0000019e0f000000]
CodeHeap 'profiled nmethods': size=120000Kb used=46711Kb max_used=46711Kb free=73288Kb
 bounds [0x0000019e00590000, 0x0000019e03350000, 0x0000019e07ac0000]
CodeHeap 'non-nmethods': size=5696Kb used=2374Kb max_used=2419Kb free=3321Kb
 bounds [0x0000019e00000000, 0x0000019e00270000, 0x0000019e00590000]
 total_blobs=21274 nmethods=20265 adapters=919
 compilation: enabled
              stopped_count=0, restarted_count=0
 full_count=0

Compilation events (10 events):
Event: 1754.748 Thread 0x0000019e7fdf0000 22959       3       com.sun.tools.javac.parser.JavacParser::modifiersOpt (6 bytes)
Event: 1754.748 Thread 0x0000019e7fdf0000 nmethod 22959 0x0000019e01f7a510 code [0x0000019e01f7a6c0, 0x0000019e01f7a7e8]
Event: 1754.751 Thread 0x0000019e7fdf0000 22960       3       com.sun.tools.javac.parser.JavacParser::attach (23 bytes)
Event: 1754.751 Thread 0x0000019e7fdf0000 nmethod 22960 0x0000019e0334b890 code [0x0000019e0334ba60, 0x0000019e0334bdd8]
Event: 1754.757 Thread 0x0000019e7fdf0000 22961       3       com.sun.tools.javac.parser.JavacParser::to (9 bytes)
Event: 1754.757 Thread 0x0000019e7fdf0000 nmethod 22961 0x0000019e0334bf90 code [0x0000019e0334c140, 0x0000019e0334c308]
Event: 1754.757 Thread 0x0000019e7fdf0000 22962       3       com.sun.tools.javac.tree.JCTree$JCPrimitiveTypeTree::getTag (4 bytes)
Event: 1754.758 Thread 0x0000019e7fdf0000 nmethod 22962 0x0000019e020c8d10 code [0x0000019e020c8ea0, 0x0000019e020c8fb8]
Event: 1754.761 Thread 0x0000019e7fdf0000 22964       3       com.sun.tools.javac.util.Name$Table::equals (44 bytes)
Event: 1754.761 Thread 0x0000019e7fdf0000 nmethod 22964 0x0000019e0334c410 code [0x0000019e0334c5c0, 0x0000019e0334c838]

GC Heap History (10 events):
Event: 1699.586 GC heap before
{Heap before GC invocations=195 (full 0):
 garbage-first heap   total 278528K, used 219316K [0x0000000080000000, 0x0000000100000000)
  region size 1024K, 40 young (40960K), 3 survivors (3072K)
 Metaspace       used 154142K, capacity 158054K, committed 158336K, reserved 653312K
  class space    used 19519K, capacity 21057K, committed 21120K, reserved 516096K
}
Event: 1699.611 GC heap after
{Heap after GC invocations=196 (full 0):
 garbage-first heap   total 278528K, used 187925K [0x0000000080000000, 0x0000000100000000)
  region size 1024K, 5 young (5120K), 5 survivors (5120K)
 Metaspace       used 154142K, capacity 158054K, committed 158336K, reserved 653312K
  class space    used 19519K, capacity 21057K, committed 21120K, reserved 516096K
}
Event: 1708.287 GC heap before
{Heap before GC invocations=196 (full 0):
 garbage-first heap   total 278528K, used 223765K [0x0000000080000000, 0x0000000100000000)
  region size 1024K, 41 young (41984K), 5 survivors (5120K)
 Metaspace       used 155299K, capacity 159238K, committed 159488K, reserved 655360K
  class space    used 19652K, capacity 21167K, committed 21248K, reserved 516096K
}
Event: 1708.333 GC heap after
{Heap after GC invocations=197 (full 0):
 garbage-first heap   total 278528K, used 190424K [0x0000000080000000, 0x0000000100000000)
  region size 1024K, 4 young (4096K), 4 survivors (4096K)
 Metaspace       used 155299K, capacity 159238K, committed 159488K, reserved 655360K
  class space    used 19652K, capacity 21167K, committed 21248K, reserved 516096K
}
Event: 1720.804 GC heap before
{Heap before GC invocations=198 (full 0):
 garbage-first heap   total 278528K, used 226264K [0x0000000080000000, 0x0000000100000000)
  region size 1024K, 40 young (40960K), 4 survivors (4096K)
 Metaspace       used 156819K, capacity 160850K, committed 161024K, reserved 657408K
  class space    used 19854K, capacity 21404K, committed 21504K, reserved 516096K
}
Event: 1720.853 GC heap after
{Heap after GC invocations=199 (full 0):
 garbage-first heap   total 278528K, used 192876K [0x0000000080000000, 0x0000000100000000)
  region size 1024K, 3 young (3072K), 3 survivors (3072K)
 Metaspace       used 156819K, capacity 160850K, committed 161024K, reserved 657408K
  class space    used 19854K, capacity 21404K, committed 21504K, reserved 516096K
}
Event: 1722.595 GC heap before
{Heap before GC invocations=199 (full 0):
 garbage-first heap   total 278528K, used 203116K [0x0000000080000000, 0x0000000100000000)
  region size 1024K, 13 young (13312K), 3 survivors (3072K)
 Metaspace       used 157074K, capacity 161174K, committed 161280K, reserved 657408K
  class space    used 19876K, capacity 21446K, committed 21504K, reserved 516096K
}
Event: 1722.649 GC heap after
{Heap after GC invocations=200 (full 0):
 garbage-first heap   total 278528K, used 186664K [0x0000000080000000, 0x0000000100000000)
  region size 1024K, 2 young (2048K), 2 survivors (2048K)
 Metaspace       used 157074K, capacity 161174K, committed 161280K, reserved 657408K
  class space    used 19876K, capacity 21446K, committed 21504K, reserved 516096K
}
Event: 1751.779 GC heap before
{Heap before GC invocations=200 (full 0):
 garbage-first heap   total 278528K, used 224552K [0x0000000080000000, 0x0000000100000000)
  region size 1024K, 40 young (40960K), 2 survivors (2048K)
 Metaspace       used 160673K, capacity 164799K, committed 164992K, reserved 659456K
  class space    used 20401K, capacity 22023K, committed 22144K, reserved 516096K
}
Event: 1751.880 GC heap after
{Heap after GC invocations=201 (full 0):
 garbage-first heap   total 278528K, used 187978K [0x0000000080000000, 0x0000000100000000)
  region size 1024K, 4 young (4096K), 4 survivors (4096K)
 Metaspace       used 160673K, capacity 164799K, committed 164992K, reserved 659456K
  class space    used 20401K, capacity 22023K, committed 22144K, reserved 516096K
}

Deoptimization events (10 events):
Event: 1748.668 Thread 0x0000019e1827b800 Uncommon trap: reason=bimorphic_or_optimized_type_check action=maybe_recompile pc=0x0000019e08673944 method=java.util.zip.InflaterInputStream.read([BII)I @ 100 c2
Event: 1748.669 Thread 0x0000019e1827b800 Uncommon trap: reason=bimorphic_or_optimized_type_check action=maybe_recompile pc=0x0000019e08673944 method=java.util.zip.InflaterInputStream.read([BII)I @ 100 c2
Event: 1749.530 Thread 0x0000019e1827b800 Uncommon trap: reason=bimorphic_or_optimized_type_check action=maybe_recompile pc=0x0000019e08673944 method=java.util.zip.InflaterInputStream.read([BII)I @ 100 c2
Event: 1749.531 Thread 0x0000019e1827b800 Uncommon trap: reason=bimorphic_or_optimized_type_check action=maybe_recompile pc=0x0000019e08673944 method=java.util.zip.InflaterInputStream.read([BII)I @ 100 c2
Event: 1753.582 Thread 0x0000019e1827b800 Uncommon trap: reason=class_check action=maybe_recompile pc=0x0000019e088b6564 method=jdk.internal.loader.BuiltinClassLoader.loadClassOrNull(Ljava/lang/String;Z)Ljava/lang/Class; @ 86 c2
Event: 1753.995 Thread 0x0000019e1de5d000 Uncommon trap: reason=unstable_if action=reinterpret pc=0x0000019e0816b610 method=java.io.BufferedReader.readLine(Z)Ljava/lang/String; @ 265 c2
Event: 1754.076 Thread 0x0000019e1827b800 Uncommon trap: reason=unstable_if action=reinterpret pc=0x0000019e07d0dfe4 method=java.util.regex.Pattern.sequence(Ljava/util/regex/Pattern$Node;)Ljava/util/regex/Pattern$Node; @ 471 c2
Event: 1754.214 Thread 0x0000019e1827b800 Uncommon trap: reason=unstable_if action=reinterpret pc=0x0000019e087f48e8 method=java.lang.CharacterDataLatin1.digit(II)I @ 7 c2
Event: 1754.215 Thread 0x0000019e1827b800 Uncommon trap: reason=unstable_if action=reinterpret pc=0x0000019e07ffe738 method=java.lang.CharacterDataLatin1.digit(II)I @ 7 c2
Event: 1754.750 Thread 0x0000019e1827b800 Uncommon trap: reason=unstable_if action=reinterpret pc=0x0000019e088cb41c method=com.sun.tools.javac.util.Name$Table.equals([BI[BII)Z @ 22 c2

Classes redefined (0 events):
No events

Internal exceptions (10 events):
Event: 1738.052 Thread 0x0000019e1827b000 Exception <a 'java/lang/NoSuchMethodError'{0x000000008ff37bd0}: static Lorg/jetbrains/kotlin/incremental/ClasspathChanges;.<clinit>()V> (0x000000008ff37bd0) thrown at [./open/src/hotspot/share/prims/jni.cpp, line 1366]
Event: 1738.053 Thread 0x0000019e1827b000 Exception <a 'java/lang/NoSuchMethodError'{0x000000008ff39488}: static Lorg/jetbrains/kotlin/incremental/ClasspathChanges;.<clinit>()V> (0x000000008ff39488) thrown at [./open/src/hotspot/share/prims/jni.cpp, line 1366]
Event: 1739.500 Thread 0x0000019e1de57800 Exception <a 'java/net/ConnectException'{0x000000008fad5fb0}: Connection refused: connect> (0x000000008fad5fb0) thrown at [./open/src/hotspot/share/prims/jni.cpp, line 632]
Event: 1739.627 Thread 0x0000019e1de57800 Exception <a 'java/net/ConnectException'{0x000000008fad6f50}: Connection refused: connect> (0x000000008fad6f50) thrown at [./open/src/hotspot/share/prims/jni.cpp, line 632]
Event: 1739.709 Thread 0x0000019e1de57800 Exception <a 'java/net/ConnectException'{0x000000008fad7c80}: Connection refused: connect> (0x000000008fad7c80) thrown at [./open/src/hotspot/share/prims/jni.cpp, line 632]
Event: 1739.826 Thread 0x0000019e1de57800 Exception <a 'java/net/ConnectException'{0x000000008f955f90}: Connection refused: connect> (0x000000008f955f90) thrown at [./open/src/hotspot/share/prims/jni.cpp, line 632]
Event: 1739.909 Thread 0x0000019e1de57800 Exception <a 'java/net/ConnectException'{0x000000008f956cc0}: Connection refused: connect> (0x000000008f956cc0) thrown at [./open/src/hotspot/share/prims/jni.cpp, line 632]
Event: 1740.001 Thread 0x0000019e1de57800 Exception <a 'java/net/ConnectException'{0x000000008f9579f0}: Connection refused: connect> (0x000000008f9579f0) thrown at [./open/src/hotspot/share/prims/jni.cpp, line 632]
Event: 1751.275 Thread 0x0000019e1827b800 Exception <a 'java/lang/NoSuchMethodError'{0x000000008e9b82b0}: java.lang.invoke.Invokers$Holder.linkToTargetMethod(Ljava/lang/Object;Ljava/lang/Object;Ljava/lang/Object;IILjava/lang/Object;)Ljava/lang/Object;> (0x000000008e9b82b0) thrown at [./open/src/h
Event: 1751.332 Thread 0x0000019e1827b800 Exception <a 'java/lang/NoSuchMethodError'{0x000000008e9e30c8}: java.lang.invoke.DirectMethodHandle$Holder.invokeVirtual(Ljava/lang/Object;Ljava/lang/Object;Ljava/lang/Object;Ljava/lang/Object;)V> (0x000000008e9e30c8) thrown at [./open/src/hotspot/share/i

Events (10 events):
Event: 1754.215 Thread 0x0000019e1827b800 Uncommon trap: trap_request=0xffffff4d fr.pc=0x0000019e07ffe738 relative=0x0000000000000098
Event: 1754.215 Thread 0x0000019e1827b800 DEOPT PACKING pc=0x0000019e07ffe738 sp=0x000000376c2f8750
Event: 1754.215 Thread 0x0000019e1827b800 DEOPT UNPACKING pc=0x0000019e0002662f sp=0x000000376c2f86d0 mode 2
Event: 1754.243 loading class com/sun/tools/javac/tree/JCTree
Event: 1754.243 loading class com/sun/tools/javac/tree/JCTree done
Event: 1754.243 loading class com/sun/tools/javac/tree/JCTree
Event: 1754.243 loading class com/sun/tools/javac/tree/JCTree done
Event: 1754.750 Thread 0x0000019e1827b800 Uncommon trap: trap_request=0xffffff4d fr.pc=0x0000019e088cb41c relative=0x000000000000021c
Event: 1754.750 Thread 0x0000019e1827b800 DEOPT PACKING pc=0x0000019e088cb41c sp=0x000000376c2f8bb0
Event: 1754.750 Thread 0x0000019e1827b800 DEOPT UNPACKING pc=0x0000019e0002662f sp=0x000000376c2f8b28 mode 2


Dynamic libraries:
0x00007ff774d50000 - 0x00007ff774d60000 	C:\Program Files\Java\jdk-11\bin\java.exe
0x00007ffc339d0000 - 0x00007ffc33bc8000 	C:\Windows\SYSTEM32\ntdll.dll
0x00007ffc33420000 - 0x00007ffc334df000 	C:\Windows\System32\KERNEL32.DLL
0x00007ffc31680000 - 0x00007ffc3195a000 	C:\Windows\System32\KERNELBASE.dll
0x00007ffc31420000 - 0x00007ffc31520000 	C:\Windows\System32\ucrtbase.dll
0x00007ffc251f0000 - 0x00007ffc2520b000 	C:\Program Files\Java\jdk-11\bin\VCRUNTIME140.dll
0x00007ffc29e50000 - 0x00007ffc29e68000 	C:\Program Files\Java\jdk-11\bin\jli.dll
0x00007ffc331a0000 - 0x00007ffc3324e000 	C:\Windows\System32\ADVAPI32.dll
0x00007ffc33590000 - 0x00007ffc3362e000 	C:\Windows\System32\msvcrt.dll
0x00007ffc33100000 - 0x00007ffc3319c000 	C:\Windows\System32\sechost.dll
0x00007ffc32f80000 - 0x00007ffc330a6000 	C:\Windows\System32\RPCRT4.dll
0x00007ffc33280000 - 0x00007ffc3341d000 	C:\Windows\System32\USER32.dll
0x00007ffc310e0000 - 0x00007ffc31102000 	C:\Windows\System32\win32u.dll
0x00007ffc330d0000 - 0x00007ffc330fb000 	C:\Windows\System32\GDI32.dll
0x00007ffc312c0000 - 0x00007ffc313d0000 	C:\Windows\System32\gdi32full.dll
0x00007ffc31990000 - 0x00007ffc31a2d000 	C:\Windows\System32\msvcp_win.dll
0x00007ffc1f010000 - 0x00007ffc1f2aa000 	C:\Windows\WinSxS\amd64_microsoft.windows.common-controls_6595b64144ccf1df_6.0.19041.1110_none_60b5254171f9507e\COMCTL32.dll
0x00007ffc28980000 - 0x00007ffc2898a000 	C:\Windows\SYSTEM32\VERSION.dll
0x00007ffc33250000 - 0x00007ffc33280000 	C:\Windows\System32\IMM32.DLL
0x00007ffc2bbb0000 - 0x00007ffc2bbbc000 	C:\Program Files\Java\jdk-11\bin\vcruntime140_1.dll
0x00007ffc24150000 - 0x00007ffc241de000 	C:\Program Files\Java\jdk-11\bin\msvcp140.dll
0x00007ffb97a40000 - 0x00007ffb985a8000 	C:\Program Files\Java\jdk-11\bin\server\jvm.dll
0x00007ffc31bf0000 - 0x00007ffc31bf8000 	C:\Windows\System32\PSAPI.DLL
0x00007ffc2bbd0000 - 0x00007ffc2bbd9000 	C:\Windows\SYSTEM32\WSOCK32.dll
0x00007ffc32c90000 - 0x00007ffc32cfb000 	C:\Windows\System32\WS2_32.dll
0x00007ffc28950000 - 0x00007ffc28977000 	C:\Windows\SYSTEM32\WINMM.dll
0x00007ffc2ef60000 - 0x00007ffc2ef72000 	C:\Windows\SYSTEM32\kernel.appcore.dll
0x00007ffc2bb70000 - 0x00007ffc2bb80000 	C:\Program Files\Java\jdk-11\bin\verify.dll
0x00007ffc27ff0000 - 0x00007ffc281d4000 	C:\Windows\SYSTEM32\DBGHELP.DLL
0x00007ffc1f6f0000 - 0x00007ffc1f724000 	C:\Windows\SYSTEM32\dbgcore.DLL
0x00007ffc31230000 - 0x00007ffc312b2000 	C:\Windows\System32\bcryptPrimitives.dll
0x00007ffc251c0000 - 0x00007ffc251e8000 	C:\Program Files\Java\jdk-11\bin\java.dll
0x00007ffc29e40000 - 0x00007ffc29e4a000 	C:\Program Files\Java\jdk-11\bin\jimage.dll
0x00007ffc249a0000 - 0x00007ffc249b7000 	C:\Program Files\Java\jdk-11\bin\zip.dll
0x00007ffc31cc0000 - 0x00007ffc32404000 	C:\Windows\System32\SHELL32.dll
0x00007ffc2f160000 - 0x00007ffc2f8f3000 	C:\Windows\SYSTEM32\windows.storage.dll
0x00007ffc33630000 - 0x00007ffc33984000 	C:\Windows\System32\combase.dll
0x00007ffc30980000 - 0x00007ffc309ae000 	C:\Windows\SYSTEM32\Wldp.dll
0x00007ffc32a30000 - 0x00007ffc32add000 	C:\Windows\System32\SHCORE.dll
0x00007ffc31c60000 - 0x00007ffc31cb5000 	C:\Windows\System32\shlwapi.dll
0x00007ffc31020000 - 0x00007ffc3103f000 	C:\Windows\SYSTEM32\profapi.dll
0x00007ffc24980000 - 0x00007ffc24999000 	C:\Program Files\Java\jdk-11\bin\net.dll
0x00007ffc25d40000 - 0x00007ffc25e4a000 	C:\Windows\SYSTEM32\WINHTTP.dll
0x00007ffc30760000 - 0x00007ffc307ca000 	C:\Windows\system32\mswsock.dll
0x00007ffc24960000 - 0x00007ffc24972000 	C:\Program Files\Java\jdk-11\bin\nio.dll
0x00007ffc29f20000 - 0x00007ffc29f47000 	C:\Users\User\.gradle\native\e1d6ef7f7dcc3fd88c89a11ec53ec762bb8ba0a96d01ffa2cd45eb1d1d8dd5c5\windows-amd64\native-platform.dll
0x00007ffc040f0000 - 0x00007ffc04234000 	C:\Users\User\.gradle\native\0d407fdbe67a94daf76414ababcb853783967236a71b16ec16e742cd7a986fd3\windows-amd64\native-platform-file-events.dll
0x00007ffc29a10000 - 0x00007ffc29a19000 	C:\Program Files\Java\jdk-11\bin\management.dll
0x00007ffc25730000 - 0x00007ffc2573b000 	C:\Program Files\Java\jdk-11\bin\management_ext.dll
0x00007ffc309c0000 - 0x00007ffc309d8000 	C:\Windows\SYSTEM32\CRYPTSP.dll
0x00007ffc300a0000 - 0x00007ffc300d4000 	C:\Windows\system32\rsaenh.dll
0x00007ffc31960000 - 0x00007ffc31987000 	C:\Windows\System32\bcrypt.dll
0x00007ffc30fe0000 - 0x00007ffc3100e000 	C:\Windows\SYSTEM32\USERENV.dll
0x00007ffc308f0000 - 0x00007ffc308fc000 	C:\Windows\SYSTEM32\CRYPTBASE.dll
0x00007ffc30470000 - 0x00007ffc304ac000 	C:\Windows\SYSTEM32\IPHLPAPI.DLL
0x00007ffc32af0000 - 0x00007ffc32af8000 	C:\Windows\System32\NSI.dll
0x00007ffc27fd0000 - 0x00007ffc27fe7000 	C:\Windows\SYSTEM32\dhcpcsvc6.DLL
0x00007ffc2aa20000 - 0x00007ffc2aa3d000 	C:\Windows\SYSTEM32\dhcpcsvc.DLL
0x00007ffc304b0000 - 0x00007ffc3057b000 	C:\Windows\SYSTEM32\DNSAPI.dll
0x00007ffc21b40000 - 0x00007ffc21b4a000 	C:\Windows\System32\rasadhlp.dll
0x00007ffc21e40000 - 0x00007ffc21ec0000 	C:\Windows\System32\fwpuclnt.dll
0x00007ffc2bbe0000 - 0x00007ffc2bbe7000 	C:\Program Files\Java\jdk-11\bin\rmi.dll
0x00007ffc301e0000 - 0x00007ffc30213000 	C:\Windows\SYSTEM32\ntmarta.dll
0x00007ffc29a40000 - 0x00007ffc29a58000 	C:\ProgramData\Microsoft\Windows Defender\Platform\4.18.2303.8-0\MpDetoursCopyAccelerator.dll
0x00007ffc29f80000 - 0x00007ffc29f9e000 	C:\Users\User\AppData\Local\Temp\native-platform17190056337487850475dir\native-platform.dll

dbghelp: loaded successfully - version: 4.0.5 - missing functions: none
symbol engine: initialized successfully - sym options: 0x614 - pdb path: .;C:\Program Files\Java\jdk-11\bin;C:\Windows\SYSTEM32;C:\Windows\WinSxS\amd64_microsoft.windows.common-controls_6595b64144ccf1df_6.0.19041.1110_none_60b5254171f9507e;C:\Program Files\Java\jdk-11\bin\server;C:\Users\User\.gradle\native\e1d6ef7f7dcc3fd88c89a11ec53ec762bb8ba0a96d01ffa2cd45eb1d1d8dd5c5\windows-amd64;C:\Users\User\.gradle\native\0d407fdbe67a94daf76414ababcb853783967236a71b16ec16e742cd7a986fd3\windows-amd64;C:\ProgramData\Microsoft\Windows Defender\Platform\4.18.2303.8-0;C:\Users\User\AppData\Local\Temp\native-platform17190056337487850475dir

VM Arguments:
jvm_args: -XX:MaxMetaspaceSize=512m --add-opens=java.base/java.util=ALL-UNNAMED --add-opens=java.base/java.lang=ALL-UNNAMED --add-opens=java.base/java.lang.invoke=ALL-UNNAMED --add-opens=java.base/java.util=ALL-UNNAMED --add-opens=java.prefs/java.util.prefs=ALL-UNNAMED --add-opens=java.prefs/java.util.prefs=ALL-UNNAMED --add-opens=java.base/java.nio.charset=ALL-UNNAMED --add-opens=java.base/java.net=ALL-UNNAMED --add-opens=java.base/java.util.concurrent.atomic=ALL-UNNAMED -Xmx2048m -Dfile.encoding=windows-1252 -Duser.country=US -Duser.language=en -Duser.variant 
java_command: org.gradle.launcher.daemon.bootstrap.GradleDaemon 7.5.1
java_class_path (initial): C:\Users\User\.gradle\wrapper\dists\gradle-7.5.1-all\1ehga6e77gqps5uk2kc5kf1vc\gradle-7.5.1\lib\gradle-launcher-7.5.1.jar
Launcher Type: SUN_STANDARD

[Global flags]
     intx CICompilerCount                          = 3                                         {product} {ergonomic}
   size_t CompressedClassSpaceSize                 = 528482304                                 {product} {ergonomic}
     uint ConcGCThreads                            = 1                                         {product} {ergonomic}
     uint G1ConcRefinementThreads                  = 4                                         {product} {ergonomic}
   size_t G1HeapRegionSize                         = 1048576                                   {product} {ergonomic}
    uintx GCDrainStackTargetSize                   = 64                                        {product} {ergonomic}
   size_t InitialHeapSize                          = 58720256                                  {product} {ergonomic}
   size_t MarkStackSize                            = 4194304                                   {product} {ergonomic}
   size_t MaxHeapSize                              = 2147483648                                {product} {command line}
   size_t MaxMetaspaceSize                         = 536870912                                 {product} {command line}
   size_t MaxNewSize                               = 1287651328                                {product} {ergonomic}
   size_t MinHeapDeltaBytes                        = 1048576                                   {product} {ergonomic}
    uintx NonNMethodCodeHeapSize                   = 5830732                                {pd product} {ergonomic}
    uintx NonProfiledCodeHeapSize                  = 122913754                              {pd product} {ergonomic}
    uintx ProfiledCodeHeapSize                     = 122913754                              {pd product} {ergonomic}
    uintx ReservedCodeCacheSize                    = 251658240                              {pd product} {ergonomic}
     bool SegmentedCodeCache                       = true                                      {product} {ergonomic}
     bool UseCompressedClassPointers               = true                                 {lp64_product} {ergonomic}
     bool UseCompressedOops                        = true                                 {lp64_product} {ergonomic}
     bool UseG1GC                                  = true                                      {product} {ergonomic}
     bool UseLargePagesIndividualAllocation        = false                                  {pd product} {ergonomic}

Logging:
Log output configuration:
 #0: stdout all=warning uptime,level,tags
 #1: stderr all=off uptime,level,tags

Environment Variables:
CLASSPATH=C:\Users\User\ProjectMobileDevelopment\android\\gradle\wrapper\gradle-wrapper.jar
PATH=C:\Users\User\ProjectMobileDevelopment\android\node_modules\.bin;C:\Users\User\ProjectMobileDevelopment\node_modules\.bin;C:\Users\User\node_modules\.bin;C:\Users\node_modules\.bin;C:\node_modules\.bin;C:\Program Files\nodejs;C:\Users\User\ProjectMobileDevelopment\node_modules\.bin;C:\Users\User\ProjectMobileDevelopment\node_modules\.bin;C:\Users\User\node_modules\.bin;C:\Users\node_modules\.bin;C:\node_modules\.bin;C:\Program Files\nodejs\node_modules\npm\node_modules\@npmcli\run-script\lib\node-gyp-bin;C:\Program Files\Common Files\Oracle\Java\javapath;C:\Windows\system32;C:\Windows;C:\Windows\System32\Wbem;C:\Windows\System32\WindowsPowerShell\v1.0\;C:\Windows\System32\OpenSSH\;C:\Program Files\Microsoft SQL Server\150\Tools\Binn\;C:\Program Files\Git\cmd;C:\Program Files\nodejs\;C:\Users\User\AppData\Local\Android\Sdk\platform-tools;C:\Users\User\AppData\Local\Microsoft\WindowsApps;C:\Users\User\AppData\Local\Programs\Microsoft VS Code\bin;C:\Users\User\AppData\Roaming\npm;C:\Users\User\AppData\Local\Android\Sdk\platform-tools;
USERNAME=User
OS=Windows_NT
PROCESSOR_IDENTIFIER=AMD64 Family 23 Model 24 Stepping 1, AuthenticAMD



---------------  S Y S T E M  ---------------

OS: Windows 10 , 64 bit Build 19041 (10.0.19041.2788)
Hyper-V role detected

CPU:total 4 (initial active 4) (4 cores per cpu, 2 threads per core) family 23 model 24 stepping 1 microcode 0x0, cmov, cx8, fxsr, mmx, sse, sse2, sse3, ssse3, sse4.1, sse4.2, popcnt, avx, avx2, aes, clmul, mmxext, 3dnowpref, lzcnt, sse4a, ht, tsc, tscinvbit, tscinv, bmi1, bmi2, adx, s

Memory: 4k page, system-wide physical 3460M (91M free)
TotalPageFile size 14212M (AvailPageFile size 5M)
current process WorkingSet (physical memory assigned to process): 176M, peak: 411M
current process commit charge ("private bytes"): 690M, peak: 691M

vm_info: Java HotSpot(TM) 64-Bit Server VM (11.0.18+9-LTS-195) for windows-amd64 JRE (11.0.18+9-LTS-195), built on Dec  6 2022 15:50:58 by "mach5one" with MS VC++ 17.1 (VS2022)

END.
